running egg_info
creating ../../../../build/pp_marker/pp_marker.egg-info
writing ../../../../build/pp_marker/pp_marker.egg-info/PKG-INFO
writing dependency_links to ../../../../build/pp_marker/pp_marker.egg-info/dependency_links.txt
writing entry points to ../../../../build/pp_marker/pp_marker.egg-info/entry_points.txt
writing requirements to ../../../../build/pp_marker/pp_marker.egg-info/requires.txt
writing top-level names to ../../../../build/pp_marker/pp_marker.egg-info/top_level.txt
writing manifest file '../../../../build/pp_marker/pp_marker.egg-info/SOURCES.txt'
reading manifest file '../../../../build/pp_marker/pp_marker.egg-info/SOURCES.txt'
writing manifest file '../../../../build/pp_marker/pp_marker.egg-info/SOURCES.txt'
running build
running build_py
creating /home/gy/Omron_MoMa_ROS2/build/pp_marker/build
creating /home/gy/Omron_MoMa_ROS2/build/pp_marker/build/lib
creating /home/gy/Omron_MoMa_ROS2/build/pp_marker/build/lib/pp_marker
copying pp_marker/marker_pub copy.py -> /home/gy/Omron_MoMa_ROS2/build/pp_marker/build/lib/pp_marker
copying pp_marker/Modbus.py -> /home/gy/Omron_MoMa_ROS2/build/pp_marker/build/lib/pp_marker
copying pp_marker/marker_pub.py -> /home/gy/Omron_MoMa_ROS2/build/pp_marker/build/lib/pp_marker
copying pp_marker/__init__.py -> /home/gy/Omron_MoMa_ROS2/build/pp_marker/build/lib/pp_marker
running install
running install_lib
creating /home/gy/Omron_MoMa_ROS2/install/pp_marker/lib/python3.8/site-packages/pp_marker
copying /home/gy/Omron_MoMa_ROS2/build/pp_marker/build/lib/pp_marker/marker_pub copy.py -> /home/gy/Omron_MoMa_ROS2/install/pp_marker/lib/python3.8/site-packages/pp_marker
copying /home/gy/Omron_MoMa_ROS2/build/pp_marker/build/lib/pp_marker/Modbus.py -> /home/gy/Omron_MoMa_ROS2/install/pp_marker/lib/python3.8/site-packages/pp_marker
copying /home/gy/Omron_MoMa_ROS2/build/pp_marker/build/lib/pp_marker/marker_pub.py -> /home/gy/Omron_MoMa_ROS2/install/pp_marker/lib/python3.8/site-packages/pp_marker
copying /home/gy/Omron_MoMa_ROS2/build/pp_marker/build/lib/pp_marker/__init__.py -> /home/gy/Omron_MoMa_ROS2/install/pp_marker/lib/python3.8/site-packages/pp_marker
byte-compiling /home/gy/Omron_MoMa_ROS2/install/pp_marker/lib/python3.8/site-packages/pp_marker/marker_pub copy.py to marker_pub copy.cpython-38.pyc
byte-compiling /home/gy/Omron_MoMa_ROS2/install/pp_marker/lib/python3.8/site-packages/pp_marker/Modbus.py to Modbus.cpython-38.pyc
byte-compiling /home/gy/Omron_MoMa_ROS2/install/pp_marker/lib/python3.8/site-packages/pp_marker/marker_pub.py to marker_pub.cpython-38.pyc
byte-compiling /home/gy/Omron_MoMa_ROS2/install/pp_marker/lib/python3.8/site-packages/pp_marker/__init__.py to __init__.cpython-38.pyc
running install_data
creating /home/gy/Omron_MoMa_ROS2/install/pp_marker/share/ament_index
creating /home/gy/Omron_MoMa_ROS2/install/pp_marker/share/ament_index/resource_index
creating /home/gy/Omron_MoMa_ROS2/install/pp_marker/share/ament_index/resource_index/packages
copying resource/pp_marker -> /home/gy/Omron_MoMa_ROS2/install/pp_marker/share/ament_index/resource_index/packages
copying package.xml -> /home/gy/Omron_MoMa_ROS2/install/pp_marker/share/pp_marker
running install_egg_info
Copying ../../../../build/pp_marker/pp_marker.egg-info to /home/gy/Omron_MoMa_ROS2/install/pp_marker/lib/python3.8/site-packages/pp_marker-0.0.0-py3.8.egg-info
running install_scripts
Installing marker script to /home/gy/Omron_MoMa_ROS2/install/pp_marker/lib/pp_marker
writing list of installed files to '/home/gy/Omron_MoMa_ROS2/build/pp_marker/install.log'
