[0.370s] Invoking command in '/home/gy/Omron_MoMa_ROS2/src/Omron_TM_ROS2/src/pickplace': PYTHONPATH=/home/gy/Omron_MoMa_ROS2/install/pickplace/lib/python3.8/site-packages:${PYTHONPATH} /usr/bin/python3 setup.py egg_info --egg-base ../../../../build/pickplace build --build-base /home/gy/Omron_MoMa_ROS2/build/pickplace/build install --prefix /home/gy/Omron_MoMa_ROS2/install/pickplace --record /home/gy/Omron_MoMa_ROS2/build/pickplace/install.log --single-version-externally-managed
[0.700s] running egg_info
[0.700s] creating ../../../../build/pickplace/pickplace.egg-info
[0.700s] writing ../../../../build/pickplace/pickplace.egg-info/PKG-INFO
[0.700s] writing dependency_links to ../../../../build/pickplace/pickplace.egg-info/dependency_links.txt
[0.701s] writing entry points to ../../../../build/pickplace/pickplace.egg-info/entry_points.txt
[0.701s] writing requirements to ../../../../build/pickplace/pickplace.egg-info/requires.txt
[0.701s] writing top-level names to ../../../../build/pickplace/pickplace.egg-info/top_level.txt
[0.702s] writing manifest file '../../../../build/pickplace/pickplace.egg-info/SOURCES.txt'
[0.757s] reading manifest file '../../../../build/pickplace/pickplace.egg-info/SOURCES.txt'
[0.761s] writing manifest file '../../../../build/pickplace/pickplace.egg-info/SOURCES.txt'
[0.763s] running build
[0.763s] running build_py
[0.764s] creating /home/gy/Omron_MoMa_ROS2/build/pickplace/build
[0.764s] creating /home/gy/Omron_MoMa_ROS2/build/pickplace/build/lib
[0.764s] creating /home/gy/Omron_MoMa_ROS2/build/pickplace/build/lib/pickplace
[0.764s] copying pickplace/pickplace_program.py -> /home/gy/Omron_MoMa_ROS2/build/pickplace/build/lib/pickplace
[0.765s] copying pickplace/teach_setup.py -> /home/gy/Omron_MoMa_ROS2/build/pickplace/build/lib/pickplace
[0.765s] copying pickplace/__init__.py -> /home/gy/Omron_MoMa_ROS2/build/pickplace/build/lib/pickplace
[0.765s] running install
[0.770s] running install_lib
[0.771s] creating /home/gy/Omron_MoMa_ROS2/install/pickplace/lib/python3.8/site-packages/pickplace
[0.771s] copying /home/gy/Omron_MoMa_ROS2/build/pickplace/build/lib/pickplace/pickplace_program.py -> /home/gy/Omron_MoMa_ROS2/install/pickplace/lib/python3.8/site-packages/pickplace
[0.772s] copying /home/gy/Omron_MoMa_ROS2/build/pickplace/build/lib/pickplace/teach_setup.py -> /home/gy/Omron_MoMa_ROS2/install/pickplace/lib/python3.8/site-packages/pickplace
[0.772s] copying /home/gy/Omron_MoMa_ROS2/build/pickplace/build/lib/pickplace/__init__.py -> /home/gy/Omron_MoMa_ROS2/install/pickplace/lib/python3.8/site-packages/pickplace
[0.773s] byte-compiling /home/gy/Omron_MoMa_ROS2/install/pickplace/lib/python3.8/site-packages/pickplace/pickplace_program.py to pickplace_program.cpython-38.pyc
[0.775s] byte-compiling /home/gy/Omron_MoMa_ROS2/install/pickplace/lib/python3.8/site-packages/pickplace/teach_setup.py to teach_setup.cpython-38.pyc
[0.776s] byte-compiling /home/gy/Omron_MoMa_ROS2/install/pickplace/lib/python3.8/site-packages/pickplace/__init__.py to __init__.cpython-38.pyc
[0.776s] running install_data
[0.779s] creating /home/gy/Omron_MoMa_ROS2/install/pickplace/share/ament_index
[0.780s] creating /home/gy/Omron_MoMa_ROS2/install/pickplace/share/ament_index/resource_index
[0.780s] creating /home/gy/Omron_MoMa_ROS2/install/pickplace/share/ament_index/resource_index/packages
[0.780s] copying resource/pickplace -> /home/gy/Omron_MoMa_ROS2/install/pickplace/share/ament_index/resource_index/packages
[0.780s] copying package.xml -> /home/gy/Omron_MoMa_ROS2/install/pickplace/share/pickplace
[0.780s] creating /home/gy/Omron_MoMa_ROS2/install/pickplace/share/pickplace/pp_library
[0.781s] copying pp_library/Transform.py -> /home/gy/Omron_MoMa_ROS2/install/pickplace/share/pickplace/pp_library
[0.781s] copying pp_library/Script.py -> /home/gy/Omron_MoMa_ROS2/install/pickplace/share/pickplace/pp_library
[0.781s] copying pp_library/Modbus.py -> /home/gy/Omron_MoMa_ROS2/install/pickplace/share/pickplace/pp_library
[0.781s] copying pp_library/Move.py -> /home/gy/Omron_MoMa_ROS2/install/pickplace/share/pickplace/pp_library
[0.782s] copying launch/pickplace.launch.py -> /home/gy/Omron_MoMa_ROS2/install/pickplace/share/pickplace
[0.782s] running install_egg_info
[0.786s] Copying ../../../../build/pickplace/pickplace.egg-info to /home/gy/Omron_MoMa_ROS2/install/pickplace/lib/python3.8/site-packages/pickplace-0.0.0-py3.8.egg-info
[0.787s] running install_scripts
[0.819s] Installing destination_publisher script to /home/gy/Omron_MoMa_ROS2/install/pickplace/lib/pickplace
[0.820s] Installing pickplace script to /home/gy/Omron_MoMa_ROS2/install/pickplace/lib/pickplace
[0.820s] Installing teach_setup script to /home/gy/Omron_MoMa_ROS2/install/pickplace/lib/pickplace
[0.821s] writing list of installed files to '/home/gy/Omron_MoMa_ROS2/build/pickplace/install.log'
[0.875s] Invoked command in '/home/gy/Omron_MoMa_ROS2/src/Omron_TM_ROS2/src/pickplace' returned '0': PYTHONPATH=/home/gy/Omron_MoMa_ROS2/install/pickplace/lib/python3.8/site-packages:${PYTHONPATH} /usr/bin/python3 setup.py egg_info --egg-base ../../../../build/pickplace build --build-base /home/gy/Omron_MoMa_ROS2/build/pickplace/build install --prefix /home/gy/Omron_MoMa_ROS2/install/pickplace --record /home/gy/Omron_MoMa_ROS2/build/pickplace/install.log --single-version-externally-managed
