-- Found ament_cmake: 0.9.8 (/opt/ros/foxy/share/ament_cmake/cmake)
-- Using PYTHON_EXECUTABLE: /usr/bin/python3
-- Override CMake install command with custom implementation using symlinks instead of copying resources
-- Found rclcpp: 2.3.1 (/opt/ros/foxy/share/rclcpp/cmake)
-- Using all available rosidl_typesupport_c: rosidl_typesupport_fastrtps_c;rosidl_typesupport_introspection_c
-- Found rosidl_adapter: 1.2.1 (/opt/ros/foxy/share/rosidl_adapter/cmake)
-- Using all available rosidl_typesupport_cpp: rosidl_typesupport_fastrtps_cpp;rosidl_typesupport_introspection_cpp
-- Found rmw_implementation_cmake: 1.0.3 (/opt/ros/foxy/share/rmw_implementation_cmake/cmake)
-- Using RMW implementation 'rmw_fastrtps_cpp' as default
-- Found sensor_msgs: 2.0.4 (/opt/ros/foxy/share/sensor_msgs/cmake)
-- Found tm_msgs: 1.0.0 (/home/gy/Omron_MoMa_ROS2/install/tm_msgs/share/tm_msgs/cmake)
-- Found ament_lint_auto: 0.9.6 (/opt/ros/foxy/share/ament_lint_auto/cmake)
-- Added test 'copyright' to check source files copyright and LICENSE
-- Added test 'cppcheck' to perform static code analysis on C / C++ code
-- Configured cppcheck include dirs: /home/gy/Omron_MoMa_ROS2/src/Omron_TM_ROS2/src/tm_driver/include
-- Configured cppcheck exclude dirs and/or files: 
-- Added test 'cpplint' to check C / C++ code against the Google style
-- Configured cpplint exclude dirs and/or files: 
-- Added test 'flake8' to check Python code syntax and style conventions
-- Added test 'lint_cmake' to check CMake code style
-- Added test 'pep257' to check Python code against some of the style conventions in PEP 257
-- Added test 'uncrustify' to check C / C++ code style
-- Configured uncrustify additional arguments: 
-- Added test 'xmllint' to check XML markup files
-- Configuring done
-- Generating done
-- Build files have been written to: /home/gy/Omron_MoMa_ROS2/build/tm_driver
[  8%] [32m[1mLinking CXX executable tm_driver[0m
[100%] Built target tm_driver
-- Install configuration: ""
-- Execute custom install script
-- Symlinking: /home/gy/Omron_MoMa_ROS2/install/tm_driver/lib/tm_driver/tm_driver
-- Symlinking: /home/gy/Omron_MoMa_ROS2/install/tm_driver/share/tm_driver/launch/tm_bringup.launch.py
-- Symlinking: /home/gy/Omron_MoMa_ROS2/install/tm_driver/share/tm_driver/launch/tm_bringup.py
-- Symlinking: /home/gy/Omron_MoMa_ROS2/install/tm_driver/share/ament_index/resource_index/package_run_dependencies/tm_driver
-- Symlinking: /home/gy/Omron_MoMa_ROS2/install/tm_driver/share/ament_index/resource_index/parent_prefix_path/tm_driver
-- Symlinking: /home/gy/Omron_MoMa_ROS2/install/tm_driver/share/tm_driver/environment/ament_prefix_path.sh
-- Symlinking: /home/gy/Omron_MoMa_ROS2/install/tm_driver/share/tm_driver/environment/ament_prefix_path.dsv
-- Symlinking: /home/gy/Omron_MoMa_ROS2/install/tm_driver/share/tm_driver/environment/path.sh
-- Symlinking: /home/gy/Omron_MoMa_ROS2/install/tm_driver/share/tm_driver/environment/path.dsv
-- Symlinking: /home/gy/Omron_MoMa_ROS2/install/tm_driver/share/tm_driver/local_setup.bash
-- Symlinking: /home/gy/Omron_MoMa_ROS2/install/tm_driver/share/tm_driver/local_setup.sh
-- Symlinking: /home/gy/Omron_MoMa_ROS2/install/tm_driver/share/tm_driver/local_setup.zsh
-- Symlinking: /home/gy/Omron_MoMa_ROS2/install/tm_driver/share/tm_driver/local_setup.dsv
-- Symlinking: /home/gy/Omron_MoMa_ROS2/install/tm_driver/share/tm_driver/package.dsv
-- Symlinking: /home/gy/Omron_MoMa_ROS2/install/tm_driver/share/ament_index/resource_index/packages/tm_driver
-- Symlinking: /home/gy/Omron_MoMa_ROS2/install/tm_driver/share/tm_driver/cmake/tm_driverConfig.cmake
-- Symlinking: /home/gy/Omron_MoMa_ROS2/install/tm_driver/share/tm_driver/cmake/tm_driverConfig-version.cmake
-- Symlinking: /home/gy/Omron_MoMa_ROS2/install/tm_driver/share/tm_driver/package.xml
