[0.073s] Invoking command in '/home/gy/Omron_MoMa_ROS2/build/tm_driver': AMENT_PREFIX_PATH=/home/gy/Omron_MoMa_ROS2/install/tm_msgs:${AMENT_PREFIX_PATH} CMAKE_PREFIX_PATH=/home/gy/Omron_MoMa_ROS2/install/tm_msgs:/opt/ros/foxy LD_LIBRARY_PATH=/home/gy/Omron_MoMa_ROS2/install/tm_msgs/lib:${LD_LIBRARY_PATH} PYTHONPATH=/home/gy/Omron_MoMa_ROS2/install/tm_msgs/lib/python3.8/site-packages:${PYTHONPATH} /usr/bin/cmake /home/gy/Omron_MoMa_ROS2/src/Omron_TM_ROS2/src/tm_driver -DAMENT_CMAKE_SYMLINK_INSTALL=1 -DCMAKE_INSTALL_PREFIX=/home/gy/Omron_MoMa_ROS2/install/tm_driver
[0.128s] -- Found ament_cmake: 0.9.8 (/opt/ros/foxy/share/ament_cmake/cmake)
[0.180s] -- Using PYTHON_EXECUTABLE: /usr/bin/python3
[0.524s] -- Override CMake install command with custom implementation using symlinks instead of copying resources
[0.534s] -- Found rclcpp: 2.3.1 (/opt/ros/foxy/share/rclcpp/cmake)
[0.584s] -- Using all available rosidl_typesupport_c: rosidl_typesupport_fastrtps_c;rosidl_typesupport_introspection_c
[0.592s] -- Found rosidl_adapter: 1.2.1 (/opt/ros/foxy/share/rosidl_adapter/cmake)
[0.855s] -- Using all available rosidl_typesupport_cpp: rosidl_typesupport_fastrtps_cpp;rosidl_typesupport_introspection_cpp
[0.965s] -- Found rmw_implementation_cmake: 1.0.3 (/opt/ros/foxy/share/rmw_implementation_cmake/cmake)
[0.967s] -- Using RMW implementation 'rmw_fastrtps_cpp' as default
[1.188s] -- Found sensor_msgs: 2.0.4 (/opt/ros/foxy/share/sensor_msgs/cmake)
[1.364s] -- Found tm_msgs: 1.0.0 (/home/gy/Omron_MoMa_ROS2/install/tm_msgs/share/tm_msgs/cmake)
[1.436s] -- Found ament_lint_auto: 0.9.6 (/opt/ros/foxy/share/ament_lint_auto/cmake)
[1.697s] -- Added test 'copyright' to check source files copyright and LICENSE
[1.699s] -- Added test 'cppcheck' to perform static code analysis on C / C++ code
[1.699s] -- Configured cppcheck include dirs: /home/gy/Omron_MoMa_ROS2/src/Omron_TM_ROS2/src/tm_driver/include
[1.699s] -- Configured cppcheck exclude dirs and/or files: 
[1.714s] -- Added test 'cpplint' to check C / C++ code against the Google style
[1.714s] -- Configured cpplint exclude dirs and/or files: 
[1.715s] -- Added test 'flake8' to check Python code syntax and style conventions
[1.716s] -- Added test 'lint_cmake' to check CMake code style
[1.716s] -- Added test 'pep257' to check Python code against some of the style conventions in PEP 257
[1.718s] -- Added test 'uncrustify' to check C / C++ code style
[1.718s] -- Configured uncrustify additional arguments: 
[1.719s] -- Added test 'xmllint' to check XML markup files
[1.732s] -- Configuring done
[1.788s] -- Generating done
[1.790s] -- Build files have been written to: /home/gy/Omron_MoMa_ROS2/build/tm_driver
[1.816s] Invoked command in '/home/gy/Omron_MoMa_ROS2/build/tm_driver' returned '0': AMENT_PREFIX_PATH=/home/gy/Omron_MoMa_ROS2/install/tm_msgs:${AMENT_PREFIX_PATH} CMAKE_PREFIX_PATH=/home/gy/Omron_MoMa_ROS2/install/tm_msgs:/opt/ros/foxy LD_LIBRARY_PATH=/home/gy/Omron_MoMa_ROS2/install/tm_msgs/lib:${LD_LIBRARY_PATH} PYTHONPATH=/home/gy/Omron_MoMa_ROS2/install/tm_msgs/lib/python3.8/site-packages:${PYTHONPATH} /usr/bin/cmake /home/gy/Omron_MoMa_ROS2/src/Omron_TM_ROS2/src/tm_driver -DAMENT_CMAKE_SYMLINK_INSTALL=1 -DCMAKE_INSTALL_PREFIX=/home/gy/Omron_MoMa_ROS2/install/tm_driver
[1.817s] Invoking command in '/home/gy/Omron_MoMa_ROS2/build/tm_driver': AMENT_PREFIX_PATH=/home/gy/Omron_MoMa_ROS2/install/tm_msgs:${AMENT_PREFIX_PATH} CMAKE_PREFIX_PATH=/home/gy/Omron_MoMa_ROS2/install/tm_msgs:/opt/ros/foxy LD_LIBRARY_PATH=/home/gy/Omron_MoMa_ROS2/install/tm_msgs/lib:${LD_LIBRARY_PATH} PYTHONPATH=/home/gy/Omron_MoMa_ROS2/install/tm_msgs/lib/python3.8/site-packages:${PYTHONPATH} /usr/bin/cmake --build /home/gy/Omron_MoMa_ROS2/build/tm_driver -- -j4 -l4
[2.141s] [  8%] [32m[1mLinking CXX executable tm_driver[0m
[3.333s] [100%] Built target tm_driver
[3.413s] Invoked command in '/home/gy/Omron_MoMa_ROS2/build/tm_driver' returned '0': AMENT_PREFIX_PATH=/home/gy/Omron_MoMa_ROS2/install/tm_msgs:${AMENT_PREFIX_PATH} CMAKE_PREFIX_PATH=/home/gy/Omron_MoMa_ROS2/install/tm_msgs:/opt/ros/foxy LD_LIBRARY_PATH=/home/gy/Omron_MoMa_ROS2/install/tm_msgs/lib:${LD_LIBRARY_PATH} PYTHONPATH=/home/gy/Omron_MoMa_ROS2/install/tm_msgs/lib/python3.8/site-packages:${PYTHONPATH} /usr/bin/cmake --build /home/gy/Omron_MoMa_ROS2/build/tm_driver -- -j4 -l4
[3.697s] Invoking command in '/home/gy/Omron_MoMa_ROS2/build/tm_driver': AMENT_PREFIX_PATH=/home/gy/Omron_MoMa_ROS2/install/tm_msgs:${AMENT_PREFIX_PATH} CMAKE_PREFIX_PATH=/home/gy/Omron_MoMa_ROS2/install/tm_msgs:/opt/ros/foxy LD_LIBRARY_PATH=/home/gy/Omron_MoMa_ROS2/install/tm_msgs/lib:${LD_LIBRARY_PATH} PYTHONPATH=/home/gy/Omron_MoMa_ROS2/install/tm_msgs/lib/python3.8/site-packages:${PYTHONPATH} /usr/bin/cmake --install /home/gy/Omron_MoMa_ROS2/build/tm_driver
[3.723s] -- Install configuration: ""
[3.723s] -- Execute custom install script
[3.723s] -- Symlinking: /home/gy/Omron_MoMa_ROS2/install/tm_driver/lib/tm_driver/tm_driver
[3.744s] -- Symlinking: /home/gy/Omron_MoMa_ROS2/install/tm_driver/share/tm_driver/launch/tm_bringup.launch.py
[3.753s] -- Symlinking: /home/gy/Omron_MoMa_ROS2/install/tm_driver/share/tm_driver/launch/tm_bringup.py
[3.770s] -- Symlinking: /home/gy/Omron_MoMa_ROS2/install/tm_driver/share/ament_index/resource_index/package_run_dependencies/tm_driver
[3.792s] -- Symlinking: /home/gy/Omron_MoMa_ROS2/install/tm_driver/share/ament_index/resource_index/parent_prefix_path/tm_driver
[3.812s] -- Symlinking: /home/gy/Omron_MoMa_ROS2/install/tm_driver/share/tm_driver/environment/ament_prefix_path.sh
[3.834s] -- Symlinking: /home/gy/Omron_MoMa_ROS2/install/tm_driver/share/tm_driver/environment/ament_prefix_path.dsv
[3.850s] -- Symlinking: /home/gy/Omron_MoMa_ROS2/install/tm_driver/share/tm_driver/environment/path.sh
[3.874s] -- Symlinking: /home/gy/Omron_MoMa_ROS2/install/tm_driver/share/tm_driver/environment/path.dsv
[3.895s] -- Symlinking: /home/gy/Omron_MoMa_ROS2/install/tm_driver/share/tm_driver/local_setup.bash
[3.909s] -- Symlinking: /home/gy/Omron_MoMa_ROS2/install/tm_driver/share/tm_driver/local_setup.sh
[3.924s] -- Symlinking: /home/gy/Omron_MoMa_ROS2/install/tm_driver/share/tm_driver/local_setup.zsh
[3.940s] -- Symlinking: /home/gy/Omron_MoMa_ROS2/install/tm_driver/share/tm_driver/local_setup.dsv
[3.962s] -- Symlinking: /home/gy/Omron_MoMa_ROS2/install/tm_driver/share/tm_driver/package.dsv
[3.984s] -- Symlinking: /home/gy/Omron_MoMa_ROS2/install/tm_driver/share/ament_index/resource_index/packages/tm_driver
[4.003s] -- Symlinking: /home/gy/Omron_MoMa_ROS2/install/tm_driver/share/tm_driver/cmake/tm_driverConfig.cmake
[4.020s] -- Symlinking: /home/gy/Omron_MoMa_ROS2/install/tm_driver/share/tm_driver/cmake/tm_driverConfig-version.cmake
[4.038s] -- Symlinking: /home/gy/Omron_MoMa_ROS2/install/tm_driver/share/tm_driver/package.xml
[4.060s] Invoked command in '/home/gy/Omron_MoMa_ROS2/build/tm_driver' returned '0': AMENT_PREFIX_PATH=/home/gy/Omron_MoMa_ROS2/install/tm_msgs:${AMENT_PREFIX_PATH} CMAKE_PREFIX_PATH=/home/gy/Omron_MoMa_ROS2/install/tm_msgs:/opt/ros/foxy LD_LIBRARY_PATH=/home/gy/Omron_MoMa_ROS2/install/tm_msgs/lib:${LD_LIBRARY_PATH} PYTHONPATH=/home/gy/Omron_MoMa_ROS2/install/tm_msgs/lib/python3.8/site-packages:${PYTHONPATH} /usr/bin/cmake --install /home/gy/Omron_MoMa_ROS2/build/tm_driver
