[0.036s] Invoking command in '/home/gy/Omron_MoMa_ROS2/build/om_aiv_msg': CMAKE_PREFIX_PATH=/opt/ros/foxy /usr/bin/cmake /home/gy/Omron_MoMa_ROS2/src/Omron_AMR_ROS2/src/om_aiv_msg -DAMENT_CMAKE_SYMLINK_INSTALL=1 -DCMAKE_INSTALL_PREFIX=/home/gy/Omron_MoMa_ROS2/install/om_aiv_msg
[0.093s] -- Found ament_cmake: 0.9.8 (/opt/ros/foxy/share/ament_cmake/cmake)
[0.093s] -- Found PythonInterp: /usr/bin/python3 (found suitable version "3.8.5", minimum required is "3") 
[0.093s] -- Using PYTHON_EXECUTABLE: /usr/bin/python3
[0.315s] -- Override CMake install command with custom implementation using symlinks instead of copying resources
[0.363s] -- Found action_msgs: 1.0.0 (/opt/ros/foxy/share/action_msgs/cmake)
[0.392s] -- Using all available rosidl_typesupport_c: rosidl_typesupport_fastrtps_c;rosidl_typesupport_introspection_c
[0.396s] -- Found rosidl_adapter: 1.2.1 (/opt/ros/foxy/share/rosidl_adapter/cmake)
[0.567s] -- Using all available rosidl_typesupport_cpp: rosidl_typesupport_fastrtps_cpp;rosidl_typesupport_introspection_cpp
[0.687s] -- Found rosidl_default_generators: 1.0.1 (/opt/ros/foxy/share/rosidl_default_generators/cmake)
[0.750s] -- Found PythonInterp: /usr/bin/python3 (found version "3.8.5") 
[1.084s] -- Found ament_cmake_ros: 0.9.1 (/opt/ros/foxy/share/ament_cmake_ros/cmake)
[1.237s] -- Using all available rosidl_typesupport_c: rosidl_typesupport_fastrtps_c;rosidl_typesupport_introspection_c
[1.275s] -- Using all available rosidl_typesupport_cpp: rosidl_typesupport_fastrtps_cpp;rosidl_typesupport_introspection_cpp
[1.339s] -- Found PythonInterp: /usr/bin/python3 (found suitable version "3.8.5", minimum required is "3.5") 
[1.339s] -- Found python_cmake_module: 0.8.1 (/opt/ros/foxy/share/python_cmake_module/cmake)
[1.381s] -- Using PYTHON_EXECUTABLE: /usr/bin/python3
[1.381s] -- Using PYTHON_INCLUDE_DIRS: /usr/include/python3.8
[1.381s] -- Using PYTHON_LIBRARIES: /usr/lib/x86_64-linux-gnu/libpython3.8.so
[1.444s] -- Found ament_lint_auto: 0.9.6 (/opt/ros/foxy/share/ament_lint_auto/cmake)
[1.473s] -- Added test 'copyright' to check source files copyright and LICENSE
[1.483s] -- Added test 'lint_cmake' to check CMake code style
[1.484s] -- Added test 'xmllint' to check XML markup files
[1.490s] -- Configuring done
[1.577s] -- Generating done
[1.577s] -- Build files have been written to: /home/gy/Omron_MoMa_ROS2/build/om_aiv_msg
[1.595s] Invoked command in '/home/gy/Omron_MoMa_ROS2/build/om_aiv_msg' returned '0': CMAKE_PREFIX_PATH=/opt/ros/foxy /usr/bin/cmake /home/gy/Omron_MoMa_ROS2/src/Omron_AMR_ROS2/src/om_aiv_msg -DAMENT_CMAKE_SYMLINK_INSTALL=1 -DCMAKE_INSTALL_PREFIX=/home/gy/Omron_MoMa_ROS2/install/om_aiv_msg
[1.596s] Invoking command in '/home/gy/Omron_MoMa_ROS2/build/om_aiv_msg': CMAKE_PREFIX_PATH=/opt/ros/foxy /usr/bin/cmake --build /home/gy/Omron_MoMa_ROS2/build/om_aiv_msg -- -j4 -l4
[1.745s] [  1%] Built target om_aiv_msg__cpp
[1.807s] [ 12%] Built target om_aiv_msg__rosidl_generator_c
[1.874s] [ 14%] [32m[1mLinking CXX shared library libom_aiv_msg__rosidl_typesupport_fastrtps_cpp.so[0m
[1.881s] [ 25%] Built target om_aiv_msg__rosidl_typesupport_introspection_cpp
[1.903s] [ 36%] Built target om_aiv_msg__rosidl_typesupport_cpp
[1.967s] [ 47%] Built target om_aiv_msg__rosidl_typesupport_c
[1.988s] [ 58%] Built target om_aiv_msg__rosidl_typesupport_introspection_c
[2.173s] [ 68%] Built target om_aiv_msg__rosidl_typesupport_fastrtps_cpp
[2.227s] [ 69%] [32m[1mLinking CXX shared library libom_aiv_msg__rosidl_typesupport_fastrtps_c.so[0m
[2.533s] [ 79%] Built target om_aiv_msg__rosidl_typesupport_fastrtps_c
[2.618s] [ 79%] Built target om_aiv_msg
[2.707s] [ 80%] Built target om_aiv_msg__py
[2.807s] [ 82%] [32m[1mLinking C shared library rosidl_generator_py/om_aiv_msg/libom_aiv_msg__python.so[0m
[2.887s] [ 90%] Built target om_aiv_msg__python
[2.987s] [ 92%] [32m[1mLinking CXX shared library rosidl_generator_py/om_aiv_msg/om_aiv_msg_s__rosidl_typesupport_fastrtps_c.cpython-38-x86_64-linux-gnu.so[0m
[3.016s] [ 93%] [32m[1mLinking C shared library rosidl_generator_py/om_aiv_msg/om_aiv_msg_s__rosidl_typesupport_c.cpython-38-x86_64-linux-gnu.so[0m
[3.027s] [ 95%] [32m[1mLinking C shared library rosidl_generator_py/om_aiv_msg/om_aiv_msg_s__rosidl_typesupport_introspection_c.cpython-38-x86_64-linux-gnu.so[0m
[3.141s] [ 96%] Built target om_aiv_msg__rosidl_typesupport_fastrtps_c__pyext
[3.175s] [ 98%] Built target om_aiv_msg__rosidl_typesupport_introspection_c__pyext
[3.187s] [100%] Built target om_aiv_msg__rosidl_typesupport_c__pyext
[3.227s] Invoked command in '/home/gy/Omron_MoMa_ROS2/build/om_aiv_msg' returned '0': CMAKE_PREFIX_PATH=/opt/ros/foxy /usr/bin/cmake --build /home/gy/Omron_MoMa_ROS2/build/om_aiv_msg -- -j4 -l4
[3.892s] Invoking command in '/home/gy/Omron_MoMa_ROS2/build/om_aiv_msg': CMAKE_PREFIX_PATH=/opt/ros/foxy /usr/bin/cmake --install /home/gy/Omron_MoMa_ROS2/build/om_aiv_msg
[3.911s] -- Install configuration: ""
[3.911s] -- Execute custom install script
[3.911s] -- Symlinking: /home/gy/Omron_MoMa_ROS2/install/om_aiv_msg/share/ament_index/resource_index/rosidl_interfaces/om_aiv_msg
[3.933s] -- Symlinking: /home/gy/Omron_MoMa_ROS2/install/om_aiv_msg/include/om_aiv_msg/action/action.h
[3.951s] -- Symlinking: /home/gy/Omron_MoMa_ROS2/install/om_aiv_msg/include/om_aiv_msg/action/detail/action__functions.h
[3.970s] -- Symlinking: /home/gy/Omron_MoMa_ROS2/install/om_aiv_msg/include/om_aiv_msg/action/detail/action__struct.h
[4.003s] -- Symlinking: /home/gy/Omron_MoMa_ROS2/install/om_aiv_msg/include/om_aiv_msg/action/detail/action__type_support.h
[4.016s] -- Symlinking: /home/gy/Omron_MoMa_ROS2/install/om_aiv_msg/include/om_aiv_msg/msg/detail/location__functions.h
[4.043s] -- Symlinking: /home/gy/Omron_MoMa_ROS2/install/om_aiv_msg/include/om_aiv_msg/msg/detail/location__struct.h
[4.063s] -- Symlinking: /home/gy/Omron_MoMa_ROS2/install/om_aiv_msg/include/om_aiv_msg/msg/detail/location__type_support.h
[4.080s] -- Symlinking: /home/gy/Omron_MoMa_ROS2/install/om_aiv_msg/include/om_aiv_msg/msg/detail/status__functions.h
[4.108s] -- Symlinking: /home/gy/Omron_MoMa_ROS2/install/om_aiv_msg/include/om_aiv_msg/msg/detail/status__struct.h
[4.120s] -- Symlinking: /home/gy/Omron_MoMa_ROS2/install/om_aiv_msg/include/om_aiv_msg/msg/detail/status__type_support.h
[4.136s] -- Symlinking: /home/gy/Omron_MoMa_ROS2/install/om_aiv_msg/include/om_aiv_msg/msg/location.h
[4.147s] -- Symlinking: /home/gy/Omron_MoMa_ROS2/install/om_aiv_msg/include/om_aiv_msg/msg/rosidl_generator_c__visibility_control.h
[4.158s] -- Symlinking: /home/gy/Omron_MoMa_ROS2/install/om_aiv_msg/include/om_aiv_msg/msg/status.h
[4.167s] -- Symlinking: /home/gy/Omron_MoMa_ROS2/install/om_aiv_msg/include/om_aiv_msg/srv/arcl_api.h
[4.183s] -- Symlinking: /home/gy/Omron_MoMa_ROS2/install/om_aiv_msg/include/om_aiv_msg/srv/arcl_listen.h
[4.191s] -- Symlinking: /home/gy/Omron_MoMa_ROS2/install/om_aiv_msg/include/om_aiv_msg/srv/detail/arcl_api__functions.h
[4.200s] -- Symlinking: /home/gy/Omron_MoMa_ROS2/install/om_aiv_msg/include/om_aiv_msg/srv/detail/arcl_api__struct.h
[4.209s] -- Symlinking: /home/gy/Omron_MoMa_ROS2/install/om_aiv_msg/include/om_aiv_msg/srv/detail/arcl_api__type_support.h
[4.223s] -- Symlinking: /home/gy/Omron_MoMa_ROS2/install/om_aiv_msg/include/om_aiv_msg/srv/detail/arcl_listen__functions.h
[4.229s] -- Symlinking: /home/gy/Omron_MoMa_ROS2/install/om_aiv_msg/include/om_aiv_msg/srv/detail/arcl_listen__struct.h
[4.240s] -- Symlinking: /home/gy/Omron_MoMa_ROS2/install/om_aiv_msg/include/om_aiv_msg/srv/detail/arcl_listen__type_support.h
[4.256s] -- Symlinking: /home/gy/Omron_MoMa_ROS2/install/om_aiv_msg/share/om_aiv_msg/environment/library_path.sh
[4.268s] -- Symlinking: /home/gy/Omron_MoMa_ROS2/install/om_aiv_msg/share/om_aiv_msg/environment/library_path.dsv
[4.288s] -- Symlinking: /home/gy/Omron_MoMa_ROS2/install/om_aiv_msg/include/om_aiv_msg/action/detail/action__rosidl_typesupport_fastrtps_c.h
[4.300s] -- Symlinking: /home/gy/Omron_MoMa_ROS2/install/om_aiv_msg/include/om_aiv_msg/msg/detail/location__rosidl_typesupport_fastrtps_c.h
[4.312s] -- Symlinking: /home/gy/Omron_MoMa_ROS2/install/om_aiv_msg/include/om_aiv_msg/msg/detail/status__rosidl_typesupport_fastrtps_c.h
[4.336s] -- Symlinking: /home/gy/Omron_MoMa_ROS2/install/om_aiv_msg/include/om_aiv_msg/msg/rosidl_typesupport_fastrtps_c__visibility_control.h
[4.352s] -- Symlinking: /home/gy/Omron_MoMa_ROS2/install/om_aiv_msg/include/om_aiv_msg/srv/detail/arcl_api__rosidl_typesupport_fastrtps_c.h
[4.365s] -- Symlinking: /home/gy/Omron_MoMa_ROS2/install/om_aiv_msg/include/om_aiv_msg/srv/detail/arcl_listen__rosidl_typesupport_fastrtps_c.h
[4.380s] -- Symlinking: /home/gy/Omron_MoMa_ROS2/install/om_aiv_msg/lib/libom_aiv_msg__rosidl_typesupport_fastrtps_c.so
[4.394s] -- Symlinking: /home/gy/Omron_MoMa_ROS2/install/om_aiv_msg/include/om_aiv_msg/action/detail/action__rosidl_typesupport_fastrtps_cpp.hpp
[4.412s] -- Symlinking: /home/gy/Omron_MoMa_ROS2/install/om_aiv_msg/include/om_aiv_msg/msg/detail/location__rosidl_typesupport_fastrtps_cpp.hpp
[4.434s] -- Symlinking: /home/gy/Omron_MoMa_ROS2/install/om_aiv_msg/include/om_aiv_msg/msg/detail/status__rosidl_typesupport_fastrtps_cpp.hpp
[4.479s] -- Symlinking: /home/gy/Omron_MoMa_ROS2/install/om_aiv_msg/include/om_aiv_msg/msg/rosidl_typesupport_fastrtps_cpp__visibility_control.h
[4.487s] -- Symlinking: /home/gy/Omron_MoMa_ROS2/install/om_aiv_msg/include/om_aiv_msg/srv/detail/arcl_api__rosidl_typesupport_fastrtps_cpp.hpp
[4.509s] -- Symlinking: /home/gy/Omron_MoMa_ROS2/install/om_aiv_msg/include/om_aiv_msg/srv/detail/arcl_listen__rosidl_typesupport_fastrtps_cpp.hpp
[4.526s] -- Symlinking: /home/gy/Omron_MoMa_ROS2/install/om_aiv_msg/lib/libom_aiv_msg__rosidl_typesupport_fastrtps_cpp.so
[4.542s] -- Symlinking: /home/gy/Omron_MoMa_ROS2/install/om_aiv_msg/include/om_aiv_msg/action/detail/action__rosidl_typesupport_introspection_c.h
[4.563s] -- Symlinking: /home/gy/Omron_MoMa_ROS2/install/om_aiv_msg/include/om_aiv_msg/msg/detail/location__rosidl_typesupport_introspection_c.h
[4.587s] -- Symlinking: /home/gy/Omron_MoMa_ROS2/install/om_aiv_msg/include/om_aiv_msg/msg/detail/status__rosidl_typesupport_introspection_c.h
[4.616s] -- Symlinking: /home/gy/Omron_MoMa_ROS2/install/om_aiv_msg/include/om_aiv_msg/msg/rosidl_typesupport_introspection_c__visibility_control.h
[4.639s] -- Symlinking: /home/gy/Omron_MoMa_ROS2/install/om_aiv_msg/include/om_aiv_msg/srv/detail/arcl_api__rosidl_typesupport_introspection_c.h
[4.651s] -- Symlinking: /home/gy/Omron_MoMa_ROS2/install/om_aiv_msg/include/om_aiv_msg/srv/detail/arcl_listen__rosidl_typesupport_introspection_c.h
[4.680s] -- Symlinking: /home/gy/Omron_MoMa_ROS2/install/om_aiv_msg/include/om_aiv_msg/action/action.hpp
[4.693s] -- Symlinking: /home/gy/Omron_MoMa_ROS2/install/om_aiv_msg/include/om_aiv_msg/action/detail/action__builder.hpp
[4.707s] -- Symlinking: /home/gy/Omron_MoMa_ROS2/install/om_aiv_msg/include/om_aiv_msg/action/detail/action__struct.hpp
[4.716s] -- Symlinking: /home/gy/Omron_MoMa_ROS2/install/om_aiv_msg/include/om_aiv_msg/action/detail/action__traits.hpp
[4.726s] -- Symlinking: /home/gy/Omron_MoMa_ROS2/install/om_aiv_msg/include/om_aiv_msg/msg/detail/location__builder.hpp
[4.748s] -- Symlinking: /home/gy/Omron_MoMa_ROS2/install/om_aiv_msg/include/om_aiv_msg/msg/detail/location__struct.hpp
[4.782s] -- Symlinking: /home/gy/Omron_MoMa_ROS2/install/om_aiv_msg/include/om_aiv_msg/msg/detail/location__traits.hpp
[4.797s] -- Symlinking: /home/gy/Omron_MoMa_ROS2/install/om_aiv_msg/include/om_aiv_msg/msg/detail/status__builder.hpp
[4.820s] -- Symlinking: /home/gy/Omron_MoMa_ROS2/install/om_aiv_msg/include/om_aiv_msg/msg/detail/status__struct.hpp
[4.850s] -- Symlinking: /home/gy/Omron_MoMa_ROS2/install/om_aiv_msg/include/om_aiv_msg/msg/detail/status__traits.hpp
[4.875s] -- Symlinking: /home/gy/Omron_MoMa_ROS2/install/om_aiv_msg/include/om_aiv_msg/msg/location.hpp
[4.892s] -- Symlinking: /home/gy/Omron_MoMa_ROS2/install/om_aiv_msg/include/om_aiv_msg/msg/status.hpp
[4.912s] -- Symlinking: /home/gy/Omron_MoMa_ROS2/install/om_aiv_msg/include/om_aiv_msg/srv/arcl_api.hpp
[4.922s] -- Symlinking: /home/gy/Omron_MoMa_ROS2/install/om_aiv_msg/include/om_aiv_msg/srv/arcl_listen.hpp
[4.941s] -- Symlinking: /home/gy/Omron_MoMa_ROS2/install/om_aiv_msg/include/om_aiv_msg/srv/detail/arcl_api__builder.hpp
[4.959s] -- Symlinking: /home/gy/Omron_MoMa_ROS2/install/om_aiv_msg/include/om_aiv_msg/srv/detail/arcl_api__struct.hpp
[4.967s] -- Symlinking: /home/gy/Omron_MoMa_ROS2/install/om_aiv_msg/include/om_aiv_msg/srv/detail/arcl_api__traits.hpp
[4.983s] -- Symlinking: /home/gy/Omron_MoMa_ROS2/install/om_aiv_msg/include/om_aiv_msg/srv/detail/arcl_listen__builder.hpp
[5.004s] -- Symlinking: /home/gy/Omron_MoMa_ROS2/install/om_aiv_msg/include/om_aiv_msg/srv/detail/arcl_listen__struct.hpp
[5.021s] -- Symlinking: /home/gy/Omron_MoMa_ROS2/install/om_aiv_msg/include/om_aiv_msg/srv/detail/arcl_listen__traits.hpp
[5.049s] -- Symlinking: /home/gy/Omron_MoMa_ROS2/install/om_aiv_msg/include/om_aiv_msg/action/detail/action__rosidl_typesupport_introspection_cpp.hpp
[5.064s] -- Symlinking: /home/gy/Omron_MoMa_ROS2/install/om_aiv_msg/include/om_aiv_msg/msg/detail/location__rosidl_typesupport_introspection_cpp.hpp
[5.100s] -- Symlinking: /home/gy/Omron_MoMa_ROS2/install/om_aiv_msg/include/om_aiv_msg/msg/detail/status__rosidl_typesupport_introspection_cpp.hpp
[5.121s] -- Symlinking: /home/gy/Omron_MoMa_ROS2/install/om_aiv_msg/include/om_aiv_msg/srv/detail/arcl_api__rosidl_typesupport_introspection_cpp.hpp
[5.136s] -- Symlinking: /home/gy/Omron_MoMa_ROS2/install/om_aiv_msg/include/om_aiv_msg/srv/detail/arcl_listen__rosidl_typesupport_introspection_cpp.hpp
[5.148s] -- Symlinking: /home/gy/Omron_MoMa_ROS2/install/om_aiv_msg/share/om_aiv_msg/environment/pythonpath.sh
[5.171s] -- Symlinking: /home/gy/Omron_MoMa_ROS2/install/om_aiv_msg/share/om_aiv_msg/environment/pythonpath.dsv
[5.199s] -- Symlinking: /home/gy/Omron_MoMa_ROS2/install/om_aiv_msg/lib/python3.8/site-packages/om_aiv_msg/__init__.py
[5.227s] -- Symlinking: /home/gy/Omron_MoMa_ROS2/install/om_aiv_msg/lib/python3.8/site-packages/om_aiv_msg/msg/__init__.py
[5.264s] -- Symlinking: /home/gy/Omron_MoMa_ROS2/install/om_aiv_msg/lib/python3.8/site-packages/om_aiv_msg/msg/_location.py
[5.291s] -- Symlinking: /home/gy/Omron_MoMa_ROS2/install/om_aiv_msg/lib/python3.8/site-packages/om_aiv_msg/msg/_status.py
[5.333s] -- Symlinking: /home/gy/Omron_MoMa_ROS2/install/om_aiv_msg/lib/python3.8/site-packages/om_aiv_msg/srv/__init__.py
[5.363s] -- Symlinking: /home/gy/Omron_MoMa_ROS2/install/om_aiv_msg/lib/python3.8/site-packages/om_aiv_msg/srv/_arcl_api.py
[5.402s] -- Symlinking: /home/gy/Omron_MoMa_ROS2/install/om_aiv_msg/lib/python3.8/site-packages/om_aiv_msg/srv/_arcl_listen.py
[5.427s] -- Symlinking: /home/gy/Omron_MoMa_ROS2/install/om_aiv_msg/lib/python3.8/site-packages/om_aiv_msg/action/__init__.py
[5.438s] -- Symlinking: /home/gy/Omron_MoMa_ROS2/install/om_aiv_msg/lib/python3.8/site-packages/om_aiv_msg/action/_action.py
[5.451s] -- Symlinking: /home/gy/Omron_MoMa_ROS2/install/om_aiv_msg/lib/python3.8/site-packages/om_aiv_msg/om_aiv_msg_s__rosidl_typesupport_fastrtps_c.cpython-38-x86_64-linux-gnu.so
[5.463s] -- Symlinking: /home/gy/Omron_MoMa_ROS2/install/om_aiv_msg/lib/python3.8/site-packages/om_aiv_msg/om_aiv_msg_s__rosidl_typesupport_introspection_c.cpython-38-x86_64-linux-gnu.so
[5.473s] -- Symlinking: /home/gy/Omron_MoMa_ROS2/install/om_aiv_msg/lib/python3.8/site-packages/om_aiv_msg/om_aiv_msg_s__rosidl_typesupport_c.cpython-38-x86_64-linux-gnu.so
[5.484s] -- Symlinking: /home/gy/Omron_MoMa_ROS2/install/om_aiv_msg/lib/libom_aiv_msg__python.so
[5.494s] -- Symlinking: /home/gy/Omron_MoMa_ROS2/install/om_aiv_msg/share/om_aiv_msg/msg/Location.idl
[5.504s] -- Symlinking: /home/gy/Omron_MoMa_ROS2/install/om_aiv_msg/share/om_aiv_msg/msg/Status.idl
[5.515s] -- Symlinking: /home/gy/Omron_MoMa_ROS2/install/om_aiv_msg/share/om_aiv_msg/srv/ArclApi.idl
[5.558s] -- Symlinking: /home/gy/Omron_MoMa_ROS2/install/om_aiv_msg/share/om_aiv_msg/srv/ArclListen.idl
[5.587s] -- Symlinking: /home/gy/Omron_MoMa_ROS2/install/om_aiv_msg/share/om_aiv_msg/action/Action.idl
[5.611s] -- Symlinking: /home/gy/Omron_MoMa_ROS2/install/om_aiv_msg/share/om_aiv_msg/msg/Location.msg
[5.622s] -- Symlinking: /home/gy/Omron_MoMa_ROS2/install/om_aiv_msg/share/om_aiv_msg/msg/Status.msg
[5.651s] -- Symlinking: /home/gy/Omron_MoMa_ROS2/install/om_aiv_msg/share/om_aiv_msg/srv/ArclApi.srv
[5.668s] -- Symlinking: /home/gy/Omron_MoMa_ROS2/install/om_aiv_msg/share/om_aiv_msg/srv/ArclApi_Request.msg
[5.686s] -- Symlinking: /home/gy/Omron_MoMa_ROS2/install/om_aiv_msg/share/om_aiv_msg/srv/ArclApi_Response.msg
[5.714s] -- Symlinking: /home/gy/Omron_MoMa_ROS2/install/om_aiv_msg/share/om_aiv_msg/srv/ArclListen.srv
[5.725s] -- Symlinking: /home/gy/Omron_MoMa_ROS2/install/om_aiv_msg/share/om_aiv_msg/srv/ArclListen_Request.msg
[5.735s] -- Symlinking: /home/gy/Omron_MoMa_ROS2/install/om_aiv_msg/share/om_aiv_msg/srv/ArclListen_Response.msg
[5.747s] -- Symlinking: /home/gy/Omron_MoMa_ROS2/install/om_aiv_msg/share/om_aiv_msg/action/Action.action
[5.766s] -- Symlinking: /home/gy/Omron_MoMa_ROS2/install/om_aiv_msg/share/ament_index/resource_index/package_run_dependencies/om_aiv_msg
[5.780s] -- Symlinking: /home/gy/Omron_MoMa_ROS2/install/om_aiv_msg/share/ament_index/resource_index/parent_prefix_path/om_aiv_msg
[5.795s] -- Symlinking: /home/gy/Omron_MoMa_ROS2/install/om_aiv_msg/share/om_aiv_msg/environment/ament_prefix_path.sh
[5.813s] -- Symlinking: /home/gy/Omron_MoMa_ROS2/install/om_aiv_msg/share/om_aiv_msg/environment/ament_prefix_path.dsv
[5.829s] -- Symlinking: /home/gy/Omron_MoMa_ROS2/install/om_aiv_msg/share/om_aiv_msg/environment/path.sh
[5.848s] -- Symlinking: /home/gy/Omron_MoMa_ROS2/install/om_aiv_msg/share/om_aiv_msg/environment/path.dsv
[5.862s] -- Symlinking: /home/gy/Omron_MoMa_ROS2/install/om_aiv_msg/share/om_aiv_msg/local_setup.bash
[5.881s] -- Symlinking: /home/gy/Omron_MoMa_ROS2/install/om_aiv_msg/share/om_aiv_msg/local_setup.sh
[5.899s] -- Symlinking: /home/gy/Omron_MoMa_ROS2/install/om_aiv_msg/share/om_aiv_msg/local_setup.zsh
[5.919s] -- Symlinking: /home/gy/Omron_MoMa_ROS2/install/om_aiv_msg/share/om_aiv_msg/local_setup.dsv
[5.925s] -- Symlinking: /home/gy/Omron_MoMa_ROS2/install/om_aiv_msg/share/om_aiv_msg/package.dsv
[5.944s] -- Symlinking: /home/gy/Omron_MoMa_ROS2/install/om_aiv_msg/share/ament_index/resource_index/packages/om_aiv_msg
[5.961s] -- Symlinking: /home/gy/Omron_MoMa_ROS2/install/om_aiv_msg/share/om_aiv_msg/cmake/rosidl_cmake-extras.cmake
[5.983s] -- Symlinking: /home/gy/Omron_MoMa_ROS2/install/om_aiv_msg/share/om_aiv_msg/cmake/ament_cmake_export_dependencies-extras.cmake
[6.006s] -- Symlinking: /home/gy/Omron_MoMa_ROS2/install/om_aiv_msg/share/om_aiv_msg/cmake/ament_cmake_export_libraries-extras.cmake
[6.063s] -- Symlinking: /home/gy/Omron_MoMa_ROS2/install/om_aiv_msg/share/om_aiv_msg/cmake/ament_cmake_export_targets-extras.cmake
[6.085s] -- Symlinking: /home/gy/Omron_MoMa_ROS2/install/om_aiv_msg/share/om_aiv_msg/cmake/ament_cmake_export_include_directories-extras.cmake
[6.106s] -- Symlinking: /home/gy/Omron_MoMa_ROS2/install/om_aiv_msg/share/om_aiv_msg/cmake/rosidl_cmake_export_typesupport_libraries-extras.cmake
[6.119s] -- Symlinking: /home/gy/Omron_MoMa_ROS2/install/om_aiv_msg/share/om_aiv_msg/cmake/rosidl_cmake_export_typesupport_targets-extras.cmake
[6.131s] -- Symlinking: /home/gy/Omron_MoMa_ROS2/install/om_aiv_msg/share/om_aiv_msg/cmake/om_aiv_msgConfig.cmake
[6.145s] -- Symlinking: /home/gy/Omron_MoMa_ROS2/install/om_aiv_msg/share/om_aiv_msg/cmake/om_aiv_msgConfig-version.cmake
[6.166s] -- Symlinking: /home/gy/Omron_MoMa_ROS2/install/om_aiv_msg/share/om_aiv_msg/package.xml
[6.179s] -- Up-to-date: /home/gy/Omron_MoMa_ROS2/install/om_aiv_msg/lib/libom_aiv_msg__rosidl_generator_c.so
[6.179s] -- Up-to-date: /home/gy/Omron_MoMa_ROS2/install/om_aiv_msg/lib/libom_aiv_msg__rosidl_typesupport_introspection_c.so
[6.180s] -- Up-to-date: /home/gy/Omron_MoMa_ROS2/install/om_aiv_msg/lib/libom_aiv_msg__rosidl_typesupport_c.so
[6.184s] -- Up-to-date: /home/gy/Omron_MoMa_ROS2/install/om_aiv_msg/lib/libom_aiv_msg__rosidl_typesupport_introspection_cpp.so
[6.184s] -- Up-to-date: /home/gy/Omron_MoMa_ROS2/install/om_aiv_msg/lib/libom_aiv_msg__rosidl_typesupport_cpp.so
[6.219s] Compiling '/home/gy/Omron_MoMa_ROS2/install/om_aiv_msg/lib/python3.8/site-packages/om_aiv_msg/__init__.py'...
[6.235s] -- Up-to-date: /home/gy/Omron_MoMa_ROS2/install/om_aiv_msg/share/om_aiv_msg/cmake/om_aiv_msg__rosidl_generator_cExport.cmake
[6.235s] -- Installing: /home/gy/Omron_MoMa_ROS2/install/om_aiv_msg/share/om_aiv_msg/cmake/om_aiv_msg__rosidl_generator_cExport-noconfig.cmake
[6.235s] -- Up-to-date: /home/gy/Omron_MoMa_ROS2/install/om_aiv_msg/share/om_aiv_msg/cmake/om_aiv_msg__rosidl_typesupport_introspection_cExport.cmake
[6.235s] -- Installing: /home/gy/Omron_MoMa_ROS2/install/om_aiv_msg/share/om_aiv_msg/cmake/om_aiv_msg__rosidl_typesupport_introspection_cExport-noconfig.cmake
[6.235s] -- Up-to-date: /home/gy/Omron_MoMa_ROS2/install/om_aiv_msg/share/om_aiv_msg/cmake/om_aiv_msg__rosidl_typesupport_cExport.cmake
[6.235s] -- Installing: /home/gy/Omron_MoMa_ROS2/install/om_aiv_msg/share/om_aiv_msg/cmake/om_aiv_msg__rosidl_typesupport_cExport-noconfig.cmake
[6.235s] -- Up-to-date: /home/gy/Omron_MoMa_ROS2/install/om_aiv_msg/share/om_aiv_msg/cmake/om_aiv_msg__rosidl_generator_cppExport.cmake
[6.235s] -- Up-to-date: /home/gy/Omron_MoMa_ROS2/install/om_aiv_msg/share/om_aiv_msg/cmake/om_aiv_msg__rosidl_typesupport_introspection_cppExport.cmake
[6.235s] -- Installing: /home/gy/Omron_MoMa_ROS2/install/om_aiv_msg/share/om_aiv_msg/cmake/om_aiv_msg__rosidl_typesupport_introspection_cppExport-noconfig.cmake
[6.235s] -- Up-to-date: /home/gy/Omron_MoMa_ROS2/install/om_aiv_msg/share/om_aiv_msg/cmake/om_aiv_msg__rosidl_typesupport_cppExport.cmake
[6.235s] -- Installing: /home/gy/Omron_MoMa_ROS2/install/om_aiv_msg/share/om_aiv_msg/cmake/om_aiv_msg__rosidl_typesupport_cppExport-noconfig.cmake
[6.235s] Invoked command in '/home/gy/Omron_MoMa_ROS2/build/om_aiv_msg' returned '0': CMAKE_PREFIX_PATH=/opt/ros/foxy /usr/bin/cmake --install /home/gy/Omron_MoMa_ROS2/build/om_aiv_msg
