-- Found ament_cmake: 0.9.8 (/opt/ros/foxy/share/ament_cmake/cmake)
-- Using PYTHON_EXECUTABLE: /usr/bin/python3
-- Override CMake install command with custom implementation using symlinks instead of copying resources
-- Found rclcpp: 2.3.1 (/opt/ros/foxy/share/rclcpp/cmake)
-- Using all available rosidl_typesupport_c: rosidl_typesupport_fastrtps_c;rosidl_typesupport_introspection_c
-- Found rosidl_adapter: 1.2.1 (/opt/ros/foxy/share/rosidl_adapter/cmake)
-- Using all available rosidl_typesupport_cpp: rosidl_typesupport_fastrtps_cpp;rosidl_typesupport_introspection_cpp
-- Found rmw_implementation_cmake: 1.0.3 (/opt/ros/foxy/share/rmw_implementation_cmake/cmake)
-- Using RMW implementation 'rmw_fastrtps_cpp' as default
-- Found rclcpp_components: 2.3.1 (/opt/ros/foxy/share/rclcpp_components/cmake)
-- Found sensor_msgs: 2.0.4 (/opt/ros/foxy/share/sensor_msgs/cmake)
-- Found techman_robot_msgs: 0.0.0 (/home/gy/Omron_MoMa_ROS2/install/techman_robot_msgs/share/techman_robot_msgs/cmake)
-- Found ament_lint_auto: 0.9.6 (/opt/ros/foxy/share/ament_lint_auto/cmake)
-- Added test 'copyright' to check source files copyright and LICENSE
-- Added test 'cppcheck' to perform static code analysis on C / C++ code
-- Configured cppcheck include dirs: 
-- Configured cppcheck exclude dirs and/or files: 
-- Added test 'cpplint' to check C / C++ code against the Google style
-- Configured cpplint exclude dirs and/or files: 
-- Added test 'lint_cmake' to check CMake code style
-- Added test 'uncrustify' to check C / C++ code style
-- Configured uncrustify additional arguments: 
-- Added test 'xmllint' to check XML markup files
-- Configuring done
-- Generating done
-- Build files have been written to: /home/gy/Omron_MoMa_ROS2/build/custom_package
[ 25%] [32m[1mLinking CXX executable sub_img[0m
[ 50%] [32m[1mLinking CXX executable tm_send_command[0m
[ 75%] Built target tm_send_command
[100%] Built target sub_img
-- Install configuration: ""
-- Execute custom install script
-- Symlinking: /home/gy/Omron_MoMa_ROS2/install/custom_package/lib/custom_package/tm_send_command
-- Symlinking: /home/gy/Omron_MoMa_ROS2/install/custom_package/lib/custom_package/sub_img
-- Symlinking: /home/gy/Omron_MoMa_ROS2/install/custom_package/share/custom_package/image/techman_robot.jpg
-- Symlinking: /home/gy/Omron_MoMa_ROS2/install/custom_package/share/ament_index/resource_index/package_run_dependencies/custom_package
-- Symlinking: /home/gy/Omron_MoMa_ROS2/install/custom_package/share/ament_index/resource_index/parent_prefix_path/custom_package
-- Symlinking: /home/gy/Omron_MoMa_ROS2/install/custom_package/share/custom_package/environment/ament_prefix_path.sh
-- Symlinking: /home/gy/Omron_MoMa_ROS2/install/custom_package/share/custom_package/environment/ament_prefix_path.dsv
-- Symlinking: /home/gy/Omron_MoMa_ROS2/install/custom_package/share/custom_package/environment/path.sh
-- Symlinking: /home/gy/Omron_MoMa_ROS2/install/custom_package/share/custom_package/environment/path.dsv
-- Symlinking: /home/gy/Omron_MoMa_ROS2/install/custom_package/share/custom_package/local_setup.bash
-- Symlinking: /home/gy/Omron_MoMa_ROS2/install/custom_package/share/custom_package/local_setup.sh
-- Symlinking: /home/gy/Omron_MoMa_ROS2/install/custom_package/share/custom_package/local_setup.zsh
-- Symlinking: /home/gy/Omron_MoMa_ROS2/install/custom_package/share/custom_package/local_setup.dsv
-- Symlinking: /home/gy/Omron_MoMa_ROS2/install/custom_package/share/custom_package/package.dsv
-- Symlinking: /home/gy/Omron_MoMa_ROS2/install/custom_package/share/ament_index/resource_index/packages/custom_package
-- Symlinking: /home/gy/Omron_MoMa_ROS2/install/custom_package/share/custom_package/cmake/custom_packageConfig.cmake
-- Symlinking: /home/gy/Omron_MoMa_ROS2/install/custom_package/share/custom_package/cmake/custom_packageConfig-version.cmake
-- Symlinking: /home/gy/Omron_MoMa_ROS2/install/custom_package/share/custom_package/package.xml
