[0.034s] Invoking command in '/home/gy/Omron_MoMa_ROS2/build/custom_package': AMENT_PREFIX_PATH=/home/gy/Omron_MoMa_ROS2/install/techman_robot_msgs:${AMENT_PREFIX_PATH} CMAKE_PREFIX_PATH=/home/gy/Omron_MoMa_ROS2/install/techman_robot_msgs:/opt/ros/foxy LD_LIBRARY_PATH=/home/gy/Omron_MoMa_ROS2/install/techman_robot_msgs/lib:${LD_LIBRARY_PATH} PYTHONPATH=/home/gy/Omron_MoMa_ROS2/install/techman_robot_msgs/lib/python3.8/site-packages:${PYTHONPATH} /usr/bin/cmake /home/gy/Omron_MoMa_ROS2/src/Omron_TM_ROS2/src/custom_package -DAMENT_CMAKE_SYMLINK_INSTALL=1 -DCMAKE_INSTALL_PREFIX=/home/gy/Omron_MoMa_ROS2/install/custom_package
[0.091s] -- Found ament_cmake: 0.9.8 (/opt/ros/foxy/share/ament_cmake/cmake)
[0.151s] -- Using PYTHON_EXECUTABLE: /usr/bin/python3
[0.404s] -- Override CMake install command with custom implementation using symlinks instead of copying resources
[0.409s] -- Found rclcpp: 2.3.1 (/opt/ros/foxy/share/rclcpp/cmake)
[0.475s] -- Using all available rosidl_typesupport_c: rosidl_typesupport_fastrtps_c;rosidl_typesupport_introspection_c
[0.496s] -- Found rosidl_adapter: 1.2.1 (/opt/ros/foxy/share/rosidl_adapter/cmake)
[0.704s] -- Using all available rosidl_typesupport_cpp: rosidl_typesupport_fastrtps_cpp;rosidl_typesupport_introspection_cpp
[0.785s] -- Found rmw_implementation_cmake: 1.0.3 (/opt/ros/foxy/share/rmw_implementation_cmake/cmake)
[0.787s] -- Using RMW implementation 'rmw_fastrtps_cpp' as default
[1.004s] -- Found rclcpp_components: 2.3.1 (/opt/ros/foxy/share/rclcpp_components/cmake)
[1.068s] -- Found sensor_msgs: 2.0.4 (/opt/ros/foxy/share/sensor_msgs/cmake)
[1.251s] -- Found techman_robot_msgs: 0.0.0 (/home/gy/Omron_MoMa_ROS2/install/techman_robot_msgs/share/techman_robot_msgs/cmake)
[1.260s] -- Found ament_lint_auto: 0.9.6 (/opt/ros/foxy/share/ament_lint_auto/cmake)
[1.419s] -- Added test 'copyright' to check source files copyright and LICENSE
[1.425s] -- Added test 'cppcheck' to perform static code analysis on C / C++ code
[1.436s] -- Configured cppcheck include dirs: 
[1.437s] -- Configured cppcheck exclude dirs and/or files: 
[1.437s] -- Added test 'cpplint' to check C / C++ code against the Google style
[1.437s] -- Configured cpplint exclude dirs and/or files: 
[1.438s] -- Added test 'lint_cmake' to check CMake code style
[1.438s] -- Added test 'uncrustify' to check C / C++ code style
[1.438s] -- Configured uncrustify additional arguments: 
[1.439s] -- Added test 'xmllint' to check XML markup files
[1.442s] -- Configuring done
[1.478s] -- Generating done
[1.480s] -- Build files have been written to: /home/gy/Omron_MoMa_ROS2/build/custom_package
[1.492s] Invoked command in '/home/gy/Omron_MoMa_ROS2/build/custom_package' returned '0': AMENT_PREFIX_PATH=/home/gy/Omron_MoMa_ROS2/install/techman_robot_msgs:${AMENT_PREFIX_PATH} CMAKE_PREFIX_PATH=/home/gy/Omron_MoMa_ROS2/install/techman_robot_msgs:/opt/ros/foxy LD_LIBRARY_PATH=/home/gy/Omron_MoMa_ROS2/install/techman_robot_msgs/lib:${LD_LIBRARY_PATH} PYTHONPATH=/home/gy/Omron_MoMa_ROS2/install/techman_robot_msgs/lib/python3.8/site-packages:${PYTHONPATH} /usr/bin/cmake /home/gy/Omron_MoMa_ROS2/src/Omron_TM_ROS2/src/custom_package -DAMENT_CMAKE_SYMLINK_INSTALL=1 -DCMAKE_INSTALL_PREFIX=/home/gy/Omron_MoMa_ROS2/install/custom_package
[1.495s] Invoking command in '/home/gy/Omron_MoMa_ROS2/build/custom_package': AMENT_PREFIX_PATH=/home/gy/Omron_MoMa_ROS2/install/techman_robot_msgs:${AMENT_PREFIX_PATH} CMAKE_PREFIX_PATH=/home/gy/Omron_MoMa_ROS2/install/techman_robot_msgs:/opt/ros/foxy LD_LIBRARY_PATH=/home/gy/Omron_MoMa_ROS2/install/techman_robot_msgs/lib:${LD_LIBRARY_PATH} PYTHONPATH=/home/gy/Omron_MoMa_ROS2/install/techman_robot_msgs/lib/python3.8/site-packages:${PYTHONPATH} /usr/bin/cmake --build /home/gy/Omron_MoMa_ROS2/build/custom_package -- -j4 -l4
[1.714s] [ 25%] [32m[1mLinking CXX executable sub_img[0m
[1.717s] [ 50%] [32m[1mLinking CXX executable tm_send_command[0m
[2.068s] [ 75%] Built target tm_send_command
[2.898s] [100%] Built target sub_img
[2.933s] Invoked command in '/home/gy/Omron_MoMa_ROS2/build/custom_package' returned '0': AMENT_PREFIX_PATH=/home/gy/Omron_MoMa_ROS2/install/techman_robot_msgs:${AMENT_PREFIX_PATH} CMAKE_PREFIX_PATH=/home/gy/Omron_MoMa_ROS2/install/techman_robot_msgs:/opt/ros/foxy LD_LIBRARY_PATH=/home/gy/Omron_MoMa_ROS2/install/techman_robot_msgs/lib:${LD_LIBRARY_PATH} PYTHONPATH=/home/gy/Omron_MoMa_ROS2/install/techman_robot_msgs/lib/python3.8/site-packages:${PYTHONPATH} /usr/bin/cmake --build /home/gy/Omron_MoMa_ROS2/build/custom_package -- -j4 -l4
[3.316s] Invoking command in '/home/gy/Omron_MoMa_ROS2/build/custom_package': AMENT_PREFIX_PATH=/home/gy/Omron_MoMa_ROS2/install/techman_robot_msgs:${AMENT_PREFIX_PATH} CMAKE_PREFIX_PATH=/home/gy/Omron_MoMa_ROS2/install/techman_robot_msgs:/opt/ros/foxy LD_LIBRARY_PATH=/home/gy/Omron_MoMa_ROS2/install/techman_robot_msgs/lib:${LD_LIBRARY_PATH} PYTHONPATH=/home/gy/Omron_MoMa_ROS2/install/techman_robot_msgs/lib/python3.8/site-packages:${PYTHONPATH} /usr/bin/cmake --install /home/gy/Omron_MoMa_ROS2/build/custom_package
[3.337s] -- Install configuration: ""
[3.338s] -- Execute custom install script
[3.338s] -- Symlinking: /home/gy/Omron_MoMa_ROS2/install/custom_package/lib/custom_package/tm_send_command
[3.380s] -- Symlinking: /home/gy/Omron_MoMa_ROS2/install/custom_package/lib/custom_package/sub_img
[3.419s] -- Symlinking: /home/gy/Omron_MoMa_ROS2/install/custom_package/share/custom_package/image/techman_robot.jpg
[3.455s] -- Symlinking: /home/gy/Omron_MoMa_ROS2/install/custom_package/share/ament_index/resource_index/package_run_dependencies/custom_package
[3.484s] -- Symlinking: /home/gy/Omron_MoMa_ROS2/install/custom_package/share/ament_index/resource_index/parent_prefix_path/custom_package
[3.512s] -- Symlinking: /home/gy/Omron_MoMa_ROS2/install/custom_package/share/custom_package/environment/ament_prefix_path.sh
[3.556s] -- Symlinking: /home/gy/Omron_MoMa_ROS2/install/custom_package/share/custom_package/environment/ament_prefix_path.dsv
[3.592s] -- Symlinking: /home/gy/Omron_MoMa_ROS2/install/custom_package/share/custom_package/environment/path.sh
[3.610s] -- Symlinking: /home/gy/Omron_MoMa_ROS2/install/custom_package/share/custom_package/environment/path.dsv
[3.629s] -- Symlinking: /home/gy/Omron_MoMa_ROS2/install/custom_package/share/custom_package/local_setup.bash
[3.639s] -- Symlinking: /home/gy/Omron_MoMa_ROS2/install/custom_package/share/custom_package/local_setup.sh
[3.651s] -- Symlinking: /home/gy/Omron_MoMa_ROS2/install/custom_package/share/custom_package/local_setup.zsh
[3.695s] -- Symlinking: /home/gy/Omron_MoMa_ROS2/install/custom_package/share/custom_package/local_setup.dsv
[3.720s] -- Symlinking: /home/gy/Omron_MoMa_ROS2/install/custom_package/share/custom_package/package.dsv
[3.752s] -- Symlinking: /home/gy/Omron_MoMa_ROS2/install/custom_package/share/ament_index/resource_index/packages/custom_package
[3.775s] -- Symlinking: /home/gy/Omron_MoMa_ROS2/install/custom_package/share/custom_package/cmake/custom_packageConfig.cmake
[3.812s] -- Symlinking: /home/gy/Omron_MoMa_ROS2/install/custom_package/share/custom_package/cmake/custom_packageConfig-version.cmake
[3.833s] -- Symlinking: /home/gy/Omron_MoMa_ROS2/install/custom_package/share/custom_package/package.xml
[3.860s] Invoked command in '/home/gy/Omron_MoMa_ROS2/build/custom_package' returned '0': AMENT_PREFIX_PATH=/home/gy/Omron_MoMa_ROS2/install/techman_robot_msgs:${AMENT_PREFIX_PATH} CMAKE_PREFIX_PATH=/home/gy/Omron_MoMa_ROS2/install/techman_robot_msgs:/opt/ros/foxy LD_LIBRARY_PATH=/home/gy/Omron_MoMa_ROS2/install/techman_robot_msgs/lib:${LD_LIBRARY_PATH} PYTHONPATH=/home/gy/Omron_MoMa_ROS2/install/techman_robot_msgs/lib/python3.8/site-packages:${PYTHONPATH} /usr/bin/cmake --install /home/gy/Omron_MoMa_ROS2/build/custom_package
