[0.034s] Invoking command in '/home/gy/Omron_MoMa_ROS2/build/techman_robot_msgs': CMAKE_PREFIX_PATH=/opt/ros/foxy /usr/bin/cmake /home/gy/Omron_MoMa_ROS2/src/Omron_TM_ROS2/src/techman_robot_msgs -DCMAKE_INSTALL_PREFIX=/home/gy/Omron_MoMa_ROS2/install/techman_robot_msgs
[0.163s] -- The C compiler identification is GNU 9.3.0
[0.256s] -- The CXX compiler identification is GNU 9.3.0
[0.261s] -- Check for working C compiler: /usr/bin/cc
[0.393s] -- Check for working C compiler: /usr/bin/cc -- works
[0.394s] -- Detecting C compiler ABI info
[0.526s] -- Detecting C compiler ABI info - done
[0.542s] -- Detecting C compile features
[0.543s] -- Detecting C compile features - done
[0.548s] -- Check for working CXX compiler: /usr/bin/c++
[0.681s] -- Check for working CXX compiler: /usr/bin/c++ -- works
[0.682s] -- Detecting CXX compiler ABI info
[0.805s] -- Detecting CXX compiler ABI info - done
[0.824s] -- Detecting CXX compile features
[0.826s] -- Detecting CXX compile features - done
[0.828s] -- Found ament_cmake: 0.9.8 (/opt/ros/foxy/share/ament_cmake/cmake)
[0.879s] -- Found PythonInterp: /usr/bin/python3 (found suitable version "3.8.5", minimum required is "3") 
[0.880s] -- Using PYTHON_EXECUTABLE: /usr/bin/python3
[1.144s] -- Found rosidl_default_generators: 1.0.1 (/opt/ros/foxy/share/rosidl_default_generators/cmake)
[1.147s] -- Using all available rosidl_typesupport_c: rosidl_typesupport_fastrtps_c;rosidl_typesupport_introspection_c
[1.157s] -- Found rosidl_adapter: 1.2.1 (/opt/ros/foxy/share/rosidl_adapter/cmake)
[1.339s] -- Found OpenSSL: /usr/lib/x86_64-linux-gnu/libcrypto.so (found version "1.1.1f")  
[1.391s] -- Found FastRTPS: /opt/ros/foxy/include  
[1.523s] -- Using all available rosidl_typesupport_cpp: rosidl_typesupport_fastrtps_cpp;rosidl_typesupport_introspection_cpp
[1.563s] -- Found action_msgs: 1.0.0 (/opt/ros/foxy/share/action_msgs/cmake)
[1.675s] -- Found std_msgs: 2.0.4 (/opt/ros/foxy/share/std_msgs/cmake)
[1.715s] -- Found geometry_msgs: 2.0.4 (/opt/ros/foxy/share/geometry_msgs/cmake)
[1.820s] -- Found PythonInterp: /usr/bin/python3 (found version "3.8.5") 
[2.013s] -- Found ament_cmake_ros: 0.9.1 (/opt/ros/foxy/share/ament_cmake_ros/cmake)
[2.203s] -- Using all available rosidl_typesupport_c: rosidl_typesupport_fastrtps_c;rosidl_typesupport_introspection_c
[2.232s] -- Using all available rosidl_typesupport_cpp: rosidl_typesupport_fastrtps_cpp;rosidl_typesupport_introspection_cpp
[2.308s] -- Found PythonInterp: /usr/bin/python3 (found suitable version "3.8.5", minimum required is "3.5") 
[2.309s] -- Found python_cmake_module: 0.8.1 (/opt/ros/foxy/share/python_cmake_module/cmake)
[2.370s] -- Found PythonLibs: /usr/lib/x86_64-linux-gnu/libpython3.8.so (found suitable version "3.8.5", minimum required is "3.5") 
[2.370s] -- Using PYTHON_EXECUTABLE: /usr/bin/python3
[2.370s] -- Using PYTHON_INCLUDE_DIRS: /usr/include/python3.8
[2.370s] -- Using PYTHON_LIBRARIES: /usr/lib/x86_64-linux-gnu/libpython3.8.so
[2.418s] -- Found PythonExtra: .so  
[2.541s] -- Configuring done
[2.610s] -- Generating done
[2.611s] -- Build files have been written to: /home/gy/Omron_MoMa_ROS2/build/techman_robot_msgs
[2.650s] Invoked command in '/home/gy/Omron_MoMa_ROS2/build/techman_robot_msgs' returned '0': CMAKE_PREFIX_PATH=/opt/ros/foxy /usr/bin/cmake /home/gy/Omron_MoMa_ROS2/src/Omron_TM_ROS2/src/techman_robot_msgs -DCMAKE_INSTALL_PREFIX=/home/gy/Omron_MoMa_ROS2/install/techman_robot_msgs
[2.652s] Invoking command in '/home/gy/Omron_MoMa_ROS2/build/techman_robot_msgs': CMAKE_PREFIX_PATH=/opt/ros/foxy /usr/bin/cmake --build /home/gy/Omron_MoMa_ROS2/build/techman_robot_msgs -- -j4 -l4
[2.800s] [  3%] [34m[1mGenerating C code for ROS interfaces[0m
[2.827s] [35m[1mScanning dependencies of target techman_robot_msgs__cpp[0m
[2.887s] [  6%] [34m[1mGenerating C++ code for ROS interfaces[0m
[3.511s] [35m[1mScanning dependencies of target techman_robot_msgs__rosidl_generator_c[0m
[3.558s] [  9%] [32mBuilding C object CMakeFiles/techman_robot_msgs__rosidl_generator_c.dir/rosidl_generator_c/techman_robot_msgs/srv/detail/techman_robot_command__functions.c.o[0m
[3.574s] [  9%] Built target techman_robot_msgs__cpp
[3.643s] [ 12%] [34m[1mGenerating C++ type support for eProsima Fast-RTPS[0m
[3.663s] [ 16%] [34m[1mGenerating C++ introspection for ROS interfaces[0m
[3.715s] [ 19%] [34m[1mGenerating C++ type support dispatch for ROS interfaces[0m
[3.803s] [ 22%] [32m[1mLinking C shared library libtechman_robot_msgs__rosidl_generator_c.so[0m
[3.991s] [ 22%] Built target techman_robot_msgs__rosidl_generator_c
[4.025s] [ 25%] [34m[1mGenerating C type support dispatch for ROS interfaces[0m
[4.243s] [35m[1mScanning dependencies of target techman_robot_msgs__rosidl_typesupport_fastrtps_cpp[0m
[4.354s] [ 29%] [32mBuilding CXX object CMakeFiles/techman_robot_msgs__rosidl_typesupport_fastrtps_cpp.dir/rosidl_typesupport_fastrtps_cpp/techman_robot_msgs/srv/detail/dds_fastrtps/techman_robot_command__type_support.cpp.o[0m
[4.363s] [35m[1mScanning dependencies of target techman_robot_msgs__rosidl_typesupport_cpp[0m
[4.428s] [ 32%] [32mBuilding CXX object CMakeFiles/techman_robot_msgs__rosidl_typesupport_cpp.dir/rosidl_typesupport_cpp/techman_robot_msgs/srv/techman_robot_command__type_support.cpp.o[0m
[4.636s] [35m[1mScanning dependencies of target techman_robot_msgs__rosidl_typesupport_introspection_cpp[0m
[4.721s] [ 35%] [32mBuilding CXX object CMakeFiles/techman_robot_msgs__rosidl_typesupport_introspection_cpp.dir/rosidl_typesupport_introspection_cpp/techman_robot_msgs/srv/detail/techman_robot_command__type_support.cpp.o[0m
[4.811s] [35m[1mScanning dependencies of target techman_robot_msgs__rosidl_typesupport_c[0m
[4.923s] [ 38%] [32mBuilding CXX object CMakeFiles/techman_robot_msgs__rosidl_typesupport_c.dir/rosidl_typesupport_c/techman_robot_msgs/srv/techman_robot_command__type_support.cpp.o[0m
[5.114s] [ 41%] [32m[1mLinking CXX shared library libtechman_robot_msgs__rosidl_typesupport_c.so[0m
[5.336s] [ 45%] [32m[1mLinking CXX shared library libtechman_robot_msgs__rosidl_typesupport_fastrtps_cpp.so[0m
[5.364s] [ 48%] [32m[1mLinking CXX shared library libtechman_robot_msgs__rosidl_typesupport_cpp.so[0m
[5.364s] [ 48%] Built target techman_robot_msgs__rosidl_typesupport_c
[5.422s] [ 51%] [34m[1mGenerating C introspection for ROS interfaces[0m
[5.570s] [ 51%] Built target techman_robot_msgs__rosidl_typesupport_cpp
[5.645s] [ 54%] [32m[1mLinking CXX shared library libtechman_robot_msgs__rosidl_typesupport_introspection_cpp.so[0m
[5.675s] [ 54%] Built target techman_robot_msgs__rosidl_typesupport_fastrtps_cpp
[5.734s] [ 58%] [34m[1mGenerating C type support for eProsima Fast-RTPS[0m
[6.025s] [ 58%] Built target techman_robot_msgs__rosidl_typesupport_introspection_cpp
[6.147s] [35m[1mScanning dependencies of target techman_robot_msgs__rosidl_typesupport_introspection_c[0m
[6.210s] [ 61%] [32mBuilding C object CMakeFiles/techman_robot_msgs__rosidl_typesupport_introspection_c.dir/rosidl_typesupport_introspection_c/techman_robot_msgs/srv/detail/techman_robot_command__type_support.c.o[0m
[6.429s] [ 64%] [32m[1mLinking C shared library libtechman_robot_msgs__rosidl_typesupport_introspection_c.so[0m
[6.623s] [ 64%] Built target techman_robot_msgs__rosidl_typesupport_introspection_c
[6.639s] [35m[1mScanning dependencies of target techman_robot_msgs__rosidl_typesupport_fastrtps_c[0m
[6.741s] [ 67%] [32mBuilding CXX object CMakeFiles/techman_robot_msgs__rosidl_typesupport_fastrtps_c.dir/rosidl_typesupport_fastrtps_c/techman_robot_msgs/srv/detail/techman_robot_command__type_support_c.cpp.o[0m
[7.691s] [ 70%] [32m[1mLinking CXX shared library libtechman_robot_msgs__rosidl_typesupport_fastrtps_c.so[0m
[8.134s] [ 70%] Built target techman_robot_msgs__rosidl_typesupport_fastrtps_c
[8.211s] [35m[1mScanning dependencies of target techman_robot_msgs[0m
[8.287s] [ 70%] Built target techman_robot_msgs
[8.363s] [35m[1mScanning dependencies of target techman_robot_msgs__py[0m
[8.505s] [ 74%] [34m[1mGenerating Python code for ROS interfaces[0m
[10.446s] [ 74%] Built target techman_robot_msgs__py
[10.539s] [35m[1mScanning dependencies of target techman_robot_msgs__python[0m
[10.681s] [ 77%] [32mBuilding C object CMakeFiles/techman_robot_msgs__python.dir/rosidl_generator_py/techman_robot_msgs/srv/_techman_robot_command_s.c.o[0m
[11.159s] [ 80%] [32m[1mLinking C shared library rosidl_generator_py/techman_robot_msgs/libtechman_robot_msgs__python.so[0m
[11.432s] [ 80%] Built target techman_robot_msgs__python
[11.507s] [35m[1mScanning dependencies of target techman_robot_msgs__rosidl_typesupport_c__pyext[0m
[11.555s] [35m[1mScanning dependencies of target techman_robot_msgs__rosidl_typesupport_introspection_c__pyext[0m
[11.604s] [35m[1mScanning dependencies of target techman_robot_msgs__rosidl_typesupport_fastrtps_c__pyext[0m
[11.633s] [ 83%] [32mBuilding C object CMakeFiles/techman_robot_msgs__rosidl_typesupport_c__pyext.dir/rosidl_generator_py/techman_robot_msgs/_techman_robot_msgs_s.ep.rosidl_typesupport_c.c.o[0m
[11.695s] [ 87%] [32mBuilding C object CMakeFiles/techman_robot_msgs__rosidl_typesupport_introspection_c__pyext.dir/rosidl_generator_py/techman_robot_msgs/_techman_robot_msgs_s.ep.rosidl_typesupport_introspection_c.c.o[0m
[11.727s] [ 90%] [32mBuilding C object CMakeFiles/techman_robot_msgs__rosidl_typesupport_fastrtps_c__pyext.dir/rosidl_generator_py/techman_robot_msgs/_techman_robot_msgs_s.ep.rosidl_typesupport_fastrtps_c.c.o[0m
[11.937s] [ 93%] [32m[1mLinking C shared library rosidl_generator_py/techman_robot_msgs/techman_robot_msgs_s__rosidl_typesupport_c.cpython-38-x86_64-linux-gnu.so[0m
[12.043s] [ 96%] [32m[1mLinking C shared library rosidl_generator_py/techman_robot_msgs/techman_robot_msgs_s__rosidl_typesupport_introspection_c.cpython-38-x86_64-linux-gnu.so[0m
[12.107s] [100%] [32m[1mLinking CXX shared library rosidl_generator_py/techman_robot_msgs/techman_robot_msgs_s__rosidl_typesupport_fastrtps_c.cpython-38-x86_64-linux-gnu.so[0m
[12.214s] [100%] Built target techman_robot_msgs__rosidl_typesupport_c__pyext
[12.279s] [100%] Built target techman_robot_msgs__rosidl_typesupport_introspection_c__pyext
[12.603s] [100%] Built target techman_robot_msgs__rosidl_typesupport_fastrtps_c__pyext
[12.651s] Invoked command in '/home/gy/Omron_MoMa_ROS2/build/techman_robot_msgs' returned '0': CMAKE_PREFIX_PATH=/opt/ros/foxy /usr/bin/cmake --build /home/gy/Omron_MoMa_ROS2/build/techman_robot_msgs -- -j4 -l4
[13.699s] Invoking command in '/home/gy/Omron_MoMa_ROS2/build/techman_robot_msgs': CMAKE_PREFIX_PATH=/opt/ros/foxy /usr/bin/cmake --install /home/gy/Omron_MoMa_ROS2/build/techman_robot_msgs
[13.748s] -- Install configuration: ""
[13.748s] -- Installing: /home/gy/Omron_MoMa_ROS2/install/techman_robot_msgs/share/ament_index/resource_index/rosidl_interfaces/techman_robot_msgs
[13.749s] -- Installing: /home/gy/Omron_MoMa_ROS2/install/techman_robot_msgs/include/techman_robot_msgs
[13.749s] -- Installing: /home/gy/Omron_MoMa_ROS2/install/techman_robot_msgs/include/techman_robot_msgs/srv
[13.750s] -- Installing: /home/gy/Omron_MoMa_ROS2/install/techman_robot_msgs/include/techman_robot_msgs/srv/techman_robot_command.h
[13.750s] -- Installing: /home/gy/Omron_MoMa_ROS2/install/techman_robot_msgs/include/techman_robot_msgs/srv/detail
[13.750s] -- Installing: /home/gy/Omron_MoMa_ROS2/install/techman_robot_msgs/include/techman_robot_msgs/srv/detail/techman_robot_command__type_support.h
[13.750s] -- Installing: /home/gy/Omron_MoMa_ROS2/install/techman_robot_msgs/include/techman_robot_msgs/srv/detail/techman_robot_command__functions.h
[13.751s] -- Installing: /home/gy/Omron_MoMa_ROS2/install/techman_robot_msgs/include/techman_robot_msgs/srv/detail/techman_robot_command__functions.c
[13.751s] -- Installing: /home/gy/Omron_MoMa_ROS2/install/techman_robot_msgs/include/techman_robot_msgs/srv/detail/techman_robot_command__struct.h
[13.751s] -- Installing: /home/gy/Omron_MoMa_ROS2/install/techman_robot_msgs/include/techman_robot_msgs/msg
[13.752s] -- Installing: /home/gy/Omron_MoMa_ROS2/install/techman_robot_msgs/include/techman_robot_msgs/msg/rosidl_generator_c__visibility_control.h
[13.752s] -- Installing: /home/gy/Omron_MoMa_ROS2/install/techman_robot_msgs/share/techman_robot_msgs/environment/library_path.sh
[13.753s] -- Installing: /home/gy/Omron_MoMa_ROS2/install/techman_robot_msgs/share/techman_robot_msgs/environment/library_path.dsv
[13.753s] -- Installing: /home/gy/Omron_MoMa_ROS2/install/techman_robot_msgs/lib/libtechman_robot_msgs__rosidl_generator_c.so
[13.754s] -- Set runtime path of "/home/gy/Omron_MoMa_ROS2/install/techman_robot_msgs/lib/libtechman_robot_msgs__rosidl_generator_c.so" to ""
[13.754s] -- Up-to-date: /home/gy/Omron_MoMa_ROS2/install/techman_robot_msgs/include/techman_robot_msgs
[13.754s] -- Up-to-date: /home/gy/Omron_MoMa_ROS2/install/techman_robot_msgs/include/techman_robot_msgs/srv
[13.754s] -- Up-to-date: /home/gy/Omron_MoMa_ROS2/install/techman_robot_msgs/include/techman_robot_msgs/srv/detail
[13.754s] -- Installing: /home/gy/Omron_MoMa_ROS2/install/techman_robot_msgs/include/techman_robot_msgs/srv/detail/techman_robot_command__rosidl_typesupport_fastrtps_c.h
[13.754s] -- Up-to-date: /home/gy/Omron_MoMa_ROS2/install/techman_robot_msgs/include/techman_robot_msgs/msg
[13.755s] -- Installing: /home/gy/Omron_MoMa_ROS2/install/techman_robot_msgs/include/techman_robot_msgs/msg/rosidl_typesupport_fastrtps_c__visibility_control.h
[13.755s] -- Installing: /home/gy/Omron_MoMa_ROS2/install/techman_robot_msgs/lib/libtechman_robot_msgs__rosidl_typesupport_fastrtps_c.so
[13.755s] -- Set runtime path of "/home/gy/Omron_MoMa_ROS2/install/techman_robot_msgs/lib/libtechman_robot_msgs__rosidl_typesupport_fastrtps_c.so" to ""
[13.755s] -- Up-to-date: /home/gy/Omron_MoMa_ROS2/install/techman_robot_msgs/include/techman_robot_msgs
[13.755s] -- Up-to-date: /home/gy/Omron_MoMa_ROS2/install/techman_robot_msgs/include/techman_robot_msgs/srv
[13.755s] -- Up-to-date: /home/gy/Omron_MoMa_ROS2/install/techman_robot_msgs/include/techman_robot_msgs/srv/detail
[13.755s] -- Installing: /home/gy/Omron_MoMa_ROS2/install/techman_robot_msgs/include/techman_robot_msgs/srv/detail/dds_fastrtps
[13.755s] -- Installing: /home/gy/Omron_MoMa_ROS2/install/techman_robot_msgs/include/techman_robot_msgs/srv/detail/techman_robot_command__rosidl_typesupport_fastrtps_cpp.hpp
[13.755s] -- Up-to-date: /home/gy/Omron_MoMa_ROS2/install/techman_robot_msgs/include/techman_robot_msgs/msg
[13.755s] -- Installing: /home/gy/Omron_MoMa_ROS2/install/techman_robot_msgs/include/techman_robot_msgs/msg/rosidl_typesupport_fastrtps_cpp__visibility_control.h
[13.763s] -- Installing: /home/gy/Omron_MoMa_ROS2/install/techman_robot_msgs/lib/libtechman_robot_msgs__rosidl_typesupport_fastrtps_cpp.so
[13.764s] -- Set runtime path of "/home/gy/Omron_MoMa_ROS2/install/techman_robot_msgs/lib/libtechman_robot_msgs__rosidl_typesupport_fastrtps_cpp.so" to ""
[13.764s] -- Up-to-date: /home/gy/Omron_MoMa_ROS2/install/techman_robot_msgs/include/techman_robot_msgs
[13.765s] -- Up-to-date: /home/gy/Omron_MoMa_ROS2/install/techman_robot_msgs/include/techman_robot_msgs/srv
[13.765s] -- Up-to-date: /home/gy/Omron_MoMa_ROS2/install/techman_robot_msgs/include/techman_robot_msgs/srv/detail
[13.765s] -- Installing: /home/gy/Omron_MoMa_ROS2/install/techman_robot_msgs/include/techman_robot_msgs/srv/detail/techman_robot_command__type_support.c
[13.765s] -- Installing: /home/gy/Omron_MoMa_ROS2/install/techman_robot_msgs/include/techman_robot_msgs/srv/detail/techman_robot_command__rosidl_typesupport_introspection_c.h
[13.765s] -- Up-to-date: /home/gy/Omron_MoMa_ROS2/install/techman_robot_msgs/include/techman_robot_msgs/msg
[13.765s] -- Installing: /home/gy/Omron_MoMa_ROS2/install/techman_robot_msgs/include/techman_robot_msgs/msg/rosidl_typesupport_introspection_c__visibility_control.h
[13.766s] -- Installing: /home/gy/Omron_MoMa_ROS2/install/techman_robot_msgs/lib/libtechman_robot_msgs__rosidl_typesupport_introspection_c.so
[13.767s] -- Set runtime path of "/home/gy/Omron_MoMa_ROS2/install/techman_robot_msgs/lib/libtechman_robot_msgs__rosidl_typesupport_introspection_c.so" to ""
[13.767s] -- Installing: /home/gy/Omron_MoMa_ROS2/install/techman_robot_msgs/lib/libtechman_robot_msgs__rosidl_typesupport_c.so
[13.769s] -- Set runtime path of "/home/gy/Omron_MoMa_ROS2/install/techman_robot_msgs/lib/libtechman_robot_msgs__rosidl_typesupport_c.so" to ""
[13.769s] -- Up-to-date: /home/gy/Omron_MoMa_ROS2/install/techman_robot_msgs/include/techman_robot_msgs
[13.769s] -- Up-to-date: /home/gy/Omron_MoMa_ROS2/install/techman_robot_msgs/include/techman_robot_msgs/srv
[13.769s] -- Installing: /home/gy/Omron_MoMa_ROS2/install/techman_robot_msgs/include/techman_robot_msgs/srv/techman_robot_command.hpp
[13.770s] -- Up-to-date: /home/gy/Omron_MoMa_ROS2/install/techman_robot_msgs/include/techman_robot_msgs/srv/detail
[13.770s] -- Installing: /home/gy/Omron_MoMa_ROS2/install/techman_robot_msgs/include/techman_robot_msgs/srv/detail/techman_robot_command__struct.hpp
[13.770s] -- Installing: /home/gy/Omron_MoMa_ROS2/install/techman_robot_msgs/include/techman_robot_msgs/srv/detail/techman_robot_command__builder.hpp
[13.770s] -- Installing: /home/gy/Omron_MoMa_ROS2/install/techman_robot_msgs/include/techman_robot_msgs/srv/detail/techman_robot_command__traits.hpp
[13.770s] -- Up-to-date: /home/gy/Omron_MoMa_ROS2/install/techman_robot_msgs/include/techman_robot_msgs
[13.770s] -- Up-to-date: /home/gy/Omron_MoMa_ROS2/install/techman_robot_msgs/include/techman_robot_msgs/srv
[13.770s] -- Up-to-date: /home/gy/Omron_MoMa_ROS2/install/techman_robot_msgs/include/techman_robot_msgs/srv/detail
[13.770s] -- Installing: /home/gy/Omron_MoMa_ROS2/install/techman_robot_msgs/include/techman_robot_msgs/srv/detail/techman_robot_command__type_support.cpp
[13.770s] -- Installing: /home/gy/Omron_MoMa_ROS2/install/techman_robot_msgs/include/techman_robot_msgs/srv/detail/techman_robot_command__rosidl_typesupport_introspection_cpp.hpp
[13.770s] -- Installing: /home/gy/Omron_MoMa_ROS2/install/techman_robot_msgs/lib/libtechman_robot_msgs__rosidl_typesupport_introspection_cpp.so
[13.775s] -- Set runtime path of "/home/gy/Omron_MoMa_ROS2/install/techman_robot_msgs/lib/libtechman_robot_msgs__rosidl_typesupport_introspection_cpp.so" to ""
[13.775s] -- Installing: /home/gy/Omron_MoMa_ROS2/install/techman_robot_msgs/lib/libtechman_robot_msgs__rosidl_typesupport_cpp.so
[13.776s] -- Set runtime path of "/home/gy/Omron_MoMa_ROS2/install/techman_robot_msgs/lib/libtechman_robot_msgs__rosidl_typesupport_cpp.so" to ""
[13.776s] -- Installing: /home/gy/Omron_MoMa_ROS2/install/techman_robot_msgs/share/techman_robot_msgs/environment/pythonpath.sh
[13.776s] -- Installing: /home/gy/Omron_MoMa_ROS2/install/techman_robot_msgs/share/techman_robot_msgs/environment/pythonpath.dsv
[13.776s] -- Installing: /home/gy/Omron_MoMa_ROS2/install/techman_robot_msgs/lib/python3.8/site-packages/techman_robot_msgs/__init__.py
[13.816s] Compiling '/home/gy/Omron_MoMa_ROS2/install/techman_robot_msgs/lib/python3.8/site-packages/techman_robot_msgs/__init__.py'...
[13.821s] -- Installing: /home/gy/Omron_MoMa_ROS2/install/techman_robot_msgs/lib/python3.8/site-packages/techman_robot_msgs/srv
[13.821s] -- Installing: /home/gy/Omron_MoMa_ROS2/install/techman_robot_msgs/lib/python3.8/site-packages/techman_robot_msgs/srv/_techman_robot_command.py
[13.822s] -- Installing: /home/gy/Omron_MoMa_ROS2/install/techman_robot_msgs/lib/python3.8/site-packages/techman_robot_msgs/srv/_techman_robot_command_s.c
[13.822s] -- Installing: /home/gy/Omron_MoMa_ROS2/install/techman_robot_msgs/lib/python3.8/site-packages/techman_robot_msgs/srv/__init__.py
[13.823s] -- Installing: /home/gy/Omron_MoMa_ROS2/install/techman_robot_msgs/lib/python3.8/site-packages/techman_robot_msgs/techman_robot_msgs_s__rosidl_typesupport_fastrtps_c.cpython-38-x86_64-linux-gnu.so
[13.823s] -- Set runtime path of "/home/gy/Omron_MoMa_ROS2/install/techman_robot_msgs/lib/python3.8/site-packages/techman_robot_msgs/techman_robot_msgs_s__rosidl_typesupport_fastrtps_c.cpython-38-x86_64-linux-gnu.so" to ""
[13.824s] -- Installing: /home/gy/Omron_MoMa_ROS2/install/techman_robot_msgs/lib/python3.8/site-packages/techman_robot_msgs/techman_robot_msgs_s__rosidl_typesupport_introspection_c.cpython-38-x86_64-linux-gnu.so
[13.825s] -- Set runtime path of "/home/gy/Omron_MoMa_ROS2/install/techman_robot_msgs/lib/python3.8/site-packages/techman_robot_msgs/techman_robot_msgs_s__rosidl_typesupport_introspection_c.cpython-38-x86_64-linux-gnu.so" to ""
[13.825s] -- Installing: /home/gy/Omron_MoMa_ROS2/install/techman_robot_msgs/lib/python3.8/site-packages/techman_robot_msgs/techman_robot_msgs_s__rosidl_typesupport_c.cpython-38-x86_64-linux-gnu.so
[13.826s] -- Set runtime path of "/home/gy/Omron_MoMa_ROS2/install/techman_robot_msgs/lib/python3.8/site-packages/techman_robot_msgs/techman_robot_msgs_s__rosidl_typesupport_c.cpython-38-x86_64-linux-gnu.so" to ""
[13.826s] -- Installing: /home/gy/Omron_MoMa_ROS2/install/techman_robot_msgs/lib/libtechman_robot_msgs__python.so
[13.827s] -- Set runtime path of "/home/gy/Omron_MoMa_ROS2/install/techman_robot_msgs/lib/libtechman_robot_msgs__python.so" to ""
[13.827s] -- Installing: /home/gy/Omron_MoMa_ROS2/install/techman_robot_msgs/share/techman_robot_msgs/srv/TechmanRobotCommand.idl
[13.827s] -- Installing: /home/gy/Omron_MoMa_ROS2/install/techman_robot_msgs/share/techman_robot_msgs/srv/TechmanRobotCommand.srv
[13.828s] -- Installing: /home/gy/Omron_MoMa_ROS2/install/techman_robot_msgs/share/techman_robot_msgs/srv/TechmanRobotCommand_Request.msg
[13.828s] -- Installing: /home/gy/Omron_MoMa_ROS2/install/techman_robot_msgs/share/techman_robot_msgs/srv/TechmanRobotCommand_Response.msg
[13.828s] -- Installing: /home/gy/Omron_MoMa_ROS2/install/techman_robot_msgs/share/ament_index/resource_index/package_run_dependencies/techman_robot_msgs
[13.829s] -- Installing: /home/gy/Omron_MoMa_ROS2/install/techman_robot_msgs/share/ament_index/resource_index/parent_prefix_path/techman_robot_msgs
[13.829s] -- Installing: /home/gy/Omron_MoMa_ROS2/install/techman_robot_msgs/share/techman_robot_msgs/environment/ament_prefix_path.sh
[13.829s] -- Installing: /home/gy/Omron_MoMa_ROS2/install/techman_robot_msgs/share/techman_robot_msgs/environment/ament_prefix_path.dsv
[13.830s] -- Installing: /home/gy/Omron_MoMa_ROS2/install/techman_robot_msgs/share/techman_robot_msgs/environment/path.sh
[13.830s] -- Installing: /home/gy/Omron_MoMa_ROS2/install/techman_robot_msgs/share/techman_robot_msgs/environment/path.dsv
[13.830s] -- Installing: /home/gy/Omron_MoMa_ROS2/install/techman_robot_msgs/share/techman_robot_msgs/local_setup.bash
[13.831s] -- Installing: /home/gy/Omron_MoMa_ROS2/install/techman_robot_msgs/share/techman_robot_msgs/local_setup.sh
[13.831s] -- Installing: /home/gy/Omron_MoMa_ROS2/install/techman_robot_msgs/share/techman_robot_msgs/local_setup.zsh
[13.831s] -- Installing: /home/gy/Omron_MoMa_ROS2/install/techman_robot_msgs/share/techman_robot_msgs/local_setup.dsv
[13.832s] -- Installing: /home/gy/Omron_MoMa_ROS2/install/techman_robot_msgs/share/techman_robot_msgs/package.dsv
[13.832s] -- Installing: /home/gy/Omron_MoMa_ROS2/install/techman_robot_msgs/share/ament_index/resource_index/packages/techman_robot_msgs
[13.833s] -- Installing: /home/gy/Omron_MoMa_ROS2/install/techman_robot_msgs/share/techman_robot_msgs/cmake/techman_robot_msgs__rosidl_generator_cExport.cmake
[13.833s] -- Installing: /home/gy/Omron_MoMa_ROS2/install/techman_robot_msgs/share/techman_robot_msgs/cmake/techman_robot_msgs__rosidl_generator_cExport-noconfig.cmake
[13.835s] -- Installing: /home/gy/Omron_MoMa_ROS2/install/techman_robot_msgs/share/techman_robot_msgs/cmake/techman_robot_msgs__rosidl_typesupport_introspection_cExport.cmake
[13.839s] -- Installing: /home/gy/Omron_MoMa_ROS2/install/techman_robot_msgs/share/techman_robot_msgs/cmake/techman_robot_msgs__rosidl_typesupport_introspection_cExport-noconfig.cmake
[13.840s] -- Installing: /home/gy/Omron_MoMa_ROS2/install/techman_robot_msgs/share/techman_robot_msgs/cmake/techman_robot_msgs__rosidl_typesupport_cExport.cmake
[13.840s] -- Installing: /home/gy/Omron_MoMa_ROS2/install/techman_robot_msgs/share/techman_robot_msgs/cmake/techman_robot_msgs__rosidl_typesupport_cExport-noconfig.cmake
[13.841s] -- Installing: /home/gy/Omron_MoMa_ROS2/install/techman_robot_msgs/share/techman_robot_msgs/cmake/techman_robot_msgs__rosidl_generator_cppExport.cmake
[13.841s] -- Installing: /home/gy/Omron_MoMa_ROS2/install/techman_robot_msgs/share/techman_robot_msgs/cmake/techman_robot_msgs__rosidl_typesupport_introspection_cppExport.cmake
[13.842s] -- Installing: /home/gy/Omron_MoMa_ROS2/install/techman_robot_msgs/share/techman_robot_msgs/cmake/techman_robot_msgs__rosidl_typesupport_introspection_cppExport-noconfig.cmake
[13.842s] -- Installing: /home/gy/Omron_MoMa_ROS2/install/techman_robot_msgs/share/techman_robot_msgs/cmake/techman_robot_msgs__rosidl_typesupport_cppExport.cmake
[13.842s] -- Installing: /home/gy/Omron_MoMa_ROS2/install/techman_robot_msgs/share/techman_robot_msgs/cmake/techman_robot_msgs__rosidl_typesupport_cppExport-noconfig.cmake
[13.843s] -- Installing: /home/gy/Omron_MoMa_ROS2/install/techman_robot_msgs/share/techman_robot_msgs/cmake/rosidl_cmake-extras.cmake
[13.845s] -- Installing: /home/gy/Omron_MoMa_ROS2/install/techman_robot_msgs/share/techman_robot_msgs/cmake/ament_cmake_export_dependencies-extras.cmake
[13.846s] -- Installing: /home/gy/Omron_MoMa_ROS2/install/techman_robot_msgs/share/techman_robot_msgs/cmake/ament_cmake_export_libraries-extras.cmake
[13.847s] -- Installing: /home/gy/Omron_MoMa_ROS2/install/techman_robot_msgs/share/techman_robot_msgs/cmake/ament_cmake_export_targets-extras.cmake
[13.848s] -- Installing: /home/gy/Omron_MoMa_ROS2/install/techman_robot_msgs/share/techman_robot_msgs/cmake/ament_cmake_export_include_directories-extras.cmake
[13.849s] -- Installing: /home/gy/Omron_MoMa_ROS2/install/techman_robot_msgs/share/techman_robot_msgs/cmake/rosidl_cmake_export_typesupport_libraries-extras.cmake
[13.850s] -- Installing: /home/gy/Omron_MoMa_ROS2/install/techman_robot_msgs/share/techman_robot_msgs/cmake/rosidl_cmake_export_typesupport_targets-extras.cmake
[13.851s] -- Installing: /home/gy/Omron_MoMa_ROS2/install/techman_robot_msgs/share/techman_robot_msgs/cmake/techman_robot_msgsConfig.cmake
[13.852s] -- Installing: /home/gy/Omron_MoMa_ROS2/install/techman_robot_msgs/share/techman_robot_msgs/cmake/techman_robot_msgsConfig-version.cmake
[13.853s] -- Installing: /home/gy/Omron_MoMa_ROS2/install/techman_robot_msgs/share/techman_robot_msgs/package.xml
[13.867s] Invoked command in '/home/gy/Omron_MoMa_ROS2/build/techman_robot_msgs' returned '0': CMAKE_PREFIX_PATH=/opt/ros/foxy /usr/bin/cmake --install /home/gy/Omron_MoMa_ROS2/build/techman_robot_msgs
