running egg_info
creating ../../../../build/om_aiv_navigation/om_aiv_navigation.egg-info
writing ../../../../build/om_aiv_navigation/om_aiv_navigation.egg-info/PKG-INFO
writing dependency_links to ../../../../build/om_aiv_navigation/om_aiv_navigation.egg-info/dependency_links.txt
writing entry points to ../../../../build/om_aiv_navigation/om_aiv_navigation.egg-info/entry_points.txt
writing requirements to ../../../../build/om_aiv_navigation/om_aiv_navigation.egg-info/requires.txt
writing top-level names to ../../../../build/om_aiv_navigation/om_aiv_navigation.egg-info/top_level.txt
writing manifest file '../../../../build/om_aiv_navigation/om_aiv_navigation.egg-info/SOURCES.txt'
reading manifest file '../../../../build/om_aiv_navigation/om_aiv_navigation.egg-info/SOURCES.txt'
writing manifest file '../../../../build/om_aiv_navigation/om_aiv_navigation.egg-info/SOURCES.txt'
running build
running build_py
creating /home/gy/Omron_MoMa_ROS2/build/om_aiv_navigation/build
creating /home/gy/Omron_MoMa_ROS2/build/om_aiv_navigation/build/lib
creating /home/gy/Omron_MoMa_ROS2/build/om_aiv_navigation/build/lib/om_aiv_navigation
copying om_aiv_navigation/goto_goal.py -> /home/gy/Omron_MoMa_ROS2/build/om_aiv_navigation/build/lib/om_aiv_navigation
copying om_aiv_navigation/goto_goal_demo.py -> /home/gy/Omron_MoMa_ROS2/build/om_aiv_navigation/build/lib/om_aiv_navigation
copying om_aiv_navigation/__init__.py -> /home/gy/Omron_MoMa_ROS2/build/om_aiv_navigation/build/lib/om_aiv_navigation
copying om_aiv_navigation/action_server.py -> /home/gy/Omron_MoMa_ROS2/build/om_aiv_navigation/build/lib/om_aiv_navigation
running install
running install_lib
creating /home/gy/Omron_MoMa_ROS2/install/om_aiv_navigation/lib/python3.8/site-packages/om_aiv_navigation
copying /home/gy/Omron_MoMa_ROS2/build/om_aiv_navigation/build/lib/om_aiv_navigation/goto_goal.py -> /home/gy/Omron_MoMa_ROS2/install/om_aiv_navigation/lib/python3.8/site-packages/om_aiv_navigation
copying /home/gy/Omron_MoMa_ROS2/build/om_aiv_navigation/build/lib/om_aiv_navigation/goto_goal_demo.py -> /home/gy/Omron_MoMa_ROS2/install/om_aiv_navigation/lib/python3.8/site-packages/om_aiv_navigation
copying /home/gy/Omron_MoMa_ROS2/build/om_aiv_navigation/build/lib/om_aiv_navigation/__init__.py -> /home/gy/Omron_MoMa_ROS2/install/om_aiv_navigation/lib/python3.8/site-packages/om_aiv_navigation
copying /home/gy/Omron_MoMa_ROS2/build/om_aiv_navigation/build/lib/om_aiv_navigation/action_server.py -> /home/gy/Omron_MoMa_ROS2/install/om_aiv_navigation/lib/python3.8/site-packages/om_aiv_navigation
byte-compiling /home/gy/Omron_MoMa_ROS2/install/om_aiv_navigation/lib/python3.8/site-packages/om_aiv_navigation/goto_goal.py to goto_goal.cpython-38.pyc
byte-compiling /home/gy/Omron_MoMa_ROS2/install/om_aiv_navigation/lib/python3.8/site-packages/om_aiv_navigation/goto_goal_demo.py to goto_goal_demo.cpython-38.pyc
byte-compiling /home/gy/Omron_MoMa_ROS2/install/om_aiv_navigation/lib/python3.8/site-packages/om_aiv_navigation/__init__.py to __init__.cpython-38.pyc
byte-compiling /home/gy/Omron_MoMa_ROS2/install/om_aiv_navigation/lib/python3.8/site-packages/om_aiv_navigation/action_server.py to action_server.cpython-38.pyc
running install_data
creating /home/gy/Omron_MoMa_ROS2/install/om_aiv_navigation/share/ament_index
creating /home/gy/Omron_MoMa_ROS2/install/om_aiv_navigation/share/ament_index/resource_index
creating /home/gy/Omron_MoMa_ROS2/install/om_aiv_navigation/share/ament_index/resource_index/packages
copying resource/om_aiv_navigation -> /home/gy/Omron_MoMa_ROS2/install/om_aiv_navigation/share/ament_index/resource_index/packages
copying package.xml -> /home/gy/Omron_MoMa_ROS2/install/om_aiv_navigation/share/om_aiv_navigation
running install_egg_info
Copying ../../../../build/om_aiv_navigation/om_aiv_navigation.egg-info to /home/gy/Omron_MoMa_ROS2/install/om_aiv_navigation/lib/python3.8/site-packages/om_aiv_navigation-0.0.0-py3.8.egg-info
running install_scripts
Installing action_server script to /home/gy/Omron_MoMa_ROS2/install/om_aiv_navigation/lib/om_aiv_navigation
Installing goto_goal script to /home/gy/Omron_MoMa_ROS2/install/om_aiv_navigation/lib/om_aiv_navigation
Installing goto_goal_demo script to /home/gy/Omron_MoMa_ROS2/install/om_aiv_navigation/lib/om_aiv_navigation
writing list of installed files to '/home/gy/Omron_MoMa_ROS2/build/om_aiv_navigation/install.log'
