[0.398s] Invoking command in '/home/gy/Omron_MoMa_ROS2/src/Omron_AMR_ROS2/src/om_aiv_navigation': PYTHONPATH=/home/gy/Omron_MoMa_ROS2/install/om_aiv_navigation/lib/python3.8/site-packages:${PYTHONPATH} /usr/bin/python3 setup.py egg_info --egg-base ../../../../build/om_aiv_navigation build --build-base /home/gy/Omron_MoMa_ROS2/build/om_aiv_navigation/build install --prefix /home/gy/Omron_MoMa_ROS2/install/om_aiv_navigation --record /home/gy/Omron_MoMa_ROS2/build/om_aiv_navigation/install.log --single-version-externally-managed
[0.717s] running egg_info
[0.717s] creating ../../../../build/om_aiv_navigation/om_aiv_navigation.egg-info
[0.718s] writing ../../../../build/om_aiv_navigation/om_aiv_navigation.egg-info/PKG-INFO
[0.718s] writing dependency_links to ../../../../build/om_aiv_navigation/om_aiv_navigation.egg-info/dependency_links.txt
[0.719s] writing entry points to ../../../../build/om_aiv_navigation/om_aiv_navigation.egg-info/entry_points.txt
[0.719s] writing requirements to ../../../../build/om_aiv_navigation/om_aiv_navigation.egg-info/requires.txt
[0.719s] writing top-level names to ../../../../build/om_aiv_navigation/om_aiv_navigation.egg-info/top_level.txt
[0.721s] writing manifest file '../../../../build/om_aiv_navigation/om_aiv_navigation.egg-info/SOURCES.txt'
[0.760s] reading manifest file '../../../../build/om_aiv_navigation/om_aiv_navigation.egg-info/SOURCES.txt'
[0.767s] writing manifest file '../../../../build/om_aiv_navigation/om_aiv_navigation.egg-info/SOURCES.txt'
[0.771s] running build
[0.771s] running build_py
[0.771s] creating /home/gy/Omron_MoMa_ROS2/build/om_aiv_navigation/build
[0.771s] creating /home/gy/Omron_MoMa_ROS2/build/om_aiv_navigation/build/lib
[0.771s] creating /home/gy/Omron_MoMa_ROS2/build/om_aiv_navigation/build/lib/om_aiv_navigation
[0.776s] copying om_aiv_navigation/goto_goal.py -> /home/gy/Omron_MoMa_ROS2/build/om_aiv_navigation/build/lib/om_aiv_navigation
[0.776s] copying om_aiv_navigation/goto_goal_demo.py -> /home/gy/Omron_MoMa_ROS2/build/om_aiv_navigation/build/lib/om_aiv_navigation
[0.776s] copying om_aiv_navigation/__init__.py -> /home/gy/Omron_MoMa_ROS2/build/om_aiv_navigation/build/lib/om_aiv_navigation
[0.776s] copying om_aiv_navigation/action_server.py -> /home/gy/Omron_MoMa_ROS2/build/om_aiv_navigation/build/lib/om_aiv_navigation
[0.777s] running install
[0.778s] running install_lib
[0.778s] creating /home/gy/Omron_MoMa_ROS2/install/om_aiv_navigation/lib/python3.8/site-packages/om_aiv_navigation
[0.779s] copying /home/gy/Omron_MoMa_ROS2/build/om_aiv_navigation/build/lib/om_aiv_navigation/goto_goal.py -> /home/gy/Omron_MoMa_ROS2/install/om_aiv_navigation/lib/python3.8/site-packages/om_aiv_navigation
[0.779s] copying /home/gy/Omron_MoMa_ROS2/build/om_aiv_navigation/build/lib/om_aiv_navigation/goto_goal_demo.py -> /home/gy/Omron_MoMa_ROS2/install/om_aiv_navigation/lib/python3.8/site-packages/om_aiv_navigation
[0.779s] copying /home/gy/Omron_MoMa_ROS2/build/om_aiv_navigation/build/lib/om_aiv_navigation/__init__.py -> /home/gy/Omron_MoMa_ROS2/install/om_aiv_navigation/lib/python3.8/site-packages/om_aiv_navigation
[0.783s] copying /home/gy/Omron_MoMa_ROS2/build/om_aiv_navigation/build/lib/om_aiv_navigation/action_server.py -> /home/gy/Omron_MoMa_ROS2/install/om_aiv_navigation/lib/python3.8/site-packages/om_aiv_navigation
[0.783s] byte-compiling /home/gy/Omron_MoMa_ROS2/install/om_aiv_navigation/lib/python3.8/site-packages/om_aiv_navigation/goto_goal.py to goto_goal.cpython-38.pyc
[0.785s] byte-compiling /home/gy/Omron_MoMa_ROS2/install/om_aiv_navigation/lib/python3.8/site-packages/om_aiv_navigation/goto_goal_demo.py to goto_goal_demo.cpython-38.pyc
[0.785s] byte-compiling /home/gy/Omron_MoMa_ROS2/install/om_aiv_navigation/lib/python3.8/site-packages/om_aiv_navigation/__init__.py to __init__.cpython-38.pyc
[0.785s] byte-compiling /home/gy/Omron_MoMa_ROS2/install/om_aiv_navigation/lib/python3.8/site-packages/om_aiv_navigation/action_server.py to action_server.cpython-38.pyc
[0.786s] running install_data
[0.786s] creating /home/gy/Omron_MoMa_ROS2/install/om_aiv_navigation/share/ament_index
[0.787s] creating /home/gy/Omron_MoMa_ROS2/install/om_aiv_navigation/share/ament_index/resource_index
[0.787s] creating /home/gy/Omron_MoMa_ROS2/install/om_aiv_navigation/share/ament_index/resource_index/packages
[0.787s] copying resource/om_aiv_navigation -> /home/gy/Omron_MoMa_ROS2/install/om_aiv_navigation/share/ament_index/resource_index/packages
[0.787s] copying package.xml -> /home/gy/Omron_MoMa_ROS2/install/om_aiv_navigation/share/om_aiv_navigation
[0.787s] running install_egg_info
[0.805s] Copying ../../../../build/om_aiv_navigation/om_aiv_navigation.egg-info to /home/gy/Omron_MoMa_ROS2/install/om_aiv_navigation/lib/python3.8/site-packages/om_aiv_navigation-0.0.0-py3.8.egg-info
[0.805s] running install_scripts
[0.834s] Installing action_server script to /home/gy/Omron_MoMa_ROS2/install/om_aiv_navigation/lib/om_aiv_navigation
[0.834s] Installing goto_goal script to /home/gy/Omron_MoMa_ROS2/install/om_aiv_navigation/lib/om_aiv_navigation
[0.834s] Installing goto_goal_demo script to /home/gy/Omron_MoMa_ROS2/install/om_aiv_navigation/lib/om_aiv_navigation
[0.834s] writing list of installed files to '/home/gy/Omron_MoMa_ROS2/build/om_aiv_navigation/install.log'
[0.995s] Invoked command in '/home/gy/Omron_MoMa_ROS2/src/Omron_AMR_ROS2/src/om_aiv_navigation' returned '0': PYTHONPATH=/home/gy/Omron_MoMa_ROS2/install/om_aiv_navigation/lib/python3.8/site-packages:${PYTHONPATH} /usr/bin/python3 setup.py egg_info --egg-base ../../../../build/om_aiv_navigation build --build-base /home/gy/Omron_MoMa_ROS2/build/om_aiv_navigation/build install --prefix /home/gy/Omron_MoMa_ROS2/install/om_aiv_navigation --record /home/gy/Omron_MoMa_ROS2/build/om_aiv_navigation/install.log --single-version-externally-managed
