-- Found ament_cmake: 0.9.8 (/opt/ros/foxy/share/ament_cmake/cmake)
-- Using PYTHON_EXECUTABLE: /usr/bin/python3
-- Override CMake install command with custom implementation using symlinks instead of copying resources
-- Found rclcpp: 2.3.1 (/opt/ros/foxy/share/rclcpp/cmake)
-- Using all available rosidl_typesupport_c: rosidl_typesupport_fastrtps_c;rosidl_typesupport_introspection_c
-- Found rosidl_adapter: 1.2.1 (/opt/ros/foxy/share/rosidl_adapter/cmake)
-- Using all available rosidl_typesupport_cpp: rosidl_typesupport_fastrtps_cpp;rosidl_typesupport_introspection_cpp
-- Found rmw_implementation_cmake: 1.0.3 (/opt/ros/foxy/share/rmw_implementation_cmake/cmake)
-- Using RMW implementation 'rmw_fastrtps_cpp' as default
-- Found sensor_msgs: 2.0.4 (/opt/ros/foxy/share/sensor_msgs/cmake)
-- Found control_msgs: 2.5.0 (/opt/ros/foxy/share/control_msgs/cmake)
-- Found visualization_msgs: 2.0.4 (/opt/ros/foxy/share/visualization_msgs/cmake)
-- Found tf2_ros: 0.13.10 (/opt/ros/foxy/share/tf2_ros/cmake)
-- Found om_aiv_msg: 0.0.0 (/home/gy/Omron_MoMa_ROS2/install/om_aiv_msg/share/om_aiv_msg/cmake)
-- Found ament_lint_auto: 0.9.6 (/opt/ros/foxy/share/ament_lint_auto/cmake)
-- Added test 'copyright' to check source files copyright and LICENSE
-- Added test 'cppcheck' to perform static code analysis on C / C++ code
-- Configured cppcheck include dirs: /home/gy/Omron_MoMa_ROS2/src/Omron_AMR_ROS2/src/amr_visualisation/include
-- Configured cppcheck exclude dirs and/or files: 
-- Added test 'cpplint' to check C / C++ code against the Google style
-- Configured cpplint exclude dirs and/or files: 
-- Added test 'flake8' to check Python code syntax and style conventions
-- Added test 'lint_cmake' to check CMake code style
-- Added test 'pep257' to check Python code against some of the style conventions in PEP 257
-- Added test 'uncrustify' to check C / C++ code style
-- Configured uncrustify additional arguments: 
-- Added test 'xmllint' to check XML markup files
-- Configuring done
-- Generating done
-- Build files have been written to: /home/gy/Omron_MoMa_ROS2/build/amr_visualisation
[ 16%] [32m[1mLinking CXX executable data_points_marker[0m
[ 33%] [32m[1mLinking CXX executable joints_publisher[0m
[ 50%] [32m[1mLinking CXX executable goals_marker[0m
[ 66%] Built target joints_publisher
[ 83%] Built target data_points_marker
[100%] Built target goals_marker
-- Install configuration: ""
-- Execute custom install script
-- Symlinking: /home/gy/Omron_MoMa_ROS2/install/amr_visualisation/lib/amr_visualisation/joints_publisher
-- Symlinking: /home/gy/Omron_MoMa_ROS2/install/amr_visualisation/lib/amr_visualisation/data_points_marker
-- Symlinking: /home/gy/Omron_MoMa_ROS2/install/amr_visualisation/lib/amr_visualisation/goals_marker
-- Symlinking: /home/gy/Omron_MoMa_ROS2/install/amr_visualisation/share/amr_visualisation/launch/display.launch.py
-- Symlinking: /home/gy/Omron_MoMa_ROS2/install/amr_visualisation/share/amr_visualisation/config/amr_rviz.rviz
-- Symlinking: /home/gy/Omron_MoMa_ROS2/install/amr_visualisation/share/amr_visualisation/map/data.map
-- Symlinking: /home/gy/Omron_MoMa_ROS2/install/amr_visualisation/share/amr_visualisation/meshes/AMR_Platform.STL
-- Symlinking: /home/gy/Omron_MoMa_ROS2/install/amr_visualisation/share/amr_visualisation/param/vis_param.yaml
-- Symlinking: /home/gy/Omron_MoMa_ROS2/install/amr_visualisation/share/amr_visualisation/urdf/AMR_Platform.urdf
-- Symlinking: /home/gy/Omron_MoMa_ROS2/install/amr_visualisation/share/ament_index/resource_index/package_run_dependencies/amr_visualisation
-- Symlinking: /home/gy/Omron_MoMa_ROS2/install/amr_visualisation/share/ament_index/resource_index/parent_prefix_path/amr_visualisation
-- Symlinking: /home/gy/Omron_MoMa_ROS2/install/amr_visualisation/share/amr_visualisation/environment/ament_prefix_path.sh
-- Symlinking: /home/gy/Omron_MoMa_ROS2/install/amr_visualisation/share/amr_visualisation/environment/ament_prefix_path.dsv
-- Symlinking: /home/gy/Omron_MoMa_ROS2/install/amr_visualisation/share/amr_visualisation/environment/path.sh
-- Symlinking: /home/gy/Omron_MoMa_ROS2/install/amr_visualisation/share/amr_visualisation/environment/path.dsv
-- Symlinking: /home/gy/Omron_MoMa_ROS2/install/amr_visualisation/share/amr_visualisation/local_setup.bash
-- Symlinking: /home/gy/Omron_MoMa_ROS2/install/amr_visualisation/share/amr_visualisation/local_setup.sh
-- Symlinking: /home/gy/Omron_MoMa_ROS2/install/amr_visualisation/share/amr_visualisation/local_setup.zsh
-- Symlinking: /home/gy/Omron_MoMa_ROS2/install/amr_visualisation/share/amr_visualisation/local_setup.dsv
-- Symlinking: /home/gy/Omron_MoMa_ROS2/install/amr_visualisation/share/amr_visualisation/package.dsv
-- Symlinking: /home/gy/Omron_MoMa_ROS2/install/amr_visualisation/share/ament_index/resource_index/packages/amr_visualisation
-- Symlinking: /home/gy/Omron_MoMa_ROS2/install/amr_visualisation/share/amr_visualisation/cmake/amr_visualisationConfig.cmake
-- Symlinking: /home/gy/Omron_MoMa_ROS2/install/amr_visualisation/share/amr_visualisation/cmake/amr_visualisationConfig-version.cmake
-- Symlinking: /home/gy/Omron_MoMa_ROS2/install/amr_visualisation/share/amr_visualisation/package.xml
