[0.023s] Invoking command in '/home/gy/Omron_MoMa_ROS2/build/amr_visualisation': AMENT_PREFIX_PATH=/home/gy/Omron_MoMa_ROS2/install/om_aiv_msg:${AMENT_PREFIX_PATH} CMAKE_PREFIX_PATH=/home/gy/Omron_MoMa_ROS2/install/om_aiv_msg:/opt/ros/foxy LD_LIBRARY_PATH=/home/gy/Omron_MoMa_ROS2/install/om_aiv_msg/lib:${LD_LIBRARY_PATH} PYTHONPATH=/home/gy/Omron_MoMa_ROS2/install/om_aiv_msg/lib/python3.8/site-packages:${PYTHONPATH} /usr/bin/cmake /home/gy/Omron_MoMa_ROS2/src/Omron_AMR_ROS2/src/amr_visualisation -DAMENT_CMAKE_SYMLINK_INSTALL=1 -DCMAKE_INSTALL_PREFIX=/home/gy/Omron_MoMa_ROS2/install/amr_visualisation
[0.055s] -- Found ament_cmake: 0.9.8 (/opt/ros/foxy/share/ament_cmake/cmake)
[0.080s] -- Using PYTHON_EXECUTABLE: /usr/bin/python3
[0.367s] -- Override CMake install command with custom implementation using symlinks instead of copying resources
[0.373s] -- Found rclcpp: 2.3.1 (/opt/ros/foxy/share/rclcpp/cmake)
[0.421s] -- Using all available rosidl_typesupport_c: rosidl_typesupport_fastrtps_c;rosidl_typesupport_introspection_c
[0.426s] -- Found rosidl_adapter: 1.2.1 (/opt/ros/foxy/share/rosidl_adapter/cmake)
[0.593s] -- Using all available rosidl_typesupport_cpp: rosidl_typesupport_fastrtps_cpp;rosidl_typesupport_introspection_cpp
[0.703s] -- Found rmw_implementation_cmake: 1.0.3 (/opt/ros/foxy/share/rmw_implementation_cmake/cmake)
[0.703s] -- Using RMW implementation 'rmw_fastrtps_cpp' as default
[0.996s] -- Found sensor_msgs: 2.0.4 (/opt/ros/foxy/share/sensor_msgs/cmake)
[1.159s] -- Found control_msgs: 2.5.0 (/opt/ros/foxy/share/control_msgs/cmake)
[1.742s] -- Found visualization_msgs: 2.0.4 (/opt/ros/foxy/share/visualization_msgs/cmake)
[1.831s] -- Found tf2_ros: 0.13.10 (/opt/ros/foxy/share/tf2_ros/cmake)
[2.235s] -- Found om_aiv_msg: 0.0.0 (/home/gy/Omron_MoMa_ROS2/install/om_aiv_msg/share/om_aiv_msg/cmake)
[2.342s] -- Found ament_lint_auto: 0.9.6 (/opt/ros/foxy/share/ament_lint_auto/cmake)
[2.542s] -- Added test 'copyright' to check source files copyright and LICENSE
[2.544s] -- Added test 'cppcheck' to perform static code analysis on C / C++ code
[2.545s] -- Configured cppcheck include dirs: /home/gy/Omron_MoMa_ROS2/src/Omron_AMR_ROS2/src/amr_visualisation/include
[2.546s] -- Configured cppcheck exclude dirs and/or files: 
[2.556s] -- Added test 'cpplint' to check C / C++ code against the Google style
[2.556s] -- Configured cpplint exclude dirs and/or files: 
[2.557s] -- Added test 'flake8' to check Python code syntax and style conventions
[2.558s] -- Added test 'lint_cmake' to check CMake code style
[2.559s] -- Added test 'pep257' to check Python code against some of the style conventions in PEP 257
[2.565s] -- Added test 'uncrustify' to check C / C++ code style
[2.565s] -- Configured uncrustify additional arguments: 
[2.566s] -- Added test 'xmllint' to check XML markup files
[2.576s] -- Configuring done
[2.691s] -- Generating done
[2.692s] -- Build files have been written to: /home/gy/Omron_MoMa_ROS2/build/amr_visualisation
[2.703s] Invoked command in '/home/gy/Omron_MoMa_ROS2/build/amr_visualisation' returned '0': AMENT_PREFIX_PATH=/home/gy/Omron_MoMa_ROS2/install/om_aiv_msg:${AMENT_PREFIX_PATH} CMAKE_PREFIX_PATH=/home/gy/Omron_MoMa_ROS2/install/om_aiv_msg:/opt/ros/foxy LD_LIBRARY_PATH=/home/gy/Omron_MoMa_ROS2/install/om_aiv_msg/lib:${LD_LIBRARY_PATH} PYTHONPATH=/home/gy/Omron_MoMa_ROS2/install/om_aiv_msg/lib/python3.8/site-packages:${PYTHONPATH} /usr/bin/cmake /home/gy/Omron_MoMa_ROS2/src/Omron_AMR_ROS2/src/amr_visualisation -DAMENT_CMAKE_SYMLINK_INSTALL=1 -DCMAKE_INSTALL_PREFIX=/home/gy/Omron_MoMa_ROS2/install/amr_visualisation
[2.704s] Invoking command in '/home/gy/Omron_MoMa_ROS2/build/amr_visualisation': AMENT_PREFIX_PATH=/home/gy/Omron_MoMa_ROS2/install/om_aiv_msg:${AMENT_PREFIX_PATH} CMAKE_PREFIX_PATH=/home/gy/Omron_MoMa_ROS2/install/om_aiv_msg:/opt/ros/foxy LD_LIBRARY_PATH=/home/gy/Omron_MoMa_ROS2/install/om_aiv_msg/lib:${LD_LIBRARY_PATH} PYTHONPATH=/home/gy/Omron_MoMa_ROS2/install/om_aiv_msg/lib/python3.8/site-packages:${PYTHONPATH} /usr/bin/cmake --build /home/gy/Omron_MoMa_ROS2/build/amr_visualisation -- -j4 -l4
[2.939s] [ 16%] [32m[1mLinking CXX executable data_points_marker[0m
[2.955s] [ 33%] [32m[1mLinking CXX executable joints_publisher[0m
[2.992s] [ 50%] [32m[1mLinking CXX executable goals_marker[0m
[3.823s] [ 66%] Built target joints_publisher
[3.939s] [ 83%] Built target data_points_marker
[4.132s] [100%] Built target goals_marker
[4.174s] Invoked command in '/home/gy/Omron_MoMa_ROS2/build/amr_visualisation' returned '0': AMENT_PREFIX_PATH=/home/gy/Omron_MoMa_ROS2/install/om_aiv_msg:${AMENT_PREFIX_PATH} CMAKE_PREFIX_PATH=/home/gy/Omron_MoMa_ROS2/install/om_aiv_msg:/opt/ros/foxy LD_LIBRARY_PATH=/home/gy/Omron_MoMa_ROS2/install/om_aiv_msg/lib:${LD_LIBRARY_PATH} PYTHONPATH=/home/gy/Omron_MoMa_ROS2/install/om_aiv_msg/lib/python3.8/site-packages:${PYTHONPATH} /usr/bin/cmake --build /home/gy/Omron_MoMa_ROS2/build/amr_visualisation -- -j4 -l4
[4.370s] Invoking command in '/home/gy/Omron_MoMa_ROS2/build/amr_visualisation': AMENT_PREFIX_PATH=/home/gy/Omron_MoMa_ROS2/install/om_aiv_msg:${AMENT_PREFIX_PATH} CMAKE_PREFIX_PATH=/home/gy/Omron_MoMa_ROS2/install/om_aiv_msg:/opt/ros/foxy LD_LIBRARY_PATH=/home/gy/Omron_MoMa_ROS2/install/om_aiv_msg/lib:${LD_LIBRARY_PATH} PYTHONPATH=/home/gy/Omron_MoMa_ROS2/install/om_aiv_msg/lib/python3.8/site-packages:${PYTHONPATH} /usr/bin/cmake --install /home/gy/Omron_MoMa_ROS2/build/amr_visualisation
[4.399s] -- Install configuration: ""
[4.399s] -- Execute custom install script
[4.399s] -- Symlinking: /home/gy/Omron_MoMa_ROS2/install/amr_visualisation/lib/amr_visualisation/joints_publisher
[4.428s] -- Symlinking: /home/gy/Omron_MoMa_ROS2/install/amr_visualisation/lib/amr_visualisation/data_points_marker
[4.451s] -- Symlinking: /home/gy/Omron_MoMa_ROS2/install/amr_visualisation/lib/amr_visualisation/goals_marker
[4.500s] -- Symlinking: /home/gy/Omron_MoMa_ROS2/install/amr_visualisation/share/amr_visualisation/launch/display.launch.py
[4.532s] -- Symlinking: /home/gy/Omron_MoMa_ROS2/install/amr_visualisation/share/amr_visualisation/config/amr_rviz.rviz
[4.543s] -- Symlinking: /home/gy/Omron_MoMa_ROS2/install/amr_visualisation/share/amr_visualisation/map/data.map
[4.577s] -- Symlinking: /home/gy/Omron_MoMa_ROS2/install/amr_visualisation/share/amr_visualisation/meshes/AMR_Platform.STL
[4.596s] -- Symlinking: /home/gy/Omron_MoMa_ROS2/install/amr_visualisation/share/amr_visualisation/param/vis_param.yaml
[4.629s] -- Symlinking: /home/gy/Omron_MoMa_ROS2/install/amr_visualisation/share/amr_visualisation/urdf/AMR_Platform.urdf
[4.659s] -- Symlinking: /home/gy/Omron_MoMa_ROS2/install/amr_visualisation/share/ament_index/resource_index/package_run_dependencies/amr_visualisation
[4.694s] -- Symlinking: /home/gy/Omron_MoMa_ROS2/install/amr_visualisation/share/ament_index/resource_index/parent_prefix_path/amr_visualisation
[4.723s] -- Symlinking: /home/gy/Omron_MoMa_ROS2/install/amr_visualisation/share/amr_visualisation/environment/ament_prefix_path.sh
[4.755s] -- Symlinking: /home/gy/Omron_MoMa_ROS2/install/amr_visualisation/share/amr_visualisation/environment/ament_prefix_path.dsv
[4.770s] -- Symlinking: /home/gy/Omron_MoMa_ROS2/install/amr_visualisation/share/amr_visualisation/environment/path.sh
[4.789s] -- Symlinking: /home/gy/Omron_MoMa_ROS2/install/amr_visualisation/share/amr_visualisation/environment/path.dsv
[4.809s] -- Symlinking: /home/gy/Omron_MoMa_ROS2/install/amr_visualisation/share/amr_visualisation/local_setup.bash
[4.820s] -- Symlinking: /home/gy/Omron_MoMa_ROS2/install/amr_visualisation/share/amr_visualisation/local_setup.sh
[4.864s] -- Symlinking: /home/gy/Omron_MoMa_ROS2/install/amr_visualisation/share/amr_visualisation/local_setup.zsh
[4.897s] -- Symlinking: /home/gy/Omron_MoMa_ROS2/install/amr_visualisation/share/amr_visualisation/local_setup.dsv
[4.907s] -- Symlinking: /home/gy/Omron_MoMa_ROS2/install/amr_visualisation/share/amr_visualisation/package.dsv
[4.917s] -- Symlinking: /home/gy/Omron_MoMa_ROS2/install/amr_visualisation/share/ament_index/resource_index/packages/amr_visualisation
[4.949s] -- Symlinking: /home/gy/Omron_MoMa_ROS2/install/amr_visualisation/share/amr_visualisation/cmake/amr_visualisationConfig.cmake
[4.971s] -- Symlinking: /home/gy/Omron_MoMa_ROS2/install/amr_visualisation/share/amr_visualisation/cmake/amr_visualisationConfig-version.cmake
[4.990s] -- Symlinking: /home/gy/Omron_MoMa_ROS2/install/amr_visualisation/share/amr_visualisation/package.xml
[5.020s] Invoked command in '/home/gy/Omron_MoMa_ROS2/build/amr_visualisation' returned '0': AMENT_PREFIX_PATH=/home/gy/Omron_MoMa_ROS2/install/om_aiv_msg:${AMENT_PREFIX_PATH} CMAKE_PREFIX_PATH=/home/gy/Omron_MoMa_ROS2/install/om_aiv_msg:/opt/ros/foxy LD_LIBRARY_PATH=/home/gy/Omron_MoMa_ROS2/install/om_aiv_msg/lib:${LD_LIBRARY_PATH} PYTHONPATH=/home/gy/Omron_MoMa_ROS2/install/om_aiv_msg/lib/python3.8/site-packages:${PYTHONPATH} /usr/bin/cmake --install /home/gy/Omron_MoMa_ROS2/build/amr_visualisation
