[0.368s] Invoking command in '/home/gy/Omron_MoMa_ROS2/src/omron_moma': PYTHONPATH=/home/gy/Omron_MoMa_ROS2/install/omron_moma/lib/python3.8/site-packages:${PYTHONPATH} /usr/bin/python3 setup.py egg_info --egg-base ../../build/omron_moma build --build-base /home/gy/Omron_MoMa_ROS2/build/omron_moma/build install --prefix /home/gy/Omron_MoMa_ROS2/install/omron_moma --record /home/gy/Omron_MoMa_ROS2/build/omron_moma/install.log --single-version-externally-managed
[0.713s] running egg_info
[0.713s] creating ../../build/omron_moma/omron_moma.egg-info
[0.713s] writing ../../build/omron_moma/omron_moma.egg-info/PKG-INFO
[0.713s] writing dependency_links to ../../build/omron_moma/omron_moma.egg-info/dependency_links.txt
[0.713s] writing entry points to ../../build/omron_moma/omron_moma.egg-info/entry_points.txt
[0.713s] writing requirements to ../../build/omron_moma/omron_moma.egg-info/requires.txt
[0.714s] writing top-level names to ../../build/omron_moma/omron_moma.egg-info/top_level.txt
[0.714s] writing manifest file '../../build/omron_moma/omron_moma.egg-info/SOURCES.txt'
[0.715s] reading manifest file '../../build/omron_moma/omron_moma.egg-info/SOURCES.txt'
[0.715s] writing manifest file '../../build/omron_moma/omron_moma.egg-info/SOURCES.txt'
[0.715s] running build
[0.715s] running build_py
[0.715s] creating /home/gy/Omron_MoMa_ROS2/build/omron_moma/build
[0.715s] creating /home/gy/Omron_MoMa_ROS2/build/omron_moma/build/lib
[0.716s] creating /home/gy/Omron_MoMa_ROS2/build/omron_moma/build/lib/omron_moma
[0.716s] copying omron_moma/demo.py -> /home/gy/Omron_MoMa_ROS2/build/omron_moma/build/lib/omron_moma
[0.724s] copying omron_moma/__init__.py -> /home/gy/Omron_MoMa_ROS2/build/omron_moma/build/lib/omron_moma
[0.724s] running install
[0.725s] running install_lib
[0.739s] creating /home/gy/Omron_MoMa_ROS2/install/omron_moma/lib/python3.8/site-packages/omron_moma
[0.740s] copying /home/gy/Omron_MoMa_ROS2/build/omron_moma/build/lib/omron_moma/demo.py -> /home/gy/Omron_MoMa_ROS2/install/omron_moma/lib/python3.8/site-packages/omron_moma
[0.740s] copying /home/gy/Omron_MoMa_ROS2/build/omron_moma/build/lib/omron_moma/__init__.py -> /home/gy/Omron_MoMa_ROS2/install/omron_moma/lib/python3.8/site-packages/omron_moma
[0.740s] byte-compiling /home/gy/Omron_MoMa_ROS2/install/omron_moma/lib/python3.8/site-packages/omron_moma/demo.py to demo.cpython-38.pyc
[0.740s] byte-compiling /home/gy/Omron_MoMa_ROS2/install/omron_moma/lib/python3.8/site-packages/omron_moma/__init__.py to __init__.cpython-38.pyc
[0.740s] running install_data
[0.740s] creating /home/gy/Omron_MoMa_ROS2/install/omron_moma/share/ament_index
[0.740s] creating /home/gy/Omron_MoMa_ROS2/install/omron_moma/share/ament_index/resource_index
[0.740s] creating /home/gy/Omron_MoMa_ROS2/install/omron_moma/share/ament_index/resource_index/packages
[0.740s] copying resource/omron_moma -> /home/gy/Omron_MoMa_ROS2/install/omron_moma/share/ament_index/resource_index/packages
[0.740s] copying package.xml -> /home/gy/Omron_MoMa_ROS2/install/omron_moma/share/omron_moma
[0.740s] running install_egg_info
[0.740s] Copying ../../build/omron_moma/omron_moma.egg-info to /home/gy/Omron_MoMa_ROS2/install/omron_moma/lib/python3.8/site-packages/omron_moma-0.0.0-py3.8.egg-info
[0.740s] running install_scripts
[0.750s] Installing demo script to /home/gy/Omron_MoMa_ROS2/install/omron_moma/lib/omron_moma
[0.754s] writing list of installed files to '/home/gy/Omron_MoMa_ROS2/build/omron_moma/install.log'
[0.783s] Invoked command in '/home/gy/Omron_MoMa_ROS2/src/omron_moma' returned '0': PYTHONPATH=/home/gy/Omron_MoMa_ROS2/install/omron_moma/lib/python3.8/site-packages:${PYTHONPATH} /usr/bin/python3 setup.py egg_info --egg-base ../../build/omron_moma build --build-base /home/gy/Omron_MoMa_ROS2/build/omron_moma/build install --prefix /home/gy/Omron_MoMa_ROS2/install/omron_moma --record /home/gy/Omron_MoMa_ROS2/build/omron_moma/install.log --single-version-externally-managed
