[0.354s] Invoking command in '/home/gy/Omron_MoMa_ROS2/build/om_aiv_navigation': PYTHONPATH=/home/gy/Omron_MoMa_ROS2/install/om_aiv_navigation/lib/python3.8/site-packages:${PYTHONPATH} /usr/bin/python3 setup.py develop --prefix /home/gy/Omron_MoMa_ROS2/install/om_aiv_navigation --editable --build-directory /home/gy/Omron_MoMa_ROS2/build/om_aiv_navigation/build --no-deps install_data --install-dir /home/gy/Omron_MoMa_ROS2/install/om_aiv_navigation
[0.675s] running develop
[0.868s] running egg_info
[0.868s] writing om_aiv_navigation.egg-info/PKG-INFO
[0.868s] writing dependency_links to om_aiv_navigation.egg-info/dependency_links.txt
[0.868s] writing entry points to om_aiv_navigation.egg-info/entry_points.txt
[0.868s] writing requirements to om_aiv_navigation.egg-info/requires.txt
[0.868s] writing top-level names to om_aiv_navigation.egg-info/top_level.txt
[0.911s] reading manifest file 'om_aiv_navigation.egg-info/SOURCES.txt'
[0.915s] writing manifest file 'om_aiv_navigation.egg-info/SOURCES.txt'
[1.261s] running build_ext
[1.286s] Creating /home/gy/Omron_MoMa_ROS2/install/om_aiv_navigation/lib/python3.8/site-packages/site.py
[1.286s] Creating /home/gy/Omron_MoMa_ROS2/install/om_aiv_navigation/lib/python3.8/site-packages/om-aiv-navigation.egg-link (link to .)
[1.286s] Installing action_server script to /home/gy/Omron_MoMa_ROS2/install/om_aiv_navigation/lib/om_aiv_navigation
[1.286s] Installing goto_goal script to /home/gy/Omron_MoMa_ROS2/install/om_aiv_navigation/lib/om_aiv_navigation
[1.286s] Installing goto_goal_demo script to /home/gy/Omron_MoMa_ROS2/install/om_aiv_navigation/lib/om_aiv_navigation
[1.286s] 
[1.287s] Installed /home/gy/Omron_MoMa_ROS2/build/om_aiv_navigation
[1.287s] running install_data
[1.319s] Invoked command in '/home/gy/Omron_MoMa_ROS2/build/om_aiv_navigation' returned '0': PYTHONPATH=/home/gy/Omron_MoMa_ROS2/install/om_aiv_navigation/lib/python3.8/site-packages:${PYTHONPATH} /usr/bin/python3 setup.py develop --prefix /home/gy/Omron_MoMa_ROS2/install/om_aiv_navigation --editable --build-directory /home/gy/Omron_MoMa_ROS2/build/om_aiv_navigation/build --no-deps install_data --install-dir /home/gy/Omron_MoMa_ROS2/install/om_aiv_navigation
