[0.043s] Invoking command in '/home/gy/Omron_MoMa_ROS2/build/tm_msgs': CMAKE_PREFIX_PATH=/opt/ros/foxy /usr/bin/cmake /home/gy/Omron_MoMa_ROS2/src/Omron_TM_ROS2/src/tm_msgs -DAMENT_CMAKE_SYMLINK_INSTALL=1 -DCMAKE_INSTALL_PREFIX=/home/gy/Omron_MoMa_ROS2/install/tm_msgs
[0.095s] -- Found ament_cmake: 0.9.8 (/opt/ros/foxy/share/ament_cmake/cmake)
[0.127s] -- Found PythonInterp: /usr/bin/python3 (found suitable version "3.8.5", minimum required is "3") 
[0.127s] -- Using PYTHON_EXECUTABLE: /usr/bin/python3
[0.437s] -- Override CMake install command with custom implementation using symlinks instead of copying resources
[0.446s] -- Found std_msgs: 2.0.4 (/opt/ros/foxy/share/std_msgs/cmake)
[0.476s] -- Using all available rosidl_typesupport_c: rosidl_typesupport_fastrtps_c;rosidl_typesupport_introspection_c
[0.483s] -- Found rosidl_adapter: 1.2.1 (/opt/ros/foxy/share/rosidl_adapter/cmake)
[0.704s] -- Using all available rosidl_typesupport_cpp: rosidl_typesupport_fastrtps_cpp;rosidl_typesupport_introspection_cpp
[0.801s] -- Found rosidl_default_generators: 1.0.1 (/opt/ros/foxy/share/rosidl_default_generators/cmake)
[0.886s] -- Found PythonInterp: /usr/bin/python3 (found version "3.8.5") 
[1.396s] -- Found ament_cmake_ros: 0.9.1 (/opt/ros/foxy/share/ament_cmake_ros/cmake)
[1.710s] -- Using all available rosidl_typesupport_c: rosidl_typesupport_fastrtps_c;rosidl_typesupport_introspection_c
[1.862s] -- Using all available rosidl_typesupport_cpp: rosidl_typesupport_fastrtps_cpp;rosidl_typesupport_introspection_cpp
[1.977s] -- Found PythonInterp: /usr/bin/python3 (found suitable version "3.8.5", minimum required is "3.5") 
[1.977s] -- Found python_cmake_module: 0.8.1 (/opt/ros/foxy/share/python_cmake_module/cmake)
[2.020s] -- Using PYTHON_EXECUTABLE: /usr/bin/python3
[2.020s] -- Using PYTHON_INCLUDE_DIRS: /usr/include/python3.8
[2.020s] -- Using PYTHON_LIBRARIES: /usr/lib/x86_64-linux-gnu/libpython3.8.so
[2.129s] -- Configuring done
[2.241s] -- Generating done
[2.244s] -- Build files have been written to: /home/gy/Omron_MoMa_ROS2/build/tm_msgs
[2.285s] Invoked command in '/home/gy/Omron_MoMa_ROS2/build/tm_msgs' returned '0': CMAKE_PREFIX_PATH=/opt/ros/foxy /usr/bin/cmake /home/gy/Omron_MoMa_ROS2/src/Omron_TM_ROS2/src/tm_msgs -DAMENT_CMAKE_SYMLINK_INSTALL=1 -DCMAKE_INSTALL_PREFIX=/home/gy/Omron_MoMa_ROS2/install/tm_msgs
[2.285s] Invoking command in '/home/gy/Omron_MoMa_ROS2/build/tm_msgs': CMAKE_PREFIX_PATH=/opt/ros/foxy /usr/bin/cmake --build /home/gy/Omron_MoMa_ROS2/build/tm_msgs -- -j4 -l4
[2.408s] [ 12%] Built target tm_msgs__rosidl_generator_c
[2.465s] [ 24%] Built target tm_msgs__rosidl_typesupport_introspection_c
[2.506s] [ 36%] Built target tm_msgs__rosidl_typesupport_c
[2.510s] [ 36%] Built target tm_msgs__cpp
[2.611s] [ 48%] Built target tm_msgs__rosidl_typesupport_introspection_cpp
[2.623s] [ 49%] [32m[1mLinking CXX shared library libtm_msgs__rosidl_typesupport_fastrtps_cpp.so[0m
[2.633s] [ 61%] Built target tm_msgs__rosidl_typesupport_cpp
[2.830s] [ 71%] Built target tm_msgs__rosidl_typesupport_fastrtps_cpp
[2.940s] [ 72%] [32m[1mLinking CXX shared library libtm_msgs__rosidl_typesupport_fastrtps_c.so[0m
[3.242s] [ 83%] Built target tm_msgs__rosidl_typesupport_fastrtps_c
[3.293s] [ 83%] Built target tm_msgs
[3.349s] [ 84%] Built target tm_msgs__py
[3.398s] [ 85%] [32m[1mLinking C shared library rosidl_generator_py/tm_msgs/libtm_msgs__python.so[0m
[3.499s] [ 95%] Built target tm_msgs__python
[3.569s] [ 96%] [32m[1mLinking CXX shared library rosidl_generator_py/tm_msgs/tm_msgs_s__rosidl_typesupport_fastrtps_c.cpython-38-x86_64-linux-gnu.so[0m
[3.583s] [ 97%] [32m[1mLinking C shared library rosidl_generator_py/tm_msgs/tm_msgs_s__rosidl_typesupport_introspection_c.cpython-38-x86_64-linux-gnu.so[0m
[3.590s] [ 98%] [32m[1mLinking C shared library rosidl_generator_py/tm_msgs/tm_msgs_s__rosidl_typesupport_c.cpython-38-x86_64-linux-gnu.so[0m
[3.687s] [ 99%] Built target tm_msgs__rosidl_typesupport_introspection_c__pyext
[3.710s] [100%] Built target tm_msgs__rosidl_typesupport_fastrtps_c__pyext
[3.720s] [100%] Built target tm_msgs__rosidl_typesupport_c__pyext
[3.746s] Invoked command in '/home/gy/Omron_MoMa_ROS2/build/tm_msgs' returned '0': CMAKE_PREFIX_PATH=/opt/ros/foxy /usr/bin/cmake --build /home/gy/Omron_MoMa_ROS2/build/tm_msgs -- -j4 -l4
[4.941s] Invoking command in '/home/gy/Omron_MoMa_ROS2/build/tm_msgs': CMAKE_PREFIX_PATH=/opt/ros/foxy /usr/bin/cmake --install /home/gy/Omron_MoMa_ROS2/build/tm_msgs
[4.968s] -- Install configuration: ""
[4.968s] -- Execute custom install script
[4.968s] -- Symlinking: /home/gy/Omron_MoMa_ROS2/install/tm_msgs/share/ament_index/resource_index/rosidl_interfaces/tm_msgs
[4.990s] -- Symlinking: /home/gy/Omron_MoMa_ROS2/install/tm_msgs/include/tm_msgs/msg/detail/feedback_state__functions.h
[5.014s] -- Symlinking: /home/gy/Omron_MoMa_ROS2/install/tm_msgs/include/tm_msgs/msg/detail/feedback_state__struct.h
[5.041s] -- Symlinking: /home/gy/Omron_MoMa_ROS2/install/tm_msgs/include/tm_msgs/msg/detail/feedback_state__type_support.h
[5.055s] -- Symlinking: /home/gy/Omron_MoMa_ROS2/install/tm_msgs/include/tm_msgs/msg/detail/sct_response__functions.h
[5.101s] -- Symlinking: /home/gy/Omron_MoMa_ROS2/install/tm_msgs/include/tm_msgs/msg/detail/sct_response__struct.h
[5.132s] -- Symlinking: /home/gy/Omron_MoMa_ROS2/install/tm_msgs/include/tm_msgs/msg/detail/sct_response__type_support.h
[5.163s] -- Symlinking: /home/gy/Omron_MoMa_ROS2/install/tm_msgs/include/tm_msgs/msg/detail/sta_response__functions.h
[5.173s] -- Symlinking: /home/gy/Omron_MoMa_ROS2/install/tm_msgs/include/tm_msgs/msg/detail/sta_response__struct.h
[5.194s] -- Symlinking: /home/gy/Omron_MoMa_ROS2/install/tm_msgs/include/tm_msgs/msg/detail/sta_response__type_support.h
[5.209s] -- Symlinking: /home/gy/Omron_MoMa_ROS2/install/tm_msgs/include/tm_msgs/msg/detail/svr_response__functions.h
[5.244s] -- Symlinking: /home/gy/Omron_MoMa_ROS2/install/tm_msgs/include/tm_msgs/msg/detail/svr_response__struct.h
[5.268s] -- Symlinking: /home/gy/Omron_MoMa_ROS2/install/tm_msgs/include/tm_msgs/msg/detail/svr_response__type_support.h
[5.296s] -- Symlinking: /home/gy/Omron_MoMa_ROS2/install/tm_msgs/include/tm_msgs/msg/feedback_state.h
[5.312s] -- Symlinking: /home/gy/Omron_MoMa_ROS2/install/tm_msgs/include/tm_msgs/msg/rosidl_generator_c__visibility_control.h
[5.340s] -- Symlinking: /home/gy/Omron_MoMa_ROS2/install/tm_msgs/include/tm_msgs/msg/sct_response.h
[5.368s] -- Symlinking: /home/gy/Omron_MoMa_ROS2/install/tm_msgs/include/tm_msgs/msg/sta_response.h
[5.379s] -- Symlinking: /home/gy/Omron_MoMa_ROS2/install/tm_msgs/include/tm_msgs/msg/svr_response.h
[5.413s] -- Symlinking: /home/gy/Omron_MoMa_ROS2/install/tm_msgs/include/tm_msgs/srv/ask_item.h
[5.439s] -- Symlinking: /home/gy/Omron_MoMa_ROS2/install/tm_msgs/include/tm_msgs/srv/ask_sta.h
[5.470s] -- Symlinking: /home/gy/Omron_MoMa_ROS2/install/tm_msgs/include/tm_msgs/srv/connect_tm.h
[5.493s] -- Symlinking: /home/gy/Omron_MoMa_ROS2/install/tm_msgs/include/tm_msgs/srv/detail/ask_item__functions.h
[5.513s] -- Symlinking: /home/gy/Omron_MoMa_ROS2/install/tm_msgs/include/tm_msgs/srv/detail/ask_item__struct.h
[5.523s] -- Symlinking: /home/gy/Omron_MoMa_ROS2/install/tm_msgs/include/tm_msgs/srv/detail/ask_item__type_support.h
[5.548s] -- Symlinking: /home/gy/Omron_MoMa_ROS2/install/tm_msgs/include/tm_msgs/srv/detail/ask_sta__functions.h
[5.583s] -- Symlinking: /home/gy/Omron_MoMa_ROS2/install/tm_msgs/include/tm_msgs/srv/detail/ask_sta__struct.h
[5.596s] -- Symlinking: /home/gy/Omron_MoMa_ROS2/install/tm_msgs/include/tm_msgs/srv/detail/ask_sta__type_support.h
[5.627s] -- Symlinking: /home/gy/Omron_MoMa_ROS2/install/tm_msgs/include/tm_msgs/srv/detail/connect_tm__functions.h
[5.656s] -- Symlinking: /home/gy/Omron_MoMa_ROS2/install/tm_msgs/include/tm_msgs/srv/detail/connect_tm__struct.h
[5.677s] -- Symlinking: /home/gy/Omron_MoMa_ROS2/install/tm_msgs/include/tm_msgs/srv/detail/connect_tm__type_support.h
[5.691s] -- Symlinking: /home/gy/Omron_MoMa_ROS2/install/tm_msgs/include/tm_msgs/srv/detail/send_script__functions.h
[5.701s] -- Symlinking: /home/gy/Omron_MoMa_ROS2/install/tm_msgs/include/tm_msgs/srv/detail/send_script__struct.h
[5.715s] -- Symlinking: /home/gy/Omron_MoMa_ROS2/install/tm_msgs/include/tm_msgs/srv/detail/send_script__type_support.h
[5.728s] -- Symlinking: /home/gy/Omron_MoMa_ROS2/install/tm_msgs/include/tm_msgs/srv/detail/set_event__functions.h
[5.749s] -- Symlinking: /home/gy/Omron_MoMa_ROS2/install/tm_msgs/include/tm_msgs/srv/detail/set_event__struct.h
[5.759s] -- Symlinking: /home/gy/Omron_MoMa_ROS2/install/tm_msgs/include/tm_msgs/srv/detail/set_event__type_support.h
[5.773s] -- Symlinking: /home/gy/Omron_MoMa_ROS2/install/tm_msgs/include/tm_msgs/srv/detail/set_io__functions.h
[5.787s] -- Symlinking: /home/gy/Omron_MoMa_ROS2/install/tm_msgs/include/tm_msgs/srv/detail/set_io__struct.h
[5.798s] -- Symlinking: /home/gy/Omron_MoMa_ROS2/install/tm_msgs/include/tm_msgs/srv/detail/set_io__type_support.h
[5.807s] -- Symlinking: /home/gy/Omron_MoMa_ROS2/install/tm_msgs/include/tm_msgs/srv/detail/set_positions__functions.h
[5.816s] -- Symlinking: /home/gy/Omron_MoMa_ROS2/install/tm_msgs/include/tm_msgs/srv/detail/set_positions__struct.h
[5.837s] -- Symlinking: /home/gy/Omron_MoMa_ROS2/install/tm_msgs/include/tm_msgs/srv/detail/set_positions__type_support.h
[5.847s] -- Symlinking: /home/gy/Omron_MoMa_ROS2/install/tm_msgs/include/tm_msgs/srv/detail/write_item__functions.h
[5.865s] -- Symlinking: /home/gy/Omron_MoMa_ROS2/install/tm_msgs/include/tm_msgs/srv/detail/write_item__struct.h
[5.883s] -- Symlinking: /home/gy/Omron_MoMa_ROS2/install/tm_msgs/include/tm_msgs/srv/detail/write_item__type_support.h
[5.891s] -- Symlinking: /home/gy/Omron_MoMa_ROS2/install/tm_msgs/include/tm_msgs/srv/send_script.h
[5.909s] -- Symlinking: /home/gy/Omron_MoMa_ROS2/install/tm_msgs/include/tm_msgs/srv/set_event.h
[5.944s] -- Symlinking: /home/gy/Omron_MoMa_ROS2/install/tm_msgs/include/tm_msgs/srv/set_io.h
[5.957s] -- Symlinking: /home/gy/Omron_MoMa_ROS2/install/tm_msgs/include/tm_msgs/srv/set_positions.h
[5.975s] -- Symlinking: /home/gy/Omron_MoMa_ROS2/install/tm_msgs/include/tm_msgs/srv/write_item.h
[5.992s] -- Symlinking: /home/gy/Omron_MoMa_ROS2/install/tm_msgs/share/tm_msgs/environment/library_path.sh
[6.008s] -- Symlinking: /home/gy/Omron_MoMa_ROS2/install/tm_msgs/share/tm_msgs/environment/library_path.dsv
[6.032s] -- Symlinking: /home/gy/Omron_MoMa_ROS2/install/tm_msgs/include/tm_msgs/msg/detail/feedback_state__rosidl_typesupport_fastrtps_c.h
[6.054s] -- Symlinking: /home/gy/Omron_MoMa_ROS2/install/tm_msgs/include/tm_msgs/msg/detail/sct_response__rosidl_typesupport_fastrtps_c.h
[6.079s] -- Symlinking: /home/gy/Omron_MoMa_ROS2/install/tm_msgs/include/tm_msgs/msg/detail/sta_response__rosidl_typesupport_fastrtps_c.h
[6.096s] -- Symlinking: /home/gy/Omron_MoMa_ROS2/install/tm_msgs/include/tm_msgs/msg/detail/svr_response__rosidl_typesupport_fastrtps_c.h
[6.112s] -- Symlinking: /home/gy/Omron_MoMa_ROS2/install/tm_msgs/include/tm_msgs/msg/rosidl_typesupport_fastrtps_c__visibility_control.h
[6.129s] -- Symlinking: /home/gy/Omron_MoMa_ROS2/install/tm_msgs/include/tm_msgs/srv/detail/ask_item__rosidl_typesupport_fastrtps_c.h
[6.143s] -- Symlinking: /home/gy/Omron_MoMa_ROS2/install/tm_msgs/include/tm_msgs/srv/detail/ask_sta__rosidl_typesupport_fastrtps_c.h
[6.165s] -- Symlinking: /home/gy/Omron_MoMa_ROS2/install/tm_msgs/include/tm_msgs/srv/detail/connect_tm__rosidl_typesupport_fastrtps_c.h
[6.182s] -- Symlinking: /home/gy/Omron_MoMa_ROS2/install/tm_msgs/include/tm_msgs/srv/detail/send_script__rosidl_typesupport_fastrtps_c.h
[6.204s] -- Symlinking: /home/gy/Omron_MoMa_ROS2/install/tm_msgs/include/tm_msgs/srv/detail/set_event__rosidl_typesupport_fastrtps_c.h
[6.211s] -- Symlinking: /home/gy/Omron_MoMa_ROS2/install/tm_msgs/include/tm_msgs/srv/detail/set_io__rosidl_typesupport_fastrtps_c.h
[6.222s] -- Symlinking: /home/gy/Omron_MoMa_ROS2/install/tm_msgs/include/tm_msgs/srv/detail/set_positions__rosidl_typesupport_fastrtps_c.h
[6.243s] -- Symlinking: /home/gy/Omron_MoMa_ROS2/install/tm_msgs/include/tm_msgs/srv/detail/write_item__rosidl_typesupport_fastrtps_c.h
[6.258s] -- Symlinking: /home/gy/Omron_MoMa_ROS2/install/tm_msgs/lib/libtm_msgs__rosidl_typesupport_fastrtps_c.so
[6.269s] -- Symlinking: /home/gy/Omron_MoMa_ROS2/install/tm_msgs/include/tm_msgs/msg/detail/feedback_state__rosidl_typesupport_fastrtps_cpp.hpp
[6.279s] -- Symlinking: /home/gy/Omron_MoMa_ROS2/install/tm_msgs/include/tm_msgs/msg/detail/sct_response__rosidl_typesupport_fastrtps_cpp.hpp
[6.289s] -- Symlinking: /home/gy/Omron_MoMa_ROS2/install/tm_msgs/include/tm_msgs/msg/detail/sta_response__rosidl_typesupport_fastrtps_cpp.hpp
[6.299s] -- Symlinking: /home/gy/Omron_MoMa_ROS2/install/tm_msgs/include/tm_msgs/msg/detail/svr_response__rosidl_typesupport_fastrtps_cpp.hpp
[6.319s] -- Symlinking: /home/gy/Omron_MoMa_ROS2/install/tm_msgs/include/tm_msgs/msg/rosidl_typesupport_fastrtps_cpp__visibility_control.h
[6.329s] -- Symlinking: /home/gy/Omron_MoMa_ROS2/install/tm_msgs/include/tm_msgs/srv/detail/ask_item__rosidl_typesupport_fastrtps_cpp.hpp
[6.340s] -- Symlinking: /home/gy/Omron_MoMa_ROS2/install/tm_msgs/include/tm_msgs/srv/detail/ask_sta__rosidl_typesupport_fastrtps_cpp.hpp
[6.353s] -- Symlinking: /home/gy/Omron_MoMa_ROS2/install/tm_msgs/include/tm_msgs/srv/detail/connect_tm__rosidl_typesupport_fastrtps_cpp.hpp
[6.364s] -- Symlinking: /home/gy/Omron_MoMa_ROS2/install/tm_msgs/include/tm_msgs/srv/detail/send_script__rosidl_typesupport_fastrtps_cpp.hpp
[6.376s] -- Symlinking: /home/gy/Omron_MoMa_ROS2/install/tm_msgs/include/tm_msgs/srv/detail/set_event__rosidl_typesupport_fastrtps_cpp.hpp
[6.388s] -- Symlinking: /home/gy/Omron_MoMa_ROS2/install/tm_msgs/include/tm_msgs/srv/detail/set_io__rosidl_typesupport_fastrtps_cpp.hpp
[6.397s] -- Symlinking: /home/gy/Omron_MoMa_ROS2/install/tm_msgs/include/tm_msgs/srv/detail/set_positions__rosidl_typesupport_fastrtps_cpp.hpp
[6.407s] -- Symlinking: /home/gy/Omron_MoMa_ROS2/install/tm_msgs/include/tm_msgs/srv/detail/write_item__rosidl_typesupport_fastrtps_cpp.hpp
[6.419s] -- Symlinking: /home/gy/Omron_MoMa_ROS2/install/tm_msgs/lib/libtm_msgs__rosidl_typesupport_fastrtps_cpp.so
[6.432s] -- Symlinking: /home/gy/Omron_MoMa_ROS2/install/tm_msgs/include/tm_msgs/msg/detail/feedback_state__rosidl_typesupport_introspection_c.h
[6.457s] -- Symlinking: /home/gy/Omron_MoMa_ROS2/install/tm_msgs/include/tm_msgs/msg/detail/sct_response__rosidl_typesupport_introspection_c.h
[6.475s] -- Symlinking: /home/gy/Omron_MoMa_ROS2/install/tm_msgs/include/tm_msgs/msg/detail/sta_response__rosidl_typesupport_introspection_c.h
[6.491s] -- Symlinking: /home/gy/Omron_MoMa_ROS2/install/tm_msgs/include/tm_msgs/msg/detail/svr_response__rosidl_typesupport_introspection_c.h
[6.507s] -- Symlinking: /home/gy/Omron_MoMa_ROS2/install/tm_msgs/include/tm_msgs/msg/rosidl_typesupport_introspection_c__visibility_control.h
[6.524s] -- Symlinking: /home/gy/Omron_MoMa_ROS2/install/tm_msgs/include/tm_msgs/srv/detail/ask_item__rosidl_typesupport_introspection_c.h
[6.536s] -- Symlinking: /home/gy/Omron_MoMa_ROS2/install/tm_msgs/include/tm_msgs/srv/detail/ask_sta__rosidl_typesupport_introspection_c.h
[6.545s] -- Symlinking: /home/gy/Omron_MoMa_ROS2/install/tm_msgs/include/tm_msgs/srv/detail/connect_tm__rosidl_typesupport_introspection_c.h
[6.554s] -- Symlinking: /home/gy/Omron_MoMa_ROS2/install/tm_msgs/include/tm_msgs/srv/detail/send_script__rosidl_typesupport_introspection_c.h
[6.574s] -- Symlinking: /home/gy/Omron_MoMa_ROS2/install/tm_msgs/include/tm_msgs/srv/detail/set_event__rosidl_typesupport_introspection_c.h
[6.590s] -- Symlinking: /home/gy/Omron_MoMa_ROS2/install/tm_msgs/include/tm_msgs/srv/detail/set_io__rosidl_typesupport_introspection_c.h
[6.620s] -- Symlinking: /home/gy/Omron_MoMa_ROS2/install/tm_msgs/include/tm_msgs/srv/detail/set_positions__rosidl_typesupport_introspection_c.h
[6.630s] -- Symlinking: /home/gy/Omron_MoMa_ROS2/install/tm_msgs/include/tm_msgs/srv/detail/write_item__rosidl_typesupport_introspection_c.h
[6.668s] -- Symlinking: /home/gy/Omron_MoMa_ROS2/install/tm_msgs/include/tm_msgs/msg/detail/feedback_state__builder.hpp
[6.683s] -- Symlinking: /home/gy/Omron_MoMa_ROS2/install/tm_msgs/include/tm_msgs/msg/detail/feedback_state__struct.hpp
[6.692s] -- Symlinking: /home/gy/Omron_MoMa_ROS2/install/tm_msgs/include/tm_msgs/msg/detail/feedback_state__traits.hpp
[6.702s] -- Symlinking: /home/gy/Omron_MoMa_ROS2/install/tm_msgs/include/tm_msgs/msg/detail/sct_response__builder.hpp
[6.711s] -- Symlinking: /home/gy/Omron_MoMa_ROS2/install/tm_msgs/include/tm_msgs/msg/detail/sct_response__struct.hpp
[6.723s] -- Symlinking: /home/gy/Omron_MoMa_ROS2/install/tm_msgs/include/tm_msgs/msg/detail/sct_response__traits.hpp
[6.731s] -- Symlinking: /home/gy/Omron_MoMa_ROS2/install/tm_msgs/include/tm_msgs/msg/detail/sta_response__builder.hpp
[6.742s] -- Symlinking: /home/gy/Omron_MoMa_ROS2/install/tm_msgs/include/tm_msgs/msg/detail/sta_response__struct.hpp
[6.789s] -- Symlinking: /home/gy/Omron_MoMa_ROS2/install/tm_msgs/include/tm_msgs/msg/detail/sta_response__traits.hpp
[6.805s] -- Symlinking: /home/gy/Omron_MoMa_ROS2/install/tm_msgs/include/tm_msgs/msg/detail/svr_response__builder.hpp
[6.824s] -- Symlinking: /home/gy/Omron_MoMa_ROS2/install/tm_msgs/include/tm_msgs/msg/detail/svr_response__struct.hpp
[6.849s] -- Symlinking: /home/gy/Omron_MoMa_ROS2/install/tm_msgs/include/tm_msgs/msg/detail/svr_response__traits.hpp
[6.878s] -- Symlinking: /home/gy/Omron_MoMa_ROS2/install/tm_msgs/include/tm_msgs/msg/feedback_state.hpp
[6.897s] -- Symlinking: /home/gy/Omron_MoMa_ROS2/install/tm_msgs/include/tm_msgs/msg/sct_response.hpp
[6.907s] -- Symlinking: /home/gy/Omron_MoMa_ROS2/install/tm_msgs/include/tm_msgs/msg/sta_response.hpp
[6.918s] -- Symlinking: /home/gy/Omron_MoMa_ROS2/install/tm_msgs/include/tm_msgs/msg/svr_response.hpp
[6.927s] -- Symlinking: /home/gy/Omron_MoMa_ROS2/install/tm_msgs/include/tm_msgs/srv/ask_item.hpp
[6.942s] -- Symlinking: /home/gy/Omron_MoMa_ROS2/install/tm_msgs/include/tm_msgs/srv/ask_sta.hpp
[6.952s] -- Symlinking: /home/gy/Omron_MoMa_ROS2/install/tm_msgs/include/tm_msgs/srv/connect_tm.hpp
[6.964s] -- Symlinking: /home/gy/Omron_MoMa_ROS2/install/tm_msgs/include/tm_msgs/srv/detail/ask_item__builder.hpp
[6.973s] -- Symlinking: /home/gy/Omron_MoMa_ROS2/install/tm_msgs/include/tm_msgs/srv/detail/ask_item__struct.hpp
[6.982s] -- Symlinking: /home/gy/Omron_MoMa_ROS2/install/tm_msgs/include/tm_msgs/srv/detail/ask_item__traits.hpp
[6.997s] -- Symlinking: /home/gy/Omron_MoMa_ROS2/install/tm_msgs/include/tm_msgs/srv/detail/ask_sta__builder.hpp
[7.008s] -- Symlinking: /home/gy/Omron_MoMa_ROS2/install/tm_msgs/include/tm_msgs/srv/detail/ask_sta__struct.hpp
[7.020s] -- Symlinking: /home/gy/Omron_MoMa_ROS2/install/tm_msgs/include/tm_msgs/srv/detail/ask_sta__traits.hpp
[7.037s] -- Symlinking: /home/gy/Omron_MoMa_ROS2/install/tm_msgs/include/tm_msgs/srv/detail/connect_tm__builder.hpp
[7.053s] -- Symlinking: /home/gy/Omron_MoMa_ROS2/install/tm_msgs/include/tm_msgs/srv/detail/connect_tm__struct.hpp
[7.085s] -- Symlinking: /home/gy/Omron_MoMa_ROS2/install/tm_msgs/include/tm_msgs/srv/detail/connect_tm__traits.hpp
[7.103s] -- Symlinking: /home/gy/Omron_MoMa_ROS2/install/tm_msgs/include/tm_msgs/srv/detail/send_script__builder.hpp
[7.112s] -- Symlinking: /home/gy/Omron_MoMa_ROS2/install/tm_msgs/include/tm_msgs/srv/detail/send_script__struct.hpp
[7.122s] -- Symlinking: /home/gy/Omron_MoMa_ROS2/install/tm_msgs/include/tm_msgs/srv/detail/send_script__traits.hpp
[7.133s] -- Symlinking: /home/gy/Omron_MoMa_ROS2/install/tm_msgs/include/tm_msgs/srv/detail/set_event__builder.hpp
[7.161s] -- Symlinking: /home/gy/Omron_MoMa_ROS2/install/tm_msgs/include/tm_msgs/srv/detail/set_event__struct.hpp
[7.172s] -- Symlinking: /home/gy/Omron_MoMa_ROS2/install/tm_msgs/include/tm_msgs/srv/detail/set_event__traits.hpp
[7.183s] -- Symlinking: /home/gy/Omron_MoMa_ROS2/install/tm_msgs/include/tm_msgs/srv/detail/set_io__builder.hpp
[7.192s] -- Symlinking: /home/gy/Omron_MoMa_ROS2/install/tm_msgs/include/tm_msgs/srv/detail/set_io__struct.hpp
[7.208s] -- Symlinking: /home/gy/Omron_MoMa_ROS2/install/tm_msgs/include/tm_msgs/srv/detail/set_io__traits.hpp
[7.211s] -- Symlinking: /home/gy/Omron_MoMa_ROS2/install/tm_msgs/include/tm_msgs/srv/detail/set_positions__builder.hpp
[7.222s] -- Symlinking: /home/gy/Omron_MoMa_ROS2/install/tm_msgs/include/tm_msgs/srv/detail/set_positions__struct.hpp
[7.239s] -- Symlinking: /home/gy/Omron_MoMa_ROS2/install/tm_msgs/include/tm_msgs/srv/detail/set_positions__traits.hpp
[7.254s] -- Symlinking: /home/gy/Omron_MoMa_ROS2/install/tm_msgs/include/tm_msgs/srv/detail/write_item__builder.hpp
[7.268s] -- Symlinking: /home/gy/Omron_MoMa_ROS2/install/tm_msgs/include/tm_msgs/srv/detail/write_item__struct.hpp
[7.291s] -- Symlinking: /home/gy/Omron_MoMa_ROS2/install/tm_msgs/include/tm_msgs/srv/detail/write_item__traits.hpp
[7.308s] -- Symlinking: /home/gy/Omron_MoMa_ROS2/install/tm_msgs/include/tm_msgs/srv/send_script.hpp
[7.319s] -- Symlinking: /home/gy/Omron_MoMa_ROS2/install/tm_msgs/include/tm_msgs/srv/set_event.hpp
[7.349s] -- Symlinking: /home/gy/Omron_MoMa_ROS2/install/tm_msgs/include/tm_msgs/srv/set_io.hpp
[7.359s] -- Symlinking: /home/gy/Omron_MoMa_ROS2/install/tm_msgs/include/tm_msgs/srv/set_positions.hpp
[7.369s] -- Symlinking: /home/gy/Omron_MoMa_ROS2/install/tm_msgs/include/tm_msgs/srv/write_item.hpp
[7.380s] -- Symlinking: /home/gy/Omron_MoMa_ROS2/install/tm_msgs/include/tm_msgs/msg/detail/feedback_state__rosidl_typesupport_introspection_cpp.hpp
[7.390s] -- Symlinking: /home/gy/Omron_MoMa_ROS2/install/tm_msgs/include/tm_msgs/msg/detail/sct_response__rosidl_typesupport_introspection_cpp.hpp
[7.407s] -- Symlinking: /home/gy/Omron_MoMa_ROS2/install/tm_msgs/include/tm_msgs/msg/detail/sta_response__rosidl_typesupport_introspection_cpp.hpp
[7.418s] -- Symlinking: /home/gy/Omron_MoMa_ROS2/install/tm_msgs/include/tm_msgs/msg/detail/svr_response__rosidl_typesupport_introspection_cpp.hpp
[7.441s] -- Symlinking: /home/gy/Omron_MoMa_ROS2/install/tm_msgs/include/tm_msgs/srv/detail/ask_item__rosidl_typesupport_introspection_cpp.hpp
[7.469s] -- Symlinking: /home/gy/Omron_MoMa_ROS2/install/tm_msgs/include/tm_msgs/srv/detail/ask_sta__rosidl_typesupport_introspection_cpp.hpp
[7.492s] -- Symlinking: /home/gy/Omron_MoMa_ROS2/install/tm_msgs/include/tm_msgs/srv/detail/connect_tm__rosidl_typesupport_introspection_cpp.hpp
[7.510s] -- Symlinking: /home/gy/Omron_MoMa_ROS2/install/tm_msgs/include/tm_msgs/srv/detail/send_script__rosidl_typesupport_introspection_cpp.hpp
[7.537s] -- Symlinking: /home/gy/Omron_MoMa_ROS2/install/tm_msgs/include/tm_msgs/srv/detail/set_event__rosidl_typesupport_introspection_cpp.hpp
[7.552s] -- Symlinking: /home/gy/Omron_MoMa_ROS2/install/tm_msgs/include/tm_msgs/srv/detail/set_io__rosidl_typesupport_introspection_cpp.hpp
[7.562s] -- Symlinking: /home/gy/Omron_MoMa_ROS2/install/tm_msgs/include/tm_msgs/srv/detail/set_positions__rosidl_typesupport_introspection_cpp.hpp
[7.582s] -- Symlinking: /home/gy/Omron_MoMa_ROS2/install/tm_msgs/include/tm_msgs/srv/detail/write_item__rosidl_typesupport_introspection_cpp.hpp
[7.591s] -- Symlinking: /home/gy/Omron_MoMa_ROS2/install/tm_msgs/share/tm_msgs/environment/pythonpath.sh
[7.601s] -- Symlinking: /home/gy/Omron_MoMa_ROS2/install/tm_msgs/share/tm_msgs/environment/pythonpath.dsv
[7.613s] -- Symlinking: /home/gy/Omron_MoMa_ROS2/install/tm_msgs/lib/python3.8/site-packages/tm_msgs/__init__.py
[7.631s] -- Symlinking: /home/gy/Omron_MoMa_ROS2/install/tm_msgs/lib/python3.8/site-packages/tm_msgs/msg/__init__.py
[7.641s] -- Symlinking: /home/gy/Omron_MoMa_ROS2/install/tm_msgs/lib/python3.8/site-packages/tm_msgs/msg/_feedback_state.py
[7.650s] -- Symlinking: /home/gy/Omron_MoMa_ROS2/install/tm_msgs/lib/python3.8/site-packages/tm_msgs/msg/_sct_response.py
[7.661s] -- Symlinking: /home/gy/Omron_MoMa_ROS2/install/tm_msgs/lib/python3.8/site-packages/tm_msgs/msg/_sta_response.py
[7.688s] -- Symlinking: /home/gy/Omron_MoMa_ROS2/install/tm_msgs/lib/python3.8/site-packages/tm_msgs/msg/_svr_response.py
[7.704s] -- Symlinking: /home/gy/Omron_MoMa_ROS2/install/tm_msgs/lib/python3.8/site-packages/tm_msgs/srv/__init__.py
[7.722s] -- Symlinking: /home/gy/Omron_MoMa_ROS2/install/tm_msgs/lib/python3.8/site-packages/tm_msgs/srv/_ask_item.py
[7.746s] -- Symlinking: /home/gy/Omron_MoMa_ROS2/install/tm_msgs/lib/python3.8/site-packages/tm_msgs/srv/_ask_sta.py
[7.764s] -- Symlinking: /home/gy/Omron_MoMa_ROS2/install/tm_msgs/lib/python3.8/site-packages/tm_msgs/srv/_connect_tm.py
[7.785s] -- Symlinking: /home/gy/Omron_MoMa_ROS2/install/tm_msgs/lib/python3.8/site-packages/tm_msgs/srv/_send_script.py
[7.799s] -- Symlinking: /home/gy/Omron_MoMa_ROS2/install/tm_msgs/lib/python3.8/site-packages/tm_msgs/srv/_set_event.py
[7.815s] -- Symlinking: /home/gy/Omron_MoMa_ROS2/install/tm_msgs/lib/python3.8/site-packages/tm_msgs/srv/_set_io.py
[7.829s] -- Symlinking: /home/gy/Omron_MoMa_ROS2/install/tm_msgs/lib/python3.8/site-packages/tm_msgs/srv/_set_positions.py
[7.848s] -- Symlinking: /home/gy/Omron_MoMa_ROS2/install/tm_msgs/lib/python3.8/site-packages/tm_msgs/srv/_write_item.py
[7.867s] -- Symlinking: /home/gy/Omron_MoMa_ROS2/install/tm_msgs/lib/python3.8/site-packages/tm_msgs/tm_msgs_s__rosidl_typesupport_fastrtps_c.cpython-38-x86_64-linux-gnu.so
[7.886s] -- Symlinking: /home/gy/Omron_MoMa_ROS2/install/tm_msgs/lib/python3.8/site-packages/tm_msgs/tm_msgs_s__rosidl_typesupport_introspection_c.cpython-38-x86_64-linux-gnu.so
[7.909s] -- Symlinking: /home/gy/Omron_MoMa_ROS2/install/tm_msgs/lib/python3.8/site-packages/tm_msgs/tm_msgs_s__rosidl_typesupport_c.cpython-38-x86_64-linux-gnu.so
[7.920s] -- Symlinking: /home/gy/Omron_MoMa_ROS2/install/tm_msgs/lib/libtm_msgs__python.so
[7.928s] -- Symlinking: /home/gy/Omron_MoMa_ROS2/install/tm_msgs/share/tm_msgs/msg/FeedbackState.idl
[7.945s] -- Symlinking: /home/gy/Omron_MoMa_ROS2/install/tm_msgs/share/tm_msgs/msg/SvrResponse.idl
[7.955s] -- Symlinking: /home/gy/Omron_MoMa_ROS2/install/tm_msgs/share/tm_msgs/msg/SctResponse.idl
[7.967s] -- Symlinking: /home/gy/Omron_MoMa_ROS2/install/tm_msgs/share/tm_msgs/msg/StaResponse.idl
[7.979s] -- Symlinking: /home/gy/Omron_MoMa_ROS2/install/tm_msgs/share/tm_msgs/srv/ConnectTM.idl
[7.997s] -- Symlinking: /home/gy/Omron_MoMa_ROS2/install/tm_msgs/share/tm_msgs/srv/WriteItem.idl
[8.024s] -- Symlinking: /home/gy/Omron_MoMa_ROS2/install/tm_msgs/share/tm_msgs/srv/AskItem.idl
[8.049s] -- Symlinking: /home/gy/Omron_MoMa_ROS2/install/tm_msgs/share/tm_msgs/srv/SendScript.idl
[8.082s] -- Symlinking: /home/gy/Omron_MoMa_ROS2/install/tm_msgs/share/tm_msgs/srv/SetEvent.idl
[8.117s] -- Symlinking: /home/gy/Omron_MoMa_ROS2/install/tm_msgs/share/tm_msgs/srv/SetIO.idl
[8.129s] -- Symlinking: /home/gy/Omron_MoMa_ROS2/install/tm_msgs/share/tm_msgs/srv/SetPositions.idl
[8.139s] -- Symlinking: /home/gy/Omron_MoMa_ROS2/install/tm_msgs/share/tm_msgs/srv/AskSta.idl
[8.148s] -- Symlinking: /home/gy/Omron_MoMa_ROS2/install/tm_msgs/share/tm_msgs/msg/FeedbackState.msg
[8.159s] -- Symlinking: /home/gy/Omron_MoMa_ROS2/install/tm_msgs/share/tm_msgs/msg/SvrResponse.msg
[8.178s] -- Symlinking: /home/gy/Omron_MoMa_ROS2/install/tm_msgs/share/tm_msgs/msg/SctResponse.msg
[8.188s] -- Symlinking: /home/gy/Omron_MoMa_ROS2/install/tm_msgs/share/tm_msgs/msg/StaResponse.msg
[8.209s] -- Symlinking: /home/gy/Omron_MoMa_ROS2/install/tm_msgs/share/tm_msgs/srv/ConnectTM.srv
[8.220s] -- Symlinking: /home/gy/Omron_MoMa_ROS2/install/tm_msgs/share/tm_msgs/srv/ConnectTM_Request.msg
[8.229s] -- Symlinking: /home/gy/Omron_MoMa_ROS2/install/tm_msgs/share/tm_msgs/srv/ConnectTM_Response.msg
[8.250s] -- Symlinking: /home/gy/Omron_MoMa_ROS2/install/tm_msgs/share/tm_msgs/srv/WriteItem.srv
[8.276s] -- Symlinking: /home/gy/Omron_MoMa_ROS2/install/tm_msgs/share/tm_msgs/srv/WriteItem_Request.msg
[8.294s] -- Symlinking: /home/gy/Omron_MoMa_ROS2/install/tm_msgs/share/tm_msgs/srv/WriteItem_Response.msg
[8.316s] -- Symlinking: /home/gy/Omron_MoMa_ROS2/install/tm_msgs/share/tm_msgs/srv/AskItem.srv
[8.331s] -- Symlinking: /home/gy/Omron_MoMa_ROS2/install/tm_msgs/share/tm_msgs/srv/AskItem_Request.msg
[8.356s] -- Symlinking: /home/gy/Omron_MoMa_ROS2/install/tm_msgs/share/tm_msgs/srv/AskItem_Response.msg
[8.387s] -- Symlinking: /home/gy/Omron_MoMa_ROS2/install/tm_msgs/share/tm_msgs/srv/SendScript.srv
[8.418s] -- Symlinking: /home/gy/Omron_MoMa_ROS2/install/tm_msgs/share/tm_msgs/srv/SendScript_Request.msg
[8.434s] -- Symlinking: /home/gy/Omron_MoMa_ROS2/install/tm_msgs/share/tm_msgs/srv/SendScript_Response.msg
[8.451s] -- Symlinking: /home/gy/Omron_MoMa_ROS2/install/tm_msgs/share/tm_msgs/srv/SetEvent.srv
[8.470s] -- Symlinking: /home/gy/Omron_MoMa_ROS2/install/tm_msgs/share/tm_msgs/srv/SetEvent_Request.msg
[8.504s] -- Symlinking: /home/gy/Omron_MoMa_ROS2/install/tm_msgs/share/tm_msgs/srv/SetEvent_Response.msg
[8.525s] -- Symlinking: /home/gy/Omron_MoMa_ROS2/install/tm_msgs/share/tm_msgs/srv/SetIO.srv
[8.545s] -- Symlinking: /home/gy/Omron_MoMa_ROS2/install/tm_msgs/share/tm_msgs/srv/SetIO_Request.msg
[8.566s] -- Symlinking: /home/gy/Omron_MoMa_ROS2/install/tm_msgs/share/tm_msgs/srv/SetIO_Response.msg
[8.587s] -- Symlinking: /home/gy/Omron_MoMa_ROS2/install/tm_msgs/share/tm_msgs/srv/SetPositions.srv
[8.613s] -- Symlinking: /home/gy/Omron_MoMa_ROS2/install/tm_msgs/share/tm_msgs/srv/SetPositions_Request.msg
[8.638s] -- Symlinking: /home/gy/Omron_MoMa_ROS2/install/tm_msgs/share/tm_msgs/srv/SetPositions_Response.msg
[8.659s] -- Symlinking: /home/gy/Omron_MoMa_ROS2/install/tm_msgs/share/tm_msgs/srv/AskSta.srv
[8.669s] -- Symlinking: /home/gy/Omron_MoMa_ROS2/install/tm_msgs/share/tm_msgs/srv/AskSta_Request.msg
[8.687s] -- Symlinking: /home/gy/Omron_MoMa_ROS2/install/tm_msgs/share/tm_msgs/srv/AskSta_Response.msg
[8.705s] -- Symlinking: /home/gy/Omron_MoMa_ROS2/install/tm_msgs/share/ament_index/resource_index/package_run_dependencies/tm_msgs
[8.727s] -- Symlinking: /home/gy/Omron_MoMa_ROS2/install/tm_msgs/share/ament_index/resource_index/parent_prefix_path/tm_msgs
[8.749s] -- Symlinking: /home/gy/Omron_MoMa_ROS2/install/tm_msgs/share/tm_msgs/environment/ament_prefix_path.sh
[8.768s] -- Symlinking: /home/gy/Omron_MoMa_ROS2/install/tm_msgs/share/tm_msgs/environment/ament_prefix_path.dsv
[8.793s] -- Symlinking: /home/gy/Omron_MoMa_ROS2/install/tm_msgs/share/tm_msgs/environment/path.sh
[8.815s] -- Symlinking: /home/gy/Omron_MoMa_ROS2/install/tm_msgs/share/tm_msgs/environment/path.dsv
[8.843s] -- Symlinking: /home/gy/Omron_MoMa_ROS2/install/tm_msgs/share/tm_msgs/local_setup.bash
[8.876s] -- Symlinking: /home/gy/Omron_MoMa_ROS2/install/tm_msgs/share/tm_msgs/local_setup.sh
[8.913s] -- Symlinking: /home/gy/Omron_MoMa_ROS2/install/tm_msgs/share/tm_msgs/local_setup.zsh
[8.935s] -- Symlinking: /home/gy/Omron_MoMa_ROS2/install/tm_msgs/share/tm_msgs/local_setup.dsv
[8.960s] -- Symlinking: /home/gy/Omron_MoMa_ROS2/install/tm_msgs/share/tm_msgs/package.dsv
[8.979s] -- Symlinking: /home/gy/Omron_MoMa_ROS2/install/tm_msgs/share/ament_index/resource_index/packages/tm_msgs
[9.002s] -- Symlinking: /home/gy/Omron_MoMa_ROS2/install/tm_msgs/share/tm_msgs/cmake/rosidl_cmake-extras.cmake
[9.028s] -- Symlinking: /home/gy/Omron_MoMa_ROS2/install/tm_msgs/share/tm_msgs/cmake/ament_cmake_export_dependencies-extras.cmake
[9.045s] -- Symlinking: /home/gy/Omron_MoMa_ROS2/install/tm_msgs/share/tm_msgs/cmake/ament_cmake_export_libraries-extras.cmake
[9.055s] -- Symlinking: /home/gy/Omron_MoMa_ROS2/install/tm_msgs/share/tm_msgs/cmake/ament_cmake_export_targets-extras.cmake
[9.067s] -- Symlinking: /home/gy/Omron_MoMa_ROS2/install/tm_msgs/share/tm_msgs/cmake/ament_cmake_export_include_directories-extras.cmake
[9.111s] -- Symlinking: /home/gy/Omron_MoMa_ROS2/install/tm_msgs/share/tm_msgs/cmake/rosidl_cmake_export_typesupport_libraries-extras.cmake
[9.115s] -- Symlinking: /home/gy/Omron_MoMa_ROS2/install/tm_msgs/share/tm_msgs/cmake/rosidl_cmake_export_typesupport_targets-extras.cmake
[9.128s] -- Symlinking: /home/gy/Omron_MoMa_ROS2/install/tm_msgs/share/tm_msgs/cmake/tm_msgsConfig.cmake
[9.137s] -- Symlinking: /home/gy/Omron_MoMa_ROS2/install/tm_msgs/share/tm_msgs/cmake/tm_msgsConfig-version.cmake
[9.164s] -- Symlinking: /home/gy/Omron_MoMa_ROS2/install/tm_msgs/share/tm_msgs/package.xml
[9.185s] -- Up-to-date: /home/gy/Omron_MoMa_ROS2/install/tm_msgs/lib/libtm_msgs__rosidl_generator_c.so
[9.185s] -- Up-to-date: /home/gy/Omron_MoMa_ROS2/install/tm_msgs/lib/libtm_msgs__rosidl_typesupport_introspection_c.so
[9.186s] -- Up-to-date: /home/gy/Omron_MoMa_ROS2/install/tm_msgs/lib/libtm_msgs__rosidl_typesupport_c.so
[9.186s] -- Up-to-date: /home/gy/Omron_MoMa_ROS2/install/tm_msgs/lib/libtm_msgs__rosidl_typesupport_introspection_cpp.so
[9.186s] -- Up-to-date: /home/gy/Omron_MoMa_ROS2/install/tm_msgs/lib/libtm_msgs__rosidl_typesupport_cpp.so
[9.269s] Compiling '/home/gy/Omron_MoMa_ROS2/install/tm_msgs/lib/python3.8/site-packages/tm_msgs/__init__.py'...
[9.274s] -- Up-to-date: /home/gy/Omron_MoMa_ROS2/install/tm_msgs/share/tm_msgs/cmake/tm_msgs__rosidl_generator_cExport.cmake
[9.274s] -- Installing: /home/gy/Omron_MoMa_ROS2/install/tm_msgs/share/tm_msgs/cmake/tm_msgs__rosidl_generator_cExport-noconfig.cmake
[9.275s] -- Up-to-date: /home/gy/Omron_MoMa_ROS2/install/tm_msgs/share/tm_msgs/cmake/tm_msgs__rosidl_typesupport_introspection_cExport.cmake
[9.275s] -- Installing: /home/gy/Omron_MoMa_ROS2/install/tm_msgs/share/tm_msgs/cmake/tm_msgs__rosidl_typesupport_introspection_cExport-noconfig.cmake
[9.276s] -- Up-to-date: /home/gy/Omron_MoMa_ROS2/install/tm_msgs/share/tm_msgs/cmake/tm_msgs__rosidl_typesupport_cExport.cmake
[9.276s] -- Installing: /home/gy/Omron_MoMa_ROS2/install/tm_msgs/share/tm_msgs/cmake/tm_msgs__rosidl_typesupport_cExport-noconfig.cmake
[9.277s] -- Up-to-date: /home/gy/Omron_MoMa_ROS2/install/tm_msgs/share/tm_msgs/cmake/tm_msgs__rosidl_generator_cppExport.cmake
[9.277s] -- Up-to-date: /home/gy/Omron_MoMa_ROS2/install/tm_msgs/share/tm_msgs/cmake/tm_msgs__rosidl_typesupport_introspection_cppExport.cmake
[9.277s] -- Installing: /home/gy/Omron_MoMa_ROS2/install/tm_msgs/share/tm_msgs/cmake/tm_msgs__rosidl_typesupport_introspection_cppExport-noconfig.cmake
[9.278s] -- Up-to-date: /home/gy/Omron_MoMa_ROS2/install/tm_msgs/share/tm_msgs/cmake/tm_msgs__rosidl_typesupport_cppExport.cmake
[9.278s] -- Installing: /home/gy/Omron_MoMa_ROS2/install/tm_msgs/share/tm_msgs/cmake/tm_msgs__rosidl_typesupport_cppExport-noconfig.cmake
[9.454s] Invoked command in '/home/gy/Omron_MoMa_ROS2/build/tm_msgs' returned '0': CMAKE_PREFIX_PATH=/opt/ros/foxy /usr/bin/cmake --install /home/gy/Omron_MoMa_ROS2/build/tm_msgs
