-- Found ament_cmake: 0.9.8 (/opt/ros/foxy/share/ament_cmake/cmake)
-- Found PythonInterp: /usr/bin/python3 (found suitable version "3.8.5", minimum required is "3") 
-- Using PYTHON_EXECUTABLE: /usr/bin/python3
-- Override CMake install command with custom implementation using symlinks instead of copying resources
-- Found std_msgs: 2.0.4 (/opt/ros/foxy/share/std_msgs/cmake)
-- Using all available rosidl_typesupport_c: rosidl_typesupport_fastrtps_c;rosidl_typesupport_introspection_c
-- Found rosidl_adapter: 1.2.1 (/opt/ros/foxy/share/rosidl_adapter/cmake)
-- Using all available rosidl_typesupport_cpp: rosidl_typesupport_fastrtps_cpp;rosidl_typesupport_introspection_cpp
-- Found rosidl_default_generators: 1.0.1 (/opt/ros/foxy/share/rosidl_default_generators/cmake)
-- Found PythonInterp: /usr/bin/python3 (found version "3.8.5") 
-- Found ament_cmake_ros: 0.9.1 (/opt/ros/foxy/share/ament_cmake_ros/cmake)
-- Using all available rosidl_typesupport_c: rosidl_typesupport_fastrtps_c;rosidl_typesupport_introspection_c
-- Using all available rosidl_typesupport_cpp: rosidl_typesupport_fastrtps_cpp;rosidl_typesupport_introspection_cpp
-- Found PythonInterp: /usr/bin/python3 (found suitable version "3.8.5", minimum required is "3.5") 
-- Found python_cmake_module: 0.8.1 (/opt/ros/foxy/share/python_cmake_module/cmake)
-- Using PYTHON_EXECUTABLE: /usr/bin/python3
-- Using PYTHON_INCLUDE_DIRS: /usr/include/python3.8
-- Using PYTHON_LIBRARIES: /usr/lib/x86_64-linux-gnu/libpython3.8.so
-- Configuring done
-- Generating done
-- Build files have been written to: /home/gy/Omron_MoMa_ROS2/build/tmr_msgs
[  0%] Built target tmr_msgs__cpp
[ 12%] Built target tmr_msgs__rosidl_generator_c
[ 24%] Built target tmr_msgs__rosidl_typesupport_introspection_cpp
[ 25%] [32m[1mLinking CXX shared library libtmr_msgs__rosidl_typesupport_fastrtps_cpp.so[0m
[ 37%] Built target tmr_msgs__rosidl_typesupport_cpp
[ 49%] Built target tmr_msgs__rosidl_typesupport_introspection_c
[ 61%] Built target tmr_msgs__rosidl_typesupport_c
[ 71%] Built target tmr_msgs__rosidl_typesupport_fastrtps_cpp
[ 72%] [32m[1mLinking CXX shared library libtmr_msgs__rosidl_typesupport_fastrtps_c.so[0m
[ 83%] Built target tmr_msgs__rosidl_typesupport_fastrtps_c
[ 83%] Built target tmr_msgs
[ 84%] Built target tmr_msgs__py
[ 85%] [32m[1mLinking C shared library rosidl_generator_py/tmr_msgs/libtmr_msgs__python.so[0m
[ 95%] Built target tmr_msgs__python
[ 96%] [32m[1mLinking CXX shared library rosidl_generator_py/tmr_msgs/tmr_msgs_s__rosidl_typesupport_fastrtps_c.cpython-38-x86_64-linux-gnu.so[0m
[ 97%] [32m[1mLinking C shared library rosidl_generator_py/tmr_msgs/tmr_msgs_s__rosidl_typesupport_c.cpython-38-x86_64-linux-gnu.so[0m
[ 98%] [32m[1mLinking C shared library rosidl_generator_py/tmr_msgs/tmr_msgs_s__rosidl_typesupport_introspection_c.cpython-38-x86_64-linux-gnu.so[0m
[ 99%] Built target tmr_msgs__rosidl_typesupport_introspection_c__pyext
[ 99%] Built target tmr_msgs__rosidl_typesupport_c__pyext
[100%] Built target tmr_msgs__rosidl_typesupport_fastrtps_c__pyext
-- Install configuration: ""
-- Execute custom install script
-- Symlinking: /home/gy/Omron_MoMa_ROS2/install/tmr_msgs/share/ament_index/resource_index/rosidl_interfaces/tmr_msgs
-- Symlinking: /home/gy/Omron_MoMa_ROS2/install/tmr_msgs/include/tmr_msgs/msg/detail/feedback_state__functions.h
-- Symlinking: /home/gy/Omron_MoMa_ROS2/install/tmr_msgs/include/tmr_msgs/msg/detail/feedback_state__struct.h
-- Symlinking: /home/gy/Omron_MoMa_ROS2/install/tmr_msgs/include/tmr_msgs/msg/detail/feedback_state__type_support.h
-- Symlinking: /home/gy/Omron_MoMa_ROS2/install/tmr_msgs/include/tmr_msgs/msg/detail/sct_response__functions.h
-- Symlinking: /home/gy/Omron_MoMa_ROS2/install/tmr_msgs/include/tmr_msgs/msg/detail/sct_response__struct.h
-- Symlinking: /home/gy/Omron_MoMa_ROS2/install/tmr_msgs/include/tmr_msgs/msg/detail/sct_response__type_support.h
-- Symlinking: /home/gy/Omron_MoMa_ROS2/install/tmr_msgs/include/tmr_msgs/msg/detail/sta_response__functions.h
-- Symlinking: /home/gy/Omron_MoMa_ROS2/install/tmr_msgs/include/tmr_msgs/msg/detail/sta_response__struct.h
-- Symlinking: /home/gy/Omron_MoMa_ROS2/install/tmr_msgs/include/tmr_msgs/msg/detail/sta_response__type_support.h
-- Symlinking: /home/gy/Omron_MoMa_ROS2/install/tmr_msgs/include/tmr_msgs/msg/detail/svr_response__functions.h
-- Symlinking: /home/gy/Omron_MoMa_ROS2/install/tmr_msgs/include/tmr_msgs/msg/detail/svr_response__struct.h
-- Symlinking: /home/gy/Omron_MoMa_ROS2/install/tmr_msgs/include/tmr_msgs/msg/detail/svr_response__type_support.h
-- Symlinking: /home/gy/Omron_MoMa_ROS2/install/tmr_msgs/include/tmr_msgs/msg/feedback_state.h
-- Symlinking: /home/gy/Omron_MoMa_ROS2/install/tmr_msgs/include/tmr_msgs/msg/rosidl_generator_c__visibility_control.h
-- Symlinking: /home/gy/Omron_MoMa_ROS2/install/tmr_msgs/include/tmr_msgs/msg/sct_response.h
-- Symlinking: /home/gy/Omron_MoMa_ROS2/install/tmr_msgs/include/tmr_msgs/msg/sta_response.h
-- Symlinking: /home/gy/Omron_MoMa_ROS2/install/tmr_msgs/include/tmr_msgs/msg/svr_response.h
-- Symlinking: /home/gy/Omron_MoMa_ROS2/install/tmr_msgs/include/tmr_msgs/srv/ask_item.h
-- Symlinking: /home/gy/Omron_MoMa_ROS2/install/tmr_msgs/include/tmr_msgs/srv/ask_sta.h
-- Symlinking: /home/gy/Omron_MoMa_ROS2/install/tmr_msgs/include/tmr_msgs/srv/connect_tm.h
-- Symlinking: /home/gy/Omron_MoMa_ROS2/install/tmr_msgs/include/tmr_msgs/srv/detail/ask_item__functions.h
-- Symlinking: /home/gy/Omron_MoMa_ROS2/install/tmr_msgs/include/tmr_msgs/srv/detail/ask_item__struct.h
-- Symlinking: /home/gy/Omron_MoMa_ROS2/install/tmr_msgs/include/tmr_msgs/srv/detail/ask_item__type_support.h
-- Symlinking: /home/gy/Omron_MoMa_ROS2/install/tmr_msgs/include/tmr_msgs/srv/detail/ask_sta__functions.h
-- Symlinking: /home/gy/Omron_MoMa_ROS2/install/tmr_msgs/include/tmr_msgs/srv/detail/ask_sta__struct.h
-- Symlinking: /home/gy/Omron_MoMa_ROS2/install/tmr_msgs/include/tmr_msgs/srv/detail/ask_sta__type_support.h
-- Symlinking: /home/gy/Omron_MoMa_ROS2/install/tmr_msgs/include/tmr_msgs/srv/detail/connect_tm__functions.h
-- Symlinking: /home/gy/Omron_MoMa_ROS2/install/tmr_msgs/include/tmr_msgs/srv/detail/connect_tm__struct.h
-- Symlinking: /home/gy/Omron_MoMa_ROS2/install/tmr_msgs/include/tmr_msgs/srv/detail/connect_tm__type_support.h
-- Symlinking: /home/gy/Omron_MoMa_ROS2/install/tmr_msgs/include/tmr_msgs/srv/detail/send_script__functions.h
-- Symlinking: /home/gy/Omron_MoMa_ROS2/install/tmr_msgs/include/tmr_msgs/srv/detail/send_script__struct.h
-- Symlinking: /home/gy/Omron_MoMa_ROS2/install/tmr_msgs/include/tmr_msgs/srv/detail/send_script__type_support.h
-- Symlinking: /home/gy/Omron_MoMa_ROS2/install/tmr_msgs/include/tmr_msgs/srv/detail/set_event__functions.h
-- Symlinking: /home/gy/Omron_MoMa_ROS2/install/tmr_msgs/include/tmr_msgs/srv/detail/set_event__struct.h
-- Symlinking: /home/gy/Omron_MoMa_ROS2/install/tmr_msgs/include/tmr_msgs/srv/detail/set_event__type_support.h
-- Symlinking: /home/gy/Omron_MoMa_ROS2/install/tmr_msgs/include/tmr_msgs/srv/detail/set_io__functions.h
-- Symlinking: /home/gy/Omron_MoMa_ROS2/install/tmr_msgs/include/tmr_msgs/srv/detail/set_io__struct.h
-- Symlinking: /home/gy/Omron_MoMa_ROS2/install/tmr_msgs/include/tmr_msgs/srv/detail/set_io__type_support.h
-- Symlinking: /home/gy/Omron_MoMa_ROS2/install/tmr_msgs/include/tmr_msgs/srv/detail/set_positions__functions.h
-- Symlinking: /home/gy/Omron_MoMa_ROS2/install/tmr_msgs/include/tmr_msgs/srv/detail/set_positions__struct.h
-- Symlinking: /home/gy/Omron_MoMa_ROS2/install/tmr_msgs/include/tmr_msgs/srv/detail/set_positions__type_support.h
-- Symlinking: /home/gy/Omron_MoMa_ROS2/install/tmr_msgs/include/tmr_msgs/srv/detail/write_item__functions.h
-- Symlinking: /home/gy/Omron_MoMa_ROS2/install/tmr_msgs/include/tmr_msgs/srv/detail/write_item__struct.h
-- Symlinking: /home/gy/Omron_MoMa_ROS2/install/tmr_msgs/include/tmr_msgs/srv/detail/write_item__type_support.h
-- Symlinking: /home/gy/Omron_MoMa_ROS2/install/tmr_msgs/include/tmr_msgs/srv/send_script.h
-- Symlinking: /home/gy/Omron_MoMa_ROS2/install/tmr_msgs/include/tmr_msgs/srv/set_event.h
-- Symlinking: /home/gy/Omron_MoMa_ROS2/install/tmr_msgs/include/tmr_msgs/srv/set_io.h
-- Symlinking: /home/gy/Omron_MoMa_ROS2/install/tmr_msgs/include/tmr_msgs/srv/set_positions.h
-- Symlinking: /home/gy/Omron_MoMa_ROS2/install/tmr_msgs/include/tmr_msgs/srv/write_item.h
-- Symlinking: /home/gy/Omron_MoMa_ROS2/install/tmr_msgs/share/tmr_msgs/environment/library_path.sh
-- Symlinking: /home/gy/Omron_MoMa_ROS2/install/tmr_msgs/share/tmr_msgs/environment/library_path.dsv
-- Symlinking: /home/gy/Omron_MoMa_ROS2/install/tmr_msgs/include/tmr_msgs/msg/detail/feedback_state__rosidl_typesupport_fastrtps_c.h
-- Symlinking: /home/gy/Omron_MoMa_ROS2/install/tmr_msgs/include/tmr_msgs/msg/detail/sct_response__rosidl_typesupport_fastrtps_c.h
-- Symlinking: /home/gy/Omron_MoMa_ROS2/install/tmr_msgs/include/tmr_msgs/msg/detail/sta_response__rosidl_typesupport_fastrtps_c.h
-- Symlinking: /home/gy/Omron_MoMa_ROS2/install/tmr_msgs/include/tmr_msgs/msg/detail/svr_response__rosidl_typesupport_fastrtps_c.h
-- Symlinking: /home/gy/Omron_MoMa_ROS2/install/tmr_msgs/include/tmr_msgs/msg/rosidl_typesupport_fastrtps_c__visibility_control.h
-- Symlinking: /home/gy/Omron_MoMa_ROS2/install/tmr_msgs/include/tmr_msgs/srv/detail/ask_item__rosidl_typesupport_fastrtps_c.h
-- Symlinking: /home/gy/Omron_MoMa_ROS2/install/tmr_msgs/include/tmr_msgs/srv/detail/ask_sta__rosidl_typesupport_fastrtps_c.h
-- Symlinking: /home/gy/Omron_MoMa_ROS2/install/tmr_msgs/include/tmr_msgs/srv/detail/connect_tm__rosidl_typesupport_fastrtps_c.h
-- Symlinking: /home/gy/Omron_MoMa_ROS2/install/tmr_msgs/include/tmr_msgs/srv/detail/send_script__rosidl_typesupport_fastrtps_c.h
-- Symlinking: /home/gy/Omron_MoMa_ROS2/install/tmr_msgs/include/tmr_msgs/srv/detail/set_event__rosidl_typesupport_fastrtps_c.h
-- Symlinking: /home/gy/Omron_MoMa_ROS2/install/tmr_msgs/include/tmr_msgs/srv/detail/set_io__rosidl_typesupport_fastrtps_c.h
-- Symlinking: /home/gy/Omron_MoMa_ROS2/install/tmr_msgs/include/tmr_msgs/srv/detail/set_positions__rosidl_typesupport_fastrtps_c.h
-- Symlinking: /home/gy/Omron_MoMa_ROS2/install/tmr_msgs/include/tmr_msgs/srv/detail/write_item__rosidl_typesupport_fastrtps_c.h
-- Symlinking: /home/gy/Omron_MoMa_ROS2/install/tmr_msgs/lib/libtmr_msgs__rosidl_typesupport_fastrtps_c.so
-- Symlinking: /home/gy/Omron_MoMa_ROS2/install/tmr_msgs/include/tmr_msgs/msg/detail/feedback_state__rosidl_typesupport_fastrtps_cpp.hpp
-- Symlinking: /home/gy/Omron_MoMa_ROS2/install/tmr_msgs/include/tmr_msgs/msg/detail/sct_response__rosidl_typesupport_fastrtps_cpp.hpp
-- Symlinking: /home/gy/Omron_MoMa_ROS2/install/tmr_msgs/include/tmr_msgs/msg/detail/sta_response__rosidl_typesupport_fastrtps_cpp.hpp
-- Symlinking: /home/gy/Omron_MoMa_ROS2/install/tmr_msgs/include/tmr_msgs/msg/detail/svr_response__rosidl_typesupport_fastrtps_cpp.hpp
-- Symlinking: /home/gy/Omron_MoMa_ROS2/install/tmr_msgs/include/tmr_msgs/msg/rosidl_typesupport_fastrtps_cpp__visibility_control.h
-- Symlinking: /home/gy/Omron_MoMa_ROS2/install/tmr_msgs/include/tmr_msgs/srv/detail/ask_item__rosidl_typesupport_fastrtps_cpp.hpp
-- Symlinking: /home/gy/Omron_MoMa_ROS2/install/tmr_msgs/include/tmr_msgs/srv/detail/ask_sta__rosidl_typesupport_fastrtps_cpp.hpp
-- Symlinking: /home/gy/Omron_MoMa_ROS2/install/tmr_msgs/include/tmr_msgs/srv/detail/connect_tm__rosidl_typesupport_fastrtps_cpp.hpp
-- Symlinking: /home/gy/Omron_MoMa_ROS2/install/tmr_msgs/include/tmr_msgs/srv/detail/send_script__rosidl_typesupport_fastrtps_cpp.hpp
-- Symlinking: /home/gy/Omron_MoMa_ROS2/install/tmr_msgs/include/tmr_msgs/srv/detail/set_event__rosidl_typesupport_fastrtps_cpp.hpp
-- Symlinking: /home/gy/Omron_MoMa_ROS2/install/tmr_msgs/include/tmr_msgs/srv/detail/set_io__rosidl_typesupport_fastrtps_cpp.hpp
-- Symlinking: /home/gy/Omron_MoMa_ROS2/install/tmr_msgs/include/tmr_msgs/srv/detail/set_positions__rosidl_typesupport_fastrtps_cpp.hpp
-- Symlinking: /home/gy/Omron_MoMa_ROS2/install/tmr_msgs/include/tmr_msgs/srv/detail/write_item__rosidl_typesupport_fastrtps_cpp.hpp
-- Symlinking: /home/gy/Omron_MoMa_ROS2/install/tmr_msgs/lib/libtmr_msgs__rosidl_typesupport_fastrtps_cpp.so
-- Symlinking: /home/gy/Omron_MoMa_ROS2/install/tmr_msgs/include/tmr_msgs/msg/detail/feedback_state__rosidl_typesupport_introspection_c.h
-- Symlinking: /home/gy/Omron_MoMa_ROS2/install/tmr_msgs/include/tmr_msgs/msg/detail/sct_response__rosidl_typesupport_introspection_c.h
-- Symlinking: /home/gy/Omron_MoMa_ROS2/install/tmr_msgs/include/tmr_msgs/msg/detail/sta_response__rosidl_typesupport_introspection_c.h
-- Symlinking: /home/gy/Omron_MoMa_ROS2/install/tmr_msgs/include/tmr_msgs/msg/detail/svr_response__rosidl_typesupport_introspection_c.h
-- Symlinking: /home/gy/Omron_MoMa_ROS2/install/tmr_msgs/include/tmr_msgs/msg/rosidl_typesupport_introspection_c__visibility_control.h
-- Symlinking: /home/gy/Omron_MoMa_ROS2/install/tmr_msgs/include/tmr_msgs/srv/detail/ask_item__rosidl_typesupport_introspection_c.h
-- Symlinking: /home/gy/Omron_MoMa_ROS2/install/tmr_msgs/include/tmr_msgs/srv/detail/ask_sta__rosidl_typesupport_introspection_c.h
-- Symlinking: /home/gy/Omron_MoMa_ROS2/install/tmr_msgs/include/tmr_msgs/srv/detail/connect_tm__rosidl_typesupport_introspection_c.h
-- Symlinking: /home/gy/Omron_MoMa_ROS2/install/tmr_msgs/include/tmr_msgs/srv/detail/send_script__rosidl_typesupport_introspection_c.h
-- Symlinking: /home/gy/Omron_MoMa_ROS2/install/tmr_msgs/include/tmr_msgs/srv/detail/set_event__rosidl_typesupport_introspection_c.h
-- Symlinking: /home/gy/Omron_MoMa_ROS2/install/tmr_msgs/include/tmr_msgs/srv/detail/set_io__rosidl_typesupport_introspection_c.h
-- Symlinking: /home/gy/Omron_MoMa_ROS2/install/tmr_msgs/include/tmr_msgs/srv/detail/set_positions__rosidl_typesupport_introspection_c.h
-- Symlinking: /home/gy/Omron_MoMa_ROS2/install/tmr_msgs/include/tmr_msgs/srv/detail/write_item__rosidl_typesupport_introspection_c.h
-- Symlinking: /home/gy/Omron_MoMa_ROS2/install/tmr_msgs/include/tmr_msgs/msg/detail/feedback_state__builder.hpp
-- Symlinking: /home/gy/Omron_MoMa_ROS2/install/tmr_msgs/include/tmr_msgs/msg/detail/feedback_state__struct.hpp
-- Symlinking: /home/gy/Omron_MoMa_ROS2/install/tmr_msgs/include/tmr_msgs/msg/detail/feedback_state__traits.hpp
-- Symlinking: /home/gy/Omron_MoMa_ROS2/install/tmr_msgs/include/tmr_msgs/msg/detail/sct_response__builder.hpp
-- Symlinking: /home/gy/Omron_MoMa_ROS2/install/tmr_msgs/include/tmr_msgs/msg/detail/sct_response__struct.hpp
-- Symlinking: /home/gy/Omron_MoMa_ROS2/install/tmr_msgs/include/tmr_msgs/msg/detail/sct_response__traits.hpp
-- Symlinking: /home/gy/Omron_MoMa_ROS2/install/tmr_msgs/include/tmr_msgs/msg/detail/sta_response__builder.hpp
-- Symlinking: /home/gy/Omron_MoMa_ROS2/install/tmr_msgs/include/tmr_msgs/msg/detail/sta_response__struct.hpp
-- Symlinking: /home/gy/Omron_MoMa_ROS2/install/tmr_msgs/include/tmr_msgs/msg/detail/sta_response__traits.hpp
-- Symlinking: /home/gy/Omron_MoMa_ROS2/install/tmr_msgs/include/tmr_msgs/msg/detail/svr_response__builder.hpp
-- Symlinking: /home/gy/Omron_MoMa_ROS2/install/tmr_msgs/include/tmr_msgs/msg/detail/svr_response__struct.hpp
-- Symlinking: /home/gy/Omron_MoMa_ROS2/install/tmr_msgs/include/tmr_msgs/msg/detail/svr_response__traits.hpp
-- Symlinking: /home/gy/Omron_MoMa_ROS2/install/tmr_msgs/include/tmr_msgs/msg/feedback_state.hpp
-- Symlinking: /home/gy/Omron_MoMa_ROS2/install/tmr_msgs/include/tmr_msgs/msg/sct_response.hpp
-- Symlinking: /home/gy/Omron_MoMa_ROS2/install/tmr_msgs/include/tmr_msgs/msg/sta_response.hpp
-- Symlinking: /home/gy/Omron_MoMa_ROS2/install/tmr_msgs/include/tmr_msgs/msg/svr_response.hpp
-- Symlinking: /home/gy/Omron_MoMa_ROS2/install/tmr_msgs/include/tmr_msgs/srv/ask_item.hpp
-- Symlinking: /home/gy/Omron_MoMa_ROS2/install/tmr_msgs/include/tmr_msgs/srv/ask_sta.hpp
-- Symlinking: /home/gy/Omron_MoMa_ROS2/install/tmr_msgs/include/tmr_msgs/srv/connect_tm.hpp
-- Symlinking: /home/gy/Omron_MoMa_ROS2/install/tmr_msgs/include/tmr_msgs/srv/detail/ask_item__builder.hpp
-- Symlinking: /home/gy/Omron_MoMa_ROS2/install/tmr_msgs/include/tmr_msgs/srv/detail/ask_item__struct.hpp
-- Symlinking: /home/gy/Omron_MoMa_ROS2/install/tmr_msgs/include/tmr_msgs/srv/detail/ask_item__traits.hpp
-- Symlinking: /home/gy/Omron_MoMa_ROS2/install/tmr_msgs/include/tmr_msgs/srv/detail/ask_sta__builder.hpp
-- Symlinking: /home/gy/Omron_MoMa_ROS2/install/tmr_msgs/include/tmr_msgs/srv/detail/ask_sta__struct.hpp
-- Symlinking: /home/gy/Omron_MoMa_ROS2/install/tmr_msgs/include/tmr_msgs/srv/detail/ask_sta__traits.hpp
-- Symlinking: /home/gy/Omron_MoMa_ROS2/install/tmr_msgs/include/tmr_msgs/srv/detail/connect_tm__builder.hpp
-- Symlinking: /home/gy/Omron_MoMa_ROS2/install/tmr_msgs/include/tmr_msgs/srv/detail/connect_tm__struct.hpp
-- Symlinking: /home/gy/Omron_MoMa_ROS2/install/tmr_msgs/include/tmr_msgs/srv/detail/connect_tm__traits.hpp
-- Symlinking: /home/gy/Omron_MoMa_ROS2/install/tmr_msgs/include/tmr_msgs/srv/detail/send_script__builder.hpp
-- Symlinking: /home/gy/Omron_MoMa_ROS2/install/tmr_msgs/include/tmr_msgs/srv/detail/send_script__struct.hpp
-- Symlinking: /home/gy/Omron_MoMa_ROS2/install/tmr_msgs/include/tmr_msgs/srv/detail/send_script__traits.hpp
-- Symlinking: /home/gy/Omron_MoMa_ROS2/install/tmr_msgs/include/tmr_msgs/srv/detail/set_event__builder.hpp
-- Symlinking: /home/gy/Omron_MoMa_ROS2/install/tmr_msgs/include/tmr_msgs/srv/detail/set_event__struct.hpp
-- Symlinking: /home/gy/Omron_MoMa_ROS2/install/tmr_msgs/include/tmr_msgs/srv/detail/set_event__traits.hpp
-- Symlinking: /home/gy/Omron_MoMa_ROS2/install/tmr_msgs/include/tmr_msgs/srv/detail/set_io__builder.hpp
-- Symlinking: /home/gy/Omron_MoMa_ROS2/install/tmr_msgs/include/tmr_msgs/srv/detail/set_io__struct.hpp
-- Symlinking: /home/gy/Omron_MoMa_ROS2/install/tmr_msgs/include/tmr_msgs/srv/detail/set_io__traits.hpp
-- Symlinking: /home/gy/Omron_MoMa_ROS2/install/tmr_msgs/include/tmr_msgs/srv/detail/set_positions__builder.hpp
-- Symlinking: /home/gy/Omron_MoMa_ROS2/install/tmr_msgs/include/tmr_msgs/srv/detail/set_positions__struct.hpp
-- Symlinking: /home/gy/Omron_MoMa_ROS2/install/tmr_msgs/include/tmr_msgs/srv/detail/set_positions__traits.hpp
-- Symlinking: /home/gy/Omron_MoMa_ROS2/install/tmr_msgs/include/tmr_msgs/srv/detail/write_item__builder.hpp
-- Symlinking: /home/gy/Omron_MoMa_ROS2/install/tmr_msgs/include/tmr_msgs/srv/detail/write_item__struct.hpp
-- Symlinking: /home/gy/Omron_MoMa_ROS2/install/tmr_msgs/include/tmr_msgs/srv/detail/write_item__traits.hpp
-- Symlinking: /home/gy/Omron_MoMa_ROS2/install/tmr_msgs/include/tmr_msgs/srv/send_script.hpp
-- Symlinking: /home/gy/Omron_MoMa_ROS2/install/tmr_msgs/include/tmr_msgs/srv/set_event.hpp
-- Symlinking: /home/gy/Omron_MoMa_ROS2/install/tmr_msgs/include/tmr_msgs/srv/set_io.hpp
-- Symlinking: /home/gy/Omron_MoMa_ROS2/install/tmr_msgs/include/tmr_msgs/srv/set_positions.hpp
-- Symlinking: /home/gy/Omron_MoMa_ROS2/install/tmr_msgs/include/tmr_msgs/srv/write_item.hpp
-- Symlinking: /home/gy/Omron_MoMa_ROS2/install/tmr_msgs/include/tmr_msgs/msg/detail/feedback_state__rosidl_typesupport_introspection_cpp.hpp
-- Symlinking: /home/gy/Omron_MoMa_ROS2/install/tmr_msgs/include/tmr_msgs/msg/detail/sct_response__rosidl_typesupport_introspection_cpp.hpp
-- Symlinking: /home/gy/Omron_MoMa_ROS2/install/tmr_msgs/include/tmr_msgs/msg/detail/sta_response__rosidl_typesupport_introspection_cpp.hpp
-- Symlinking: /home/gy/Omron_MoMa_ROS2/install/tmr_msgs/include/tmr_msgs/msg/detail/svr_response__rosidl_typesupport_introspection_cpp.hpp
-- Symlinking: /home/gy/Omron_MoMa_ROS2/install/tmr_msgs/include/tmr_msgs/srv/detail/ask_item__rosidl_typesupport_introspection_cpp.hpp
-- Symlinking: /home/gy/Omron_MoMa_ROS2/install/tmr_msgs/include/tmr_msgs/srv/detail/ask_sta__rosidl_typesupport_introspection_cpp.hpp
-- Symlinking: /home/gy/Omron_MoMa_ROS2/install/tmr_msgs/include/tmr_msgs/srv/detail/connect_tm__rosidl_typesupport_introspection_cpp.hpp
-- Symlinking: /home/gy/Omron_MoMa_ROS2/install/tmr_msgs/include/tmr_msgs/srv/detail/send_script__rosidl_typesupport_introspection_cpp.hpp
-- Symlinking: /home/gy/Omron_MoMa_ROS2/install/tmr_msgs/include/tmr_msgs/srv/detail/set_event__rosidl_typesupport_introspection_cpp.hpp
-- Symlinking: /home/gy/Omron_MoMa_ROS2/install/tmr_msgs/include/tmr_msgs/srv/detail/set_io__rosidl_typesupport_introspection_cpp.hpp
-- Symlinking: /home/gy/Omron_MoMa_ROS2/install/tmr_msgs/include/tmr_msgs/srv/detail/set_positions__rosidl_typesupport_introspection_cpp.hpp
-- Symlinking: /home/gy/Omron_MoMa_ROS2/install/tmr_msgs/include/tmr_msgs/srv/detail/write_item__rosidl_typesupport_introspection_cpp.hpp
-- Symlinking: /home/gy/Omron_MoMa_ROS2/install/tmr_msgs/share/tmr_msgs/environment/pythonpath.sh
-- Symlinking: /home/gy/Omron_MoMa_ROS2/install/tmr_msgs/share/tmr_msgs/environment/pythonpath.dsv
-- Symlinking: /home/gy/Omron_MoMa_ROS2/install/tmr_msgs/lib/python3.8/site-packages/tmr_msgs/__init__.py
-- Symlinking: /home/gy/Omron_MoMa_ROS2/install/tmr_msgs/lib/python3.8/site-packages/tmr_msgs/msg/__init__.py
-- Symlinking: /home/gy/Omron_MoMa_ROS2/install/tmr_msgs/lib/python3.8/site-packages/tmr_msgs/msg/_feedback_state.py
-- Symlinking: /home/gy/Omron_MoMa_ROS2/install/tmr_msgs/lib/python3.8/site-packages/tmr_msgs/msg/_sct_response.py
-- Symlinking: /home/gy/Omron_MoMa_ROS2/install/tmr_msgs/lib/python3.8/site-packages/tmr_msgs/msg/_sta_response.py
-- Symlinking: /home/gy/Omron_MoMa_ROS2/install/tmr_msgs/lib/python3.8/site-packages/tmr_msgs/msg/_svr_response.py
-- Symlinking: /home/gy/Omron_MoMa_ROS2/install/tmr_msgs/lib/python3.8/site-packages/tmr_msgs/srv/__init__.py
-- Symlinking: /home/gy/Omron_MoMa_ROS2/install/tmr_msgs/lib/python3.8/site-packages/tmr_msgs/srv/_ask_item.py
-- Symlinking: /home/gy/Omron_MoMa_ROS2/install/tmr_msgs/lib/python3.8/site-packages/tmr_msgs/srv/_ask_sta.py
-- Symlinking: /home/gy/Omron_MoMa_ROS2/install/tmr_msgs/lib/python3.8/site-packages/tmr_msgs/srv/_connect_tm.py
-- Symlinking: /home/gy/Omron_MoMa_ROS2/install/tmr_msgs/lib/python3.8/site-packages/tmr_msgs/srv/_send_script.py
-- Symlinking: /home/gy/Omron_MoMa_ROS2/install/tmr_msgs/lib/python3.8/site-packages/tmr_msgs/srv/_set_event.py
-- Symlinking: /home/gy/Omron_MoMa_ROS2/install/tmr_msgs/lib/python3.8/site-packages/tmr_msgs/srv/_set_io.py
-- Symlinking: /home/gy/Omron_MoMa_ROS2/install/tmr_msgs/lib/python3.8/site-packages/tmr_msgs/srv/_set_positions.py
-- Symlinking: /home/gy/Omron_MoMa_ROS2/install/tmr_msgs/lib/python3.8/site-packages/tmr_msgs/srv/_write_item.py
-- Symlinking: /home/gy/Omron_MoMa_ROS2/install/tmr_msgs/lib/python3.8/site-packages/tmr_msgs/tmr_msgs_s__rosidl_typesupport_fastrtps_c.cpython-38-x86_64-linux-gnu.so
-- Symlinking: /home/gy/Omron_MoMa_ROS2/install/tmr_msgs/lib/python3.8/site-packages/tmr_msgs/tmr_msgs_s__rosidl_typesupport_introspection_c.cpython-38-x86_64-linux-gnu.so
-- Symlinking: /home/gy/Omron_MoMa_ROS2/install/tmr_msgs/lib/python3.8/site-packages/tmr_msgs/tmr_msgs_s__rosidl_typesupport_c.cpython-38-x86_64-linux-gnu.so
-- Symlinking: /home/gy/Omron_MoMa_ROS2/install/tmr_msgs/lib/libtmr_msgs__python.so
-- Symlinking: /home/gy/Omron_MoMa_ROS2/install/tmr_msgs/share/tmr_msgs/msg/FeedbackState.idl
-- Symlinking: /home/gy/Omron_MoMa_ROS2/install/tmr_msgs/share/tmr_msgs/msg/SvrResponse.idl
-- Symlinking: /home/gy/Omron_MoMa_ROS2/install/tmr_msgs/share/tmr_msgs/msg/SctResponse.idl
-- Symlinking: /home/gy/Omron_MoMa_ROS2/install/tmr_msgs/share/tmr_msgs/msg/StaResponse.idl
-- Symlinking: /home/gy/Omron_MoMa_ROS2/install/tmr_msgs/share/tmr_msgs/srv/ConnectTM.idl
-- Symlinking: /home/gy/Omron_MoMa_ROS2/install/tmr_msgs/share/tmr_msgs/srv/WriteItem.idl
-- Symlinking: /home/gy/Omron_MoMa_ROS2/install/tmr_msgs/share/tmr_msgs/srv/AskItem.idl
-- Symlinking: /home/gy/Omron_MoMa_ROS2/install/tmr_msgs/share/tmr_msgs/srv/SendScript.idl
-- Symlinking: /home/gy/Omron_MoMa_ROS2/install/tmr_msgs/share/tmr_msgs/srv/SetEvent.idl
-- Symlinking: /home/gy/Omron_MoMa_ROS2/install/tmr_msgs/share/tmr_msgs/srv/SetIO.idl
-- Symlinking: /home/gy/Omron_MoMa_ROS2/install/tmr_msgs/share/tmr_msgs/srv/SetPositions.idl
-- Symlinking: /home/gy/Omron_MoMa_ROS2/install/tmr_msgs/share/tmr_msgs/srv/AskSta.idl
-- Symlinking: /home/gy/Omron_MoMa_ROS2/install/tmr_msgs/share/tmr_msgs/msg/FeedbackState.msg
-- Symlinking: /home/gy/Omron_MoMa_ROS2/install/tmr_msgs/share/tmr_msgs/msg/SvrResponse.msg
-- Symlinking: /home/gy/Omron_MoMa_ROS2/install/tmr_msgs/share/tmr_msgs/msg/SctResponse.msg
-- Symlinking: /home/gy/Omron_MoMa_ROS2/install/tmr_msgs/share/tmr_msgs/msg/StaResponse.msg
-- Symlinking: /home/gy/Omron_MoMa_ROS2/install/tmr_msgs/share/tmr_msgs/srv/ConnectTM.srv
-- Symlinking: /home/gy/Omron_MoMa_ROS2/install/tmr_msgs/share/tmr_msgs/srv/ConnectTM_Request.msg
-- Symlinking: /home/gy/Omron_MoMa_ROS2/install/tmr_msgs/share/tmr_msgs/srv/ConnectTM_Response.msg
-- Symlinking: /home/gy/Omron_MoMa_ROS2/install/tmr_msgs/share/tmr_msgs/srv/WriteItem.srv
-- Symlinking: /home/gy/Omron_MoMa_ROS2/install/tmr_msgs/share/tmr_msgs/srv/WriteItem_Request.msg
-- Symlinking: /home/gy/Omron_MoMa_ROS2/install/tmr_msgs/share/tmr_msgs/srv/WriteItem_Response.msg
-- Symlinking: /home/gy/Omron_MoMa_ROS2/install/tmr_msgs/share/tmr_msgs/srv/AskItem.srv
-- Symlinking: /home/gy/Omron_MoMa_ROS2/install/tmr_msgs/share/tmr_msgs/srv/AskItem_Request.msg
-- Symlinking: /home/gy/Omron_MoMa_ROS2/install/tmr_msgs/share/tmr_msgs/srv/AskItem_Response.msg
-- Symlinking: /home/gy/Omron_MoMa_ROS2/install/tmr_msgs/share/tmr_msgs/srv/SendScript.srv
-- Symlinking: /home/gy/Omron_MoMa_ROS2/install/tmr_msgs/share/tmr_msgs/srv/SendScript_Request.msg
-- Symlinking: /home/gy/Omron_MoMa_ROS2/install/tmr_msgs/share/tmr_msgs/srv/SendScript_Response.msg
-- Symlinking: /home/gy/Omron_MoMa_ROS2/install/tmr_msgs/share/tmr_msgs/srv/SetEvent.srv
-- Symlinking: /home/gy/Omron_MoMa_ROS2/install/tmr_msgs/share/tmr_msgs/srv/SetEvent_Request.msg
-- Symlinking: /home/gy/Omron_MoMa_ROS2/install/tmr_msgs/share/tmr_msgs/srv/SetEvent_Response.msg
-- Symlinking: /home/gy/Omron_MoMa_ROS2/install/tmr_msgs/share/tmr_msgs/srv/SetIO.srv
-- Symlinking: /home/gy/Omron_MoMa_ROS2/install/tmr_msgs/share/tmr_msgs/srv/SetIO_Request.msg
-- Symlinking: /home/gy/Omron_MoMa_ROS2/install/tmr_msgs/share/tmr_msgs/srv/SetIO_Response.msg
-- Symlinking: /home/gy/Omron_MoMa_ROS2/install/tmr_msgs/share/tmr_msgs/srv/SetPositions.srv
-- Symlinking: /home/gy/Omron_MoMa_ROS2/install/tmr_msgs/share/tmr_msgs/srv/SetPositions_Request.msg
-- Symlinking: /home/gy/Omron_MoMa_ROS2/install/tmr_msgs/share/tmr_msgs/srv/SetPositions_Response.msg
-- Symlinking: /home/gy/Omron_MoMa_ROS2/install/tmr_msgs/share/tmr_msgs/srv/AskSta.srv
-- Symlinking: /home/gy/Omron_MoMa_ROS2/install/tmr_msgs/share/tmr_msgs/srv/AskSta_Request.msg
-- Symlinking: /home/gy/Omron_MoMa_ROS2/install/tmr_msgs/share/tmr_msgs/srv/AskSta_Response.msg
-- Symlinking: /home/gy/Omron_MoMa_ROS2/install/tmr_msgs/share/ament_index/resource_index/package_run_dependencies/tmr_msgs
-- Symlinking: /home/gy/Omron_MoMa_ROS2/install/tmr_msgs/share/ament_index/resource_index/parent_prefix_path/tmr_msgs
-- Symlinking: /home/gy/Omron_MoMa_ROS2/install/tmr_msgs/share/tmr_msgs/environment/ament_prefix_path.sh
-- Symlinking: /home/gy/Omron_MoMa_ROS2/install/tmr_msgs/share/tmr_msgs/environment/ament_prefix_path.dsv
-- Symlinking: /home/gy/Omron_MoMa_ROS2/install/tmr_msgs/share/tmr_msgs/environment/path.sh
-- Symlinking: /home/gy/Omron_MoMa_ROS2/install/tmr_msgs/share/tmr_msgs/environment/path.dsv
-- Symlinking: /home/gy/Omron_MoMa_ROS2/install/tmr_msgs/share/tmr_msgs/local_setup.bash
-- Symlinking: /home/gy/Omron_MoMa_ROS2/install/tmr_msgs/share/tmr_msgs/local_setup.sh
-- Symlinking: /home/gy/Omron_MoMa_ROS2/install/tmr_msgs/share/tmr_msgs/local_setup.zsh
-- Symlinking: /home/gy/Omron_MoMa_ROS2/install/tmr_msgs/share/tmr_msgs/local_setup.dsv
-- Symlinking: /home/gy/Omron_MoMa_ROS2/install/tmr_msgs/share/tmr_msgs/package.dsv
-- Symlinking: /home/gy/Omron_MoMa_ROS2/install/tmr_msgs/share/ament_index/resource_index/packages/tmr_msgs
-- Symlinking: /home/gy/Omron_MoMa_ROS2/install/tmr_msgs/share/tmr_msgs/cmake/rosidl_cmake-extras.cmake
-- Symlinking: /home/gy/Omron_MoMa_ROS2/install/tmr_msgs/share/tmr_msgs/cmake/ament_cmake_export_dependencies-extras.cmake
-- Symlinking: /home/gy/Omron_MoMa_ROS2/install/tmr_msgs/share/tmr_msgs/cmake/ament_cmake_export_libraries-extras.cmake
-- Symlinking: /home/gy/Omron_MoMa_ROS2/install/tmr_msgs/share/tmr_msgs/cmake/ament_cmake_export_targets-extras.cmake
-- Symlinking: /home/gy/Omron_MoMa_ROS2/install/tmr_msgs/share/tmr_msgs/cmake/ament_cmake_export_include_directories-extras.cmake
-- Symlinking: /home/gy/Omron_MoMa_ROS2/install/tmr_msgs/share/tmr_msgs/cmake/rosidl_cmake_export_typesupport_libraries-extras.cmake
-- Symlinking: /home/gy/Omron_MoMa_ROS2/install/tmr_msgs/share/tmr_msgs/cmake/rosidl_cmake_export_typesupport_targets-extras.cmake
-- Symlinking: /home/gy/Omron_MoMa_ROS2/install/tmr_msgs/share/tmr_msgs/cmake/tmr_msgsConfig.cmake
-- Symlinking: /home/gy/Omron_MoMa_ROS2/install/tmr_msgs/share/tmr_msgs/cmake/tmr_msgsConfig-version.cmake
-- Symlinking: /home/gy/Omron_MoMa_ROS2/install/tmr_msgs/share/tmr_msgs/package.xml
-- Up-to-date: /home/gy/Omron_MoMa_ROS2/install/tmr_msgs/lib/libtmr_msgs__rosidl_generator_c.so
-- Up-to-date: /home/gy/Omron_MoMa_ROS2/install/tmr_msgs/lib/libtmr_msgs__rosidl_typesupport_introspection_c.so
-- Up-to-date: /home/gy/Omron_MoMa_ROS2/install/tmr_msgs/lib/libtmr_msgs__rosidl_typesupport_c.so
-- Up-to-date: /home/gy/Omron_MoMa_ROS2/install/tmr_msgs/lib/libtmr_msgs__rosidl_typesupport_introspection_cpp.so
-- Up-to-date: /home/gy/Omron_MoMa_ROS2/install/tmr_msgs/lib/libtmr_msgs__rosidl_typesupport_cpp.so
Compiling '/home/gy/Omron_MoMa_ROS2/install/tmr_msgs/lib/python3.8/site-packages/tmr_msgs/__init__.py'...
-- Up-to-date: /home/gy/Omron_MoMa_ROS2/install/tmr_msgs/share/tmr_msgs/cmake/tmr_msgs__rosidl_generator_cExport.cmake
-- Installing: /home/gy/Omron_MoMa_ROS2/install/tmr_msgs/share/tmr_msgs/cmake/tmr_msgs__rosidl_generator_cExport-noconfig.cmake
-- Up-to-date: /home/gy/Omron_MoMa_ROS2/install/tmr_msgs/share/tmr_msgs/cmake/tmr_msgs__rosidl_typesupport_introspection_cExport.cmake
-- Installing: /home/gy/Omron_MoMa_ROS2/install/tmr_msgs/share/tmr_msgs/cmake/tmr_msgs__rosidl_typesupport_introspection_cExport-noconfig.cmake
-- Up-to-date: /home/gy/Omron_MoMa_ROS2/install/tmr_msgs/share/tmr_msgs/cmake/tmr_msgs__rosidl_typesupport_cExport.cmake
-- Installing: /home/gy/Omron_MoMa_ROS2/install/tmr_msgs/share/tmr_msgs/cmake/tmr_msgs__rosidl_typesupport_cExport-noconfig.cmake
-- Up-to-date: /home/gy/Omron_MoMa_ROS2/install/tmr_msgs/share/tmr_msgs/cmake/tmr_msgs__rosidl_generator_cppExport.cmake
-- Up-to-date: /home/gy/Omron_MoMa_ROS2/install/tmr_msgs/share/tmr_msgs/cmake/tmr_msgs__rosidl_typesupport_introspection_cppExport.cmake
-- Installing: /home/gy/Omron_MoMa_ROS2/install/tmr_msgs/share/tmr_msgs/cmake/tmr_msgs__rosidl_typesupport_introspection_cppExport-noconfig.cmake
-- Up-to-date: /home/gy/Omron_MoMa_ROS2/install/tmr_msgs/share/tmr_msgs/cmake/tmr_msgs__rosidl_typesupport_cppExport.cmake
-- Installing: /home/gy/Omron_MoMa_ROS2/install/tmr_msgs/share/tmr_msgs/cmake/tmr_msgs__rosidl_typesupport_cppExport-noconfig.cmake
