[0.028s] Invoking command in '/home/gy/Omron_MoMa_ROS2/build/tmr_msgs': CMAKE_PREFIX_PATH=/opt/ros/foxy /usr/bin/cmake /home/gy/Omron_MoMa_ROS2/src/Omron_TM_ROS2/src/tmr_msgs -DAMENT_CMAKE_SYMLINK_INSTALL=1 -DCMAKE_INSTALL_PREFIX=/home/gy/Omron_MoMa_ROS2/install/tmr_msgs
[0.075s] -- Found ament_cmake: 0.9.8 (/opt/ros/foxy/share/ament_cmake/cmake)
[0.138s] -- Found PythonInterp: /usr/bin/python3 (found suitable version "3.8.5", minimum required is "3") 
[0.138s] -- Using PYTHON_EXECUTABLE: /usr/bin/python3
[0.446s] -- Override CMake install command with custom implementation using symlinks instead of copying resources
[0.454s] -- Found std_msgs: 2.0.4 (/opt/ros/foxy/share/std_msgs/cmake)
[0.513s] -- Using all available rosidl_typesupport_c: rosidl_typesupport_fastrtps_c;rosidl_typesupport_introspection_c
[0.523s] -- Found rosidl_adapter: 1.2.1 (/opt/ros/foxy/share/rosidl_adapter/cmake)
[0.771s] -- Using all available rosidl_typesupport_cpp: rosidl_typesupport_fastrtps_cpp;rosidl_typesupport_introspection_cpp
[0.872s] -- Found rosidl_default_generators: 1.0.1 (/opt/ros/foxy/share/rosidl_default_generators/cmake)
[0.954s] -- Found PythonInterp: /usr/bin/python3 (found version "3.8.5") 
[1.295s] -- Found ament_cmake_ros: 0.9.1 (/opt/ros/foxy/share/ament_cmake_ros/cmake)
[1.569s] -- Using all available rosidl_typesupport_c: rosidl_typesupport_fastrtps_c;rosidl_typesupport_introspection_c
[1.658s] -- Using all available rosidl_typesupport_cpp: rosidl_typesupport_fastrtps_cpp;rosidl_typesupport_introspection_cpp
[1.716s] -- Found PythonInterp: /usr/bin/python3 (found suitable version "3.8.5", minimum required is "3.5") 
[1.716s] -- Found python_cmake_module: 0.8.1 (/opt/ros/foxy/share/python_cmake_module/cmake)
[1.770s] -- Using PYTHON_EXECUTABLE: /usr/bin/python3
[1.770s] -- Using PYTHON_INCLUDE_DIRS: /usr/include/python3.8
[1.770s] -- Using PYTHON_LIBRARIES: /usr/lib/x86_64-linux-gnu/libpython3.8.so
[1.890s] -- Configuring done
[1.986s] -- Generating done
[1.991s] -- Build files have been written to: /home/gy/Omron_MoMa_ROS2/build/tmr_msgs
[2.005s] Invoked command in '/home/gy/Omron_MoMa_ROS2/build/tmr_msgs' returned '0': CMAKE_PREFIX_PATH=/opt/ros/foxy /usr/bin/cmake /home/gy/Omron_MoMa_ROS2/src/Omron_TM_ROS2/src/tmr_msgs -DAMENT_CMAKE_SYMLINK_INSTALL=1 -DCMAKE_INSTALL_PREFIX=/home/gy/Omron_MoMa_ROS2/install/tmr_msgs
[2.006s] Invoking command in '/home/gy/Omron_MoMa_ROS2/build/tmr_msgs': CMAKE_PREFIX_PATH=/opt/ros/foxy /usr/bin/cmake --build /home/gy/Omron_MoMa_ROS2/build/tmr_msgs -- -j4 -l4
[2.130s] [  0%] Built target tmr_msgs__cpp
[2.186s] [ 12%] Built target tmr_msgs__rosidl_generator_c
[2.207s] [ 24%] Built target tmr_msgs__rosidl_typesupport_introspection_cpp
[2.237s] [ 25%] [32m[1mLinking CXX shared library libtmr_msgs__rosidl_typesupport_fastrtps_cpp.so[0m
[2.238s] [ 37%] Built target tmr_msgs__rosidl_typesupport_cpp
[2.255s] [ 49%] Built target tmr_msgs__rosidl_typesupport_introspection_c
[2.323s] [ 61%] Built target tmr_msgs__rosidl_typesupport_c
[2.392s] [ 71%] Built target tmr_msgs__rosidl_typesupport_fastrtps_cpp
[2.470s] [ 72%] [32m[1mLinking CXX shared library libtmr_msgs__rosidl_typesupport_fastrtps_c.so[0m
[2.649s] [ 83%] Built target tmr_msgs__rosidl_typesupport_fastrtps_c
[2.705s] [ 83%] Built target tmr_msgs
[2.745s] [ 84%] Built target tmr_msgs__py
[2.817s] [ 85%] [32m[1mLinking C shared library rosidl_generator_py/tmr_msgs/libtmr_msgs__python.so[0m
[2.933s] [ 95%] Built target tmr_msgs__python
[3.009s] [ 96%] [32m[1mLinking CXX shared library rosidl_generator_py/tmr_msgs/tmr_msgs_s__rosidl_typesupport_fastrtps_c.cpython-38-x86_64-linux-gnu.so[0m
[3.026s] [ 97%] [32m[1mLinking C shared library rosidl_generator_py/tmr_msgs/tmr_msgs_s__rosidl_typesupport_c.cpython-38-x86_64-linux-gnu.so[0m
[3.031s] [ 98%] [32m[1mLinking C shared library rosidl_generator_py/tmr_msgs/tmr_msgs_s__rosidl_typesupport_introspection_c.cpython-38-x86_64-linux-gnu.so[0m
[3.123s] [ 99%] Built target tmr_msgs__rosidl_typesupport_introspection_c__pyext
[3.157s] [ 99%] Built target tmr_msgs__rosidl_typesupport_c__pyext
[3.265s] [100%] Built target tmr_msgs__rosidl_typesupport_fastrtps_c__pyext
[3.310s] Invoked command in '/home/gy/Omron_MoMa_ROS2/build/tmr_msgs' returned '0': CMAKE_PREFIX_PATH=/opt/ros/foxy /usr/bin/cmake --build /home/gy/Omron_MoMa_ROS2/build/tmr_msgs -- -j4 -l4
[4.137s] Invoking command in '/home/gy/Omron_MoMa_ROS2/build/tmr_msgs': CMAKE_PREFIX_PATH=/opt/ros/foxy /usr/bin/cmake --install /home/gy/Omron_MoMa_ROS2/build/tmr_msgs
[4.164s] -- Install configuration: ""
[4.166s] -- Execute custom install script
[4.168s] -- Symlinking: /home/gy/Omron_MoMa_ROS2/install/tmr_msgs/share/ament_index/resource_index/rosidl_interfaces/tmr_msgs
[4.190s] -- Symlinking: /home/gy/Omron_MoMa_ROS2/install/tmr_msgs/include/tmr_msgs/msg/detail/feedback_state__functions.h
[4.206s] -- Symlinking: /home/gy/Omron_MoMa_ROS2/install/tmr_msgs/include/tmr_msgs/msg/detail/feedback_state__struct.h
[4.217s] -- Symlinking: /home/gy/Omron_MoMa_ROS2/install/tmr_msgs/include/tmr_msgs/msg/detail/feedback_state__type_support.h
[4.235s] -- Symlinking: /home/gy/Omron_MoMa_ROS2/install/tmr_msgs/include/tmr_msgs/msg/detail/sct_response__functions.h
[4.245s] -- Symlinking: /home/gy/Omron_MoMa_ROS2/install/tmr_msgs/include/tmr_msgs/msg/detail/sct_response__struct.h
[4.264s] -- Symlinking: /home/gy/Omron_MoMa_ROS2/install/tmr_msgs/include/tmr_msgs/msg/detail/sct_response__type_support.h
[4.279s] -- Symlinking: /home/gy/Omron_MoMa_ROS2/install/tmr_msgs/include/tmr_msgs/msg/detail/sta_response__functions.h
[4.292s] -- Symlinking: /home/gy/Omron_MoMa_ROS2/install/tmr_msgs/include/tmr_msgs/msg/detail/sta_response__struct.h
[4.304s] -- Symlinking: /home/gy/Omron_MoMa_ROS2/install/tmr_msgs/include/tmr_msgs/msg/detail/sta_response__type_support.h
[4.314s] -- Symlinking: /home/gy/Omron_MoMa_ROS2/install/tmr_msgs/include/tmr_msgs/msg/detail/svr_response__functions.h
[4.326s] -- Symlinking: /home/gy/Omron_MoMa_ROS2/install/tmr_msgs/include/tmr_msgs/msg/detail/svr_response__struct.h
[4.336s] -- Symlinking: /home/gy/Omron_MoMa_ROS2/install/tmr_msgs/include/tmr_msgs/msg/detail/svr_response__type_support.h
[4.348s] -- Symlinking: /home/gy/Omron_MoMa_ROS2/install/tmr_msgs/include/tmr_msgs/msg/feedback_state.h
[4.359s] -- Symlinking: /home/gy/Omron_MoMa_ROS2/install/tmr_msgs/include/tmr_msgs/msg/rosidl_generator_c__visibility_control.h
[4.392s] -- Symlinking: /home/gy/Omron_MoMa_ROS2/install/tmr_msgs/include/tmr_msgs/msg/sct_response.h
[4.408s] -- Symlinking: /home/gy/Omron_MoMa_ROS2/install/tmr_msgs/include/tmr_msgs/msg/sta_response.h
[4.419s] -- Symlinking: /home/gy/Omron_MoMa_ROS2/install/tmr_msgs/include/tmr_msgs/msg/svr_response.h
[4.432s] -- Symlinking: /home/gy/Omron_MoMa_ROS2/install/tmr_msgs/include/tmr_msgs/srv/ask_item.h
[4.453s] -- Symlinking: /home/gy/Omron_MoMa_ROS2/install/tmr_msgs/include/tmr_msgs/srv/ask_sta.h
[4.467s] -- Symlinking: /home/gy/Omron_MoMa_ROS2/install/tmr_msgs/include/tmr_msgs/srv/connect_tm.h
[4.485s] -- Symlinking: /home/gy/Omron_MoMa_ROS2/install/tmr_msgs/include/tmr_msgs/srv/detail/ask_item__functions.h
[4.495s] -- Symlinking: /home/gy/Omron_MoMa_ROS2/install/tmr_msgs/include/tmr_msgs/srv/detail/ask_item__struct.h
[4.505s] -- Symlinking: /home/gy/Omron_MoMa_ROS2/install/tmr_msgs/include/tmr_msgs/srv/detail/ask_item__type_support.h
[4.522s] -- Symlinking: /home/gy/Omron_MoMa_ROS2/install/tmr_msgs/include/tmr_msgs/srv/detail/ask_sta__functions.h
[4.551s] -- Symlinking: /home/gy/Omron_MoMa_ROS2/install/tmr_msgs/include/tmr_msgs/srv/detail/ask_sta__struct.h
[4.577s] -- Symlinking: /home/gy/Omron_MoMa_ROS2/install/tmr_msgs/include/tmr_msgs/srv/detail/ask_sta__type_support.h
[4.586s] -- Symlinking: /home/gy/Omron_MoMa_ROS2/install/tmr_msgs/include/tmr_msgs/srv/detail/connect_tm__functions.h
[4.599s] -- Symlinking: /home/gy/Omron_MoMa_ROS2/install/tmr_msgs/include/tmr_msgs/srv/detail/connect_tm__struct.h
[4.617s] -- Symlinking: /home/gy/Omron_MoMa_ROS2/install/tmr_msgs/include/tmr_msgs/srv/detail/connect_tm__type_support.h
[4.632s] -- Symlinking: /home/gy/Omron_MoMa_ROS2/install/tmr_msgs/include/tmr_msgs/srv/detail/send_script__functions.h
[4.644s] -- Symlinking: /home/gy/Omron_MoMa_ROS2/install/tmr_msgs/include/tmr_msgs/srv/detail/send_script__struct.h
[4.666s] -- Symlinking: /home/gy/Omron_MoMa_ROS2/install/tmr_msgs/include/tmr_msgs/srv/detail/send_script__type_support.h
[4.685s] -- Symlinking: /home/gy/Omron_MoMa_ROS2/install/tmr_msgs/include/tmr_msgs/srv/detail/set_event__functions.h
[4.708s] -- Symlinking: /home/gy/Omron_MoMa_ROS2/install/tmr_msgs/include/tmr_msgs/srv/detail/set_event__struct.h
[4.731s] -- Symlinking: /home/gy/Omron_MoMa_ROS2/install/tmr_msgs/include/tmr_msgs/srv/detail/set_event__type_support.h
[4.757s] -- Symlinking: /home/gy/Omron_MoMa_ROS2/install/tmr_msgs/include/tmr_msgs/srv/detail/set_io__functions.h
[4.779s] -- Symlinking: /home/gy/Omron_MoMa_ROS2/install/tmr_msgs/include/tmr_msgs/srv/detail/set_io__struct.h
[4.795s] -- Symlinking: /home/gy/Omron_MoMa_ROS2/install/tmr_msgs/include/tmr_msgs/srv/detail/set_io__type_support.h
[4.806s] -- Symlinking: /home/gy/Omron_MoMa_ROS2/install/tmr_msgs/include/tmr_msgs/srv/detail/set_positions__functions.h
[4.816s] -- Symlinking: /home/gy/Omron_MoMa_ROS2/install/tmr_msgs/include/tmr_msgs/srv/detail/set_positions__struct.h
[4.825s] -- Symlinking: /home/gy/Omron_MoMa_ROS2/install/tmr_msgs/include/tmr_msgs/srv/detail/set_positions__type_support.h
[4.834s] -- Symlinking: /home/gy/Omron_MoMa_ROS2/install/tmr_msgs/include/tmr_msgs/srv/detail/write_item__functions.h
[4.844s] -- Symlinking: /home/gy/Omron_MoMa_ROS2/install/tmr_msgs/include/tmr_msgs/srv/detail/write_item__struct.h
[4.864s] -- Symlinking: /home/gy/Omron_MoMa_ROS2/install/tmr_msgs/include/tmr_msgs/srv/detail/write_item__type_support.h
[4.873s] -- Symlinking: /home/gy/Omron_MoMa_ROS2/install/tmr_msgs/include/tmr_msgs/srv/send_script.h
[4.883s] -- Symlinking: /home/gy/Omron_MoMa_ROS2/install/tmr_msgs/include/tmr_msgs/srv/set_event.h
[4.898s] -- Symlinking: /home/gy/Omron_MoMa_ROS2/install/tmr_msgs/include/tmr_msgs/srv/set_io.h
[4.908s] -- Symlinking: /home/gy/Omron_MoMa_ROS2/install/tmr_msgs/include/tmr_msgs/srv/set_positions.h
[4.918s] -- Symlinking: /home/gy/Omron_MoMa_ROS2/install/tmr_msgs/include/tmr_msgs/srv/write_item.h
[4.938s] -- Symlinking: /home/gy/Omron_MoMa_ROS2/install/tmr_msgs/share/tmr_msgs/environment/library_path.sh
[4.949s] -- Symlinking: /home/gy/Omron_MoMa_ROS2/install/tmr_msgs/share/tmr_msgs/environment/library_path.dsv
[4.961s] -- Symlinking: /home/gy/Omron_MoMa_ROS2/install/tmr_msgs/include/tmr_msgs/msg/detail/feedback_state__rosidl_typesupport_fastrtps_c.h
[4.973s] -- Symlinking: /home/gy/Omron_MoMa_ROS2/install/tmr_msgs/include/tmr_msgs/msg/detail/sct_response__rosidl_typesupport_fastrtps_c.h
[4.981s] -- Symlinking: /home/gy/Omron_MoMa_ROS2/install/tmr_msgs/include/tmr_msgs/msg/detail/sta_response__rosidl_typesupport_fastrtps_c.h
[4.999s] -- Symlinking: /home/gy/Omron_MoMa_ROS2/install/tmr_msgs/include/tmr_msgs/msg/detail/svr_response__rosidl_typesupport_fastrtps_c.h
[5.013s] -- Symlinking: /home/gy/Omron_MoMa_ROS2/install/tmr_msgs/include/tmr_msgs/msg/rosidl_typesupport_fastrtps_c__visibility_control.h
[5.031s] -- Symlinking: /home/gy/Omron_MoMa_ROS2/install/tmr_msgs/include/tmr_msgs/srv/detail/ask_item__rosidl_typesupport_fastrtps_c.h
[5.041s] -- Symlinking: /home/gy/Omron_MoMa_ROS2/install/tmr_msgs/include/tmr_msgs/srv/detail/ask_sta__rosidl_typesupport_fastrtps_c.h
[5.051s] -- Symlinking: /home/gy/Omron_MoMa_ROS2/install/tmr_msgs/include/tmr_msgs/srv/detail/connect_tm__rosidl_typesupport_fastrtps_c.h
[5.061s] -- Symlinking: /home/gy/Omron_MoMa_ROS2/install/tmr_msgs/include/tmr_msgs/srv/detail/send_script__rosidl_typesupport_fastrtps_c.h
[5.071s] -- Symlinking: /home/gy/Omron_MoMa_ROS2/install/tmr_msgs/include/tmr_msgs/srv/detail/set_event__rosidl_typesupport_fastrtps_c.h
[5.094s] -- Symlinking: /home/gy/Omron_MoMa_ROS2/install/tmr_msgs/include/tmr_msgs/srv/detail/set_io__rosidl_typesupport_fastrtps_c.h
[5.121s] -- Symlinking: /home/gy/Omron_MoMa_ROS2/install/tmr_msgs/include/tmr_msgs/srv/detail/set_positions__rosidl_typesupport_fastrtps_c.h
[5.139s] -- Symlinking: /home/gy/Omron_MoMa_ROS2/install/tmr_msgs/include/tmr_msgs/srv/detail/write_item__rosidl_typesupport_fastrtps_c.h
[5.150s] -- Symlinking: /home/gy/Omron_MoMa_ROS2/install/tmr_msgs/lib/libtmr_msgs__rosidl_typesupport_fastrtps_c.so
[5.161s] -- Symlinking: /home/gy/Omron_MoMa_ROS2/install/tmr_msgs/include/tmr_msgs/msg/detail/feedback_state__rosidl_typesupport_fastrtps_cpp.hpp
[5.172s] -- Symlinking: /home/gy/Omron_MoMa_ROS2/install/tmr_msgs/include/tmr_msgs/msg/detail/sct_response__rosidl_typesupport_fastrtps_cpp.hpp
[5.181s] -- Symlinking: /home/gy/Omron_MoMa_ROS2/install/tmr_msgs/include/tmr_msgs/msg/detail/sta_response__rosidl_typesupport_fastrtps_cpp.hpp
[5.192s] -- Symlinking: /home/gy/Omron_MoMa_ROS2/install/tmr_msgs/include/tmr_msgs/msg/detail/svr_response__rosidl_typesupport_fastrtps_cpp.hpp
[5.212s] -- Symlinking: /home/gy/Omron_MoMa_ROS2/install/tmr_msgs/include/tmr_msgs/msg/rosidl_typesupport_fastrtps_cpp__visibility_control.h
[5.234s] -- Symlinking: /home/gy/Omron_MoMa_ROS2/install/tmr_msgs/include/tmr_msgs/srv/detail/ask_item__rosidl_typesupport_fastrtps_cpp.hpp
[5.252s] -- Symlinking: /home/gy/Omron_MoMa_ROS2/install/tmr_msgs/include/tmr_msgs/srv/detail/ask_sta__rosidl_typesupport_fastrtps_cpp.hpp
[5.272s] -- Symlinking: /home/gy/Omron_MoMa_ROS2/install/tmr_msgs/include/tmr_msgs/srv/detail/connect_tm__rosidl_typesupport_fastrtps_cpp.hpp
[5.304s] -- Symlinking: /home/gy/Omron_MoMa_ROS2/install/tmr_msgs/include/tmr_msgs/srv/detail/send_script__rosidl_typesupport_fastrtps_cpp.hpp
[5.312s] -- Symlinking: /home/gy/Omron_MoMa_ROS2/install/tmr_msgs/include/tmr_msgs/srv/detail/set_event__rosidl_typesupport_fastrtps_cpp.hpp
[5.324s] -- Symlinking: /home/gy/Omron_MoMa_ROS2/install/tmr_msgs/include/tmr_msgs/srv/detail/set_io__rosidl_typesupport_fastrtps_cpp.hpp
[5.351s] -- Symlinking: /home/gy/Omron_MoMa_ROS2/install/tmr_msgs/include/tmr_msgs/srv/detail/set_positions__rosidl_typesupport_fastrtps_cpp.hpp
[5.391s] -- Symlinking: /home/gy/Omron_MoMa_ROS2/install/tmr_msgs/include/tmr_msgs/srv/detail/write_item__rosidl_typesupport_fastrtps_cpp.hpp
[5.410s] -- Symlinking: /home/gy/Omron_MoMa_ROS2/install/tmr_msgs/lib/libtmr_msgs__rosidl_typesupport_fastrtps_cpp.so
[5.428s] -- Symlinking: /home/gy/Omron_MoMa_ROS2/install/tmr_msgs/include/tmr_msgs/msg/detail/feedback_state__rosidl_typesupport_introspection_c.h
[5.439s] -- Symlinking: /home/gy/Omron_MoMa_ROS2/install/tmr_msgs/include/tmr_msgs/msg/detail/sct_response__rosidl_typesupport_introspection_c.h
[5.451s] -- Symlinking: /home/gy/Omron_MoMa_ROS2/install/tmr_msgs/include/tmr_msgs/msg/detail/sta_response__rosidl_typesupport_introspection_c.h
[5.469s] -- Symlinking: /home/gy/Omron_MoMa_ROS2/install/tmr_msgs/include/tmr_msgs/msg/detail/svr_response__rosidl_typesupport_introspection_c.h
[5.478s] -- Symlinking: /home/gy/Omron_MoMa_ROS2/install/tmr_msgs/include/tmr_msgs/msg/rosidl_typesupport_introspection_c__visibility_control.h
[5.490s] -- Symlinking: /home/gy/Omron_MoMa_ROS2/install/tmr_msgs/include/tmr_msgs/srv/detail/ask_item__rosidl_typesupport_introspection_c.h
[5.507s] -- Symlinking: /home/gy/Omron_MoMa_ROS2/install/tmr_msgs/include/tmr_msgs/srv/detail/ask_sta__rosidl_typesupport_introspection_c.h
[5.523s] -- Symlinking: /home/gy/Omron_MoMa_ROS2/install/tmr_msgs/include/tmr_msgs/srv/detail/connect_tm__rosidl_typesupport_introspection_c.h
[5.550s] -- Symlinking: /home/gy/Omron_MoMa_ROS2/install/tmr_msgs/include/tmr_msgs/srv/detail/send_script__rosidl_typesupport_introspection_c.h
[5.569s] -- Symlinking: /home/gy/Omron_MoMa_ROS2/install/tmr_msgs/include/tmr_msgs/srv/detail/set_event__rosidl_typesupport_introspection_c.h
[5.590s] -- Symlinking: /home/gy/Omron_MoMa_ROS2/install/tmr_msgs/include/tmr_msgs/srv/detail/set_io__rosidl_typesupport_introspection_c.h
[5.608s] -- Symlinking: /home/gy/Omron_MoMa_ROS2/install/tmr_msgs/include/tmr_msgs/srv/detail/set_positions__rosidl_typesupport_introspection_c.h
[5.630s] -- Symlinking: /home/gy/Omron_MoMa_ROS2/install/tmr_msgs/include/tmr_msgs/srv/detail/write_item__rosidl_typesupport_introspection_c.h
[5.676s] -- Symlinking: /home/gy/Omron_MoMa_ROS2/install/tmr_msgs/include/tmr_msgs/msg/detail/feedback_state__builder.hpp
[5.702s] -- Symlinking: /home/gy/Omron_MoMa_ROS2/install/tmr_msgs/include/tmr_msgs/msg/detail/feedback_state__struct.hpp
[5.723s] -- Symlinking: /home/gy/Omron_MoMa_ROS2/install/tmr_msgs/include/tmr_msgs/msg/detail/feedback_state__traits.hpp
[5.750s] -- Symlinking: /home/gy/Omron_MoMa_ROS2/install/tmr_msgs/include/tmr_msgs/msg/detail/sct_response__builder.hpp
[5.779s] -- Symlinking: /home/gy/Omron_MoMa_ROS2/install/tmr_msgs/include/tmr_msgs/msg/detail/sct_response__struct.hpp
[5.807s] -- Symlinking: /home/gy/Omron_MoMa_ROS2/install/tmr_msgs/include/tmr_msgs/msg/detail/sct_response__traits.hpp
[5.819s] -- Symlinking: /home/gy/Omron_MoMa_ROS2/install/tmr_msgs/include/tmr_msgs/msg/detail/sta_response__builder.hpp
[5.838s] -- Symlinking: /home/gy/Omron_MoMa_ROS2/install/tmr_msgs/include/tmr_msgs/msg/detail/sta_response__struct.hpp
[5.851s] -- Symlinking: /home/gy/Omron_MoMa_ROS2/install/tmr_msgs/include/tmr_msgs/msg/detail/sta_response__traits.hpp
[5.860s] -- Symlinking: /home/gy/Omron_MoMa_ROS2/install/tmr_msgs/include/tmr_msgs/msg/detail/svr_response__builder.hpp
[5.869s] -- Symlinking: /home/gy/Omron_MoMa_ROS2/install/tmr_msgs/include/tmr_msgs/msg/detail/svr_response__struct.hpp
[5.878s] -- Symlinking: /home/gy/Omron_MoMa_ROS2/install/tmr_msgs/include/tmr_msgs/msg/detail/svr_response__traits.hpp
[5.890s] -- Symlinking: /home/gy/Omron_MoMa_ROS2/install/tmr_msgs/include/tmr_msgs/msg/feedback_state.hpp
[5.903s] -- Symlinking: /home/gy/Omron_MoMa_ROS2/install/tmr_msgs/include/tmr_msgs/msg/sct_response.hpp
[5.918s] -- Symlinking: /home/gy/Omron_MoMa_ROS2/install/tmr_msgs/include/tmr_msgs/msg/sta_response.hpp
[5.930s] -- Symlinking: /home/gy/Omron_MoMa_ROS2/install/tmr_msgs/include/tmr_msgs/msg/svr_response.hpp
[5.951s] -- Symlinking: /home/gy/Omron_MoMa_ROS2/install/tmr_msgs/include/tmr_msgs/srv/ask_item.hpp
[5.979s] -- Symlinking: /home/gy/Omron_MoMa_ROS2/install/tmr_msgs/include/tmr_msgs/srv/ask_sta.hpp
[6.015s] -- Symlinking: /home/gy/Omron_MoMa_ROS2/install/tmr_msgs/include/tmr_msgs/srv/connect_tm.hpp
[6.021s] -- Symlinking: /home/gy/Omron_MoMa_ROS2/install/tmr_msgs/include/tmr_msgs/srv/detail/ask_item__builder.hpp
[6.033s] -- Symlinking: /home/gy/Omron_MoMa_ROS2/install/tmr_msgs/include/tmr_msgs/srv/detail/ask_item__struct.hpp
[6.062s] -- Symlinking: /home/gy/Omron_MoMa_ROS2/install/tmr_msgs/include/tmr_msgs/srv/detail/ask_item__traits.hpp
[6.068s] -- Symlinking: /home/gy/Omron_MoMa_ROS2/install/tmr_msgs/include/tmr_msgs/srv/detail/ask_sta__builder.hpp
[6.078s] -- Symlinking: /home/gy/Omron_MoMa_ROS2/install/tmr_msgs/include/tmr_msgs/srv/detail/ask_sta__struct.hpp
[6.094s] -- Symlinking: /home/gy/Omron_MoMa_ROS2/install/tmr_msgs/include/tmr_msgs/srv/detail/ask_sta__traits.hpp
[6.100s] -- Symlinking: /home/gy/Omron_MoMa_ROS2/install/tmr_msgs/include/tmr_msgs/srv/detail/connect_tm__builder.hpp
[6.110s] -- Symlinking: /home/gy/Omron_MoMa_ROS2/install/tmr_msgs/include/tmr_msgs/srv/detail/connect_tm__struct.hpp
[6.139s] -- Symlinking: /home/gy/Omron_MoMa_ROS2/install/tmr_msgs/include/tmr_msgs/srv/detail/connect_tm__traits.hpp
[6.172s] -- Symlinking: /home/gy/Omron_MoMa_ROS2/install/tmr_msgs/include/tmr_msgs/srv/detail/send_script__builder.hpp
[6.185s] -- Symlinking: /home/gy/Omron_MoMa_ROS2/install/tmr_msgs/include/tmr_msgs/srv/detail/send_script__struct.hpp
[6.214s] -- Symlinking: /home/gy/Omron_MoMa_ROS2/install/tmr_msgs/include/tmr_msgs/srv/detail/send_script__traits.hpp
[6.225s] -- Symlinking: /home/gy/Omron_MoMa_ROS2/install/tmr_msgs/include/tmr_msgs/srv/detail/set_event__builder.hpp
[6.247s] -- Symlinking: /home/gy/Omron_MoMa_ROS2/install/tmr_msgs/include/tmr_msgs/srv/detail/set_event__struct.hpp
[6.263s] -- Symlinking: /home/gy/Omron_MoMa_ROS2/install/tmr_msgs/include/tmr_msgs/srv/detail/set_event__traits.hpp
[6.285s] -- Symlinking: /home/gy/Omron_MoMa_ROS2/install/tmr_msgs/include/tmr_msgs/srv/detail/set_io__builder.hpp
[6.297s] -- Symlinking: /home/gy/Omron_MoMa_ROS2/install/tmr_msgs/include/tmr_msgs/srv/detail/set_io__struct.hpp
[6.322s] -- Symlinking: /home/gy/Omron_MoMa_ROS2/install/tmr_msgs/include/tmr_msgs/srv/detail/set_io__traits.hpp
[6.358s] -- Symlinking: /home/gy/Omron_MoMa_ROS2/install/tmr_msgs/include/tmr_msgs/srv/detail/set_positions__builder.hpp
[6.386s] -- Symlinking: /home/gy/Omron_MoMa_ROS2/install/tmr_msgs/include/tmr_msgs/srv/detail/set_positions__struct.hpp
[6.409s] -- Symlinking: /home/gy/Omron_MoMa_ROS2/install/tmr_msgs/include/tmr_msgs/srv/detail/set_positions__traits.hpp
[6.430s] -- Symlinking: /home/gy/Omron_MoMa_ROS2/install/tmr_msgs/include/tmr_msgs/srv/detail/write_item__builder.hpp
[6.458s] -- Symlinking: /home/gy/Omron_MoMa_ROS2/install/tmr_msgs/include/tmr_msgs/srv/detail/write_item__struct.hpp
[6.481s] -- Symlinking: /home/gy/Omron_MoMa_ROS2/install/tmr_msgs/include/tmr_msgs/srv/detail/write_item__traits.hpp
[6.491s] -- Symlinking: /home/gy/Omron_MoMa_ROS2/install/tmr_msgs/include/tmr_msgs/srv/send_script.hpp
[6.508s] -- Symlinking: /home/gy/Omron_MoMa_ROS2/install/tmr_msgs/include/tmr_msgs/srv/set_event.hpp
[6.525s] -- Symlinking: /home/gy/Omron_MoMa_ROS2/install/tmr_msgs/include/tmr_msgs/srv/set_io.hpp
[6.533s] -- Symlinking: /home/gy/Omron_MoMa_ROS2/install/tmr_msgs/include/tmr_msgs/srv/set_positions.hpp
[6.545s] -- Symlinking: /home/gy/Omron_MoMa_ROS2/install/tmr_msgs/include/tmr_msgs/srv/write_item.hpp
[6.560s] -- Symlinking: /home/gy/Omron_MoMa_ROS2/install/tmr_msgs/include/tmr_msgs/msg/detail/feedback_state__rosidl_typesupport_introspection_cpp.hpp
[6.574s] -- Symlinking: /home/gy/Omron_MoMa_ROS2/install/tmr_msgs/include/tmr_msgs/msg/detail/sct_response__rosidl_typesupport_introspection_cpp.hpp
[6.582s] -- Symlinking: /home/gy/Omron_MoMa_ROS2/install/tmr_msgs/include/tmr_msgs/msg/detail/sta_response__rosidl_typesupport_introspection_cpp.hpp
[6.593s] -- Symlinking: /home/gy/Omron_MoMa_ROS2/install/tmr_msgs/include/tmr_msgs/msg/detail/svr_response__rosidl_typesupport_introspection_cpp.hpp
[6.603s] -- Symlinking: /home/gy/Omron_MoMa_ROS2/install/tmr_msgs/include/tmr_msgs/srv/detail/ask_item__rosidl_typesupport_introspection_cpp.hpp
[6.613s] -- Symlinking: /home/gy/Omron_MoMa_ROS2/install/tmr_msgs/include/tmr_msgs/srv/detail/ask_sta__rosidl_typesupport_introspection_cpp.hpp
[6.629s] -- Symlinking: /home/gy/Omron_MoMa_ROS2/install/tmr_msgs/include/tmr_msgs/srv/detail/connect_tm__rosidl_typesupport_introspection_cpp.hpp
[6.643s] -- Symlinking: /home/gy/Omron_MoMa_ROS2/install/tmr_msgs/include/tmr_msgs/srv/detail/send_script__rosidl_typesupport_introspection_cpp.hpp
[6.658s] -- Symlinking: /home/gy/Omron_MoMa_ROS2/install/tmr_msgs/include/tmr_msgs/srv/detail/set_event__rosidl_typesupport_introspection_cpp.hpp
[6.682s] -- Symlinking: /home/gy/Omron_MoMa_ROS2/install/tmr_msgs/include/tmr_msgs/srv/detail/set_io__rosidl_typesupport_introspection_cpp.hpp
[6.710s] -- Symlinking: /home/gy/Omron_MoMa_ROS2/install/tmr_msgs/include/tmr_msgs/srv/detail/set_positions__rosidl_typesupport_introspection_cpp.hpp
[6.735s] -- Symlinking: /home/gy/Omron_MoMa_ROS2/install/tmr_msgs/include/tmr_msgs/srv/detail/write_item__rosidl_typesupport_introspection_cpp.hpp
[6.749s] -- Symlinking: /home/gy/Omron_MoMa_ROS2/install/tmr_msgs/share/tmr_msgs/environment/pythonpath.sh
[6.778s] -- Symlinking: /home/gy/Omron_MoMa_ROS2/install/tmr_msgs/share/tmr_msgs/environment/pythonpath.dsv
[6.799s] -- Symlinking: /home/gy/Omron_MoMa_ROS2/install/tmr_msgs/lib/python3.8/site-packages/tmr_msgs/__init__.py
[6.814s] -- Symlinking: /home/gy/Omron_MoMa_ROS2/install/tmr_msgs/lib/python3.8/site-packages/tmr_msgs/msg/__init__.py
[6.824s] -- Symlinking: /home/gy/Omron_MoMa_ROS2/install/tmr_msgs/lib/python3.8/site-packages/tmr_msgs/msg/_feedback_state.py
[6.836s] -- Symlinking: /home/gy/Omron_MoMa_ROS2/install/tmr_msgs/lib/python3.8/site-packages/tmr_msgs/msg/_sct_response.py
[6.866s] -- Symlinking: /home/gy/Omron_MoMa_ROS2/install/tmr_msgs/lib/python3.8/site-packages/tmr_msgs/msg/_sta_response.py
[6.890s] -- Symlinking: /home/gy/Omron_MoMa_ROS2/install/tmr_msgs/lib/python3.8/site-packages/tmr_msgs/msg/_svr_response.py
[6.919s] -- Symlinking: /home/gy/Omron_MoMa_ROS2/install/tmr_msgs/lib/python3.8/site-packages/tmr_msgs/srv/__init__.py
[6.947s] -- Symlinking: /home/gy/Omron_MoMa_ROS2/install/tmr_msgs/lib/python3.8/site-packages/tmr_msgs/srv/_ask_item.py
[6.973s] -- Symlinking: /home/gy/Omron_MoMa_ROS2/install/tmr_msgs/lib/python3.8/site-packages/tmr_msgs/srv/_ask_sta.py
[6.987s] -- Symlinking: /home/gy/Omron_MoMa_ROS2/install/tmr_msgs/lib/python3.8/site-packages/tmr_msgs/srv/_connect_tm.py
[7.003s] -- Symlinking: /home/gy/Omron_MoMa_ROS2/install/tmr_msgs/lib/python3.8/site-packages/tmr_msgs/srv/_send_script.py
[7.021s] -- Symlinking: /home/gy/Omron_MoMa_ROS2/install/tmr_msgs/lib/python3.8/site-packages/tmr_msgs/srv/_set_event.py
[7.038s] -- Symlinking: /home/gy/Omron_MoMa_ROS2/install/tmr_msgs/lib/python3.8/site-packages/tmr_msgs/srv/_set_io.py
[7.053s] -- Symlinking: /home/gy/Omron_MoMa_ROS2/install/tmr_msgs/lib/python3.8/site-packages/tmr_msgs/srv/_set_positions.py
[7.070s] -- Symlinking: /home/gy/Omron_MoMa_ROS2/install/tmr_msgs/lib/python3.8/site-packages/tmr_msgs/srv/_write_item.py
[7.080s] -- Symlinking: /home/gy/Omron_MoMa_ROS2/install/tmr_msgs/lib/python3.8/site-packages/tmr_msgs/tmr_msgs_s__rosidl_typesupport_fastrtps_c.cpython-38-x86_64-linux-gnu.so
[7.089s] -- Symlinking: /home/gy/Omron_MoMa_ROS2/install/tmr_msgs/lib/python3.8/site-packages/tmr_msgs/tmr_msgs_s__rosidl_typesupport_introspection_c.cpython-38-x86_64-linux-gnu.so
[7.112s] -- Symlinking: /home/gy/Omron_MoMa_ROS2/install/tmr_msgs/lib/python3.8/site-packages/tmr_msgs/tmr_msgs_s__rosidl_typesupport_c.cpython-38-x86_64-linux-gnu.so
[7.119s] -- Symlinking: /home/gy/Omron_MoMa_ROS2/install/tmr_msgs/lib/libtmr_msgs__python.so
[7.129s] -- Symlinking: /home/gy/Omron_MoMa_ROS2/install/tmr_msgs/share/tmr_msgs/msg/FeedbackState.idl
[7.138s] -- Symlinking: /home/gy/Omron_MoMa_ROS2/install/tmr_msgs/share/tmr_msgs/msg/SvrResponse.idl
[7.148s] -- Symlinking: /home/gy/Omron_MoMa_ROS2/install/tmr_msgs/share/tmr_msgs/msg/SctResponse.idl
[7.162s] -- Symlinking: /home/gy/Omron_MoMa_ROS2/install/tmr_msgs/share/tmr_msgs/msg/StaResponse.idl
[7.174s] -- Symlinking: /home/gy/Omron_MoMa_ROS2/install/tmr_msgs/share/tmr_msgs/srv/ConnectTM.idl
[7.179s] -- Symlinking: /home/gy/Omron_MoMa_ROS2/install/tmr_msgs/share/tmr_msgs/srv/WriteItem.idl
[7.189s] -- Symlinking: /home/gy/Omron_MoMa_ROS2/install/tmr_msgs/share/tmr_msgs/srv/AskItem.idl
[7.200s] -- Symlinking: /home/gy/Omron_MoMa_ROS2/install/tmr_msgs/share/tmr_msgs/srv/SendScript.idl
[7.217s] -- Symlinking: /home/gy/Omron_MoMa_ROS2/install/tmr_msgs/share/tmr_msgs/srv/SetEvent.idl
[7.227s] -- Symlinking: /home/gy/Omron_MoMa_ROS2/install/tmr_msgs/share/tmr_msgs/srv/SetIO.idl
[7.239s] -- Symlinking: /home/gy/Omron_MoMa_ROS2/install/tmr_msgs/share/tmr_msgs/srv/SetPositions.idl
[7.262s] -- Symlinking: /home/gy/Omron_MoMa_ROS2/install/tmr_msgs/share/tmr_msgs/srv/AskSta.idl
[7.290s] -- Symlinking: /home/gy/Omron_MoMa_ROS2/install/tmr_msgs/share/tmr_msgs/msg/FeedbackState.msg
[7.318s] -- Symlinking: /home/gy/Omron_MoMa_ROS2/install/tmr_msgs/share/tmr_msgs/msg/SvrResponse.msg
[7.341s] -- Symlinking: /home/gy/Omron_MoMa_ROS2/install/tmr_msgs/share/tmr_msgs/msg/SctResponse.msg
[7.362s] -- Symlinking: /home/gy/Omron_MoMa_ROS2/install/tmr_msgs/share/tmr_msgs/msg/StaResponse.msg
[7.381s] -- Symlinking: /home/gy/Omron_MoMa_ROS2/install/tmr_msgs/share/tmr_msgs/srv/ConnectTM.srv
[7.410s] -- Symlinking: /home/gy/Omron_MoMa_ROS2/install/tmr_msgs/share/tmr_msgs/srv/ConnectTM_Request.msg
[7.427s] -- Symlinking: /home/gy/Omron_MoMa_ROS2/install/tmr_msgs/share/tmr_msgs/srv/ConnectTM_Response.msg
[7.437s] -- Symlinking: /home/gy/Omron_MoMa_ROS2/install/tmr_msgs/share/tmr_msgs/srv/WriteItem.srv
[7.446s] -- Symlinking: /home/gy/Omron_MoMa_ROS2/install/tmr_msgs/share/tmr_msgs/srv/WriteItem_Request.msg
[7.459s] -- Symlinking: /home/gy/Omron_MoMa_ROS2/install/tmr_msgs/share/tmr_msgs/srv/WriteItem_Response.msg
[7.475s] -- Symlinking: /home/gy/Omron_MoMa_ROS2/install/tmr_msgs/share/tmr_msgs/srv/AskItem.srv
[7.494s] -- Symlinking: /home/gy/Omron_MoMa_ROS2/install/tmr_msgs/share/tmr_msgs/srv/AskItem_Request.msg
[7.520s] -- Symlinking: /home/gy/Omron_MoMa_ROS2/install/tmr_msgs/share/tmr_msgs/srv/AskItem_Response.msg
[7.538s] -- Symlinking: /home/gy/Omron_MoMa_ROS2/install/tmr_msgs/share/tmr_msgs/srv/SendScript.srv
[7.541s] -- Symlinking: /home/gy/Omron_MoMa_ROS2/install/tmr_msgs/share/tmr_msgs/srv/SendScript_Request.msg
[7.596s] -- Symlinking: /home/gy/Omron_MoMa_ROS2/install/tmr_msgs/share/tmr_msgs/srv/SendScript_Response.msg
[7.620s] -- Symlinking: /home/gy/Omron_MoMa_ROS2/install/tmr_msgs/share/tmr_msgs/srv/SetEvent.srv
[7.649s] -- Symlinking: /home/gy/Omron_MoMa_ROS2/install/tmr_msgs/share/tmr_msgs/srv/SetEvent_Request.msg
[7.677s] -- Symlinking: /home/gy/Omron_MoMa_ROS2/install/tmr_msgs/share/tmr_msgs/srv/SetEvent_Response.msg
[7.701s] -- Symlinking: /home/gy/Omron_MoMa_ROS2/install/tmr_msgs/share/tmr_msgs/srv/SetIO.srv
[7.736s] -- Symlinking: /home/gy/Omron_MoMa_ROS2/install/tmr_msgs/share/tmr_msgs/srv/SetIO_Request.msg
[7.749s] -- Symlinking: /home/gy/Omron_MoMa_ROS2/install/tmr_msgs/share/tmr_msgs/srv/SetIO_Response.msg
[7.750s] -- Symlinking: /home/gy/Omron_MoMa_ROS2/install/tmr_msgs/share/tmr_msgs/srv/SetPositions.srv
[7.773s] -- Symlinking: /home/gy/Omron_MoMa_ROS2/install/tmr_msgs/share/tmr_msgs/srv/SetPositions_Request.msg
[7.773s] -- Symlinking: /home/gy/Omron_MoMa_ROS2/install/tmr_msgs/share/tmr_msgs/srv/SetPositions_Response.msg
[7.785s] -- Symlinking: /home/gy/Omron_MoMa_ROS2/install/tmr_msgs/share/tmr_msgs/srv/AskSta.srv
[7.792s] -- Symlinking: /home/gy/Omron_MoMa_ROS2/install/tmr_msgs/share/tmr_msgs/srv/AskSta_Request.msg
[7.802s] -- Symlinking: /home/gy/Omron_MoMa_ROS2/install/tmr_msgs/share/tmr_msgs/srv/AskSta_Response.msg
[7.813s] -- Symlinking: /home/gy/Omron_MoMa_ROS2/install/tmr_msgs/share/ament_index/resource_index/package_run_dependencies/tmr_msgs
[7.824s] -- Symlinking: /home/gy/Omron_MoMa_ROS2/install/tmr_msgs/share/ament_index/resource_index/parent_prefix_path/tmr_msgs
[7.834s] -- Symlinking: /home/gy/Omron_MoMa_ROS2/install/tmr_msgs/share/tmr_msgs/environment/ament_prefix_path.sh
[7.859s] -- Symlinking: /home/gy/Omron_MoMa_ROS2/install/tmr_msgs/share/tmr_msgs/environment/ament_prefix_path.dsv
[7.873s] -- Symlinking: /home/gy/Omron_MoMa_ROS2/install/tmr_msgs/share/tmr_msgs/environment/path.sh
[7.885s] -- Symlinking: /home/gy/Omron_MoMa_ROS2/install/tmr_msgs/share/tmr_msgs/environment/path.dsv
[7.895s] -- Symlinking: /home/gy/Omron_MoMa_ROS2/install/tmr_msgs/share/tmr_msgs/local_setup.bash
[7.906s] -- Symlinking: /home/gy/Omron_MoMa_ROS2/install/tmr_msgs/share/tmr_msgs/local_setup.sh
[7.919s] -- Symlinking: /home/gy/Omron_MoMa_ROS2/install/tmr_msgs/share/tmr_msgs/local_setup.zsh
[7.929s] -- Symlinking: /home/gy/Omron_MoMa_ROS2/install/tmr_msgs/share/tmr_msgs/local_setup.dsv
[7.940s] -- Symlinking: /home/gy/Omron_MoMa_ROS2/install/tmr_msgs/share/tmr_msgs/package.dsv
[7.950s] -- Symlinking: /home/gy/Omron_MoMa_ROS2/install/tmr_msgs/share/ament_index/resource_index/packages/tmr_msgs
[7.962s] -- Symlinking: /home/gy/Omron_MoMa_ROS2/install/tmr_msgs/share/tmr_msgs/cmake/rosidl_cmake-extras.cmake
[7.986s] -- Symlinking: /home/gy/Omron_MoMa_ROS2/install/tmr_msgs/share/tmr_msgs/cmake/ament_cmake_export_dependencies-extras.cmake
[8.030s] -- Symlinking: /home/gy/Omron_MoMa_ROS2/install/tmr_msgs/share/tmr_msgs/cmake/ament_cmake_export_libraries-extras.cmake
[8.054s] -- Symlinking: /home/gy/Omron_MoMa_ROS2/install/tmr_msgs/share/tmr_msgs/cmake/ament_cmake_export_targets-extras.cmake
[8.068s] -- Symlinking: /home/gy/Omron_MoMa_ROS2/install/tmr_msgs/share/tmr_msgs/cmake/ament_cmake_export_include_directories-extras.cmake
[8.089s] -- Symlinking: /home/gy/Omron_MoMa_ROS2/install/tmr_msgs/share/tmr_msgs/cmake/rosidl_cmake_export_typesupport_libraries-extras.cmake
[8.104s] -- Symlinking: /home/gy/Omron_MoMa_ROS2/install/tmr_msgs/share/tmr_msgs/cmake/rosidl_cmake_export_typesupport_targets-extras.cmake
[8.135s] -- Symlinking: /home/gy/Omron_MoMa_ROS2/install/tmr_msgs/share/tmr_msgs/cmake/tmr_msgsConfig.cmake
[8.151s] -- Symlinking: /home/gy/Omron_MoMa_ROS2/install/tmr_msgs/share/tmr_msgs/cmake/tmr_msgsConfig-version.cmake
[8.175s] -- Symlinking: /home/gy/Omron_MoMa_ROS2/install/tmr_msgs/share/tmr_msgs/package.xml
[8.192s] -- Up-to-date: /home/gy/Omron_MoMa_ROS2/install/tmr_msgs/lib/libtmr_msgs__rosidl_generator_c.so
[8.194s] -- Up-to-date: /home/gy/Omron_MoMa_ROS2/install/tmr_msgs/lib/libtmr_msgs__rosidl_typesupport_introspection_c.so
[8.197s] -- Up-to-date: /home/gy/Omron_MoMa_ROS2/install/tmr_msgs/lib/libtmr_msgs__rosidl_typesupport_c.so
[8.198s] -- Up-to-date: /home/gy/Omron_MoMa_ROS2/install/tmr_msgs/lib/libtmr_msgs__rosidl_typesupport_introspection_cpp.so
[8.198s] -- Up-to-date: /home/gy/Omron_MoMa_ROS2/install/tmr_msgs/lib/libtmr_msgs__rosidl_typesupport_cpp.so
[8.247s] Compiling '/home/gy/Omron_MoMa_ROS2/install/tmr_msgs/lib/python3.8/site-packages/tmr_msgs/__init__.py'...
[8.253s] -- Up-to-date: /home/gy/Omron_MoMa_ROS2/install/tmr_msgs/share/tmr_msgs/cmake/tmr_msgs__rosidl_generator_cExport.cmake
[8.255s] -- Installing: /home/gy/Omron_MoMa_ROS2/install/tmr_msgs/share/tmr_msgs/cmake/tmr_msgs__rosidl_generator_cExport-noconfig.cmake
[8.256s] -- Up-to-date: /home/gy/Omron_MoMa_ROS2/install/tmr_msgs/share/tmr_msgs/cmake/tmr_msgs__rosidl_typesupport_introspection_cExport.cmake
[8.257s] -- Installing: /home/gy/Omron_MoMa_ROS2/install/tmr_msgs/share/tmr_msgs/cmake/tmr_msgs__rosidl_typesupport_introspection_cExport-noconfig.cmake
[8.259s] -- Up-to-date: /home/gy/Omron_MoMa_ROS2/install/tmr_msgs/share/tmr_msgs/cmake/tmr_msgs__rosidl_typesupport_cExport.cmake
[8.259s] -- Installing: /home/gy/Omron_MoMa_ROS2/install/tmr_msgs/share/tmr_msgs/cmake/tmr_msgs__rosidl_typesupport_cExport-noconfig.cmake
[8.260s] -- Up-to-date: /home/gy/Omron_MoMa_ROS2/install/tmr_msgs/share/tmr_msgs/cmake/tmr_msgs__rosidl_generator_cppExport.cmake
[8.260s] -- Up-to-date: /home/gy/Omron_MoMa_ROS2/install/tmr_msgs/share/tmr_msgs/cmake/tmr_msgs__rosidl_typesupport_introspection_cppExport.cmake
[8.260s] -- Installing: /home/gy/Omron_MoMa_ROS2/install/tmr_msgs/share/tmr_msgs/cmake/tmr_msgs__rosidl_typesupport_introspection_cppExport-noconfig.cmake
[8.261s] -- Up-to-date: /home/gy/Omron_MoMa_ROS2/install/tmr_msgs/share/tmr_msgs/cmake/tmr_msgs__rosidl_typesupport_cppExport.cmake
[8.261s] -- Installing: /home/gy/Omron_MoMa_ROS2/install/tmr_msgs/share/tmr_msgs/cmake/tmr_msgs__rosidl_typesupport_cppExport-noconfig.cmake
[8.402s] Invoked command in '/home/gy/Omron_MoMa_ROS2/build/tmr_msgs' returned '0': CMAKE_PREFIX_PATH=/opt/ros/foxy /usr/bin/cmake --install /home/gy/Omron_MoMa_ROS2/build/tmr_msgs
