[0.051s] Invoking command in '/home/gy/Omron_MoMa_ROS2/build/tmrlib': CMAKE_PREFIX_PATH=/opt/ros/foxy /usr/bin/cmake /home/gy/Omron_MoMa_ROS2/src/Omron_TM_ROS2/src/tmrlib -DCMAKE_INSTALL_PREFIX=/home/gy/Omron_MoMa_ROS2/install/tmrlib
[0.231s] -- The C compiler identification is GNU 9.3.0
[0.350s] -- The CXX compiler identification is GNU 9.3.0
[0.357s] -- Check for working C compiler: /usr/bin/cc
[0.578s] -- Check for working C compiler: /usr/bin/cc -- works
[0.579s] -- Detecting C compiler ABI info
[0.942s] -- Detecting C compiler ABI info - done
[0.968s] -- Detecting C compile features
[0.974s] -- Detecting C compile features - done
[0.978s] -- Check for working CXX compiler: /usr/bin/c++
[1.384s] -- Check for working CXX compiler: /usr/bin/c++ -- works
[1.386s] -- Detecting CXX compiler ABI info
[1.788s] -- Detecting CXX compiler ABI info - done
[1.812s] -- Detecting CXX compile features
[1.814s] -- Detecting CXX compile features - done
[1.818s] -- Found ament_cmake: 0.9.8 (/opt/ros/foxy/share/ament_cmake/cmake)
[1.879s] -- Found PythonInterp: /usr/bin/python3 (found suitable version "3.8.5", minimum required is "3") 
[1.879s] -- Using PYTHON_EXECUTABLE: /usr/bin/python3
[2.279s] -- Found rclcpp: 2.3.1 (/opt/ros/foxy/share/rclcpp/cmake)
[2.358s] -- Using all available rosidl_typesupport_c: rosidl_typesupport_fastrtps_c;rosidl_typesupport_introspection_c
[2.373s] -- Found rosidl_adapter: 1.2.1 (/opt/ros/foxy/share/rosidl_adapter/cmake)
[2.521s] -- Found OpenSSL: /usr/lib/x86_64-linux-gnu/libcrypto.so (found version "1.1.1f")  
[2.586s] -- Found FastRTPS: /opt/ros/foxy/include  
[2.736s] -- Using all available rosidl_typesupport_cpp: rosidl_typesupport_fastrtps_cpp;rosidl_typesupport_introspection_cpp
[2.882s] -- Found rmw_implementation_cmake: 1.0.3 (/opt/ros/foxy/share/rmw_implementation_cmake/cmake)
[2.884s] -- Using RMW implementation 'rmw_fastrtps_cpp' as default
[2.886s] -- Looking for pthread.h
[3.187s] -- Looking for pthread.h - found
[3.187s] -- Performing Test CMAKE_HAVE_LIBC_PTHREAD
[3.408s] -- Performing Test CMAKE_HAVE_LIBC_PTHREAD - Failed
[3.424s] -- Looking for pthread_create in pthreads
[3.766s] -- Looking for pthread_create in pthreads - not found
[3.766s] -- Looking for pthread_create in pthread
[4.137s] -- Looking for pthread_create in pthread - found
[4.137s] -- Found Threads: TRUE  
[4.667s] -- Found ament_lint_auto: 0.9.6 (/opt/ros/foxy/share/ament_lint_auto/cmake)
[4.821s] -- Added test 'copyright' to check source files copyright and LICENSE
[4.842s] -- Added test 'cppcheck' to perform static code analysis on C / C++ code
[4.842s] -- Configured cppcheck include dirs: /home/gy/Omron_MoMa_ROS2/src/Omron_TM_ROS2/src/tmrlib/include
[4.842s] -- Configured cppcheck exclude dirs and/or files: 
[4.844s] -- Added test 'cpplint' to check C / C++ code against the Google style
[4.844s] -- Configured cpplint exclude dirs and/or files: 
[4.845s] -- Added test 'lint_cmake' to check CMake code style
[4.847s] -- Added test 'uncrustify' to check C / C++ code style
[4.847s] -- Configured uncrustify additional arguments: 
[4.851s] -- Added test 'xmllint' to check XML markup files
[4.854s] -- Configuring done
[4.879s] -- Generating done
[4.895s] -- Build files have been written to: /home/gy/Omron_MoMa_ROS2/build/tmrlib
[4.903s] Invoked command in '/home/gy/Omron_MoMa_ROS2/build/tmrlib' returned '0': CMAKE_PREFIX_PATH=/opt/ros/foxy /usr/bin/cmake /home/gy/Omron_MoMa_ROS2/src/Omron_TM_ROS2/src/tmrlib -DCMAKE_INSTALL_PREFIX=/home/gy/Omron_MoMa_ROS2/install/tmrlib
[4.905s] Invoking command in '/home/gy/Omron_MoMa_ROS2/build/tmrlib': CMAKE_PREFIX_PATH=/opt/ros/foxy /usr/bin/cmake --build /home/gy/Omron_MoMa_ROS2/build/tmrlib -- -j4 -l4
[5.114s] [35m[1mScanning dependencies of target tmrdriver[0m
[5.175s] [ 12%] [32mBuilding CXX object CMakeFiles/tmrdriver.dir/src/tmr_driver.cpp.o[0m
[6.897s] [ 25%] [32mBuilding CXX object CMakeFiles/tmrdriver.dir/src/tmr_tmsvr_communication.cpp.o[0m
[8.408s] [ 37%] [32mBuilding CXX object CMakeFiles/tmrdriver.dir/src/tmr_communication.cpp.o[0m
[9.610s] [ 50%] [32mBuilding CXX object CMakeFiles/tmrdriver.dir/src/tmr_robot_state.cpp.o[0m
[10.973s] [ 62%] [32mBuilding CXX object CMakeFiles/tmrdriver.dir/src/tmr_tmpacket.cpp.o[0m
[11.624s] [ 75%] [32mBuilding CXX object CMakeFiles/tmrdriver.dir/src/tmr_tmsct_communication.cpp.o[0m
[12.352s] [ 87%] [32mBuilding CXX object CMakeFiles/tmrdriver.dir/src/tmr_command.cpp.o[0m
[12.910s] [100%] [32m[1mLinking CXX static library libtmrdriver.a[0m
[13.018s] [100%] Built target tmrdriver
[13.044s] Invoked command in '/home/gy/Omron_MoMa_ROS2/build/tmrlib' returned '0': CMAKE_PREFIX_PATH=/opt/ros/foxy /usr/bin/cmake --build /home/gy/Omron_MoMa_ROS2/build/tmrlib -- -j4 -l4
[13.121s] Invoking command in '/home/gy/Omron_MoMa_ROS2/build/tmrlib': CMAKE_PREFIX_PATH=/opt/ros/foxy /usr/bin/cmake --install /home/gy/Omron_MoMa_ROS2/build/tmrlib
[13.135s] -- Install configuration: ""
[13.136s] -- Installing: /home/gy/Omron_MoMa_ROS2/install/tmrlib/share/tmrlib/environment/library_path.sh
[13.137s] -- Installing: /home/gy/Omron_MoMa_ROS2/install/tmrlib/share/tmrlib/environment/library_path.dsv
[13.137s] -- Installing: /home/gy/Omron_MoMa_ROS2/install/tmrlib/include
[13.138s] -- Installing: /home/gy/Omron_MoMa_ROS2/install/tmrlib/include/tmr
[13.139s] -- Installing: /home/gy/Omron_MoMa_ROS2/install/tmrlib/include/tmr/tmr_data_table.h
[13.140s] -- Installing: /home/gy/Omron_MoMa_ROS2/install/tmrlib/include/tmr/tmr_driver.h
[13.140s] -- Installing: /home/gy/Omron_MoMa_ROS2/install/tmrlib/include/tmr/tmr_communication.h
[13.140s] -- Installing: /home/gy/Omron_MoMa_ROS2/install/tmrlib/include/tmr/tmr_print.h
[13.141s] -- Installing: /home/gy/Omron_MoMa_ROS2/install/tmrlib/include/tmr/tmr_robot_state.h
[13.141s] -- Installing: /home/gy/Omron_MoMa_ROS2/install/tmrlib/include/tmr/tmr_tmpacket.h
[13.141s] -- Installing: /home/gy/Omron_MoMa_ROS2/install/tmrlib/include/tmr/tmr_tmsvr_communication.h
[13.141s] -- Installing: /home/gy/Omron_MoMa_ROS2/install/tmrlib/include/tmr/tmr_tmsct_communication.h
[13.142s] -- Installing: /home/gy/Omron_MoMa_ROS2/install/tmrlib/include/tmr/tmr_command.h
[13.142s] -- Installing: /home/gy/Omron_MoMa_ROS2/install/tmrlib/lib/libtmrdriver.a
[13.159s] -- Installing: /home/gy/Omron_MoMa_ROS2/install/tmrlib/share/ament_index/resource_index/package_run_dependencies/tmrlib
[13.160s] -- Installing: /home/gy/Omron_MoMa_ROS2/install/tmrlib/share/ament_index/resource_index/parent_prefix_path/tmrlib
[13.160s] -- Installing: /home/gy/Omron_MoMa_ROS2/install/tmrlib/share/tmrlib/environment/ament_prefix_path.sh
[13.168s] -- Installing: /home/gy/Omron_MoMa_ROS2/install/tmrlib/share/tmrlib/environment/ament_prefix_path.dsv
[13.168s] -- Installing: /home/gy/Omron_MoMa_ROS2/install/tmrlib/share/tmrlib/environment/path.sh
[13.168s] -- Installing: /home/gy/Omron_MoMa_ROS2/install/tmrlib/share/tmrlib/environment/path.dsv
[13.169s] -- Installing: /home/gy/Omron_MoMa_ROS2/install/tmrlib/share/tmrlib/local_setup.bash
[13.169s] -- Installing: /home/gy/Omron_MoMa_ROS2/install/tmrlib/share/tmrlib/local_setup.sh
[13.169s] -- Installing: /home/gy/Omron_MoMa_ROS2/install/tmrlib/share/tmrlib/local_setup.zsh
[13.170s] -- Installing: /home/gy/Omron_MoMa_ROS2/install/tmrlib/share/tmrlib/local_setup.dsv
[13.170s] -- Installing: /home/gy/Omron_MoMa_ROS2/install/tmrlib/share/tmrlib/package.dsv
[13.178s] -- Installing: /home/gy/Omron_MoMa_ROS2/install/tmrlib/share/ament_index/resource_index/packages/tmrlib
[13.178s] -- Installing: /home/gy/Omron_MoMa_ROS2/install/tmrlib/share/tmrlib/cmake/export_tmrdriverExport.cmake
[13.178s] -- Installing: /home/gy/Omron_MoMa_ROS2/install/tmrlib/share/tmrlib/cmake/export_tmrdriverExport-noconfig.cmake
[13.178s] -- Installing: /home/gy/Omron_MoMa_ROS2/install/tmrlib/share/tmrlib/cmake/ament_cmake_export_targets-extras.cmake
[13.178s] -- Installing: /home/gy/Omron_MoMa_ROS2/install/tmrlib/share/tmrlib/cmake/tmrlibConfig.cmake
[13.178s] -- Installing: /home/gy/Omron_MoMa_ROS2/install/tmrlib/share/tmrlib/cmake/tmrlibConfig-version.cmake
[13.178s] -- Installing: /home/gy/Omron_MoMa_ROS2/install/tmrlib/share/tmrlib/package.xml
[13.190s] Invoked command in '/home/gy/Omron_MoMa_ROS2/build/tmrlib' returned '0': CMAKE_PREFIX_PATH=/opt/ros/foxy /usr/bin/cmake --install /home/gy/Omron_MoMa_ROS2/build/tmrlib
