[0.032s] Invoking command in '/home/gy/Omron_MoMa_ROS2/build/custom_package': AMENT_PREFIX_PATH=/home/gy/Omron_MoMa_ROS2/install/techman_robot_msgs:${AMENT_PREFIX_PATH} CMAKE_PREFIX_PATH=/home/gy/Omron_MoMa_ROS2/install/techman_robot_msgs:/opt/ros/foxy LD_LIBRARY_PATH=/home/gy/Omron_MoMa_ROS2/install/techman_robot_msgs/lib:${LD_LIBRARY_PATH} PYTHONPATH=/home/gy/Omron_MoMa_ROS2/install/techman_robot_msgs/lib/python3.8/site-packages:${PYTHONPATH} /usr/bin/cmake /home/gy/Omron_MoMa_ROS2/src/Omron_TM_ROS2/src/custom_package -DCMAKE_INSTALL_PREFIX=/home/gy/Omron_MoMa_ROS2/install/custom_package
[0.257s] -- The C compiler identification is GNU 9.3.0
[0.376s] -- The CXX compiler identification is GNU 9.3.0
[0.381s] -- Check for working C compiler: /usr/bin/cc
[0.633s] -- Check for working C compiler: /usr/bin/cc -- works
[0.633s] -- Detecting C compiler ABI info
[1.069s] -- Detecting C compiler ABI info - done
[1.091s] -- Detecting C compile features
[1.093s] -- Detecting C compile features - done
[1.096s] -- Check for working CXX compiler: /usr/bin/c++
[1.522s] -- Check for working CXX compiler: /usr/bin/c++ -- works
[1.523s] -- Detecting CXX compiler ABI info
[1.838s] -- Detecting CXX compiler ABI info - done
[1.859s] -- Detecting CXX compile features
[1.860s] -- Detecting CXX compile features - done
[1.877s] -- Found ament_cmake: 0.9.8 (/opt/ros/foxy/share/ament_cmake/cmake)
[1.921s] -- Found PythonInterp: /usr/bin/python3 (found suitable version "3.8.5", minimum required is "3") 
[1.922s] -- Using PYTHON_EXECUTABLE: /usr/bin/python3
[2.213s] -- Found rclcpp: 2.3.1 (/opt/ros/foxy/share/rclcpp/cmake)
[2.306s] -- Using all available rosidl_typesupport_c: rosidl_typesupport_fastrtps_c;rosidl_typesupport_introspection_c
[2.325s] -- Found rosidl_adapter: 1.2.1 (/opt/ros/foxy/share/rosidl_adapter/cmake)
[2.486s] -- Found OpenSSL: /usr/lib/x86_64-linux-gnu/libcrypto.so (found version "1.1.1f")  
[2.506s] -- Found FastRTPS: /opt/ros/foxy/include  
[2.589s] -- Using all available rosidl_typesupport_cpp: rosidl_typesupport_fastrtps_cpp;rosidl_typesupport_introspection_cpp
[2.654s] -- Found rmw_implementation_cmake: 1.0.3 (/opt/ros/foxy/share/rmw_implementation_cmake/cmake)
[2.655s] -- Using RMW implementation 'rmw_fastrtps_cpp' as default
[2.656s] -- Looking for pthread.h
[2.861s] -- Looking for pthread.h - found
[2.862s] -- Performing Test CMAKE_HAVE_LIBC_PTHREAD
[3.024s] -- Performing Test CMAKE_HAVE_LIBC_PTHREAD - Failed
[3.024s] -- Looking for pthread_create in pthreads
[3.141s] -- Looking for pthread_create in pthreads - not found
[3.141s] -- Looking for pthread_create in pthread
[3.375s] -- Looking for pthread_create in pthread - found
[3.376s] -- Found Threads: TRUE  
[3.652s] -- Found rclcpp_components: 2.3.1 (/opt/ros/foxy/share/rclcpp_components/cmake)
[3.723s] -- Found sensor_msgs: 2.0.4 (/opt/ros/foxy/share/sensor_msgs/cmake)
[3.891s] -- Found OpenCV: /usr (found version "4.2.0") 
[3.892s] -- Found techman_robot_msgs: 0.0.0 (/home/gy/Omron_MoMa_ROS2/install/techman_robot_msgs/share/techman_robot_msgs/cmake)
[3.906s] -- Found ament_lint_auto: 0.9.6 (/opt/ros/foxy/share/ament_lint_auto/cmake)
[4.001s] -- Added test 'copyright' to check source files copyright and LICENSE
[4.003s] -- Added test 'cppcheck' to perform static code analysis on C / C++ code
[4.003s] -- Configured cppcheck include dirs: 
[4.003s] -- Configured cppcheck exclude dirs and/or files: 
[4.004s] -- Added test 'cpplint' to check C / C++ code against the Google style
[4.004s] -- Configured cpplint exclude dirs and/or files: 
[4.006s] -- Added test 'lint_cmake' to check CMake code style
[4.007s] -- Added test 'uncrustify' to check C / C++ code style
[4.007s] -- Configured uncrustify additional arguments: 
[4.008s] -- Added test 'xmllint' to check XML markup files
[4.014s] -- Configuring done
[4.039s] -- Generating done
[4.041s] -- Build files have been written to: /home/gy/Omron_MoMa_ROS2/build/custom_package
[4.060s] Invoked command in '/home/gy/Omron_MoMa_ROS2/build/custom_package' returned '0': AMENT_PREFIX_PATH=/home/gy/Omron_MoMa_ROS2/install/techman_robot_msgs:${AMENT_PREFIX_PATH} CMAKE_PREFIX_PATH=/home/gy/Omron_MoMa_ROS2/install/techman_robot_msgs:/opt/ros/foxy LD_LIBRARY_PATH=/home/gy/Omron_MoMa_ROS2/install/techman_robot_msgs/lib:${LD_LIBRARY_PATH} PYTHONPATH=/home/gy/Omron_MoMa_ROS2/install/techman_robot_msgs/lib/python3.8/site-packages:${PYTHONPATH} /usr/bin/cmake /home/gy/Omron_MoMa_ROS2/src/Omron_TM_ROS2/src/custom_package -DCMAKE_INSTALL_PREFIX=/home/gy/Omron_MoMa_ROS2/install/custom_package
[4.061s] Invoking command in '/home/gy/Omron_MoMa_ROS2/build/custom_package': AMENT_PREFIX_PATH=/home/gy/Omron_MoMa_ROS2/install/techman_robot_msgs:${AMENT_PREFIX_PATH} CMAKE_PREFIX_PATH=/home/gy/Omron_MoMa_ROS2/install/techman_robot_msgs:/opt/ros/foxy LD_LIBRARY_PATH=/home/gy/Omron_MoMa_ROS2/install/techman_robot_msgs/lib:${LD_LIBRARY_PATH} PYTHONPATH=/home/gy/Omron_MoMa_ROS2/install/techman_robot_msgs/lib/python3.8/site-packages:${PYTHONPATH} /usr/bin/cmake --build /home/gy/Omron_MoMa_ROS2/build/custom_package -- -j4 -l4
[4.201s] [35m[1mScanning dependencies of target sub_img[0m
[4.325s] [ 25%] [32mBuilding CXX object CMakeFiles/sub_img.dir/src/sub_img.cpp.o[0m
[11.573s] [ 50%] [32m[1mLinking CXX executable sub_img[0m
[12.357s] [ 50%] Built target sub_img
[12.406s] [35m[1mScanning dependencies of target tm_send_command[0m
[12.459s] [ 75%] [32mBuilding CXX object CMakeFiles/tm_send_command.dir/src/send_command.cpp.o[0m
[15.525s] [100%] [32m[1mLinking CXX executable tm_send_command[0m
[15.724s] [100%] Built target tm_send_command
[15.740s] Invoked command in '/home/gy/Omron_MoMa_ROS2/build/custom_package' returned '0': AMENT_PREFIX_PATH=/home/gy/Omron_MoMa_ROS2/install/techman_robot_msgs:${AMENT_PREFIX_PATH} CMAKE_PREFIX_PATH=/home/gy/Omron_MoMa_ROS2/install/techman_robot_msgs:/opt/ros/foxy LD_LIBRARY_PATH=/home/gy/Omron_MoMa_ROS2/install/techman_robot_msgs/lib:${LD_LIBRARY_PATH} PYTHONPATH=/home/gy/Omron_MoMa_ROS2/install/techman_robot_msgs/lib/python3.8/site-packages:${PYTHONPATH} /usr/bin/cmake --build /home/gy/Omron_MoMa_ROS2/build/custom_package -- -j4 -l4
[16.223s] Invoking command in '/home/gy/Omron_MoMa_ROS2/build/custom_package': AMENT_PREFIX_PATH=/home/gy/Omron_MoMa_ROS2/install/techman_robot_msgs:${AMENT_PREFIX_PATH} CMAKE_PREFIX_PATH=/home/gy/Omron_MoMa_ROS2/install/techman_robot_msgs:/opt/ros/foxy LD_LIBRARY_PATH=/home/gy/Omron_MoMa_ROS2/install/techman_robot_msgs/lib:${LD_LIBRARY_PATH} PYTHONPATH=/home/gy/Omron_MoMa_ROS2/install/techman_robot_msgs/lib/python3.8/site-packages:${PYTHONPATH} /usr/bin/cmake --install /home/gy/Omron_MoMa_ROS2/build/custom_package
[16.241s] -- Install configuration: ""
[16.241s] -- Installing: /home/gy/Omron_MoMa_ROS2/install/custom_package/lib/custom_package/tm_send_command
[16.242s] -- Set runtime path of "/home/gy/Omron_MoMa_ROS2/install/custom_package/lib/custom_package/tm_send_command" to ""
[16.242s] -- Installing: /home/gy/Omron_MoMa_ROS2/install/custom_package/lib/custom_package/sub_img
[16.242s] -- Set runtime path of "/home/gy/Omron_MoMa_ROS2/install/custom_package/lib/custom_package/sub_img" to ""
[16.242s] -- Installing: /home/gy/Omron_MoMa_ROS2/install/custom_package/share/custom_package/image
[16.242s] -- Installing: /home/gy/Omron_MoMa_ROS2/install/custom_package/share/custom_package/image/techman_robot.jpg
[16.242s] -- Installing: /home/gy/Omron_MoMa_ROS2/install/custom_package/share/ament_index/resource_index/package_run_dependencies/custom_package
[16.242s] -- Installing: /home/gy/Omron_MoMa_ROS2/install/custom_package/share/ament_index/resource_index/parent_prefix_path/custom_package
[16.242s] -- Installing: /home/gy/Omron_MoMa_ROS2/install/custom_package/share/custom_package/environment/ament_prefix_path.sh
[16.242s] -- Installing: /home/gy/Omron_MoMa_ROS2/install/custom_package/share/custom_package/environment/ament_prefix_path.dsv
[16.242s] -- Installing: /home/gy/Omron_MoMa_ROS2/install/custom_package/share/custom_package/environment/path.sh
[16.242s] -- Installing: /home/gy/Omron_MoMa_ROS2/install/custom_package/share/custom_package/environment/path.dsv
[16.242s] -- Installing: /home/gy/Omron_MoMa_ROS2/install/custom_package/share/custom_package/local_setup.bash
[16.242s] -- Installing: /home/gy/Omron_MoMa_ROS2/install/custom_package/share/custom_package/local_setup.sh
[16.242s] -- Installing: /home/gy/Omron_MoMa_ROS2/install/custom_package/share/custom_package/local_setup.zsh
[16.243s] -- Installing: /home/gy/Omron_MoMa_ROS2/install/custom_package/share/custom_package/local_setup.dsv
[16.243s] -- Installing: /home/gy/Omron_MoMa_ROS2/install/custom_package/share/custom_package/package.dsv
[16.243s] -- Installing: /home/gy/Omron_MoMa_ROS2/install/custom_package/share/ament_index/resource_index/packages/custom_package
[16.243s] -- Installing: /home/gy/Omron_MoMa_ROS2/install/custom_package/share/custom_package/cmake/custom_packageConfig.cmake
[16.244s] -- Installing: /home/gy/Omron_MoMa_ROS2/install/custom_package/share/custom_package/cmake/custom_packageConfig-version.cmake
[16.244s] -- Installing: /home/gy/Omron_MoMa_ROS2/install/custom_package/share/custom_package/package.xml
[16.253s] Invoked command in '/home/gy/Omron_MoMa_ROS2/build/custom_package' returned '0': AMENT_PREFIX_PATH=/home/gy/Omron_MoMa_ROS2/install/techman_robot_msgs:${AMENT_PREFIX_PATH} CMAKE_PREFIX_PATH=/home/gy/Omron_MoMa_ROS2/install/techman_robot_msgs:/opt/ros/foxy LD_LIBRARY_PATH=/home/gy/Omron_MoMa_ROS2/install/techman_robot_msgs/lib:${LD_LIBRARY_PATH} PYTHONPATH=/home/gy/Omron_MoMa_ROS2/install/techman_robot_msgs/lib/python3.8/site-packages:${PYTHONPATH} /usr/bin/cmake --install /home/gy/Omron_MoMa_ROS2/build/custom_package
