-- The C compiler identification is GNU 9.3.0
-- The CXX compiler identification is GNU 9.3.0
-- Check for working C compiler: /usr/bin/cc
-- Check for working C compiler: /usr/bin/cc -- works
-- Detecting C compiler ABI info
-- Detecting C compiler ABI info - done
-- Detecting C compile features
-- Detecting C compile features - done
-- Check for working CXX compiler: /usr/bin/c++
-- Check for working CXX compiler: /usr/bin/c++ -- works
-- Detecting CXX compiler ABI info
-- Detecting CXX compiler ABI info - done
-- Detecting CXX compile features
-- Detecting CXX compile features - done
-- Found ament_cmake: 0.9.8 (/opt/ros/foxy/share/ament_cmake/cmake)
-- Found PythonInterp: /usr/bin/python3 (found suitable version "3.8.5", minimum required is "3") 
-- Using PYTHON_EXECUTABLE: /usr/bin/python3
-- Found rclcpp: 2.3.1 (/opt/ros/foxy/share/rclcpp/cmake)
-- Using all available rosidl_typesupport_c: rosidl_typesupport_fastrtps_c;rosidl_typesupport_introspection_c
-- Found rosidl_adapter: 1.2.1 (/opt/ros/foxy/share/rosidl_adapter/cmake)
-- Found OpenSSL: /usr/lib/x86_64-linux-gnu/libcrypto.so (found version "1.1.1f")  
-- Found FastRTPS: /opt/ros/foxy/include  
-- Using all available rosidl_typesupport_cpp: rosidl_typesupport_fastrtps_cpp;rosidl_typesupport_introspection_cpp
-- Found rmw_implementation_cmake: 1.0.3 (/opt/ros/foxy/share/rmw_implementation_cmake/cmake)
-- Using RMW implementation 'rmw_fastrtps_cpp' as default
-- Looking for pthread.h
-- Looking for pthread.h - found
-- Performing Test CMAKE_HAVE_LIBC_PTHREAD
-- Performing Test CMAKE_HAVE_LIBC_PTHREAD - Failed
-- Looking for pthread_create in pthreads
-- Looking for pthread_create in pthreads - not found
-- Looking for pthread_create in pthread
-- Looking for pthread_create in pthread - found
-- Found Threads: TRUE  
-- Found sensor_msgs: 2.0.4 (/opt/ros/foxy/share/sensor_msgs/cmake)
-- Found control_msgs: 2.5.0 (/opt/ros/foxy/share/control_msgs/cmake)
-- Found visualization_msgs: 2.0.4 (/opt/ros/foxy/share/visualization_msgs/cmake)
-- Found tf2_ros: 0.13.10 (/opt/ros/foxy/share/tf2_ros/cmake)
-- Found om_aiv_msg: 0.0.0 (/home/gy/Omron_MoMa_ROS2/install/om_aiv_msg/share/om_aiv_msg/cmake)
-- Found ament_lint_auto: 0.9.6 (/opt/ros/foxy/share/ament_lint_auto/cmake)
-- Added test 'copyright' to check source files copyright and LICENSE
-- Added test 'cppcheck' to perform static code analysis on C / C++ code
-- Configured cppcheck include dirs: /home/gy/Omron_MoMa_ROS2/src/Omron_AMR_ROS2/src/amr_visualisation/include
-- Configured cppcheck exclude dirs and/or files: 
-- Added test 'cpplint' to check C / C++ code against the Google style
-- Configured cpplint exclude dirs and/or files: 
-- Added test 'flake8' to check Python code syntax and style conventions
-- Added test 'lint_cmake' to check CMake code style
-- Added test 'pep257' to check Python code against some of the style conventions in PEP 257
-- Added test 'uncrustify' to check C / C++ code style
-- Configured uncrustify additional arguments: 
-- Added test 'xmllint' to check XML markup files
-- Configuring done
-- Generating done
-- Build files have been written to: /home/gy/Omron_MoMa_ROS2/build/amr_visualisation
[35m[1mScanning dependencies of target data_points_marker[0m
[ 16%] [32mBuilding CXX object CMakeFiles/data_points_marker.dir/src/data_points_marker.cpp.o[0m
[ 33%] [32m[1mLinking CXX executable data_points_marker[0m
[ 33%] Built target data_points_marker
[35m[1mScanning dependencies of target joints_publisher[0m
[ 50%] [32mBuilding CXX object CMakeFiles/joints_publisher.dir/src/joints_publisher.cpp.o[0m
[ 66%] [32m[1mLinking CXX executable joints_publisher[0m
[ 66%] Built target joints_publisher
[35m[1mScanning dependencies of target goals_marker[0m
[ 83%] [32mBuilding CXX object CMakeFiles/goals_marker.dir/src/goals_marker.cpp.o[0m
[100%] [32m[1mLinking CXX executable goals_marker[0m
[100%] Built target goals_marker
-- Install configuration: ""
-- Installing: /home/gy/Omron_MoMa_ROS2/install/amr_visualisation/lib/amr_visualisation/joints_publisher
-- Set runtime path of "/home/gy/Omron_MoMa_ROS2/install/amr_visualisation/lib/amr_visualisation/joints_publisher" to ""
-- Installing: /home/gy/Omron_MoMa_ROS2/install/amr_visualisation/lib/amr_visualisation/data_points_marker
-- Set runtime path of "/home/gy/Omron_MoMa_ROS2/install/amr_visualisation/lib/amr_visualisation/data_points_marker" to ""
-- Installing: /home/gy/Omron_MoMa_ROS2/install/amr_visualisation/lib/amr_visualisation/goals_marker
-- Set runtime path of "/home/gy/Omron_MoMa_ROS2/install/amr_visualisation/lib/amr_visualisation/goals_marker" to ""
-- Installing: /home/gy/Omron_MoMa_ROS2/install/amr_visualisation/share/amr_visualisation/launch
-- Installing: /home/gy/Omron_MoMa_ROS2/install/amr_visualisation/share/amr_visualisation/launch/display.launch.py
-- Installing: /home/gy/Omron_MoMa_ROS2/install/amr_visualisation/share/amr_visualisation/config
-- Installing: /home/gy/Omron_MoMa_ROS2/install/amr_visualisation/share/amr_visualisation/config/amr_rviz.rviz
-- Installing: /home/gy/Omron_MoMa_ROS2/install/amr_visualisation/share/amr_visualisation/map
-- Installing: /home/gy/Omron_MoMa_ROS2/install/amr_visualisation/share/amr_visualisation/map/data.map
-- Installing: /home/gy/Omron_MoMa_ROS2/install/amr_visualisation/share/amr_visualisation/meshes
-- Installing: /home/gy/Omron_MoMa_ROS2/install/amr_visualisation/share/amr_visualisation/meshes/AMR_Platform.STL
-- Installing: /home/gy/Omron_MoMa_ROS2/install/amr_visualisation/share/amr_visualisation/param
-- Installing: /home/gy/Omron_MoMa_ROS2/install/amr_visualisation/share/amr_visualisation/param/vis_param.yaml
-- Installing: /home/gy/Omron_MoMa_ROS2/install/amr_visualisation/share/amr_visualisation/urdf
-- Installing: /home/gy/Omron_MoMa_ROS2/install/amr_visualisation/share/amr_visualisation/urdf/AMR_Platform.urdf
-- Installing: /home/gy/Omron_MoMa_ROS2/install/amr_visualisation/share/ament_index/resource_index/package_run_dependencies/amr_visualisation
-- Installing: /home/gy/Omron_MoMa_ROS2/install/amr_visualisation/share/ament_index/resource_index/parent_prefix_path/amr_visualisation
-- Installing: /home/gy/Omron_MoMa_ROS2/install/amr_visualisation/share/amr_visualisation/environment/ament_prefix_path.sh
-- Installing: /home/gy/Omron_MoMa_ROS2/install/amr_visualisation/share/amr_visualisation/environment/ament_prefix_path.dsv
-- Installing: /home/gy/Omron_MoMa_ROS2/install/amr_visualisation/share/amr_visualisation/environment/path.sh
-- Installing: /home/gy/Omron_MoMa_ROS2/install/amr_visualisation/share/amr_visualisation/environment/path.dsv
-- Installing: /home/gy/Omron_MoMa_ROS2/install/amr_visualisation/share/amr_visualisation/local_setup.bash
-- Installing: /home/gy/Omron_MoMa_ROS2/install/amr_visualisation/share/amr_visualisation/local_setup.sh
-- Installing: /home/gy/Omron_MoMa_ROS2/install/amr_visualisation/share/amr_visualisation/local_setup.zsh
-- Installing: /home/gy/Omron_MoMa_ROS2/install/amr_visualisation/share/amr_visualisation/local_setup.dsv
-- Installing: /home/gy/Omron_MoMa_ROS2/install/amr_visualisation/share/amr_visualisation/package.dsv
-- Installing: /home/gy/Omron_MoMa_ROS2/install/amr_visualisation/share/ament_index/resource_index/packages/amr_visualisation
-- Installing: /home/gy/Omron_MoMa_ROS2/install/amr_visualisation/share/amr_visualisation/cmake/amr_visualisationConfig.cmake
-- Installing: /home/gy/Omron_MoMa_ROS2/install/amr_visualisation/share/amr_visualisation/cmake/amr_visualisationConfig-version.cmake
-- Installing: /home/gy/Omron_MoMa_ROS2/install/amr_visualisation/share/amr_visualisation/package.xml
