[0.026s] Invoking command in '/home/gy/Omron_MoMa_ROS2/build/amr_visualisation': AMENT_PREFIX_PATH=/home/gy/Omron_MoMa_ROS2/install/om_aiv_msg:${AMENT_PREFIX_PATH} CMAKE_PREFIX_PATH=/home/gy/Omron_MoMa_ROS2/install/om_aiv_msg:/opt/ros/foxy LD_LIBRARY_PATH=/home/gy/Omron_MoMa_ROS2/install/om_aiv_msg/lib:${LD_LIBRARY_PATH} PYTHONPATH=/home/gy/Omron_MoMa_ROS2/install/om_aiv_msg/lib/python3.8/site-packages:${PYTHONPATH} /usr/bin/cmake /home/gy/Omron_MoMa_ROS2/src/Omron_AMR_ROS2/src/amr_visualisation -DCMAKE_INSTALL_PREFIX=/home/gy/Omron_MoMa_ROS2/install/amr_visualisation
[0.201s] -- The C compiler identification is GNU 9.3.0
[0.380s] -- The CXX compiler identification is GNU 9.3.0
[0.380s] -- Check for working C compiler: /usr/bin/cc
[0.661s] -- Check for working C compiler: /usr/bin/cc -- works
[0.663s] -- Detecting C compiler ABI info
[0.861s] -- Detecting C compiler ABI info - done
[0.896s] -- Detecting C compile features
[0.897s] -- Detecting C compile features - done
[0.899s] -- Check for working CXX compiler: /usr/bin/c++
[1.207s] -- Check for working CXX compiler: /usr/bin/c++ -- works
[1.207s] -- Detecting CXX compiler ABI info
[1.437s] -- Detecting CXX compiler ABI info - done
[1.462s] -- Detecting CXX compile features
[1.462s] -- Detecting CXX compile features - done
[1.464s] -- Found ament_cmake: 0.9.8 (/opt/ros/foxy/share/ament_cmake/cmake)
[1.493s] -- Found PythonInterp: /usr/bin/python3 (found suitable version "3.8.5", minimum required is "3") 
[1.496s] -- Using PYTHON_EXECUTABLE: /usr/bin/python3
[1.804s] -- Found rclcpp: 2.3.1 (/opt/ros/foxy/share/rclcpp/cmake)
[1.876s] -- Using all available rosidl_typesupport_c: rosidl_typesupport_fastrtps_c;rosidl_typesupport_introspection_c
[1.883s] -- Found rosidl_adapter: 1.2.1 (/opt/ros/foxy/share/rosidl_adapter/cmake)
[2.136s] -- Found OpenSSL: /usr/lib/x86_64-linux-gnu/libcrypto.so (found version "1.1.1f")  
[2.180s] -- Found FastRTPS: /opt/ros/foxy/include  
[2.380s] -- Using all available rosidl_typesupport_cpp: rosidl_typesupport_fastrtps_cpp;rosidl_typesupport_introspection_cpp
[2.494s] -- Found rmw_implementation_cmake: 1.0.3 (/opt/ros/foxy/share/rmw_implementation_cmake/cmake)
[2.495s] -- Using RMW implementation 'rmw_fastrtps_cpp' as default
[2.498s] -- Looking for pthread.h
[2.968s] -- Looking for pthread.h - found
[2.969s] -- Performing Test CMAKE_HAVE_LIBC_PTHREAD
[3.452s] -- Performing Test CMAKE_HAVE_LIBC_PTHREAD - Failed
[3.454s] -- Looking for pthread_create in pthreads
[3.589s] -- Looking for pthread_create in pthreads - not found
[3.589s] -- Looking for pthread_create in pthread
[3.859s] -- Looking for pthread_create in pthread - found
[3.861s] -- Found Threads: TRUE  
[4.122s] -- Found sensor_msgs: 2.0.4 (/opt/ros/foxy/share/sensor_msgs/cmake)
[4.253s] -- Found control_msgs: 2.5.0 (/opt/ros/foxy/share/control_msgs/cmake)
[4.670s] -- Found visualization_msgs: 2.0.4 (/opt/ros/foxy/share/visualization_msgs/cmake)
[4.756s] -- Found tf2_ros: 0.13.10 (/opt/ros/foxy/share/tf2_ros/cmake)
[5.100s] -- Found om_aiv_msg: 0.0.0 (/home/gy/Omron_MoMa_ROS2/install/om_aiv_msg/share/om_aiv_msg/cmake)
[5.165s] -- Found ament_lint_auto: 0.9.6 (/opt/ros/foxy/share/ament_lint_auto/cmake)
[5.308s] -- Added test 'copyright' to check source files copyright and LICENSE
[5.310s] -- Added test 'cppcheck' to perform static code analysis on C / C++ code
[5.311s] -- Configured cppcheck include dirs: /home/gy/Omron_MoMa_ROS2/src/Omron_AMR_ROS2/src/amr_visualisation/include
[5.311s] -- Configured cppcheck exclude dirs and/or files: 
[5.314s] -- Added test 'cpplint' to check C / C++ code against the Google style
[5.315s] -- Configured cpplint exclude dirs and/or files: 
[5.315s] -- Added test 'flake8' to check Python code syntax and style conventions
[5.316s] -- Added test 'lint_cmake' to check CMake code style
[5.317s] -- Added test 'pep257' to check Python code against some of the style conventions in PEP 257
[5.319s] -- Added test 'uncrustify' to check C / C++ code style
[5.319s] -- Configured uncrustify additional arguments: 
[5.320s] -- Added test 'xmllint' to check XML markup files
[5.325s] -- Configuring done
[5.400s] -- Generating done
[5.402s] -- Build files have been written to: /home/gy/Omron_MoMa_ROS2/build/amr_visualisation
[5.423s] Invoked command in '/home/gy/Omron_MoMa_ROS2/build/amr_visualisation' returned '0': AMENT_PREFIX_PATH=/home/gy/Omron_MoMa_ROS2/install/om_aiv_msg:${AMENT_PREFIX_PATH} CMAKE_PREFIX_PATH=/home/gy/Omron_MoMa_ROS2/install/om_aiv_msg:/opt/ros/foxy LD_LIBRARY_PATH=/home/gy/Omron_MoMa_ROS2/install/om_aiv_msg/lib:${LD_LIBRARY_PATH} PYTHONPATH=/home/gy/Omron_MoMa_ROS2/install/om_aiv_msg/lib/python3.8/site-packages:${PYTHONPATH} /usr/bin/cmake /home/gy/Omron_MoMa_ROS2/src/Omron_AMR_ROS2/src/amr_visualisation -DCMAKE_INSTALL_PREFIX=/home/gy/Omron_MoMa_ROS2/install/amr_visualisation
[5.424s] Invoking command in '/home/gy/Omron_MoMa_ROS2/build/amr_visualisation': AMENT_PREFIX_PATH=/home/gy/Omron_MoMa_ROS2/install/om_aiv_msg:${AMENT_PREFIX_PATH} CMAKE_PREFIX_PATH=/home/gy/Omron_MoMa_ROS2/install/om_aiv_msg:/opt/ros/foxy LD_LIBRARY_PATH=/home/gy/Omron_MoMa_ROS2/install/om_aiv_msg/lib:${LD_LIBRARY_PATH} PYTHONPATH=/home/gy/Omron_MoMa_ROS2/install/om_aiv_msg/lib/python3.8/site-packages:${PYTHONPATH} /usr/bin/cmake --build /home/gy/Omron_MoMa_ROS2/build/amr_visualisation -- -j4 -l4
[5.577s] [35m[1mScanning dependencies of target data_points_marker[0m
[5.700s] [ 16%] [32mBuilding CXX object CMakeFiles/data_points_marker.dir/src/data_points_marker.cpp.o[0m
[14.004s] [ 33%] [32m[1mLinking CXX executable data_points_marker[0m
[14.567s] [ 33%] Built target data_points_marker
[14.609s] [35m[1mScanning dependencies of target joints_publisher[0m
[14.736s] [ 50%] [32mBuilding CXX object CMakeFiles/joints_publisher.dir/src/joints_publisher.cpp.o[0m
[22.691s] [ 66%] [32m[1mLinking CXX executable joints_publisher[0m
[23.260s] [ 66%] Built target joints_publisher
[23.290s] [35m[1mScanning dependencies of target goals_marker[0m
[23.372s] [ 83%] [32mBuilding CXX object CMakeFiles/goals_marker.dir/src/goals_marker.cpp.o[0m
[31.224s] [100%] [32m[1mLinking CXX executable goals_marker[0m
[31.663s] [100%] Built target goals_marker
[31.681s] Invoked command in '/home/gy/Omron_MoMa_ROS2/build/amr_visualisation' returned '0': AMENT_PREFIX_PATH=/home/gy/Omron_MoMa_ROS2/install/om_aiv_msg:${AMENT_PREFIX_PATH} CMAKE_PREFIX_PATH=/home/gy/Omron_MoMa_ROS2/install/om_aiv_msg:/opt/ros/foxy LD_LIBRARY_PATH=/home/gy/Omron_MoMa_ROS2/install/om_aiv_msg/lib:${LD_LIBRARY_PATH} PYTHONPATH=/home/gy/Omron_MoMa_ROS2/install/om_aiv_msg/lib/python3.8/site-packages:${PYTHONPATH} /usr/bin/cmake --build /home/gy/Omron_MoMa_ROS2/build/amr_visualisation -- -j4 -l4
[31.813s] Invoking command in '/home/gy/Omron_MoMa_ROS2/build/amr_visualisation': AMENT_PREFIX_PATH=/home/gy/Omron_MoMa_ROS2/install/om_aiv_msg:${AMENT_PREFIX_PATH} CMAKE_PREFIX_PATH=/home/gy/Omron_MoMa_ROS2/install/om_aiv_msg:/opt/ros/foxy LD_LIBRARY_PATH=/home/gy/Omron_MoMa_ROS2/install/om_aiv_msg/lib:${LD_LIBRARY_PATH} PYTHONPATH=/home/gy/Omron_MoMa_ROS2/install/om_aiv_msg/lib/python3.8/site-packages:${PYTHONPATH} /usr/bin/cmake --install /home/gy/Omron_MoMa_ROS2/build/amr_visualisation
[31.826s] -- Install configuration: ""
[31.826s] -- Installing: /home/gy/Omron_MoMa_ROS2/install/amr_visualisation/lib/amr_visualisation/joints_publisher
[31.829s] -- Set runtime path of "/home/gy/Omron_MoMa_ROS2/install/amr_visualisation/lib/amr_visualisation/joints_publisher" to ""
[31.830s] -- Installing: /home/gy/Omron_MoMa_ROS2/install/amr_visualisation/lib/amr_visualisation/data_points_marker
[31.833s] -- Set runtime path of "/home/gy/Omron_MoMa_ROS2/install/amr_visualisation/lib/amr_visualisation/data_points_marker" to ""
[31.833s] -- Installing: /home/gy/Omron_MoMa_ROS2/install/amr_visualisation/lib/amr_visualisation/goals_marker
[31.840s] -- Set runtime path of "/home/gy/Omron_MoMa_ROS2/install/amr_visualisation/lib/amr_visualisation/goals_marker" to ""
[31.841s] -- Installing: /home/gy/Omron_MoMa_ROS2/install/amr_visualisation/share/amr_visualisation/launch
[31.841s] -- Installing: /home/gy/Omron_MoMa_ROS2/install/amr_visualisation/share/amr_visualisation/launch/display.launch.py
[31.841s] -- Installing: /home/gy/Omron_MoMa_ROS2/install/amr_visualisation/share/amr_visualisation/config
[31.841s] -- Installing: /home/gy/Omron_MoMa_ROS2/install/amr_visualisation/share/amr_visualisation/config/amr_rviz.rviz
[31.841s] -- Installing: /home/gy/Omron_MoMa_ROS2/install/amr_visualisation/share/amr_visualisation/map
[31.842s] -- Installing: /home/gy/Omron_MoMa_ROS2/install/amr_visualisation/share/amr_visualisation/map/data.map
[31.843s] -- Installing: /home/gy/Omron_MoMa_ROS2/install/amr_visualisation/share/amr_visualisation/meshes
[31.844s] -- Installing: /home/gy/Omron_MoMa_ROS2/install/amr_visualisation/share/amr_visualisation/meshes/AMR_Platform.STL
[31.862s] -- Installing: /home/gy/Omron_MoMa_ROS2/install/amr_visualisation/share/amr_visualisation/param
[31.868s] -- Installing: /home/gy/Omron_MoMa_ROS2/install/amr_visualisation/share/amr_visualisation/param/vis_param.yaml
[31.868s] -- Installing: /home/gy/Omron_MoMa_ROS2/install/amr_visualisation/share/amr_visualisation/urdf
[31.869s] -- Installing: /home/gy/Omron_MoMa_ROS2/install/amr_visualisation/share/amr_visualisation/urdf/AMR_Platform.urdf
[31.869s] -- Installing: /home/gy/Omron_MoMa_ROS2/install/amr_visualisation/share/ament_index/resource_index/package_run_dependencies/amr_visualisation
[31.869s] -- Installing: /home/gy/Omron_MoMa_ROS2/install/amr_visualisation/share/ament_index/resource_index/parent_prefix_path/amr_visualisation
[31.869s] -- Installing: /home/gy/Omron_MoMa_ROS2/install/amr_visualisation/share/amr_visualisation/environment/ament_prefix_path.sh
[31.869s] -- Installing: /home/gy/Omron_MoMa_ROS2/install/amr_visualisation/share/amr_visualisation/environment/ament_prefix_path.dsv
[31.869s] -- Installing: /home/gy/Omron_MoMa_ROS2/install/amr_visualisation/share/amr_visualisation/environment/path.sh
[31.869s] -- Installing: /home/gy/Omron_MoMa_ROS2/install/amr_visualisation/share/amr_visualisation/environment/path.dsv
[31.869s] -- Installing: /home/gy/Omron_MoMa_ROS2/install/amr_visualisation/share/amr_visualisation/local_setup.bash
[31.869s] -- Installing: /home/gy/Omron_MoMa_ROS2/install/amr_visualisation/share/amr_visualisation/local_setup.sh
[31.869s] -- Installing: /home/gy/Omron_MoMa_ROS2/install/amr_visualisation/share/amr_visualisation/local_setup.zsh
[31.869s] -- Installing: /home/gy/Omron_MoMa_ROS2/install/amr_visualisation/share/amr_visualisation/local_setup.dsv
[31.869s] -- Installing: /home/gy/Omron_MoMa_ROS2/install/amr_visualisation/share/amr_visualisation/package.dsv
[31.869s] -- Installing: /home/gy/Omron_MoMa_ROS2/install/amr_visualisation/share/ament_index/resource_index/packages/amr_visualisation
[31.869s] -- Installing: /home/gy/Omron_MoMa_ROS2/install/amr_visualisation/share/amr_visualisation/cmake/amr_visualisationConfig.cmake
[31.870s] -- Installing: /home/gy/Omron_MoMa_ROS2/install/amr_visualisation/share/amr_visualisation/cmake/amr_visualisationConfig-version.cmake
[31.870s] -- Installing: /home/gy/Omron_MoMa_ROS2/install/amr_visualisation/share/amr_visualisation/package.xml
[31.870s] Invoked command in '/home/gy/Omron_MoMa_ROS2/build/amr_visualisation' returned '0': AMENT_PREFIX_PATH=/home/gy/Omron_MoMa_ROS2/install/om_aiv_msg:${AMENT_PREFIX_PATH} CMAKE_PREFIX_PATH=/home/gy/Omron_MoMa_ROS2/install/om_aiv_msg:/opt/ros/foxy LD_LIBRARY_PATH=/home/gy/Omron_MoMa_ROS2/install/om_aiv_msg/lib:${LD_LIBRARY_PATH} PYTHONPATH=/home/gy/Omron_MoMa_ROS2/install/om_aiv_msg/lib/python3.8/site-packages:${PYTHONPATH} /usr/bin/cmake --install /home/gy/Omron_MoMa_ROS2/build/amr_visualisation
