[0.047s] Invoking command in '/home/gy/Omron_MoMa_ROS2/build/tmr_description': CMAKE_PREFIX_PATH=/opt/ros/foxy /usr/bin/cmake /home/gy/Omron_MoMa_ROS2/src/Omron_TM_ROS2/src/tmr_description -DAMENT_CMAKE_SYMLINK_INSTALL=1 -DCMAKE_INSTALL_PREFIX=/home/gy/Omron_MoMa_ROS2/install/tmr_description
[0.087s] -- Found ament_cmake: 0.9.8 (/opt/ros/foxy/share/ament_cmake/cmake)
[0.127s] -- Using PYTHON_EXECUTABLE: /usr/bin/python3
[0.436s] -- Override CMake install command with custom implementation using symlinks instead of copying resources
[0.547s] -- Configuring done
[0.566s] -- Generating done
[0.566s] -- Build files have been written to: /home/gy/Omron_MoMa_ROS2/build/tmr_description
[0.586s] Invoked command in '/home/gy/Omron_MoMa_ROS2/build/tmr_description' returned '0': CMAKE_PREFIX_PATH=/opt/ros/foxy /usr/bin/cmake /home/gy/Omron_MoMa_ROS2/src/Omron_TM_ROS2/src/tmr_description -DAMENT_CMAKE_SYMLINK_INSTALL=1 -DCMAKE_INSTALL_PREFIX=/home/gy/Omron_MoMa_ROS2/install/tmr_description
[0.587s] Invoking command in '/home/gy/Omron_MoMa_ROS2/build/tmr_description': CMAKE_PREFIX_PATH=/opt/ros/foxy /usr/bin/cmake --build /home/gy/Omron_MoMa_ROS2/build/tmr_description -- -j4 -l4
[0.707s] Invoked command in '/home/gy/Omron_MoMa_ROS2/build/tmr_description' returned '0': CMAKE_PREFIX_PATH=/opt/ros/foxy /usr/bin/cmake --build /home/gy/Omron_MoMa_ROS2/build/tmr_description -- -j4 -l4
[0.833s] Invoking command in '/home/gy/Omron_MoMa_ROS2/build/tmr_description': CMAKE_PREFIX_PATH=/opt/ros/foxy /usr/bin/cmake --install /home/gy/Omron_MoMa_ROS2/build/tmr_description
[0.850s] -- Install configuration: ""
[0.850s] -- Execute custom install script
[0.850s] -- Symlinking: /home/gy/Omron_MoMa_ROS2/install/tmr_description/share/ament_index/resource_index/package_run_dependencies/tmr_description
[0.883s] -- Symlinking: /home/gy/Omron_MoMa_ROS2/install/tmr_description/share/ament_index/resource_index/parent_prefix_path/tmr_description
[0.899s] -- Symlinking: /home/gy/Omron_MoMa_ROS2/install/tmr_description/share/tmr_description/environment/ament_prefix_path.sh
[0.915s] -- Symlinking: /home/gy/Omron_MoMa_ROS2/install/tmr_description/share/tmr_description/environment/ament_prefix_path.dsv
[0.929s] -- Symlinking: /home/gy/Omron_MoMa_ROS2/install/tmr_description/share/tmr_description/environment/path.sh
[0.939s] -- Symlinking: /home/gy/Omron_MoMa_ROS2/install/tmr_description/share/tmr_description/environment/path.dsv
[0.950s] -- Symlinking: /home/gy/Omron_MoMa_ROS2/install/tmr_description/share/tmr_description/local_setup.bash
[0.962s] -- Symlinking: /home/gy/Omron_MoMa_ROS2/install/tmr_description/share/tmr_description/local_setup.sh
[0.982s] -- Symlinking: /home/gy/Omron_MoMa_ROS2/install/tmr_description/share/tmr_description/local_setup.zsh
[0.992s] -- Symlinking: /home/gy/Omron_MoMa_ROS2/install/tmr_description/share/tmr_description/local_setup.dsv
[1.002s] -- Symlinking: /home/gy/Omron_MoMa_ROS2/install/tmr_description/share/tmr_description/package.dsv
[1.012s] -- Symlinking: /home/gy/Omron_MoMa_ROS2/install/tmr_description/share/ament_index/resource_index/packages/tmr_description
[1.022s] -- Symlinking: /home/gy/Omron_MoMa_ROS2/install/tmr_description/share/tmr_description/cmake/tmr_descriptionConfig.cmake
[1.032s] -- Symlinking: /home/gy/Omron_MoMa_ROS2/install/tmr_description/share/tmr_description/cmake/tmr_descriptionConfig-version.cmake
[1.041s] -- Symlinking: /home/gy/Omron_MoMa_ROS2/install/tmr_description/share/tmr_description/package.xml
[1.065s] -- Symlinking: /home/gy/Omron_MoMa_ROS2/install/tmr_description/share/tmr_description/meshes/gripper/robotiq/2f-85/robotiq_85_gripper.mtl
[1.075s] -- Symlinking: /home/gy/Omron_MoMa_ROS2/install/tmr_description/share/tmr_description/meshes/gripper/robotiq/2f-85/robotiq_85_gripper.obj
[1.087s] -- Symlinking: /home/gy/Omron_MoMa_ROS2/install/tmr_description/share/tmr_description/meshes/gripper/robotiq/2f-85/robotiq_85_gripper.stl
[1.099s] -- Symlinking: /home/gy/Omron_MoMa_ROS2/install/tmr_description/share/tmr_description/meshes/tm5-900/collision/tm5-900_arm1_c.stl
[1.116s] -- Symlinking: /home/gy/Omron_MoMa_ROS2/install/tmr_description/share/tmr_description/meshes/tm5-900/collision/tm5-900_arm2_c.stl
[1.165s] -- Symlinking: /home/gy/Omron_MoMa_ROS2/install/tmr_description/share/tmr_description/meshes/tm5-900/collision/tm5_base_c.stl
[1.192s] -- Symlinking: /home/gy/Omron_MoMa_ROS2/install/tmr_description/share/tmr_description/meshes/tm5-900/collision/tmr_100w_01_c.stl
[1.208s] -- Symlinking: /home/gy/Omron_MoMa_ROS2/install/tmr_description/share/tmr_description/meshes/tm5-900/collision/tmr_100w_02_c.stl
[1.218s] -- Symlinking: /home/gy/Omron_MoMa_ROS2/install/tmr_description/share/tmr_description/meshes/tm5-900/collision/tmr_400w_01_c.stl
[1.232s] -- Symlinking: /home/gy/Omron_MoMa_ROS2/install/tmr_description/share/tmr_description/meshes/tm5-900/collision/tmr_ee_c.stl
[1.252s] -- Symlinking: /home/gy/Omron_MoMa_ROS2/install/tmr_description/share/tmr_description/meshes/tm5-900/visual/tm5-900_arm1.mtl
[1.268s] -- Symlinking: /home/gy/Omron_MoMa_ROS2/install/tmr_description/share/tmr_description/meshes/tm5-900/visual/tm5-900_arm1.obj
[1.279s] -- Symlinking: /home/gy/Omron_MoMa_ROS2/install/tmr_description/share/tmr_description/meshes/tm5-900/visual/tm5-900_arm1.stl
[1.289s] -- Symlinking: /home/gy/Omron_MoMa_ROS2/install/tmr_description/share/tmr_description/meshes/tm5-900/visual/tm5-900_arm2.mtl
[1.307s] -- Symlinking: /home/gy/Omron_MoMa_ROS2/install/tmr_description/share/tmr_description/meshes/tm5-900/visual/tm5-900_arm2.obj
[1.335s] -- Symlinking: /home/gy/Omron_MoMa_ROS2/install/tmr_description/share/tmr_description/meshes/tm5-900/visual/tm5-900_arm2.stl
[1.345s] -- Symlinking: /home/gy/Omron_MoMa_ROS2/install/tmr_description/share/tmr_description/meshes/tm5-900/visual/tm5_base.mtl
[1.354s] -- Symlinking: /home/gy/Omron_MoMa_ROS2/install/tmr_description/share/tmr_description/meshes/tm5-900/visual/tm5_base.obj
[1.380s] -- Symlinking: /home/gy/Omron_MoMa_ROS2/install/tmr_description/share/tmr_description/meshes/tm5-900/visual/tm5_base.stl
[1.403s] -- Symlinking: /home/gy/Omron_MoMa_ROS2/install/tmr_description/share/tmr_description/meshes/tm5-900/visual/tm5_base_old.mtl
[1.413s] -- Symlinking: /home/gy/Omron_MoMa_ROS2/install/tmr_description/share/tmr_description/meshes/tm5-900/visual/tm5_base_old.obj
[1.432s] -- Symlinking: /home/gy/Omron_MoMa_ROS2/install/tmr_description/share/tmr_description/meshes/tm5-900/visual/tmr_100w_01.mtl
[1.446s] -- Symlinking: /home/gy/Omron_MoMa_ROS2/install/tmr_description/share/tmr_description/meshes/tm5-900/visual/tmr_100w_01.obj
[1.460s] -- Symlinking: /home/gy/Omron_MoMa_ROS2/install/tmr_description/share/tmr_description/meshes/tm5-900/visual/tmr_100w_01.stl
[1.484s] -- Symlinking: /home/gy/Omron_MoMa_ROS2/install/tmr_description/share/tmr_description/meshes/tm5-900/visual/tmr_100w_02.mtl
[1.520s] -- Symlinking: /home/gy/Omron_MoMa_ROS2/install/tmr_description/share/tmr_description/meshes/tm5-900/visual/tmr_100w_02.obj
[1.554s] -- Symlinking: /home/gy/Omron_MoMa_ROS2/install/tmr_description/share/tmr_description/meshes/tm5-900/visual/tmr_100w_02.stl
[1.595s] -- Symlinking: /home/gy/Omron_MoMa_ROS2/install/tmr_description/share/tmr_description/meshes/tm5-900/visual/tmr_400w_01.mtl
[1.612s] -- Symlinking: /home/gy/Omron_MoMa_ROS2/install/tmr_description/share/tmr_description/meshes/tm5-900/visual/tmr_400w_01.obj
[1.628s] -- Symlinking: /home/gy/Omron_MoMa_ROS2/install/tmr_description/share/tmr_description/meshes/tm5-900/visual/tmr_400w_01.stl
[1.650s] -- Symlinking: /home/gy/Omron_MoMa_ROS2/install/tmr_description/share/tmr_description/meshes/tm5-900/visual/tmr_ee.mtl
[1.680s] -- Symlinking: /home/gy/Omron_MoMa_ROS2/install/tmr_description/share/tmr_description/meshes/tm5-900/visual/tmr_ee.obj
[1.699s] -- Symlinking: /home/gy/Omron_MoMa_ROS2/install/tmr_description/share/tmr_description/meshes/tm5-900/visual/tmr_ee.stl
[1.716s] -- Symlinking: /home/gy/Omron_MoMa_ROS2/install/tmr_description/share/tmr_description/urdf/tm5-900.urdf
[1.746s] -- Symlinking: /home/gy/Omron_MoMa_ROS2/install/tmr_description/share/tmr_description/xacro/gripper/robotiq_2f.urdf.xacro
[1.767s] -- Symlinking: /home/gy/Omron_MoMa_ROS2/install/tmr_description/share/tmr_description/xacro/gripper/robotiq_85_gripper.transmission.xacro
[1.797s] -- Symlinking: /home/gy/Omron_MoMa_ROS2/install/tmr_description/share/tmr_description/xacro/gripper/robotiq_85_gripper.urdf.xacro
[1.851s] -- Symlinking: /home/gy/Omron_MoMa_ROS2/install/tmr_description/share/tmr_description/xacro/gripper/robotiq_85_gripper.xacro
[1.893s] -- Symlinking: /home/gy/Omron_MoMa_ROS2/install/tmr_description/share/tmr_description/xacro/gripper/robotiq_85_gripper_sim_base.urdf.xacro
[1.944s] -- Symlinking: /home/gy/Omron_MoMa_ROS2/install/tmr_description/share/tmr_description/xacro/macro.gazebo.xacro
[1.975s] -- Symlinking: /home/gy/Omron_MoMa_ROS2/install/tmr_description/share/tmr_description/xacro/macro.inertial.xacro
[1.999s] -- Symlinking: /home/gy/Omron_MoMa_ROS2/install/tmr_description/share/tmr_description/xacro/macro.materials.xacro
[2.026s] -- Symlinking: /home/gy/Omron_MoMa_ROS2/install/tmr_description/share/tmr_description/xacro/macro.tm5-900.urdf.xacro
[2.062s] -- Symlinking: /home/gy/Omron_MoMa_ROS2/install/tmr_description/share/tmr_description/xacro/macro.transmission.xacro
[2.086s] -- Symlinking: /home/gy/Omron_MoMa_ROS2/install/tmr_description/share/tmr_description/xacro/tm5-900.urdf.xacro
[2.119s] Invoked command in '/home/gy/Omron_MoMa_ROS2/build/tmr_description' returned '0': CMAKE_PREFIX_PATH=/opt/ros/foxy /usr/bin/cmake --install /home/gy/Omron_MoMa_ROS2/build/tmr_description
