[0.089s] Invoking command in '/home/gy/Omron_MoMa_ROS2/build/tm_driver': AMENT_PREFIX_PATH=/home/gy/Omron_MoMa_ROS2/install/tm_msgs:${AMENT_PREFIX_PATH} CMAKE_PREFIX_PATH=/home/gy/Omron_MoMa_ROS2/install/tm_msgs:/opt/ros/foxy LD_LIBRARY_PATH=/home/gy/Omron_MoMa_ROS2/install/tm_msgs/lib:${LD_LIBRARY_PATH} PYTHONPATH=/home/gy/Omron_MoMa_ROS2/install/tm_msgs/lib/python3.8/site-packages:${PYTHONPATH} /usr/bin/cmake /home/gy/Omron_MoMa_ROS2/src/Omron_TM_ROS2/src/tm_driver -DCMAKE_INSTALL_PREFIX=/home/gy/Omron_MoMa_ROS2/install/tm_driver
[0.303s] -- The C compiler identification is GNU 9.3.0
[0.437s] -- The CXX compiler identification is GNU 9.3.0
[0.448s] -- Check for working C compiler: /usr/bin/cc
[0.713s] -- Check for working C compiler: /usr/bin/cc -- works
[0.713s] -- Detecting C compiler ABI info
[0.898s] -- Detecting C compiler ABI info - done
[0.903s] -- Detecting C compile features
[0.903s] -- Detecting C compile features - done
[0.919s] -- Check for working CXX compiler: /usr/bin/c++
[1.189s] -- Check for working CXX compiler: /usr/bin/c++ -- works
[1.197s] -- Detecting CXX compiler ABI info
[1.457s] -- Detecting CXX compiler ABI info - done
[1.486s] -- Detecting CXX compile features
[1.487s] -- Detecting CXX compile features - done
[1.508s] -- Found ament_cmake: 0.9.8 (/opt/ros/foxy/share/ament_cmake/cmake)
[1.563s] -- Found PythonInterp: /usr/bin/python3 (found suitable version "3.8.5", minimum required is "3") 
[1.563s] -- Using PYTHON_EXECUTABLE: /usr/bin/python3
[1.856s] -- Found rclcpp: 2.3.1 (/opt/ros/foxy/share/rclcpp/cmake)
[1.948s] -- Using all available rosidl_typesupport_c: rosidl_typesupport_fastrtps_c;rosidl_typesupport_introspection_c
[1.962s] -- Found rosidl_adapter: 1.2.1 (/opt/ros/foxy/share/rosidl_adapter/cmake)
[2.254s] -- Found OpenSSL: /usr/lib/x86_64-linux-gnu/libcrypto.so (found version "1.1.1f")  
[2.281s] -- Found FastRTPS: /opt/ros/foxy/include  
[2.442s] -- Using all available rosidl_typesupport_cpp: rosidl_typesupport_fastrtps_cpp;rosidl_typesupport_introspection_cpp
[2.582s] -- Found rmw_implementation_cmake: 1.0.3 (/opt/ros/foxy/share/rmw_implementation_cmake/cmake)
[2.584s] -- Using RMW implementation 'rmw_fastrtps_cpp' as default
[2.593s] -- Looking for pthread.h
[2.839s] -- Looking for pthread.h - found
[2.839s] -- Performing Test CMAKE_HAVE_LIBC_PTHREAD
[3.045s] -- Performing Test CMAKE_HAVE_LIBC_PTHREAD - Failed
[3.045s] -- Looking for pthread_create in pthreads
[3.288s] -- Looking for pthread_create in pthreads - not found
[3.288s] -- Looking for pthread_create in pthread
[3.471s] -- Looking for pthread_create in pthread - found
[3.472s] -- Found Threads: TRUE  
[3.694s] -- Found sensor_msgs: 2.0.4 (/opt/ros/foxy/share/sensor_msgs/cmake)
[3.872s] -- Found tm_msgs: 1.0.0 (/home/gy/Omron_MoMa_ROS2/install/tm_msgs/share/tm_msgs/cmake)
[3.921s] -- Found ament_lint_auto: 0.9.6 (/opt/ros/foxy/share/ament_lint_auto/cmake)
[4.027s] -- Added test 'copyright' to check source files copyright and LICENSE
[4.029s] -- Added test 'cppcheck' to perform static code analysis on C / C++ code
[4.030s] -- Configured cppcheck include dirs: /home/gy/Omron_MoMa_ROS2/src/Omron_TM_ROS2/src/tm_driver/include
[4.030s] -- Configured cppcheck exclude dirs and/or files: 
[4.032s] -- Added test 'cpplint' to check C / C++ code against the Google style
[4.032s] -- Configured cpplint exclude dirs and/or files: 
[4.032s] -- Added test 'flake8' to check Python code syntax and style conventions
[4.033s] -- Added test 'lint_cmake' to check CMake code style
[4.034s] -- Added test 'pep257' to check Python code against some of the style conventions in PEP 257
[4.036s] -- Added test 'uncrustify' to check C / C++ code style
[4.036s] -- Configured uncrustify additional arguments: 
[4.037s] -- Added test 'xmllint' to check XML markup files
[4.042s] -- Configuring done
[4.070s] -- Generating done
[4.071s] -- Build files have been written to: /home/gy/Omron_MoMa_ROS2/build/tm_driver
[4.089s] Invoked command in '/home/gy/Omron_MoMa_ROS2/build/tm_driver' returned '0': AMENT_PREFIX_PATH=/home/gy/Omron_MoMa_ROS2/install/tm_msgs:${AMENT_PREFIX_PATH} CMAKE_PREFIX_PATH=/home/gy/Omron_MoMa_ROS2/install/tm_msgs:/opt/ros/foxy LD_LIBRARY_PATH=/home/gy/Omron_MoMa_ROS2/install/tm_msgs/lib:${LD_LIBRARY_PATH} PYTHONPATH=/home/gy/Omron_MoMa_ROS2/install/tm_msgs/lib/python3.8/site-packages:${PYTHONPATH} /usr/bin/cmake /home/gy/Omron_MoMa_ROS2/src/Omron_TM_ROS2/src/tm_driver -DCMAKE_INSTALL_PREFIX=/home/gy/Omron_MoMa_ROS2/install/tm_driver
[4.090s] Invoking command in '/home/gy/Omron_MoMa_ROS2/build/tm_driver': AMENT_PREFIX_PATH=/home/gy/Omron_MoMa_ROS2/install/tm_msgs:${AMENT_PREFIX_PATH} CMAKE_PREFIX_PATH=/home/gy/Omron_MoMa_ROS2/install/tm_msgs:/opt/ros/foxy LD_LIBRARY_PATH=/home/gy/Omron_MoMa_ROS2/install/tm_msgs/lib:${LD_LIBRARY_PATH} PYTHONPATH=/home/gy/Omron_MoMa_ROS2/install/tm_msgs/lib/python3.8/site-packages:${PYTHONPATH} /usr/bin/cmake --build /home/gy/Omron_MoMa_ROS2/build/tm_driver -- -j4 -l4
[4.184s] [35m[1mScanning dependencies of target tm_driver[0m
[4.319s] [  8%] [32mBuilding CXX object CMakeFiles/tm_driver.dir/src/tm_ros2_composition.cpp.o[0m
[6.754s] [ 16%] [32mBuilding CXX object CMakeFiles/tm_driver.dir/src/tm_driver.cpp.o[0m
[7.609s] [ 25%] [32mBuilding CXX object CMakeFiles/tm_driver.dir/src/tm_command.cpp.o[0m
[8.155s] [ 33%] [32mBuilding CXX object CMakeFiles/tm_driver.dir/src/tm_sct_communication.cpp.o[0m
[8.982s] [ 41%] [32mBuilding CXX object CMakeFiles/tm_driver.dir/src/tm_svr_communication.cpp.o[0m
[9.826s] [ 50%] [32mBuilding CXX object CMakeFiles/tm_driver.dir/src/tm_communication.cpp.o[0m
[10.639s] [ 58%] [32mBuilding CXX object CMakeFiles/tm_driver.dir/src/tm_robot_state.cpp.o[0m
[11.855s] [ 66%] [32mBuilding CXX object CMakeFiles/tm_driver.dir/src/tm_packet.cpp.o[0m
[12.511s] [ 75%] [32mBuilding CXX object CMakeFiles/tm_driver.dir/src/tm_print.cpp.o[0m
[12.899s] [ 83%] [32mBuilding CXX object CMakeFiles/tm_driver.dir/src/tm_ros2_svr.cpp.o[0m
[18.916s] [ 91%] [32mBuilding CXX object CMakeFiles/tm_driver.dir/src/tm_ros2_sct.cpp.o[0m
[24.241s] [100%] [32m[1mLinking CXX executable tm_driver[0m
[24.789s] [100%] Built target tm_driver
[24.802s] Invoked command in '/home/gy/Omron_MoMa_ROS2/build/tm_driver' returned '0': AMENT_PREFIX_PATH=/home/gy/Omron_MoMa_ROS2/install/tm_msgs:${AMENT_PREFIX_PATH} CMAKE_PREFIX_PATH=/home/gy/Omron_MoMa_ROS2/install/tm_msgs:/opt/ros/foxy LD_LIBRARY_PATH=/home/gy/Omron_MoMa_ROS2/install/tm_msgs/lib:${LD_LIBRARY_PATH} PYTHONPATH=/home/gy/Omron_MoMa_ROS2/install/tm_msgs/lib/python3.8/site-packages:${PYTHONPATH} /usr/bin/cmake --build /home/gy/Omron_MoMa_ROS2/build/tm_driver -- -j4 -l4
[24.853s] Invoking command in '/home/gy/Omron_MoMa_ROS2/build/tm_driver': AMENT_PREFIX_PATH=/home/gy/Omron_MoMa_ROS2/install/tm_msgs:${AMENT_PREFIX_PATH} CMAKE_PREFIX_PATH=/home/gy/Omron_MoMa_ROS2/install/tm_msgs:/opt/ros/foxy LD_LIBRARY_PATH=/home/gy/Omron_MoMa_ROS2/install/tm_msgs/lib:${LD_LIBRARY_PATH} PYTHONPATH=/home/gy/Omron_MoMa_ROS2/install/tm_msgs/lib/python3.8/site-packages:${PYTHONPATH} /usr/bin/cmake --install /home/gy/Omron_MoMa_ROS2/build/tm_driver
[24.862s] -- Install configuration: ""
[24.863s] -- Installing: /home/gy/Omron_MoMa_ROS2/install/tm_driver/lib/tm_driver/tm_driver
[24.867s] -- Set runtime path of "/home/gy/Omron_MoMa_ROS2/install/tm_driver/lib/tm_driver/tm_driver" to ""
[24.867s] -- Installing: /home/gy/Omron_MoMa_ROS2/install/tm_driver/share/tm_driver/launch
[24.867s] -- Installing: /home/gy/Omron_MoMa_ROS2/install/tm_driver/share/tm_driver/launch/tm_bringup.launch.py
[24.867s] -- Installing: /home/gy/Omron_MoMa_ROS2/install/tm_driver/share/tm_driver/launch/tm_bringup.py
[24.867s] -- Installing: /home/gy/Omron_MoMa_ROS2/install/tm_driver/share/ament_index/resource_index/package_run_dependencies/tm_driver
[24.867s] -- Installing: /home/gy/Omron_MoMa_ROS2/install/tm_driver/share/ament_index/resource_index/parent_prefix_path/tm_driver
[24.870s] -- Installing: /home/gy/Omron_MoMa_ROS2/install/tm_driver/share/tm_driver/environment/ament_prefix_path.sh
[24.870s] -- Installing: /home/gy/Omron_MoMa_ROS2/install/tm_driver/share/tm_driver/environment/ament_prefix_path.dsv
[24.870s] -- Installing: /home/gy/Omron_MoMa_ROS2/install/tm_driver/share/tm_driver/environment/path.sh
[24.870s] -- Installing: /home/gy/Omron_MoMa_ROS2/install/tm_driver/share/tm_driver/environment/path.dsv
[24.871s] -- Installing: /home/gy/Omron_MoMa_ROS2/install/tm_driver/share/tm_driver/local_setup.bash
[24.871s] -- Installing: /home/gy/Omron_MoMa_ROS2/install/tm_driver/share/tm_driver/local_setup.sh
[24.871s] -- Installing: /home/gy/Omron_MoMa_ROS2/install/tm_driver/share/tm_driver/local_setup.zsh
[24.871s] -- Installing: /home/gy/Omron_MoMa_ROS2/install/tm_driver/share/tm_driver/local_setup.dsv
[24.871s] -- Installing: /home/gy/Omron_MoMa_ROS2/install/tm_driver/share/tm_driver/package.dsv
[24.871s] -- Installing: /home/gy/Omron_MoMa_ROS2/install/tm_driver/share/ament_index/resource_index/packages/tm_driver
[24.871s] -- Installing: /home/gy/Omron_MoMa_ROS2/install/tm_driver/share/tm_driver/cmake/tm_driverConfig.cmake
[24.871s] -- Installing: /home/gy/Omron_MoMa_ROS2/install/tm_driver/share/tm_driver/cmake/tm_driverConfig-version.cmake
[24.871s] -- Installing: /home/gy/Omron_MoMa_ROS2/install/tm_driver/share/tm_driver/package.xml
[24.881s] Invoked command in '/home/gy/Omron_MoMa_ROS2/build/tm_driver' returned '0': AMENT_PREFIX_PATH=/home/gy/Omron_MoMa_ROS2/install/tm_msgs:${AMENT_PREFIX_PATH} CMAKE_PREFIX_PATH=/home/gy/Omron_MoMa_ROS2/install/tm_msgs:/opt/ros/foxy LD_LIBRARY_PATH=/home/gy/Omron_MoMa_ROS2/install/tm_msgs/lib:${LD_LIBRARY_PATH} PYTHONPATH=/home/gy/Omron_MoMa_ROS2/install/tm_msgs/lib/python3.8/site-packages:${PYTHONPATH} /usr/bin/cmake --install /home/gy/Omron_MoMa_ROS2/build/tm_driver
