-- Found ament_cmake: 0.9.8 (/opt/ros/foxy/share/ament_cmake/cmake)
-- Using PYTHON_EXECUTABLE: /usr/bin/python3
-- Override CMake install command with custom implementation using symlinks instead of copying resources
-- Found rclcpp: 2.3.1 (/opt/ros/foxy/share/rclcpp/cmake)
-- Using all available rosidl_typesupport_c: rosidl_typesupport_fastrtps_c;rosidl_typesupport_introspection_c
-- Found rosidl_adapter: 1.2.1 (/opt/ros/foxy/share/rosidl_adapter/cmake)
-- Using all available rosidl_typesupport_cpp: rosidl_typesupport_fastrtps_cpp;rosidl_typesupport_introspection_cpp
-- Found rmw_implementation_cmake: 1.0.3 (/opt/ros/foxy/share/rmw_implementation_cmake/cmake)
-- Using RMW implementation 'rmw_fastrtps_cpp' as default
-- Found ament_lint_auto: 0.9.6 (/opt/ros/foxy/share/ament_lint_auto/cmake)
-- Added test 'copyright' to check source files copyright and LICENSE
-- Added test 'cppcheck' to perform static code analysis on C / C++ code
-- Configured cppcheck include dirs: /home/gy/Omron_MoMa_ROS2/src/Omron_TM_ROS2/src/tmrlib/include
-- Configured cppcheck exclude dirs and/or files: 
-- Added test 'cpplint' to check C / C++ code against the Google style
-- Configured cpplint exclude dirs and/or files: 
-- Added test 'lint_cmake' to check CMake code style
-- Added test 'uncrustify' to check C / C++ code style
-- Configured uncrustify additional arguments: 
-- Added test 'xmllint' to check XML markup files
-- Configuring done
-- Generating done
-- Build files have been written to: /home/gy/Omron_MoMa_ROS2/build/tmrlib
[100%] Built target tmrdriver
-- Install configuration: ""
-- Execute custom install script
-- Symlinking: /home/gy/Omron_MoMa_ROS2/install/tmrlib/share/tmrlib/environment/library_path.sh
-- Symlinking: /home/gy/Omron_MoMa_ROS2/install/tmrlib/share/tmrlib/environment/library_path.dsv
-- Symlinking: /home/gy/Omron_MoMa_ROS2/install/tmrlib/include/tmr/tmr_command.h
-- Symlinking: /home/gy/Omron_MoMa_ROS2/install/tmrlib/include/tmr/tmr_communication.h
-- Symlinking: /home/gy/Omron_MoMa_ROS2/install/tmrlib/include/tmr/tmr_data_table.h
-- Symlinking: /home/gy/Omron_MoMa_ROS2/install/tmrlib/include/tmr/tmr_driver.h
-- Symlinking: /home/gy/Omron_MoMa_ROS2/install/tmrlib/include/tmr/tmr_print.h
-- Symlinking: /home/gy/Omron_MoMa_ROS2/install/tmrlib/include/tmr/tmr_robot_state.h
-- Symlinking: /home/gy/Omron_MoMa_ROS2/install/tmrlib/include/tmr/tmr_tmpacket.h
-- Symlinking: /home/gy/Omron_MoMa_ROS2/install/tmrlib/include/tmr/tmr_tmsct_communication.h
-- Symlinking: /home/gy/Omron_MoMa_ROS2/install/tmrlib/include/tmr/tmr_tmsvr_communication.h
-- Symlinking: /home/gy/Omron_MoMa_ROS2/install/tmrlib/share/ament_index/resource_index/package_run_dependencies/tmrlib
-- Symlinking: /home/gy/Omron_MoMa_ROS2/install/tmrlib/share/ament_index/resource_index/parent_prefix_path/tmrlib
-- Symlinking: /home/gy/Omron_MoMa_ROS2/install/tmrlib/share/tmrlib/environment/ament_prefix_path.sh
-- Symlinking: /home/gy/Omron_MoMa_ROS2/install/tmrlib/share/tmrlib/environment/ament_prefix_path.dsv
-- Symlinking: /home/gy/Omron_MoMa_ROS2/install/tmrlib/share/tmrlib/environment/path.sh
-- Symlinking: /home/gy/Omron_MoMa_ROS2/install/tmrlib/share/tmrlib/environment/path.dsv
-- Symlinking: /home/gy/Omron_MoMa_ROS2/install/tmrlib/share/tmrlib/local_setup.bash
-- Symlinking: /home/gy/Omron_MoMa_ROS2/install/tmrlib/share/tmrlib/local_setup.sh
-- Symlinking: /home/gy/Omron_MoMa_ROS2/install/tmrlib/share/tmrlib/local_setup.zsh
-- Symlinking: /home/gy/Omron_MoMa_ROS2/install/tmrlib/share/tmrlib/local_setup.dsv
-- Symlinking: /home/gy/Omron_MoMa_ROS2/install/tmrlib/share/tmrlib/package.dsv
-- Symlinking: /home/gy/Omron_MoMa_ROS2/install/tmrlib/share/ament_index/resource_index/packages/tmrlib
-- Symlinking: /home/gy/Omron_MoMa_ROS2/install/tmrlib/share/tmrlib/cmake/ament_cmake_export_targets-extras.cmake
-- Symlinking: /home/gy/Omron_MoMa_ROS2/install/tmrlib/share/tmrlib/cmake/tmrlibConfig.cmake
-- Symlinking: /home/gy/Omron_MoMa_ROS2/install/tmrlib/share/tmrlib/cmake/tmrlibConfig-version.cmake
-- Symlinking: /home/gy/Omron_MoMa_ROS2/install/tmrlib/share/tmrlib/package.xml
-- Up-to-date: /home/gy/Omron_MoMa_ROS2/install/tmrlib/lib/libtmrdriver.a
-- Up-to-date: /home/gy/Omron_MoMa_ROS2/install/tmrlib/share/tmrlib/cmake/export_tmrdriverExport.cmake
-- Installing: /home/gy/Omron_MoMa_ROS2/install/tmrlib/share/tmrlib/cmake/export_tmrdriverExport-noconfig.cmake
