[0.011s] Invoking command in '/home/gy/Omron_MoMa_ROS2/build/tmrlib': CMAKE_PREFIX_PATH=/opt/ros/foxy /usr/bin/cmake /home/gy/Omron_MoMa_ROS2/src/Omron_TM_ROS2/src/tmrlib -DAMENT_CMAKE_SYMLINK_INSTALL=1 -DCMAKE_INSTALL_PREFIX=/home/gy/Omron_MoMa_ROS2/install/tmrlib
[0.034s] -- Found ament_cmake: 0.9.8 (/opt/ros/foxy/share/ament_cmake/cmake)
[0.067s] -- Using PYTHON_EXECUTABLE: /usr/bin/python3
[0.518s] -- Override CMake install command with custom implementation using symlinks instead of copying resources
[0.519s] -- Found rclcpp: 2.3.1 (/opt/ros/foxy/share/rclcpp/cmake)
[0.581s] -- Using all available rosidl_typesupport_c: rosidl_typesupport_fastrtps_c;rosidl_typesupport_introspection_c
[0.590s] -- Found rosidl_adapter: 1.2.1 (/opt/ros/foxy/share/rosidl_adapter/cmake)
[0.774s] -- Using all available rosidl_typesupport_cpp: rosidl_typesupport_fastrtps_cpp;rosidl_typesupport_introspection_cpp
[0.831s] -- Found rmw_implementation_cmake: 1.0.3 (/opt/ros/foxy/share/rmw_implementation_cmake/cmake)
[0.832s] -- Using RMW implementation 'rmw_fastrtps_cpp' as default
[1.018s] -- Found ament_lint_auto: 0.9.6 (/opt/ros/foxy/share/ament_lint_auto/cmake)
[1.144s] -- Added test 'copyright' to check source files copyright and LICENSE
[1.145s] -- Added test 'cppcheck' to perform static code analysis on C / C++ code
[1.149s] -- Configured cppcheck include dirs: /home/gy/Omron_MoMa_ROS2/src/Omron_TM_ROS2/src/tmrlib/include
[1.149s] -- Configured cppcheck exclude dirs and/or files: 
[1.149s] -- Added test 'cpplint' to check C / C++ code against the Google style
[1.149s] -- Configured cpplint exclude dirs and/or files: 
[1.149s] -- Added test 'lint_cmake' to check CMake code style
[1.153s] -- Added test 'uncrustify' to check C / C++ code style
[1.153s] -- Configured uncrustify additional arguments: 
[1.153s] -- Added test 'xmllint' to check XML markup files
[1.154s] -- Configuring done
[1.178s] -- Generating done
[1.178s] -- Build files have been written to: /home/gy/Omron_MoMa_ROS2/build/tmrlib
[1.189s] Invoked command in '/home/gy/Omron_MoMa_ROS2/build/tmrlib' returned '0': CMAKE_PREFIX_PATH=/opt/ros/foxy /usr/bin/cmake /home/gy/Omron_MoMa_ROS2/src/Omron_TM_ROS2/src/tmrlib -DAMENT_CMAKE_SYMLINK_INSTALL=1 -DCMAKE_INSTALL_PREFIX=/home/gy/Omron_MoMa_ROS2/install/tmrlib
[1.190s] Invoking command in '/home/gy/Omron_MoMa_ROS2/build/tmrlib': CMAKE_PREFIX_PATH=/opt/ros/foxy /usr/bin/cmake --build /home/gy/Omron_MoMa_ROS2/build/tmrlib -- -j4 -l4
[1.297s] [100%] Built target tmrdriver
[1.308s] Invoked command in '/home/gy/Omron_MoMa_ROS2/build/tmrlib' returned '0': CMAKE_PREFIX_PATH=/opt/ros/foxy /usr/bin/cmake --build /home/gy/Omron_MoMa_ROS2/build/tmrlib -- -j4 -l4
[1.395s] Invoking command in '/home/gy/Omron_MoMa_ROS2/build/tmrlib': CMAKE_PREFIX_PATH=/opt/ros/foxy /usr/bin/cmake --install /home/gy/Omron_MoMa_ROS2/build/tmrlib
[1.405s] -- Install configuration: ""
[1.406s] -- Execute custom install script
[1.406s] -- Symlinking: /home/gy/Omron_MoMa_ROS2/install/tmrlib/share/tmrlib/environment/library_path.sh
[1.420s] -- Symlinking: /home/gy/Omron_MoMa_ROS2/install/tmrlib/share/tmrlib/environment/library_path.dsv
[1.434s] -- Symlinking: /home/gy/Omron_MoMa_ROS2/install/tmrlib/include/tmr/tmr_command.h
[1.455s] -- Symlinking: /home/gy/Omron_MoMa_ROS2/install/tmrlib/include/tmr/tmr_communication.h
[1.466s] -- Symlinking: /home/gy/Omron_MoMa_ROS2/install/tmrlib/include/tmr/tmr_data_table.h
[1.491s] -- Symlinking: /home/gy/Omron_MoMa_ROS2/install/tmrlib/include/tmr/tmr_driver.h
[1.513s] -- Symlinking: /home/gy/Omron_MoMa_ROS2/install/tmrlib/include/tmr/tmr_print.h
[1.523s] -- Symlinking: /home/gy/Omron_MoMa_ROS2/install/tmrlib/include/tmr/tmr_robot_state.h
[1.542s] -- Symlinking: /home/gy/Omron_MoMa_ROS2/install/tmrlib/include/tmr/tmr_tmpacket.h
[1.569s] -- Symlinking: /home/gy/Omron_MoMa_ROS2/install/tmrlib/include/tmr/tmr_tmsct_communication.h
[1.579s] -- Symlinking: /home/gy/Omron_MoMa_ROS2/install/tmrlib/include/tmr/tmr_tmsvr_communication.h
[1.601s] -- Symlinking: /home/gy/Omron_MoMa_ROS2/install/tmrlib/share/ament_index/resource_index/package_run_dependencies/tmrlib
[1.610s] -- Symlinking: /home/gy/Omron_MoMa_ROS2/install/tmrlib/share/ament_index/resource_index/parent_prefix_path/tmrlib
[1.619s] -- Symlinking: /home/gy/Omron_MoMa_ROS2/install/tmrlib/share/tmrlib/environment/ament_prefix_path.sh
[1.631s] -- Symlinking: /home/gy/Omron_MoMa_ROS2/install/tmrlib/share/tmrlib/environment/ament_prefix_path.dsv
[1.643s] -- Symlinking: /home/gy/Omron_MoMa_ROS2/install/tmrlib/share/tmrlib/environment/path.sh
[1.655s] -- Symlinking: /home/gy/Omron_MoMa_ROS2/install/tmrlib/share/tmrlib/environment/path.dsv
[1.690s] -- Symlinking: /home/gy/Omron_MoMa_ROS2/install/tmrlib/share/tmrlib/local_setup.bash
[1.714s] -- Symlinking: /home/gy/Omron_MoMa_ROS2/install/tmrlib/share/tmrlib/local_setup.sh
[1.749s] -- Symlinking: /home/gy/Omron_MoMa_ROS2/install/tmrlib/share/tmrlib/local_setup.zsh
[1.771s] -- Symlinking: /home/gy/Omron_MoMa_ROS2/install/tmrlib/share/tmrlib/local_setup.dsv
[1.798s] -- Symlinking: /home/gy/Omron_MoMa_ROS2/install/tmrlib/share/tmrlib/package.dsv
[1.832s] -- Symlinking: /home/gy/Omron_MoMa_ROS2/install/tmrlib/share/ament_index/resource_index/packages/tmrlib
[1.863s] -- Symlinking: /home/gy/Omron_MoMa_ROS2/install/tmrlib/share/tmrlib/cmake/ament_cmake_export_targets-extras.cmake
[1.876s] -- Symlinking: /home/gy/Omron_MoMa_ROS2/install/tmrlib/share/tmrlib/cmake/tmrlibConfig.cmake
[1.885s] -- Symlinking: /home/gy/Omron_MoMa_ROS2/install/tmrlib/share/tmrlib/cmake/tmrlibConfig-version.cmake
[1.896s] -- Symlinking: /home/gy/Omron_MoMa_ROS2/install/tmrlib/share/tmrlib/package.xml
[1.907s] -- Up-to-date: /home/gy/Omron_MoMa_ROS2/install/tmrlib/lib/libtmrdriver.a
[1.907s] -- Up-to-date: /home/gy/Omron_MoMa_ROS2/install/tmrlib/share/tmrlib/cmake/export_tmrdriverExport.cmake
[1.907s] -- Installing: /home/gy/Omron_MoMa_ROS2/install/tmrlib/share/tmrlib/cmake/export_tmrdriverExport-noconfig.cmake
[1.947s] Invoked command in '/home/gy/Omron_MoMa_ROS2/build/tmrlib' returned '0': CMAKE_PREFIX_PATH=/opt/ros/foxy /usr/bin/cmake --install /home/gy/Omron_MoMa_ROS2/build/tmrlib
