[0.046s] Invoking command in '/home/gy/Omron_MoMa_ROS2/build/tmr_driver': AMENT_PREFIX_PATH=/home/gy/Omron_MoMa_ROS2/install/tmrlib:/home/gy/Omron_MoMa_ROS2/install/tmr_msgs:${AMENT_PREFIX_PATH} CMAKE_PREFIX_PATH=/home/gy/Omron_MoMa_ROS2/install/tmrlib:/home/gy/Omron_MoMa_ROS2/install/tmr_msgs:/opt/ros/foxy LD_LIBRARY_PATH=/home/gy/Omron_MoMa_ROS2/install/tmrlib/lib:/home/gy/Omron_MoMa_ROS2/install/tmr_msgs/lib:${LD_LIBRARY_PATH} PYTHONPATH=/home/gy/Omron_MoMa_ROS2/install/tmr_msgs/lib/python3.8/site-packages:${PYTHONPATH} /usr/bin/cmake /home/gy/Omron_MoMa_ROS2/src/Omron_TM_ROS2/src/tmr_driver -DCMAKE_INSTALL_PREFIX=/home/gy/Omron_MoMa_ROS2/install/tmr_driver
[0.219s] -- The C compiler identification is GNU 9.3.0
[0.342s] -- The CXX compiler identification is GNU 9.3.0
[0.343s] -- Check for working C compiler: /usr/bin/cc
[0.504s] -- Check for working C compiler: /usr/bin/cc -- works
[0.506s] -- Detecting C compiler ABI info
[0.747s] -- Detecting C compiler ABI info - done
[0.783s] -- Detecting C compile features
[0.783s] -- Detecting C compile features - done
[0.786s] -- Check for working CXX compiler: /usr/bin/c++
[0.957s] -- Check for working CXX compiler: /usr/bin/c++ -- works
[0.959s] -- Detecting CXX compiler ABI info
[1.097s] -- Detecting CXX compiler ABI info - done
[1.112s] -- Detecting CXX compile features
[1.112s] -- Detecting CXX compile features - done
[1.116s] -- Found ament_cmake: 0.9.8 (/opt/ros/foxy/share/ament_cmake/cmake)
[1.153s] -- Found PythonInterp: /usr/bin/python3 (found suitable version "3.8.5", minimum required is "3") 
[1.153s] -- Using PYTHON_EXECUTABLE: /usr/bin/python3
[1.364s] -- Found rclcpp: 2.3.1 (/opt/ros/foxy/share/rclcpp/cmake)
[1.409s] -- Using all available rosidl_typesupport_c: rosidl_typesupport_fastrtps_c;rosidl_typesupport_introspection_c
[1.416s] -- Found rosidl_adapter: 1.2.1 (/opt/ros/foxy/share/rosidl_adapter/cmake)
[1.511s] -- Found OpenSSL: /usr/lib/x86_64-linux-gnu/libcrypto.so (found version "1.1.1f")  
[1.542s] -- Found FastRTPS: /opt/ros/foxy/include  
[1.632s] -- Using all available rosidl_typesupport_cpp: rosidl_typesupport_fastrtps_cpp;rosidl_typesupport_introspection_cpp
[1.697s] -- Found rmw_implementation_cmake: 1.0.3 (/opt/ros/foxy/share/rmw_implementation_cmake/cmake)
[1.699s] -- Using RMW implementation 'rmw_fastrtps_cpp' as default
[1.701s] -- Looking for pthread.h
[1.806s] -- Looking for pthread.h - found
[1.806s] -- Performing Test CMAKE_HAVE_LIBC_PTHREAD
[1.910s] -- Performing Test CMAKE_HAVE_LIBC_PTHREAD - Failed
[1.910s] -- Looking for pthread_create in pthreads
[2.033s] -- Looking for pthread_create in pthreads - not found
[2.033s] -- Looking for pthread_create in pthread
[2.152s] -- Looking for pthread_create in pthread - found
[2.154s] -- Found Threads: TRUE  
[2.343s] -- Found sensor_msgs: 2.0.4 (/opt/ros/foxy/share/sensor_msgs/cmake)
[2.477s] -- Found trajectory_msgs: 2.0.4 (/opt/ros/foxy/share/trajectory_msgs/cmake)
[2.559s] -- Found control_msgs: 2.5.0 (/opt/ros/foxy/share/control_msgs/cmake)
[2.912s] -- Found rclcpp_action: 2.3.1 (/opt/ros/foxy/share/rclcpp_action/cmake)
[2.950s] -- Found tmr_msgs: 1.0.0 (/home/gy/Omron_MoMa_ROS2/install/tmr_msgs/share/tmr_msgs/cmake)
[2.989s] -- Found tmrlib: 1.0.0 (/home/gy/Omron_MoMa_ROS2/install/tmrlib/share/tmrlib/cmake)
[2.991s] -- Found ament_lint_auto: 0.9.6 (/opt/ros/foxy/share/ament_lint_auto/cmake)
[3.090s] -- Added test 'copyright' to check source files copyright and LICENSE
[3.092s] -- Added test 'cppcheck' to perform static code analysis on C / C++ code
[3.092s] -- Configured cppcheck include dirs: /home/gy/Omron_MoMa_ROS2/src/Omron_TM_ROS2/src/tmr_driver/include
[3.093s] -- Configured cppcheck exclude dirs and/or files: 
[3.094s] -- Added test 'cpplint' to check C / C++ code against the Google style
[3.094s] -- Configured cpplint exclude dirs and/or files: 
[3.095s] -- Added test 'flake8' to check Python code syntax and style conventions
[3.096s] -- Added test 'lint_cmake' to check CMake code style
[3.097s] -- Added test 'pep257' to check Python code against some of the style conventions in PEP 257
[3.099s] -- Added test 'uncrustify' to check C / C++ code style
[3.099s] -- Configured uncrustify additional arguments: 
[3.100s] -- Added test 'xmllint' to check XML markup files
[3.105s] -- Configuring done
[3.126s] -- Generating done
[3.128s] -- Build files have been written to: /home/gy/Omron_MoMa_ROS2/build/tmr_driver
[3.145s] Invoked command in '/home/gy/Omron_MoMa_ROS2/build/tmr_driver' returned '0': AMENT_PREFIX_PATH=/home/gy/Omron_MoMa_ROS2/install/tmrlib:/home/gy/Omron_MoMa_ROS2/install/tmr_msgs:${AMENT_PREFIX_PATH} CMAKE_PREFIX_PATH=/home/gy/Omron_MoMa_ROS2/install/tmrlib:/home/gy/Omron_MoMa_ROS2/install/tmr_msgs:/opt/ros/foxy LD_LIBRARY_PATH=/home/gy/Omron_MoMa_ROS2/install/tmrlib/lib:/home/gy/Omron_MoMa_ROS2/install/tmr_msgs/lib:${LD_LIBRARY_PATH} PYTHONPATH=/home/gy/Omron_MoMa_ROS2/install/tmr_msgs/lib/python3.8/site-packages:${PYTHONPATH} /usr/bin/cmake /home/gy/Omron_MoMa_ROS2/src/Omron_TM_ROS2/src/tmr_driver -DCMAKE_INSTALL_PREFIX=/home/gy/Omron_MoMa_ROS2/install/tmr_driver
[3.146s] Invoking command in '/home/gy/Omron_MoMa_ROS2/build/tmr_driver': AMENT_PREFIX_PATH=/home/gy/Omron_MoMa_ROS2/install/tmrlib:/home/gy/Omron_MoMa_ROS2/install/tmr_msgs:${AMENT_PREFIX_PATH} CMAKE_PREFIX_PATH=/home/gy/Omron_MoMa_ROS2/install/tmrlib:/home/gy/Omron_MoMa_ROS2/install/tmr_msgs:/opt/ros/foxy LD_LIBRARY_PATH=/home/gy/Omron_MoMa_ROS2/install/tmrlib/lib:/home/gy/Omron_MoMa_ROS2/install/tmr_msgs/lib:${LD_LIBRARY_PATH} PYTHONPATH=/home/gy/Omron_MoMa_ROS2/install/tmr_msgs/lib/python3.8/site-packages:${PYTHONPATH} /usr/bin/cmake --build /home/gy/Omron_MoMa_ROS2/build/tmr_driver -- -j4 -l4
[3.216s] [35m[1mScanning dependencies of target tmr_driver[0m
[3.452s] [ 25%] [32mBuilding CXX object CMakeFiles/tmr_driver.dir/src/tmr_ros2_composition.cpp.o[0m
[6.039s] [ 50%] [32mBuilding CXX object CMakeFiles/tmr_driver.dir/src/tmr_ros2_svr.cpp.o[0m
[11.771s] [ 75%] [32mBuilding CXX object CMakeFiles/tmr_driver.dir/src/tmr_ros2_sct.cpp.o[0m
[18.392s] [100%] [32m[1mLinking CXX executable tmr_driver[0m
[18.987s] [100%] Built target tmr_driver
[18.999s] Invoked command in '/home/gy/Omron_MoMa_ROS2/build/tmr_driver' returned '0': AMENT_PREFIX_PATH=/home/gy/Omron_MoMa_ROS2/install/tmrlib:/home/gy/Omron_MoMa_ROS2/install/tmr_msgs:${AMENT_PREFIX_PATH} CMAKE_PREFIX_PATH=/home/gy/Omron_MoMa_ROS2/install/tmrlib:/home/gy/Omron_MoMa_ROS2/install/tmr_msgs:/opt/ros/foxy LD_LIBRARY_PATH=/home/gy/Omron_MoMa_ROS2/install/tmrlib/lib:/home/gy/Omron_MoMa_ROS2/install/tmr_msgs/lib:${LD_LIBRARY_PATH} PYTHONPATH=/home/gy/Omron_MoMa_ROS2/install/tmr_msgs/lib/python3.8/site-packages:${PYTHONPATH} /usr/bin/cmake --build /home/gy/Omron_MoMa_ROS2/build/tmr_driver -- -j4 -l4
[19.027s] Invoking command in '/home/gy/Omron_MoMa_ROS2/build/tmr_driver': AMENT_PREFIX_PATH=/home/gy/Omron_MoMa_ROS2/install/tmrlib:/home/gy/Omron_MoMa_ROS2/install/tmr_msgs:${AMENT_PREFIX_PATH} CMAKE_PREFIX_PATH=/home/gy/Omron_MoMa_ROS2/install/tmrlib:/home/gy/Omron_MoMa_ROS2/install/tmr_msgs:/opt/ros/foxy LD_LIBRARY_PATH=/home/gy/Omron_MoMa_ROS2/install/tmrlib/lib:/home/gy/Omron_MoMa_ROS2/install/tmr_msgs/lib:${LD_LIBRARY_PATH} PYTHONPATH=/home/gy/Omron_MoMa_ROS2/install/tmr_msgs/lib/python3.8/site-packages:${PYTHONPATH} /usr/bin/cmake --install /home/gy/Omron_MoMa_ROS2/build/tmr_driver
[19.036s] -- Install configuration: ""
[19.036s] -- Installing: /home/gy/Omron_MoMa_ROS2/install/tmr_driver/lib/tmr_driver/tmr_driver
[19.040s] -- Set runtime path of "/home/gy/Omron_MoMa_ROS2/install/tmr_driver/lib/tmr_driver/tmr_driver" to ""
[19.040s] -- Installing: /home/gy/Omron_MoMa_ROS2/install/tmr_driver/share/tmr_driver/launch
[19.040s] -- Installing: /home/gy/Omron_MoMa_ROS2/install/tmr_driver/share/tmr_driver/launch/tmr_bringup.py
[19.040s] -- Installing: /home/gy/Omron_MoMa_ROS2/install/tmr_driver/share/tmr_driver/launch/tmr_bringup.launch.py
[19.040s] -- Installing: /home/gy/Omron_MoMa_ROS2/install/tmr_driver/share/ament_index/resource_index/package_run_dependencies/tmr_driver
[19.040s] -- Installing: /home/gy/Omron_MoMa_ROS2/install/tmr_driver/share/ament_index/resource_index/parent_prefix_path/tmr_driver
[19.041s] -- Installing: /home/gy/Omron_MoMa_ROS2/install/tmr_driver/share/tmr_driver/environment/ament_prefix_path.sh
[19.041s] -- Installing: /home/gy/Omron_MoMa_ROS2/install/tmr_driver/share/tmr_driver/environment/ament_prefix_path.dsv
[19.041s] -- Installing: /home/gy/Omron_MoMa_ROS2/install/tmr_driver/share/tmr_driver/environment/path.sh
[19.041s] -- Installing: /home/gy/Omron_MoMa_ROS2/install/tmr_driver/share/tmr_driver/environment/path.dsv
[19.041s] -- Installing: /home/gy/Omron_MoMa_ROS2/install/tmr_driver/share/tmr_driver/local_setup.bash
[19.041s] -- Installing: /home/gy/Omron_MoMa_ROS2/install/tmr_driver/share/tmr_driver/local_setup.sh
[19.042s] -- Installing: /home/gy/Omron_MoMa_ROS2/install/tmr_driver/share/tmr_driver/local_setup.zsh
[19.042s] -- Installing: /home/gy/Omron_MoMa_ROS2/install/tmr_driver/share/tmr_driver/local_setup.dsv
[19.042s] -- Installing: /home/gy/Omron_MoMa_ROS2/install/tmr_driver/share/tmr_driver/package.dsv
[19.042s] -- Installing: /home/gy/Omron_MoMa_ROS2/install/tmr_driver/share/ament_index/resource_index/packages/tmr_driver
[19.042s] -- Installing: /home/gy/Omron_MoMa_ROS2/install/tmr_driver/share/tmr_driver/cmake/tmr_driverConfig.cmake
[19.042s] -- Installing: /home/gy/Omron_MoMa_ROS2/install/tmr_driver/share/tmr_driver/cmake/tmr_driverConfig-version.cmake
[19.042s] -- Installing: /home/gy/Omron_MoMa_ROS2/install/tmr_driver/share/tmr_driver/package.xml
[19.053s] Invoked command in '/home/gy/Omron_MoMa_ROS2/build/tmr_driver' returned '0': AMENT_PREFIX_PATH=/home/gy/Omron_MoMa_ROS2/install/tmrlib:/home/gy/Omron_MoMa_ROS2/install/tmr_msgs:${AMENT_PREFIX_PATH} CMAKE_PREFIX_PATH=/home/gy/Omron_MoMa_ROS2/install/tmrlib:/home/gy/Omron_MoMa_ROS2/install/tmr_msgs:/opt/ros/foxy LD_LIBRARY_PATH=/home/gy/Omron_MoMa_ROS2/install/tmrlib/lib:/home/gy/Omron_MoMa_ROS2/install/tmr_msgs/lib:${LD_LIBRARY_PATH} PYTHONPATH=/home/gy/Omron_MoMa_ROS2/install/tmr_msgs/lib/python3.8/site-packages:${PYTHONPATH} /usr/bin/cmake --install /home/gy/Omron_MoMa_ROS2/build/tmr_driver
