[0.452s] Invoking command in '/home/gy/Omron_MoMa_ROS2/src/Omron_AMR_ROS2/src/om_aiv_util': AMENT_PREFIX_PATH=/home/gy/Omron_MoMa_ROS2/install/om_aiv_msg:${AMENT_PREFIX_PATH} CMAKE_PREFIX_PATH=/home/gy/Omron_MoMa_ROS2/install/om_aiv_msg LD_LIBRARY_PATH=/home/gy/Omron_MoMa_ROS2/install/om_aiv_msg/lib:${LD_LIBRARY_PATH} PYTHONPATH=/home/gy/Omron_MoMa_ROS2/install/om_aiv_util/lib/python3.8/site-packages:/home/gy/Omron_MoMa_ROS2/install/om_aiv_msg/lib/python3.8/site-packages:${PYTHONPATH} /usr/bin/python3 setup.py egg_info --egg-base ../../../../build/om_aiv_util build --build-base /home/gy/Omron_MoMa_ROS2/build/om_aiv_util/build install --prefix /home/gy/Omron_MoMa_ROS2/install/om_aiv_util --record /home/gy/Omron_MoMa_ROS2/build/om_aiv_util/install.log --single-version-externally-managed
[0.772s] running egg_info
[0.792s] creating ../../../../build/om_aiv_util/om_aiv_util.egg-info
[0.792s] writing ../../../../build/om_aiv_util/om_aiv_util.egg-info/PKG-INFO
[0.792s] writing dependency_links to ../../../../build/om_aiv_util/om_aiv_util.egg-info/dependency_links.txt
[0.792s] writing entry points to ../../../../build/om_aiv_util/om_aiv_util.egg-info/entry_points.txt
[0.792s] writing requirements to ../../../../build/om_aiv_util/om_aiv_util.egg-info/requires.txt
[0.792s] writing top-level names to ../../../../build/om_aiv_util/om_aiv_util.egg-info/top_level.txt
[0.792s] writing manifest file '../../../../build/om_aiv_util/om_aiv_util.egg-info/SOURCES.txt'
[0.834s] reading manifest file '../../../../build/om_aiv_util/om_aiv_util.egg-info/SOURCES.txt'
[0.834s] writing manifest file '../../../../build/om_aiv_util/om_aiv_util.egg-info/SOURCES.txt'
[0.834s] running build
[0.834s] running build_py
[0.834s] creating /home/gy/Omron_MoMa_ROS2/build/om_aiv_util/build
[0.834s] creating /home/gy/Omron_MoMa_ROS2/build/om_aiv_util/build/lib
[0.834s] creating /home/gy/Omron_MoMa_ROS2/build/om_aiv_util/build/lib/om_aiv_util
[0.834s] copying om_aiv_util/socketconnection_class.py -> /home/gy/Omron_MoMa_ROS2/build/om_aiv_util/build/lib/om_aiv_util
[0.834s] copying om_aiv_util/socket_listener.py -> /home/gy/Omron_MoMa_ROS2/build/om_aiv_util/build/lib/om_aiv_util
[0.834s] copying om_aiv_util/socket_driver.py -> /home/gy/Omron_MoMa_ROS2/build/om_aiv_util/build/lib/om_aiv_util
[0.834s] copying om_aiv_util/ld_states_publisher.py -> /home/gy/Omron_MoMa_ROS2/build/om_aiv_util/build/lib/om_aiv_util
[0.835s] copying om_aiv_util/arcl_api_server.py -> /home/gy/Omron_MoMa_ROS2/build/om_aiv_util/build/lib/om_aiv_util
[0.835s] copying om_aiv_util/__init__.py -> /home/gy/Omron_MoMa_ROS2/build/om_aiv_util/build/lib/om_aiv_util
[0.835s] copying om_aiv_util/socket_taskmaster.py -> /home/gy/Omron_MoMa_ROS2/build/om_aiv_util/build/lib/om_aiv_util
[0.835s] running install
[0.850s] running install_lib
[0.850s] creating /home/gy/Omron_MoMa_ROS2/install/om_aiv_util/lib/python3.8/site-packages/om_aiv_util
[0.851s] copying /home/gy/Omron_MoMa_ROS2/build/om_aiv_util/build/lib/om_aiv_util/socketconnection_class.py -> /home/gy/Omron_MoMa_ROS2/install/om_aiv_util/lib/python3.8/site-packages/om_aiv_util
[0.851s] copying /home/gy/Omron_MoMa_ROS2/build/om_aiv_util/build/lib/om_aiv_util/socket_listener.py -> /home/gy/Omron_MoMa_ROS2/install/om_aiv_util/lib/python3.8/site-packages/om_aiv_util
[0.851s] copying /home/gy/Omron_MoMa_ROS2/build/om_aiv_util/build/lib/om_aiv_util/socket_driver.py -> /home/gy/Omron_MoMa_ROS2/install/om_aiv_util/lib/python3.8/site-packages/om_aiv_util
[0.851s] copying /home/gy/Omron_MoMa_ROS2/build/om_aiv_util/build/lib/om_aiv_util/ld_states_publisher.py -> /home/gy/Omron_MoMa_ROS2/install/om_aiv_util/lib/python3.8/site-packages/om_aiv_util
[0.851s] copying /home/gy/Omron_MoMa_ROS2/build/om_aiv_util/build/lib/om_aiv_util/arcl_api_server.py -> /home/gy/Omron_MoMa_ROS2/install/om_aiv_util/lib/python3.8/site-packages/om_aiv_util
[0.851s] copying /home/gy/Omron_MoMa_ROS2/build/om_aiv_util/build/lib/om_aiv_util/__init__.py -> /home/gy/Omron_MoMa_ROS2/install/om_aiv_util/lib/python3.8/site-packages/om_aiv_util
[0.851s] copying /home/gy/Omron_MoMa_ROS2/build/om_aiv_util/build/lib/om_aiv_util/socket_taskmaster.py -> /home/gy/Omron_MoMa_ROS2/install/om_aiv_util/lib/python3.8/site-packages/om_aiv_util
[0.851s] byte-compiling /home/gy/Omron_MoMa_ROS2/install/om_aiv_util/lib/python3.8/site-packages/om_aiv_util/socketconnection_class.py to socketconnection_class.cpython-38.pyc
[0.853s] byte-compiling /home/gy/Omron_MoMa_ROS2/install/om_aiv_util/lib/python3.8/site-packages/om_aiv_util/socket_listener.py to socket_listener.cpython-38.pyc
[0.858s] byte-compiling /home/gy/Omron_MoMa_ROS2/install/om_aiv_util/lib/python3.8/site-packages/om_aiv_util/socket_driver.py to socket_driver.cpython-38.pyc
[0.859s] byte-compiling /home/gy/Omron_MoMa_ROS2/install/om_aiv_util/lib/python3.8/site-packages/om_aiv_util/ld_states_publisher.py to ld_states_publisher.cpython-38.pyc
[0.859s] byte-compiling /home/gy/Omron_MoMa_ROS2/install/om_aiv_util/lib/python3.8/site-packages/om_aiv_util/arcl_api_server.py to arcl_api_server.cpython-38.pyc
[0.864s] byte-compiling /home/gy/Omron_MoMa_ROS2/install/om_aiv_util/lib/python3.8/site-packages/om_aiv_util/__init__.py to __init__.cpython-38.pyc
[0.865s] byte-compiling /home/gy/Omron_MoMa_ROS2/install/om_aiv_util/lib/python3.8/site-packages/om_aiv_util/socket_taskmaster.py to socket_taskmaster.cpython-38.pyc
[0.867s] running install_data
[0.867s] creating /home/gy/Omron_MoMa_ROS2/install/om_aiv_util/share/ament_index
[0.867s] creating /home/gy/Omron_MoMa_ROS2/install/om_aiv_util/share/ament_index/resource_index
[0.867s] creating /home/gy/Omron_MoMa_ROS2/install/om_aiv_util/share/ament_index/resource_index/packages
[0.867s] copying resource/om_aiv_util -> /home/gy/Omron_MoMa_ROS2/install/om_aiv_util/share/ament_index/resource_index/packages
[0.867s] copying package.xml -> /home/gy/Omron_MoMa_ROS2/install/om_aiv_util/share/om_aiv_util
[0.867s] copying launch/1robot.launch.py -> /home/gy/Omron_MoMa_ROS2/install/om_aiv_util/share/om_aiv_util
[0.868s] creating /home/gy/Omron_MoMa_ROS2/install/om_aiv_util/share/om_aiv_util/config
[0.868s] copying config/main_param.yaml -> /home/gy/Omron_MoMa_ROS2/install/om_aiv_util/share/om_aiv_util/config
[0.868s] running install_egg_info
[0.883s] Copying ../../../../build/om_aiv_util/om_aiv_util.egg-info to /home/gy/Omron_MoMa_ROS2/install/om_aiv_util/lib/python3.8/site-packages/om_aiv_util-0.0.0-py3.8.egg-info
[0.883s] running install_scripts
[0.933s] Installing arcl_api_server script to /home/gy/Omron_MoMa_ROS2/install/om_aiv_util/lib/om_aiv_util
[0.936s] Installing ld_states_publisher script to /home/gy/Omron_MoMa_ROS2/install/om_aiv_util/lib/om_aiv_util
[0.939s] writing list of installed files to '/home/gy/Omron_MoMa_ROS2/build/om_aiv_util/install.log'
[0.990s] Invoked command in '/home/gy/Omron_MoMa_ROS2/src/Omron_AMR_ROS2/src/om_aiv_util' returned '0': AMENT_PREFIX_PATH=/home/gy/Omron_MoMa_ROS2/install/om_aiv_msg:${AMENT_PREFIX_PATH} CMAKE_PREFIX_PATH=/home/gy/Omron_MoMa_ROS2/install/om_aiv_msg LD_LIBRARY_PATH=/home/gy/Omron_MoMa_ROS2/install/om_aiv_msg/lib:${LD_LIBRARY_PATH} PYTHONPATH=/home/gy/Omron_MoMa_ROS2/install/om_aiv_util/lib/python3.8/site-packages:/home/gy/Omron_MoMa_ROS2/install/om_aiv_msg/lib/python3.8/site-packages:${PYTHONPATH} /usr/bin/python3 setup.py egg_info --egg-base ../../../../build/om_aiv_util build --build-base /home/gy/Omron_MoMa_ROS2/build/om_aiv_util/build install --prefix /home/gy/Omron_MoMa_ROS2/install/om_aiv_util --record /home/gy/Omron_MoMa_ROS2/build/om_aiv_util/install.log --single-version-externally-managed
