[0.047s] Invoking command in '/home/gy/Omron_MoMa_ROS2/build/tm_msgs': CMAKE_PREFIX_PATH=/opt/ros/foxy /usr/bin/cmake /home/gy/Omron_MoMa_ROS2/src/Omron_TM_ROS2/src/tm_msgs -DCMAKE_INSTALL_PREFIX=/home/gy/Omron_MoMa_ROS2/install/tm_msgs
[0.144s] -- The C compiler identification is GNU 9.3.0
[0.230s] -- The CXX compiler identification is GNU 9.3.0
[0.236s] -- Check for working C compiler: /usr/bin/cc
[0.375s] -- Check for working C compiler: /usr/bin/cc -- works
[0.376s] -- Detecting C compiler ABI info
[0.532s] -- Detecting C compiler ABI info - done
[0.549s] -- Detecting C compile features
[0.549s] -- Detecting C compile features - done
[0.559s] -- Check for working CXX compiler: /usr/bin/c++
[0.679s] -- Check for working CXX compiler: /usr/bin/c++ -- works
[0.680s] -- Detecting CXX compiler ABI info
[0.821s] -- Detecting CXX compiler ABI info - done
[0.848s] -- Detecting CXX compile features
[0.849s] -- Detecting CXX compile features - done
[0.852s] -- Found ament_cmake: 0.9.8 (/opt/ros/foxy/share/ament_cmake/cmake)
[0.912s] -- Found PythonInterp: /usr/bin/python3 (found suitable version "3.8.5", minimum required is "3") 
[0.913s] -- Using PYTHON_EXECUTABLE: /usr/bin/python3
[1.166s] -- Found std_msgs: 2.0.4 (/opt/ros/foxy/share/std_msgs/cmake)
[1.196s] -- Using all available rosidl_typesupport_c: rosidl_typesupport_fastrtps_c;rosidl_typesupport_introspection_c
[1.201s] -- Found rosidl_adapter: 1.2.1 (/opt/ros/foxy/share/rosidl_adapter/cmake)
[1.370s] -- Found OpenSSL: /usr/lib/x86_64-linux-gnu/libcrypto.so (found version "1.1.1f")  
[1.397s] -- Found FastRTPS: /opt/ros/foxy/include  
[1.522s] -- Using all available rosidl_typesupport_cpp: rosidl_typesupport_fastrtps_cpp;rosidl_typesupport_introspection_cpp
[1.578s] -- Found rosidl_default_generators: 1.0.1 (/opt/ros/foxy/share/rosidl_default_generators/cmake)
[1.613s] -- Found PythonInterp: /usr/bin/python3 (found version "3.8.5") 
[1.982s] -- Found ament_cmake_ros: 0.9.1 (/opt/ros/foxy/share/ament_cmake_ros/cmake)
[2.348s] -- Using all available rosidl_typesupport_c: rosidl_typesupport_fastrtps_c;rosidl_typesupport_introspection_c
[2.497s] -- Using all available rosidl_typesupport_cpp: rosidl_typesupport_fastrtps_cpp;rosidl_typesupport_introspection_cpp
[2.576s] -- Found PythonInterp: /usr/bin/python3 (found suitable version "3.8.5", minimum required is "3.5") 
[2.577s] -- Found python_cmake_module: 0.8.1 (/opt/ros/foxy/share/python_cmake_module/cmake)
[2.629s] -- Found PythonLibs: /usr/lib/x86_64-linux-gnu/libpython3.8.so (found suitable version "3.8.5", minimum required is "3.5") 
[2.629s] -- Using PYTHON_EXECUTABLE: /usr/bin/python3
[2.629s] -- Using PYTHON_INCLUDE_DIRS: /usr/include/python3.8
[2.629s] -- Using PYTHON_LIBRARIES: /usr/lib/x86_64-linux-gnu/libpython3.8.so
[2.697s] -- Found PythonExtra: .so  
[2.895s] -- Configuring done
[3.134s] -- Generating done
[3.160s] -- Build files have been written to: /home/gy/Omron_MoMa_ROS2/build/tm_msgs
[3.167s] Invoked command in '/home/gy/Omron_MoMa_ROS2/build/tm_msgs' returned '0': CMAKE_PREFIX_PATH=/opt/ros/foxy /usr/bin/cmake /home/gy/Omron_MoMa_ROS2/src/Omron_TM_ROS2/src/tm_msgs -DCMAKE_INSTALL_PREFIX=/home/gy/Omron_MoMa_ROS2/install/tm_msgs
[3.168s] Invoking command in '/home/gy/Omron_MoMa_ROS2/build/tm_msgs': CMAKE_PREFIX_PATH=/opt/ros/foxy /usr/bin/cmake --build /home/gy/Omron_MoMa_ROS2/build/tm_msgs -- -j4 -l4
[3.355s] [  1%] [34m[1mGenerating C code for ROS interfaces[0m
[3.423s] [35m[1mScanning dependencies of target tm_msgs__cpp[0m
[3.498s] [  1%] [34m[1mGenerating C++ code for ROS interfaces[0m
[8.035s] [35m[1mScanning dependencies of target tm_msgs__rosidl_generator_c[0m
[8.147s] [  2%] [32mBuilding C object CMakeFiles/tm_msgs__rosidl_generator_c.dir/rosidl_generator_c/tm_msgs/msg/detail/feedback_state__functions.c.o[0m
[8.267s] [  3%] [32mBuilding C object CMakeFiles/tm_msgs__rosidl_generator_c.dir/rosidl_generator_c/tm_msgs/msg/detail/svr_response__functions.c.o[0m
[8.334s] [  3%] [32mBuilding C object CMakeFiles/tm_msgs__rosidl_generator_c.dir/rosidl_generator_c/tm_msgs/msg/detail/sct_response__functions.c.o[0m
[8.375s] [  4%] [32mBuilding C object CMakeFiles/tm_msgs__rosidl_generator_c.dir/rosidl_generator_c/tm_msgs/msg/detail/sta_response__functions.c.o[0m
[8.406s] [  4%] Built target tm_msgs__cpp
[8.474s] [  5%] [32mBuilding C object CMakeFiles/tm_msgs__rosidl_generator_c.dir/rosidl_generator_c/tm_msgs/srv/detail/connect_tm__functions.c.o[0m
[8.500s] [  5%] [34m[1mGenerating C++ type support for eProsima Fast-RTPS[0m
[8.531s] [  6%] [32mBuilding C object CMakeFiles/tm_msgs__rosidl_generator_c.dir/rosidl_generator_c/tm_msgs/srv/detail/write_item__functions.c.o[0m
[8.583s] [  7%] [32mBuilding C object CMakeFiles/tm_msgs__rosidl_generator_c.dir/rosidl_generator_c/tm_msgs/srv/detail/ask_item__functions.c.o[0m
[8.679s] [  8%] [32mBuilding C object CMakeFiles/tm_msgs__rosidl_generator_c.dir/rosidl_generator_c/tm_msgs/srv/detail/send_script__functions.c.o[0m
[8.766s] [  9%] [32mBuilding C object CMakeFiles/tm_msgs__rosidl_generator_c.dir/rosidl_generator_c/tm_msgs/srv/detail/set_event__functions.c.o[0m
[8.930s] [  9%] [32mBuilding C object CMakeFiles/tm_msgs__rosidl_generator_c.dir/rosidl_generator_c/tm_msgs/srv/detail/set_io__functions.c.o[0m
[8.949s] [ 10%] [32mBuilding C object CMakeFiles/tm_msgs__rosidl_generator_c.dir/rosidl_generator_c/tm_msgs/srv/detail/set_positions__functions.c.o[0m
[9.098s] [ 11%] [34m[1mGenerating C++ introspection for ROS interfaces[0m
[9.220s] [ 12%] [32mBuilding C object CMakeFiles/tm_msgs__rosidl_generator_c.dir/rosidl_generator_c/tm_msgs/srv/detail/ask_sta__functions.c.o[0m
[9.270s] [ 13%] [34m[1mGenerating C++ type support dispatch for ROS interfaces[0m
[9.515s] [ 14%] [32m[1mLinking C shared library libtm_msgs__rosidl_generator_c.so[0m
[9.862s] [ 14%] Built target tm_msgs__rosidl_generator_c
[9.932s] [ 15%] [34m[1mGenerating C type support dispatch for ROS interfaces[0m
[13.888s] [35m[1mScanning dependencies of target tm_msgs__rosidl_typesupport_c[0m
[13.928s] [ 16%] [32mBuilding CXX object CMakeFiles/tm_msgs__rosidl_typesupport_c.dir/rosidl_typesupport_c/tm_msgs/msg/feedback_state__type_support.cpp.o[0m
[13.980s] [35m[1mScanning dependencies of target tm_msgs__rosidl_typesupport_cpp[0m
[14.066s] [ 16%] [32mBuilding CXX object CMakeFiles/tm_msgs__rosidl_typesupport_c.dir/rosidl_typesupport_c/tm_msgs/msg/svr_response__type_support.cpp.o[0m
[14.090s] [ 17%] [32mBuilding CXX object CMakeFiles/tm_msgs__rosidl_typesupport_cpp.dir/rosidl_typesupport_cpp/tm_msgs/msg/feedback_state__type_support.cpp.o[0m
[14.137s] [ 18%] [32mBuilding CXX object CMakeFiles/tm_msgs__rosidl_typesupport_c.dir/rosidl_typesupport_c/tm_msgs/msg/sct_response__type_support.cpp.o[0m
[14.253s] [35m[1mScanning dependencies of target tm_msgs__rosidl_typesupport_fastrtps_cpp[0m
[14.254s] [ 19%] [32mBuilding CXX object CMakeFiles/tm_msgs__rosidl_typesupport_c.dir/rosidl_typesupport_c/tm_msgs/msg/sta_response__type_support.cpp.o[0m
[14.323s] [35m[1mScanning dependencies of target tm_msgs__rosidl_typesupport_introspection_cpp[0m
[14.375s] [ 20%] [32mBuilding CXX object CMakeFiles/tm_msgs__rosidl_typesupport_c.dir/rosidl_typesupport_c/tm_msgs/srv/connect_tm__type_support.cpp.o[0m
[14.375s] [ 21%] [32mBuilding CXX object CMakeFiles/tm_msgs__rosidl_typesupport_fastrtps_cpp.dir/rosidl_typesupport_fastrtps_cpp/tm_msgs/msg/detail/dds_fastrtps/feedback_state__type_support.cpp.o[0m
[14.421s] [ 21%] [32mBuilding CXX object CMakeFiles/tm_msgs__rosidl_typesupport_introspection_cpp.dir/rosidl_typesupport_introspection_cpp/tm_msgs/msg/detail/feedback_state__type_support.cpp.o[0m
[14.504s] [ 22%] [32mBuilding CXX object CMakeFiles/tm_msgs__rosidl_typesupport_c.dir/rosidl_typesupport_c/tm_msgs/srv/write_item__type_support.cpp.o[0m
[14.613s] [ 23%] [32mBuilding CXX object CMakeFiles/tm_msgs__rosidl_typesupport_c.dir/rosidl_typesupport_c/tm_msgs/srv/ask_item__type_support.cpp.o[0m
[14.750s] [ 23%] [32mBuilding CXX object CMakeFiles/tm_msgs__rosidl_typesupport_c.dir/rosidl_typesupport_c/tm_msgs/srv/send_script__type_support.cpp.o[0m
[14.786s] [ 24%] [32mBuilding CXX object CMakeFiles/tm_msgs__rosidl_typesupport_cpp.dir/rosidl_typesupport_cpp/tm_msgs/msg/svr_response__type_support.cpp.o[0m
[14.892s] [ 25%] [32mBuilding CXX object CMakeFiles/tm_msgs__rosidl_typesupport_c.dir/rosidl_typesupport_c/tm_msgs/srv/set_event__type_support.cpp.o[0m
[15.053s] [ 26%] [32mBuilding CXX object CMakeFiles/tm_msgs__rosidl_typesupport_c.dir/rosidl_typesupport_c/tm_msgs/srv/set_io__type_support.cpp.o[0m
[15.191s] [ 27%] [32mBuilding CXX object CMakeFiles/tm_msgs__rosidl_typesupport_c.dir/rosidl_typesupport_c/tm_msgs/srv/set_positions__type_support.cpp.o[0m
[15.293s] [ 28%] [32mBuilding CXX object CMakeFiles/tm_msgs__rosidl_typesupport_introspection_cpp.dir/rosidl_typesupport_introspection_cpp/tm_msgs/msg/detail/svr_response__type_support.cpp.o[0m
[15.305s] [ 29%] [32mBuilding CXX object CMakeFiles/tm_msgs__rosidl_typesupport_c.dir/rosidl_typesupport_c/tm_msgs/srv/ask_sta__type_support.cpp.o[0m
[15.371s] [ 30%] [32mBuilding CXX object CMakeFiles/tm_msgs__rosidl_typesupport_fastrtps_cpp.dir/rosidl_typesupport_fastrtps_cpp/tm_msgs/msg/detail/dds_fastrtps/svr_response__type_support.cpp.o[0m
[15.375s] [ 31%] [32mBuilding CXX object CMakeFiles/tm_msgs__rosidl_typesupport_cpp.dir/rosidl_typesupport_cpp/tm_msgs/msg/sct_response__type_support.cpp.o[0m
[15.416s] [ 32%] [32m[1mLinking CXX shared library libtm_msgs__rosidl_typesupport_c.so[0m
[15.623s] [ 32%] Built target tm_msgs__rosidl_typesupport_c
[16.165s] [ 33%] [32mBuilding CXX object CMakeFiles/tm_msgs__rosidl_typesupport_cpp.dir/rosidl_typesupport_cpp/tm_msgs/msg/sta_response__type_support.cpp.o[0m
[16.198s] [ 34%] [32mBuilding CXX object CMakeFiles/tm_msgs__rosidl_typesupport_fastrtps_cpp.dir/rosidl_typesupport_fastrtps_cpp/tm_msgs/msg/detail/dds_fastrtps/sct_response__type_support.cpp.o[0m
[16.209s] [ 35%] [32mBuilding CXX object CMakeFiles/tm_msgs__rosidl_typesupport_introspection_cpp.dir/rosidl_typesupport_introspection_cpp/tm_msgs/msg/detail/sct_response__type_support.cpp.o[0m
[17.031s] [ 35%] [32mBuilding CXX object CMakeFiles/tm_msgs__rosidl_typesupport_cpp.dir/rosidl_typesupport_cpp/tm_msgs/srv/connect_tm__type_support.cpp.o[0m
[17.072s] [ 36%] [32mBuilding CXX object CMakeFiles/tm_msgs__rosidl_typesupport_fastrtps_cpp.dir/rosidl_typesupport_fastrtps_cpp/tm_msgs/msg/detail/dds_fastrtps/sta_response__type_support.cpp.o[0m
[17.122s] [ 37%] [32mBuilding CXX object CMakeFiles/tm_msgs__rosidl_typesupport_introspection_cpp.dir/rosidl_typesupport_introspection_cpp/tm_msgs/msg/detail/sta_response__type_support.cpp.o[0m
[17.602s] [ 38%] [32mBuilding CXX object CMakeFiles/tm_msgs__rosidl_typesupport_cpp.dir/rosidl_typesupport_cpp/tm_msgs/srv/write_item__type_support.cpp.o[0m
[17.675s] [ 39%] [32mBuilding CXX object CMakeFiles/tm_msgs__rosidl_typesupport_introspection_cpp.dir/rosidl_typesupport_introspection_cpp/tm_msgs/srv/detail/connect_tm__type_support.cpp.o[0m
[17.677s] [ 40%] [32mBuilding CXX object CMakeFiles/tm_msgs__rosidl_typesupport_fastrtps_cpp.dir/rosidl_typesupport_fastrtps_cpp/tm_msgs/srv/detail/dds_fastrtps/connect_tm__type_support.cpp.o[0m
[18.198s] [ 41%] [32mBuilding CXX object CMakeFiles/tm_msgs__rosidl_typesupport_cpp.dir/rosidl_typesupport_cpp/tm_msgs/srv/ask_item__type_support.cpp.o[0m
[18.245s] [ 42%] [32mBuilding CXX object CMakeFiles/tm_msgs__rosidl_typesupport_introspection_cpp.dir/rosidl_typesupport_introspection_cpp/tm_msgs/srv/detail/write_item__type_support.cpp.o[0m
[18.394s] [ 42%] [32mBuilding CXX object CMakeFiles/tm_msgs__rosidl_typesupport_fastrtps_cpp.dir/rosidl_typesupport_fastrtps_cpp/tm_msgs/srv/detail/dds_fastrtps/write_item__type_support.cpp.o[0m
[18.727s] [ 43%] [32mBuilding CXX object CMakeFiles/tm_msgs__rosidl_typesupport_cpp.dir/rosidl_typesupport_cpp/tm_msgs/srv/send_script__type_support.cpp.o[0m
[19.098s] [ 43%] [32mBuilding CXX object CMakeFiles/tm_msgs__rosidl_typesupport_introspection_cpp.dir/rosidl_typesupport_introspection_cpp/tm_msgs/srv/detail/ask_item__type_support.cpp.o[0m
[19.422s] [ 44%] [32mBuilding CXX object CMakeFiles/tm_msgs__rosidl_typesupport_cpp.dir/rosidl_typesupport_cpp/tm_msgs/srv/set_event__type_support.cpp.o[0m
[19.459s] [ 45%] [32mBuilding CXX object CMakeFiles/tm_msgs__rosidl_typesupport_fastrtps_cpp.dir/rosidl_typesupport_fastrtps_cpp/tm_msgs/srv/detail/dds_fastrtps/ask_item__type_support.cpp.o[0m
[19.857s] [ 46%] [32mBuilding CXX object CMakeFiles/tm_msgs__rosidl_typesupport_cpp.dir/rosidl_typesupport_cpp/tm_msgs/srv/set_io__type_support.cpp.o[0m
[19.911s] [ 47%] [32mBuilding CXX object CMakeFiles/tm_msgs__rosidl_typesupport_introspection_cpp.dir/rosidl_typesupport_introspection_cpp/tm_msgs/srv/detail/send_script__type_support.cpp.o[0m
[20.173s] [ 47%] [32mBuilding CXX object CMakeFiles/tm_msgs__rosidl_typesupport_cpp.dir/rosidl_typesupport_cpp/tm_msgs/srv/set_positions__type_support.cpp.o[0m
[20.479s] [ 48%] [32mBuilding CXX object CMakeFiles/tm_msgs__rosidl_typesupport_introspection_cpp.dir/rosidl_typesupport_introspection_cpp/tm_msgs/srv/detail/set_event__type_support.cpp.o[0m
[20.629s] [ 49%] [32mBuilding CXX object CMakeFiles/tm_msgs__rosidl_typesupport_fastrtps_cpp.dir/rosidl_typesupport_fastrtps_cpp/tm_msgs/srv/detail/dds_fastrtps/send_script__type_support.cpp.o[0m
[20.690s] [ 50%] [32mBuilding CXX object CMakeFiles/tm_msgs__rosidl_typesupport_cpp.dir/rosidl_typesupport_cpp/tm_msgs/srv/ask_sta__type_support.cpp.o[0m
[20.950s] [ 51%] [32mBuilding CXX object CMakeFiles/tm_msgs__rosidl_typesupport_introspection_cpp.dir/rosidl_typesupport_introspection_cpp/tm_msgs/srv/detail/set_io__type_support.cpp.o[0m
[21.180s] [ 52%] [32mBuilding CXX object CMakeFiles/tm_msgs__rosidl_typesupport_fastrtps_cpp.dir/rosidl_typesupport_fastrtps_cpp/tm_msgs/srv/detail/dds_fastrtps/set_event__type_support.cpp.o[0m
[21.265s] [ 53%] [32m[1mLinking CXX shared library libtm_msgs__rosidl_typesupport_cpp.so[0m
[21.392s] [ 53%] Built target tm_msgs__rosidl_typesupport_cpp
[21.542s] [ 54%] [32mBuilding CXX object CMakeFiles/tm_msgs__rosidl_typesupport_introspection_cpp.dir/rosidl_typesupport_introspection_cpp/tm_msgs/srv/detail/set_positions__type_support.cpp.o[0m
[21.860s] [ 55%] [32mBuilding CXX object CMakeFiles/tm_msgs__rosidl_typesupport_fastrtps_cpp.dir/rosidl_typesupport_fastrtps_cpp/tm_msgs/srv/detail/dds_fastrtps/set_io__type_support.cpp.o[0m
[22.351s] [ 56%] [32mBuilding CXX object CMakeFiles/tm_msgs__rosidl_typesupport_introspection_cpp.dir/rosidl_typesupport_introspection_cpp/tm_msgs/srv/detail/ask_sta__type_support.cpp.o[0m
[22.837s] [ 57%] [32mBuilding CXX object CMakeFiles/tm_msgs__rosidl_typesupport_fastrtps_cpp.dir/rosidl_typesupport_fastrtps_cpp/tm_msgs/srv/detail/dds_fastrtps/set_positions__type_support.cpp.o[0m
[23.006s] [ 58%] [32m[1mLinking CXX shared library libtm_msgs__rosidl_typesupport_introspection_cpp.so[0m
[23.296s] [ 58%] Built target tm_msgs__rosidl_typesupport_introspection_cpp
[23.726s] [ 58%] [32mBuilding CXX object CMakeFiles/tm_msgs__rosidl_typesupport_fastrtps_cpp.dir/rosidl_typesupport_fastrtps_cpp/tm_msgs/srv/detail/dds_fastrtps/ask_sta__type_support.cpp.o[0m
[24.359s] [ 59%] [32m[1mLinking CXX shared library libtm_msgs__rosidl_typesupport_fastrtps_cpp.so[0m
[24.582s] [ 59%] Built target tm_msgs__rosidl_typesupport_fastrtps_cpp
[24.595s] [ 60%] [34m[1mGenerating C introspection for ROS interfaces[0m
[26.367s] [35m[1mScanning dependencies of target tm_msgs__rosidl_typesupport_introspection_c[0m
[26.391s] [ 61%] [32mBuilding C object CMakeFiles/tm_msgs__rosidl_typesupport_introspection_c.dir/rosidl_typesupport_introspection_c/tm_msgs/msg/detail/feedback_state__type_support.c.o[0m
[26.443s] [ 62%] [32mBuilding C object CMakeFiles/tm_msgs__rosidl_typesupport_introspection_c.dir/rosidl_typesupport_introspection_c/tm_msgs/msg/detail/sct_response__type_support.c.o[0m
[26.499s] [ 62%] [32mBuilding C object CMakeFiles/tm_msgs__rosidl_typesupport_introspection_c.dir/rosidl_typesupport_introspection_c/tm_msgs/msg/detail/sta_response__type_support.c.o[0m
[26.572s] [ 63%] [32mBuilding C object CMakeFiles/tm_msgs__rosidl_typesupport_introspection_c.dir/rosidl_typesupport_introspection_c/tm_msgs/srv/detail/connect_tm__type_support.c.o[0m
[26.650s] [ 64%] [32mBuilding C object CMakeFiles/tm_msgs__rosidl_typesupport_introspection_c.dir/rosidl_typesupport_introspection_c/tm_msgs/srv/detail/write_item__type_support.c.o[0m
[26.699s] [ 65%] [32mBuilding C object CMakeFiles/tm_msgs__rosidl_typesupport_introspection_c.dir/rosidl_typesupport_introspection_c/tm_msgs/srv/detail/ask_item__type_support.c.o[0m
[26.742s] [ 66%] [32mBuilding C object CMakeFiles/tm_msgs__rosidl_typesupport_introspection_c.dir/rosidl_typesupport_introspection_c/tm_msgs/srv/detail/send_script__type_support.c.o[0m
[26.813s] [ 67%] [32mBuilding C object CMakeFiles/tm_msgs__rosidl_typesupport_introspection_c.dir/rosidl_typesupport_introspection_c/tm_msgs/srv/detail/set_event__type_support.c.o[0m
[26.858s] [ 68%] [32mBuilding C object CMakeFiles/tm_msgs__rosidl_typesupport_introspection_c.dir/rosidl_typesupport_introspection_c/tm_msgs/srv/detail/set_io__type_support.c.o[0m
[26.918s] [ 68%] [32mBuilding C object CMakeFiles/tm_msgs__rosidl_typesupport_introspection_c.dir/rosidl_typesupport_introspection_c/tm_msgs/srv/detail/set_positions__type_support.c.o[0m
[26.994s] [ 69%] [32mBuilding C object CMakeFiles/tm_msgs__rosidl_typesupport_introspection_c.dir/rosidl_typesupport_introspection_c/tm_msgs/srv/detail/ask_sta__type_support.c.o[0m
[27.086s] [ 70%] [32mBuilding C object CMakeFiles/tm_msgs__rosidl_typesupport_introspection_c.dir/rosidl_typesupport_introspection_c/tm_msgs/msg/detail/svr_response__type_support.c.o[0m
[27.170s] [ 71%] [32m[1mLinking C shared library libtm_msgs__rosidl_typesupport_introspection_c.so[0m
[27.262s] [ 71%] Built target tm_msgs__rosidl_typesupport_introspection_c
[27.305s] [ 72%] [34m[1mGenerating C type support for eProsima Fast-RTPS[0m
[29.686s] [35m[1mScanning dependencies of target tm_msgs__rosidl_typesupport_fastrtps_c[0m
[29.760s] [ 73%] [32mBuilding CXX object CMakeFiles/tm_msgs__rosidl_typesupport_fastrtps_c.dir/rosidl_typesupport_fastrtps_c/tm_msgs/msg/detail/feedback_state__type_support_c.cpp.o[0m
[30.474s] [ 74%] [32mBuilding CXX object CMakeFiles/tm_msgs__rosidl_typesupport_fastrtps_c.dir/rosidl_typesupport_fastrtps_c/tm_msgs/msg/detail/sta_response__type_support_c.cpp.o[0m
[31.135s] [ 75%] [32mBuilding CXX object CMakeFiles/tm_msgs__rosidl_typesupport_fastrtps_c.dir/rosidl_typesupport_fastrtps_c/tm_msgs/srv/detail/connect_tm__type_support_c.cpp.o[0m
[31.698s] [ 76%] [32mBuilding CXX object CMakeFiles/tm_msgs__rosidl_typesupport_fastrtps_c.dir/rosidl_typesupport_fastrtps_c/tm_msgs/srv/detail/write_item__type_support_c.cpp.o[0m
[32.344s] [ 77%] [32mBuilding CXX object CMakeFiles/tm_msgs__rosidl_typesupport_fastrtps_c.dir/rosidl_typesupport_fastrtps_c/tm_msgs/srv/detail/ask_item__type_support_c.cpp.o[0m
[33.034s] [ 78%] [32mBuilding CXX object CMakeFiles/tm_msgs__rosidl_typesupport_fastrtps_c.dir/rosidl_typesupport_fastrtps_c/tm_msgs/srv/detail/send_script__type_support_c.cpp.o[0m
[33.755s] [ 78%] [32mBuilding CXX object CMakeFiles/tm_msgs__rosidl_typesupport_fastrtps_c.dir/rosidl_typesupport_fastrtps_c/tm_msgs/srv/detail/set_event__type_support_c.cpp.o[0m
[34.367s] [ 79%] [32mBuilding CXX object CMakeFiles/tm_msgs__rosidl_typesupport_fastrtps_c.dir/rosidl_typesupport_fastrtps_c/tm_msgs/srv/detail/set_io__type_support_c.cpp.o[0m
[35.083s] [ 80%] [32mBuilding CXX object CMakeFiles/tm_msgs__rosidl_typesupport_fastrtps_c.dir/rosidl_typesupport_fastrtps_c/tm_msgs/srv/detail/set_positions__type_support_c.cpp.o[0m
[35.691s] [ 81%] [32mBuilding CXX object CMakeFiles/tm_msgs__rosidl_typesupport_fastrtps_c.dir/rosidl_typesupport_fastrtps_c/tm_msgs/srv/detail/ask_sta__type_support_c.cpp.o[0m
[36.478s] [ 81%] [32mBuilding CXX object CMakeFiles/tm_msgs__rosidl_typesupport_fastrtps_c.dir/rosidl_typesupport_fastrtps_c/tm_msgs/msg/detail/sct_response__type_support_c.cpp.o[0m
[37.002s] [ 82%] [32mBuilding CXX object CMakeFiles/tm_msgs__rosidl_typesupport_fastrtps_c.dir/rosidl_typesupport_fastrtps_c/tm_msgs/msg/detail/svr_response__type_support_c.cpp.o[0m
[37.598s] [ 83%] [32m[1mLinking CXX shared library libtm_msgs__rosidl_typesupport_fastrtps_c.so[0m
[37.895s] [ 83%] Built target tm_msgs__rosidl_typesupport_fastrtps_c
[37.951s] [35m[1mScanning dependencies of target tm_msgs[0m
[37.991s] [ 83%] Built target tm_msgs
[38.063s] [35m[1mScanning dependencies of target tm_msgs__py[0m
[38.118s] [ 84%] [34m[1mGenerating Python code for ROS interfaces[0m
[42.290s] [ 84%] Built target tm_msgs__py
[42.333s] [35m[1mScanning dependencies of target tm_msgs__python[0m
[42.463s] [ 85%] [32mBuilding C object CMakeFiles/tm_msgs__python.dir/rosidl_generator_py/tm_msgs/msg/_feedback_state_s.c.o[0m
[42.700s] [ 86%] [32mBuilding C object CMakeFiles/tm_msgs__python.dir/rosidl_generator_py/tm_msgs/msg/_sta_response_s.c.o[0m
[42.824s] [ 86%] [32mBuilding C object CMakeFiles/tm_msgs__python.dir/rosidl_generator_py/tm_msgs/srv/_connect_tm_s.c.o[0m
[42.982s] [ 87%] [32mBuilding C object CMakeFiles/tm_msgs__python.dir/rosidl_generator_py/tm_msgs/srv/_write_item_s.c.o[0m
[43.222s] [ 88%] [32mBuilding C object CMakeFiles/tm_msgs__python.dir/rosidl_generator_py/tm_msgs/srv/_ask_item_s.c.o[0m
[43.498s] [ 89%] [32mBuilding C object CMakeFiles/tm_msgs__python.dir/rosidl_generator_py/tm_msgs/srv/_send_script_s.c.o[0m
[43.689s] [ 90%] [32mBuilding C object CMakeFiles/tm_msgs__python.dir/rosidl_generator_py/tm_msgs/srv/_set_event_s.c.o[0m
[43.890s] [ 91%] [32mBuilding C object CMakeFiles/tm_msgs__python.dir/rosidl_generator_py/tm_msgs/srv/_set_io_s.c.o[0m
[44.110s] [ 91%] [32mBuilding C object CMakeFiles/tm_msgs__python.dir/rosidl_generator_py/tm_msgs/srv/_set_positions_s.c.o[0m
[44.280s] [ 92%] [32mBuilding C object CMakeFiles/tm_msgs__python.dir/rosidl_generator_py/tm_msgs/srv/_ask_sta_s.c.o[0m
[44.423s] [ 93%] [32mBuilding C object CMakeFiles/tm_msgs__python.dir/rosidl_generator_py/tm_msgs/msg/_sct_response_s.c.o[0m
[44.576s] [ 94%] [32mBuilding C object CMakeFiles/tm_msgs__python.dir/rosidl_generator_py/tm_msgs/msg/_svr_response_s.c.o[0m
[44.710s] [ 95%] [32m[1mLinking C shared library rosidl_generator_py/tm_msgs/libtm_msgs__python.so[0m
[44.826s] [ 95%] Built target tm_msgs__python
[44.875s] [35m[1mScanning dependencies of target tm_msgs__rosidl_typesupport_c__pyext[0m
[44.914s] [ 95%] [32mBuilding C object CMakeFiles/tm_msgs__rosidl_typesupport_c__pyext.dir/rosidl_generator_py/tm_msgs/_tm_msgs_s.ep.rosidl_typesupport_c.c.o[0m
[45.199s] [ 96%] [32m[1mLinking C shared library rosidl_generator_py/tm_msgs/tm_msgs_s__rosidl_typesupport_c.cpython-38-x86_64-linux-gnu.so[0m
[45.282s] [ 96%] Built target tm_msgs__rosidl_typesupport_c__pyext
[45.304s] [35m[1mScanning dependencies of target tm_msgs__rosidl_typesupport_fastrtps_c__pyext[0m
[45.366s] [ 97%] [32mBuilding C object CMakeFiles/tm_msgs__rosidl_typesupport_fastrtps_c__pyext.dir/rosidl_generator_py/tm_msgs/_tm_msgs_s.ep.rosidl_typesupport_fastrtps_c.c.o[0m
[45.567s] [ 98%] [32m[1mLinking CXX shared library rosidl_generator_py/tm_msgs/tm_msgs_s__rosidl_typesupport_fastrtps_c.cpython-38-x86_64-linux-gnu.so[0m
[45.683s] [ 98%] Built target tm_msgs__rosidl_typesupport_fastrtps_c__pyext
[45.703s] [35m[1mScanning dependencies of target tm_msgs__rosidl_typesupport_introspection_c__pyext[0m
[45.769s] [ 99%] [32mBuilding C object CMakeFiles/tm_msgs__rosidl_typesupport_introspection_c__pyext.dir/rosidl_generator_py/tm_msgs/_tm_msgs_s.ep.rosidl_typesupport_introspection_c.c.o[0m
[45.978s] [100%] [32m[1mLinking C shared library rosidl_generator_py/tm_msgs/tm_msgs_s__rosidl_typesupport_introspection_c.cpython-38-x86_64-linux-gnu.so[0m
[46.066s] [100%] Built target tm_msgs__rosidl_typesupport_introspection_c__pyext
[46.114s] Invoked command in '/home/gy/Omron_MoMa_ROS2/build/tm_msgs' returned '0': CMAKE_PREFIX_PATH=/opt/ros/foxy /usr/bin/cmake --build /home/gy/Omron_MoMa_ROS2/build/tm_msgs -- -j4 -l4
[48.103s] Invoking command in '/home/gy/Omron_MoMa_ROS2/build/tm_msgs': CMAKE_PREFIX_PATH=/opt/ros/foxy /usr/bin/cmake --install /home/gy/Omron_MoMa_ROS2/build/tm_msgs
[48.124s] -- Install configuration: ""
[48.124s] -- Installing: /home/gy/Omron_MoMa_ROS2/install/tm_msgs/share/ament_index/resource_index/rosidl_interfaces/tm_msgs
[48.125s] -- Installing: /home/gy/Omron_MoMa_ROS2/install/tm_msgs/include/tm_msgs
[48.125s] -- Installing: /home/gy/Omron_MoMa_ROS2/install/tm_msgs/include/tm_msgs/srv
[48.125s] -- Installing: /home/gy/Omron_MoMa_ROS2/install/tm_msgs/include/tm_msgs/srv/set_positions.h
[48.126s] -- Installing: /home/gy/Omron_MoMa_ROS2/install/tm_msgs/include/tm_msgs/srv/send_script.h
[48.126s] -- Installing: /home/gy/Omron_MoMa_ROS2/install/tm_msgs/include/tm_msgs/srv/detail
[48.126s] -- Installing: /home/gy/Omron_MoMa_ROS2/install/tm_msgs/include/tm_msgs/srv/detail/send_script__functions.c
[48.126s] -- Installing: /home/gy/Omron_MoMa_ROS2/install/tm_msgs/include/tm_msgs/srv/detail/connect_tm__functions.h
[48.127s] -- Installing: /home/gy/Omron_MoMa_ROS2/install/tm_msgs/include/tm_msgs/srv/detail/ask_sta__type_support.h
[48.127s] -- Installing: /home/gy/Omron_MoMa_ROS2/install/tm_msgs/include/tm_msgs/srv/detail/set_positions__functions.h
[48.127s] -- Installing: /home/gy/Omron_MoMa_ROS2/install/tm_msgs/include/tm_msgs/srv/detail/set_event__type_support.h
[48.134s] -- Installing: /home/gy/Omron_MoMa_ROS2/install/tm_msgs/include/tm_msgs/srv/detail/set_positions__type_support.h
[48.135s] -- Installing: /home/gy/Omron_MoMa_ROS2/install/tm_msgs/include/tm_msgs/srv/detail/set_io__type_support.h
[48.135s] -- Installing: /home/gy/Omron_MoMa_ROS2/install/tm_msgs/include/tm_msgs/srv/detail/ask_item__struct.h
[48.135s] -- Installing: /home/gy/Omron_MoMa_ROS2/install/tm_msgs/include/tm_msgs/srv/detail/set_io__functions.h
[48.135s] -- Installing: /home/gy/Omron_MoMa_ROS2/install/tm_msgs/include/tm_msgs/srv/detail/ask_item__functions.c
[48.136s] -- Installing: /home/gy/Omron_MoMa_ROS2/install/tm_msgs/include/tm_msgs/srv/detail/set_event__functions.c
[48.136s] -- Installing: /home/gy/Omron_MoMa_ROS2/install/tm_msgs/include/tm_msgs/srv/detail/set_io__struct.h
[48.136s] -- Installing: /home/gy/Omron_MoMa_ROS2/install/tm_msgs/include/tm_msgs/srv/detail/ask_sta__struct.h
[48.136s] -- Installing: /home/gy/Omron_MoMa_ROS2/install/tm_msgs/include/tm_msgs/srv/detail/set_event__functions.h
[48.137s] -- Installing: /home/gy/Omron_MoMa_ROS2/install/tm_msgs/include/tm_msgs/srv/detail/write_item__struct.h
[48.137s] -- Installing: /home/gy/Omron_MoMa_ROS2/install/tm_msgs/include/tm_msgs/srv/detail/ask_item__functions.h
[48.137s] -- Installing: /home/gy/Omron_MoMa_ROS2/install/tm_msgs/include/tm_msgs/srv/detail/set_event__struct.h
[48.137s] -- Installing: /home/gy/Omron_MoMa_ROS2/install/tm_msgs/include/tm_msgs/srv/detail/set_io__functions.c
[48.138s] -- Installing: /home/gy/Omron_MoMa_ROS2/install/tm_msgs/include/tm_msgs/srv/detail/connect_tm__type_support.h
[48.138s] -- Installing: /home/gy/Omron_MoMa_ROS2/install/tm_msgs/include/tm_msgs/srv/detail/send_script__struct.h
[48.138s] -- Installing: /home/gy/Omron_MoMa_ROS2/install/tm_msgs/include/tm_msgs/srv/detail/write_item__functions.h
[48.138s] -- Installing: /home/gy/Omron_MoMa_ROS2/install/tm_msgs/include/tm_msgs/srv/detail/connect_tm__functions.c
[48.139s] -- Installing: /home/gy/Omron_MoMa_ROS2/install/tm_msgs/include/tm_msgs/srv/detail/ask_sta__functions.h
[48.139s] -- Installing: /home/gy/Omron_MoMa_ROS2/install/tm_msgs/include/tm_msgs/srv/detail/send_script__functions.h
[48.139s] -- Installing: /home/gy/Omron_MoMa_ROS2/install/tm_msgs/include/tm_msgs/srv/detail/ask_item__type_support.h
[48.139s] -- Installing: /home/gy/Omron_MoMa_ROS2/install/tm_msgs/include/tm_msgs/srv/detail/connect_tm__struct.h
[48.139s] -- Installing: /home/gy/Omron_MoMa_ROS2/install/tm_msgs/include/tm_msgs/srv/detail/write_item__type_support.h
[48.140s] -- Installing: /home/gy/Omron_MoMa_ROS2/install/tm_msgs/include/tm_msgs/srv/detail/set_positions__struct.h
[48.140s] -- Installing: /home/gy/Omron_MoMa_ROS2/install/tm_msgs/include/tm_msgs/srv/detail/ask_sta__functions.c
[48.140s] -- Installing: /home/gy/Omron_MoMa_ROS2/install/tm_msgs/include/tm_msgs/srv/detail/set_positions__functions.c
[48.140s] -- Installing: /home/gy/Omron_MoMa_ROS2/install/tm_msgs/include/tm_msgs/srv/detail/write_item__functions.c
[48.141s] -- Installing: /home/gy/Omron_MoMa_ROS2/install/tm_msgs/include/tm_msgs/srv/detail/send_script__type_support.h
[48.141s] -- Installing: /home/gy/Omron_MoMa_ROS2/install/tm_msgs/include/tm_msgs/srv/ask_sta.h
[48.141s] -- Installing: /home/gy/Omron_MoMa_ROS2/install/tm_msgs/include/tm_msgs/srv/ask_item.h
[48.141s] -- Installing: /home/gy/Omron_MoMa_ROS2/install/tm_msgs/include/tm_msgs/srv/write_item.h
[48.142s] -- Installing: /home/gy/Omron_MoMa_ROS2/install/tm_msgs/include/tm_msgs/srv/set_io.h
[48.142s] -- Installing: /home/gy/Omron_MoMa_ROS2/install/tm_msgs/include/tm_msgs/srv/connect_tm.h
[48.142s] -- Installing: /home/gy/Omron_MoMa_ROS2/install/tm_msgs/include/tm_msgs/srv/set_event.h
[48.142s] -- Installing: /home/gy/Omron_MoMa_ROS2/install/tm_msgs/include/tm_msgs/msg
[48.143s] -- Installing: /home/gy/Omron_MoMa_ROS2/install/tm_msgs/include/tm_msgs/msg/sct_response.h
[48.143s] -- Installing: /home/gy/Omron_MoMa_ROS2/install/tm_msgs/include/tm_msgs/msg/rosidl_generator_c__visibility_control.h
[48.143s] -- Installing: /home/gy/Omron_MoMa_ROS2/install/tm_msgs/include/tm_msgs/msg/feedback_state.h
[48.143s] -- Installing: /home/gy/Omron_MoMa_ROS2/install/tm_msgs/include/tm_msgs/msg/detail
[48.144s] -- Installing: /home/gy/Omron_MoMa_ROS2/install/tm_msgs/include/tm_msgs/msg/detail/sct_response__functions.h
[48.144s] -- Installing: /home/gy/Omron_MoMa_ROS2/install/tm_msgs/include/tm_msgs/msg/detail/svr_response__type_support.h
[48.144s] -- Installing: /home/gy/Omron_MoMa_ROS2/install/tm_msgs/include/tm_msgs/msg/detail/feedback_state__functions.h
[48.144s] -- Installing: /home/gy/Omron_MoMa_ROS2/install/tm_msgs/include/tm_msgs/msg/detail/feedback_state__type_support.h
[48.144s] -- Installing: /home/gy/Omron_MoMa_ROS2/install/tm_msgs/include/tm_msgs/msg/detail/sta_response__functions.h
[48.145s] -- Installing: /home/gy/Omron_MoMa_ROS2/install/tm_msgs/include/tm_msgs/msg/detail/svr_response__struct.h
[48.145s] -- Installing: /home/gy/Omron_MoMa_ROS2/install/tm_msgs/include/tm_msgs/msg/detail/sct_response__type_support.h
[48.145s] -- Installing: /home/gy/Omron_MoMa_ROS2/install/tm_msgs/include/tm_msgs/msg/detail/svr_response__functions.h
[48.145s] -- Installing: /home/gy/Omron_MoMa_ROS2/install/tm_msgs/include/tm_msgs/msg/detail/sta_response__type_support.h
[48.146s] -- Installing: /home/gy/Omron_MoMa_ROS2/install/tm_msgs/include/tm_msgs/msg/detail/svr_response__functions.c
[48.146s] -- Installing: /home/gy/Omron_MoMa_ROS2/install/tm_msgs/include/tm_msgs/msg/detail/sct_response__functions.c
[48.146s] -- Installing: /home/gy/Omron_MoMa_ROS2/install/tm_msgs/include/tm_msgs/msg/detail/sta_response__struct.h
[48.146s] -- Installing: /home/gy/Omron_MoMa_ROS2/install/tm_msgs/include/tm_msgs/msg/detail/feedback_state__functions.c
[48.147s] -- Installing: /home/gy/Omron_MoMa_ROS2/install/tm_msgs/include/tm_msgs/msg/detail/sct_response__struct.h
[48.147s] -- Installing: /home/gy/Omron_MoMa_ROS2/install/tm_msgs/include/tm_msgs/msg/detail/feedback_state__struct.h
[48.147s] -- Installing: /home/gy/Omron_MoMa_ROS2/install/tm_msgs/include/tm_msgs/msg/detail/sta_response__functions.c
[48.147s] -- Installing: /home/gy/Omron_MoMa_ROS2/install/tm_msgs/include/tm_msgs/msg/sta_response.h
[48.148s] -- Installing: /home/gy/Omron_MoMa_ROS2/install/tm_msgs/include/tm_msgs/msg/svr_response.h
[48.148s] -- Installing: /home/gy/Omron_MoMa_ROS2/install/tm_msgs/share/tm_msgs/environment/library_path.sh
[48.148s] -- Installing: /home/gy/Omron_MoMa_ROS2/install/tm_msgs/share/tm_msgs/environment/library_path.dsv
[48.158s] -- Installing: /home/gy/Omron_MoMa_ROS2/install/tm_msgs/lib/libtm_msgs__rosidl_generator_c.so
[48.158s] -- Set runtime path of "/home/gy/Omron_MoMa_ROS2/install/tm_msgs/lib/libtm_msgs__rosidl_generator_c.so" to ""
[48.159s] -- Up-to-date: /home/gy/Omron_MoMa_ROS2/install/tm_msgs/include/tm_msgs
[48.159s] -- Up-to-date: /home/gy/Omron_MoMa_ROS2/install/tm_msgs/include/tm_msgs/srv
[48.159s] -- Up-to-date: /home/gy/Omron_MoMa_ROS2/install/tm_msgs/include/tm_msgs/srv/detail
[48.159s] -- Installing: /home/gy/Omron_MoMa_ROS2/install/tm_msgs/include/tm_msgs/srv/detail/ask_item__rosidl_typesupport_fastrtps_c.h
[48.159s] -- Installing: /home/gy/Omron_MoMa_ROS2/install/tm_msgs/include/tm_msgs/srv/detail/set_event__rosidl_typesupport_fastrtps_c.h
[48.160s] -- Installing: /home/gy/Omron_MoMa_ROS2/install/tm_msgs/include/tm_msgs/srv/detail/send_script__rosidl_typesupport_fastrtps_c.h
[48.160s] -- Installing: /home/gy/Omron_MoMa_ROS2/install/tm_msgs/include/tm_msgs/srv/detail/set_io__rosidl_typesupport_fastrtps_c.h
[48.160s] -- Installing: /home/gy/Omron_MoMa_ROS2/install/tm_msgs/include/tm_msgs/srv/detail/connect_tm__rosidl_typesupport_fastrtps_c.h
[48.160s] -- Installing: /home/gy/Omron_MoMa_ROS2/install/tm_msgs/include/tm_msgs/srv/detail/set_positions__rosidl_typesupport_fastrtps_c.h
[48.161s] -- Installing: /home/gy/Omron_MoMa_ROS2/install/tm_msgs/include/tm_msgs/srv/detail/write_item__rosidl_typesupport_fastrtps_c.h
[48.161s] -- Installing: /home/gy/Omron_MoMa_ROS2/install/tm_msgs/include/tm_msgs/srv/detail/ask_sta__rosidl_typesupport_fastrtps_c.h
[48.161s] -- Up-to-date: /home/gy/Omron_MoMa_ROS2/install/tm_msgs/include/tm_msgs/msg
[48.161s] -- Installing: /home/gy/Omron_MoMa_ROS2/install/tm_msgs/include/tm_msgs/msg/rosidl_typesupport_fastrtps_c__visibility_control.h
[48.162s] -- Up-to-date: /home/gy/Omron_MoMa_ROS2/install/tm_msgs/include/tm_msgs/msg/detail
[48.162s] -- Installing: /home/gy/Omron_MoMa_ROS2/install/tm_msgs/include/tm_msgs/msg/detail/sct_response__rosidl_typesupport_fastrtps_c.h
[48.162s] -- Installing: /home/gy/Omron_MoMa_ROS2/install/tm_msgs/include/tm_msgs/msg/detail/feedback_state__rosidl_typesupport_fastrtps_c.h
[48.162s] -- Installing: /home/gy/Omron_MoMa_ROS2/install/tm_msgs/include/tm_msgs/msg/detail/svr_response__rosidl_typesupport_fastrtps_c.h
[48.163s] -- Installing: /home/gy/Omron_MoMa_ROS2/install/tm_msgs/include/tm_msgs/msg/detail/sta_response__rosidl_typesupport_fastrtps_c.h
[48.163s] -- Installing: /home/gy/Omron_MoMa_ROS2/install/tm_msgs/lib/libtm_msgs__rosidl_typesupport_fastrtps_c.so
[48.164s] -- Set runtime path of "/home/gy/Omron_MoMa_ROS2/install/tm_msgs/lib/libtm_msgs__rosidl_typesupport_fastrtps_c.so" to ""
[48.164s] -- Up-to-date: /home/gy/Omron_MoMa_ROS2/install/tm_msgs/include/tm_msgs
[48.164s] -- Up-to-date: /home/gy/Omron_MoMa_ROS2/install/tm_msgs/include/tm_msgs/srv
[48.164s] -- Up-to-date: /home/gy/Omron_MoMa_ROS2/install/tm_msgs/include/tm_msgs/srv/detail
[48.164s] -- Installing: /home/gy/Omron_MoMa_ROS2/install/tm_msgs/include/tm_msgs/srv/detail/send_script__rosidl_typesupport_fastrtps_cpp.hpp
[48.165s] -- Installing: /home/gy/Omron_MoMa_ROS2/install/tm_msgs/include/tm_msgs/srv/detail/set_event__rosidl_typesupport_fastrtps_cpp.hpp
[48.165s] -- Installing: /home/gy/Omron_MoMa_ROS2/install/tm_msgs/include/tm_msgs/srv/detail/set_io__rosidl_typesupport_fastrtps_cpp.hpp
[48.165s] -- Installing: /home/gy/Omron_MoMa_ROS2/install/tm_msgs/include/tm_msgs/srv/detail/dds_fastrtps
[48.165s] -- Installing: /home/gy/Omron_MoMa_ROS2/install/tm_msgs/include/tm_msgs/srv/detail/write_item__rosidl_typesupport_fastrtps_cpp.hpp
[48.166s] -- Installing: /home/gy/Omron_MoMa_ROS2/install/tm_msgs/include/tm_msgs/srv/detail/connect_tm__rosidl_typesupport_fastrtps_cpp.hpp
[48.166s] -- Installing: /home/gy/Omron_MoMa_ROS2/install/tm_msgs/include/tm_msgs/srv/detail/set_positions__rosidl_typesupport_fastrtps_cpp.hpp
[48.170s] -- Installing: /home/gy/Omron_MoMa_ROS2/install/tm_msgs/include/tm_msgs/srv/detail/ask_item__rosidl_typesupport_fastrtps_cpp.hpp
[48.170s] -- Installing: /home/gy/Omron_MoMa_ROS2/install/tm_msgs/include/tm_msgs/srv/detail/ask_sta__rosidl_typesupport_fastrtps_cpp.hpp
[48.171s] -- Up-to-date: /home/gy/Omron_MoMa_ROS2/install/tm_msgs/include/tm_msgs/msg
[48.171s] -- Up-to-date: /home/gy/Omron_MoMa_ROS2/install/tm_msgs/include/tm_msgs/msg/detail
[48.171s] -- Installing: /home/gy/Omron_MoMa_ROS2/install/tm_msgs/include/tm_msgs/msg/detail/sct_response__rosidl_typesupport_fastrtps_cpp.hpp
[48.174s] -- Installing: /home/gy/Omron_MoMa_ROS2/install/tm_msgs/include/tm_msgs/msg/detail/dds_fastrtps
[48.175s] -- Installing: /home/gy/Omron_MoMa_ROS2/install/tm_msgs/include/tm_msgs/msg/detail/svr_response__rosidl_typesupport_fastrtps_cpp.hpp
[48.175s] -- Installing: /home/gy/Omron_MoMa_ROS2/install/tm_msgs/include/tm_msgs/msg/detail/sta_response__rosidl_typesupport_fastrtps_cpp.hpp
[48.175s] -- Installing: /home/gy/Omron_MoMa_ROS2/install/tm_msgs/include/tm_msgs/msg/detail/feedback_state__rosidl_typesupport_fastrtps_cpp.hpp
[48.175s] -- Installing: /home/gy/Omron_MoMa_ROS2/install/tm_msgs/include/tm_msgs/msg/rosidl_typesupport_fastrtps_cpp__visibility_control.h
[48.176s] -- Installing: /home/gy/Omron_MoMa_ROS2/install/tm_msgs/lib/libtm_msgs__rosidl_typesupport_fastrtps_cpp.so
[48.176s] -- Set runtime path of "/home/gy/Omron_MoMa_ROS2/install/tm_msgs/lib/libtm_msgs__rosidl_typesupport_fastrtps_cpp.so" to ""
[48.177s] -- Up-to-date: /home/gy/Omron_MoMa_ROS2/install/tm_msgs/include/tm_msgs
[48.177s] -- Up-to-date: /home/gy/Omron_MoMa_ROS2/install/tm_msgs/include/tm_msgs/srv
[48.177s] -- Up-to-date: /home/gy/Omron_MoMa_ROS2/install/tm_msgs/include/tm_msgs/srv/detail
[48.177s] -- Installing: /home/gy/Omron_MoMa_ROS2/install/tm_msgs/include/tm_msgs/srv/detail/ask_item__rosidl_typesupport_introspection_c.h
[48.178s] -- Installing: /home/gy/Omron_MoMa_ROS2/install/tm_msgs/include/tm_msgs/srv/detail/ask_sta__type_support.c
[48.178s] -- Installing: /home/gy/Omron_MoMa_ROS2/install/tm_msgs/include/tm_msgs/srv/detail/send_script__rosidl_typesupport_introspection_c.h
[48.178s] -- Installing: /home/gy/Omron_MoMa_ROS2/install/tm_msgs/include/tm_msgs/srv/detail/connect_tm__type_support.c
[48.178s] -- Installing: /home/gy/Omron_MoMa_ROS2/install/tm_msgs/include/tm_msgs/srv/detail/connect_tm__rosidl_typesupport_introspection_c.h
[48.179s] -- Installing: /home/gy/Omron_MoMa_ROS2/install/tm_msgs/include/tm_msgs/srv/detail/ask_sta__rosidl_typesupport_introspection_c.h
[48.179s] -- Installing: /home/gy/Omron_MoMa_ROS2/install/tm_msgs/include/tm_msgs/srv/detail/ask_item__type_support.c
[48.180s] -- Installing: /home/gy/Omron_MoMa_ROS2/install/tm_msgs/include/tm_msgs/srv/detail/set_io__rosidl_typesupport_introspection_c.h
[48.180s] -- Installing: /home/gy/Omron_MoMa_ROS2/install/tm_msgs/include/tm_msgs/srv/detail/write_item__type_support.c
[48.180s] -- Installing: /home/gy/Omron_MoMa_ROS2/install/tm_msgs/include/tm_msgs/srv/detail/set_io__type_support.c
[48.180s] -- Installing: /home/gy/Omron_MoMa_ROS2/install/tm_msgs/include/tm_msgs/srv/detail/set_positions__rosidl_typesupport_introspection_c.h
[48.181s] -- Installing: /home/gy/Omron_MoMa_ROS2/install/tm_msgs/include/tm_msgs/srv/detail/write_item__rosidl_typesupport_introspection_c.h
[48.181s] -- Installing: /home/gy/Omron_MoMa_ROS2/install/tm_msgs/include/tm_msgs/srv/detail/send_script__type_support.c
[48.181s] -- Installing: /home/gy/Omron_MoMa_ROS2/install/tm_msgs/include/tm_msgs/srv/detail/set_event__rosidl_typesupport_introspection_c.h
[48.181s] -- Installing: /home/gy/Omron_MoMa_ROS2/install/tm_msgs/include/tm_msgs/srv/detail/set_event__type_support.c
[48.182s] -- Installing: /home/gy/Omron_MoMa_ROS2/install/tm_msgs/include/tm_msgs/srv/detail/set_positions__type_support.c
[48.182s] -- Up-to-date: /home/gy/Omron_MoMa_ROS2/install/tm_msgs/include/tm_msgs/msg
[48.182s] -- Up-to-date: /home/gy/Omron_MoMa_ROS2/install/tm_msgs/include/tm_msgs/msg/detail
[48.182s] -- Installing: /home/gy/Omron_MoMa_ROS2/install/tm_msgs/include/tm_msgs/msg/detail/svr_response__rosidl_typesupport_introspection_c.h
[48.183s] -- Installing: /home/gy/Omron_MoMa_ROS2/install/tm_msgs/include/tm_msgs/msg/detail/sct_response__rosidl_typesupport_introspection_c.h
[48.183s] -- Installing: /home/gy/Omron_MoMa_ROS2/install/tm_msgs/include/tm_msgs/msg/detail/feedback_state__type_support.c
[48.183s] -- Installing: /home/gy/Omron_MoMa_ROS2/install/tm_msgs/include/tm_msgs/msg/detail/feedback_state__rosidl_typesupport_introspection_c.h
[48.183s] -- Installing: /home/gy/Omron_MoMa_ROS2/install/tm_msgs/include/tm_msgs/msg/detail/svr_response__type_support.c
[48.184s] -- Installing: /home/gy/Omron_MoMa_ROS2/install/tm_msgs/include/tm_msgs/msg/detail/sta_response__type_support.c
[48.184s] -- Installing: /home/gy/Omron_MoMa_ROS2/install/tm_msgs/include/tm_msgs/msg/detail/sct_response__type_support.c
[48.184s] -- Installing: /home/gy/Omron_MoMa_ROS2/install/tm_msgs/include/tm_msgs/msg/detail/sta_response__rosidl_typesupport_introspection_c.h
[48.184s] -- Installing: /home/gy/Omron_MoMa_ROS2/install/tm_msgs/include/tm_msgs/msg/rosidl_typesupport_introspection_c__visibility_control.h
[48.185s] -- Installing: /home/gy/Omron_MoMa_ROS2/install/tm_msgs/lib/libtm_msgs__rosidl_typesupport_introspection_c.so
[48.185s] -- Set runtime path of "/home/gy/Omron_MoMa_ROS2/install/tm_msgs/lib/libtm_msgs__rosidl_typesupport_introspection_c.so" to ""
[48.186s] -- Installing: /home/gy/Omron_MoMa_ROS2/install/tm_msgs/lib/libtm_msgs__rosidl_typesupport_c.so
[48.186s] -- Set runtime path of "/home/gy/Omron_MoMa_ROS2/install/tm_msgs/lib/libtm_msgs__rosidl_typesupport_c.so" to ""
[48.186s] -- Up-to-date: /home/gy/Omron_MoMa_ROS2/install/tm_msgs/include/tm_msgs
[48.187s] -- Up-to-date: /home/gy/Omron_MoMa_ROS2/install/tm_msgs/include/tm_msgs/srv
[48.187s] -- Installing: /home/gy/Omron_MoMa_ROS2/install/tm_msgs/include/tm_msgs/srv/ask_sta.hpp
[48.187s] -- Installing: /home/gy/Omron_MoMa_ROS2/install/tm_msgs/include/tm_msgs/srv/set_positions.hpp
[48.187s] -- Installing: /home/gy/Omron_MoMa_ROS2/install/tm_msgs/include/tm_msgs/srv/connect_tm.hpp
[48.187s] -- Installing: /home/gy/Omron_MoMa_ROS2/install/tm_msgs/include/tm_msgs/srv/set_io.hpp
[48.188s] -- Up-to-date: /home/gy/Omron_MoMa_ROS2/install/tm_msgs/include/tm_msgs/srv/detail
[48.188s] -- Installing: /home/gy/Omron_MoMa_ROS2/install/tm_msgs/include/tm_msgs/srv/detail/set_io__struct.hpp
[48.189s] -- Installing: /home/gy/Omron_MoMa_ROS2/install/tm_msgs/include/tm_msgs/srv/detail/send_script__builder.hpp
[48.189s] -- Installing: /home/gy/Omron_MoMa_ROS2/install/tm_msgs/include/tm_msgs/srv/detail/set_event__struct.hpp
[48.189s] -- Installing: /home/gy/Omron_MoMa_ROS2/install/tm_msgs/include/tm_msgs/srv/detail/set_positions__traits.hpp
[48.189s] -- Installing: /home/gy/Omron_MoMa_ROS2/install/tm_msgs/include/tm_msgs/srv/detail/ask_item__struct.hpp
[48.190s] -- Installing: /home/gy/Omron_MoMa_ROS2/install/tm_msgs/include/tm_msgs/srv/detail/write_item__traits.hpp
[48.190s] -- Installing: /home/gy/Omron_MoMa_ROS2/install/tm_msgs/include/tm_msgs/srv/detail/set_event__builder.hpp
[48.190s] -- Installing: /home/gy/Omron_MoMa_ROS2/install/tm_msgs/include/tm_msgs/srv/detail/send_script__traits.hpp
[48.190s] -- Installing: /home/gy/Omron_MoMa_ROS2/install/tm_msgs/include/tm_msgs/srv/detail/ask_sta__struct.hpp
[48.191s] -- Installing: /home/gy/Omron_MoMa_ROS2/install/tm_msgs/include/tm_msgs/srv/detail/connect_tm__traits.hpp
[48.191s] -- Installing: /home/gy/Omron_MoMa_ROS2/install/tm_msgs/include/tm_msgs/srv/detail/ask_item__builder.hpp
[48.191s] -- Installing: /home/gy/Omron_MoMa_ROS2/install/tm_msgs/include/tm_msgs/srv/detail/write_item__struct.hpp
[48.191s] -- Installing: /home/gy/Omron_MoMa_ROS2/install/tm_msgs/include/tm_msgs/srv/detail/ask_item__traits.hpp
[48.192s] -- Installing: /home/gy/Omron_MoMa_ROS2/install/tm_msgs/include/tm_msgs/srv/detail/ask_sta__builder.hpp
[48.192s] -- Installing: /home/gy/Omron_MoMa_ROS2/install/tm_msgs/include/tm_msgs/srv/detail/set_event__traits.hpp
[48.192s] -- Installing: /home/gy/Omron_MoMa_ROS2/install/tm_msgs/include/tm_msgs/srv/detail/write_item__builder.hpp
[48.192s] -- Installing: /home/gy/Omron_MoMa_ROS2/install/tm_msgs/include/tm_msgs/srv/detail/set_positions__struct.hpp
[48.192s] -- Installing: /home/gy/Omron_MoMa_ROS2/install/tm_msgs/include/tm_msgs/srv/detail/set_positions__builder.hpp
[48.193s] -- Installing: /home/gy/Omron_MoMa_ROS2/install/tm_msgs/include/tm_msgs/srv/detail/connect_tm__builder.hpp
[48.193s] -- Installing: /home/gy/Omron_MoMa_ROS2/install/tm_msgs/include/tm_msgs/srv/detail/set_io__builder.hpp
[48.193s] -- Installing: /home/gy/Omron_MoMa_ROS2/install/tm_msgs/include/tm_msgs/srv/detail/send_script__struct.hpp
[48.193s] -- Installing: /home/gy/Omron_MoMa_ROS2/install/tm_msgs/include/tm_msgs/srv/detail/ask_sta__traits.hpp
[48.194s] -- Installing: /home/gy/Omron_MoMa_ROS2/install/tm_msgs/include/tm_msgs/srv/detail/connect_tm__struct.hpp
[48.194s] -- Installing: /home/gy/Omron_MoMa_ROS2/install/tm_msgs/include/tm_msgs/srv/detail/set_io__traits.hpp
[48.194s] -- Installing: /home/gy/Omron_MoMa_ROS2/install/tm_msgs/include/tm_msgs/srv/write_item.hpp
[48.195s] -- Installing: /home/gy/Omron_MoMa_ROS2/install/tm_msgs/include/tm_msgs/srv/set_event.hpp
[48.195s] -- Installing: /home/gy/Omron_MoMa_ROS2/install/tm_msgs/include/tm_msgs/srv/send_script.hpp
[48.195s] -- Installing: /home/gy/Omron_MoMa_ROS2/install/tm_msgs/include/tm_msgs/srv/ask_item.hpp
[48.195s] -- Up-to-date: /home/gy/Omron_MoMa_ROS2/install/tm_msgs/include/tm_msgs/msg
[48.195s] -- Installing: /home/gy/Omron_MoMa_ROS2/install/tm_msgs/include/tm_msgs/msg/sta_response.hpp
[48.196s] -- Installing: /home/gy/Omron_MoMa_ROS2/install/tm_msgs/include/tm_msgs/msg/feedback_state.hpp
[48.196s] -- Up-to-date: /home/gy/Omron_MoMa_ROS2/install/tm_msgs/include/tm_msgs/msg/detail
[48.196s] -- Installing: /home/gy/Omron_MoMa_ROS2/install/tm_msgs/include/tm_msgs/msg/detail/sta_response__builder.hpp
[48.196s] -- Installing: /home/gy/Omron_MoMa_ROS2/install/tm_msgs/include/tm_msgs/msg/detail/sct_response__traits.hpp
[48.197s] -- Installing: /home/gy/Omron_MoMa_ROS2/install/tm_msgs/include/tm_msgs/msg/detail/feedback_state__traits.hpp
[48.197s] -- Installing: /home/gy/Omron_MoMa_ROS2/install/tm_msgs/include/tm_msgs/msg/detail/svr_response__builder.hpp
[48.197s] -- Installing: /home/gy/Omron_MoMa_ROS2/install/tm_msgs/include/tm_msgs/msg/detail/feedback_state__struct.hpp
[48.197s] -- Installing: /home/gy/Omron_MoMa_ROS2/install/tm_msgs/include/tm_msgs/msg/detail/feedback_state__builder.hpp
[48.198s] -- Installing: /home/gy/Omron_MoMa_ROS2/install/tm_msgs/include/tm_msgs/msg/detail/sta_response__traits.hpp
[48.198s] -- Installing: /home/gy/Omron_MoMa_ROS2/install/tm_msgs/include/tm_msgs/msg/detail/sta_response__struct.hpp
[48.198s] -- Installing: /home/gy/Omron_MoMa_ROS2/install/tm_msgs/include/tm_msgs/msg/detail/sct_response__builder.hpp
[48.198s] -- Installing: /home/gy/Omron_MoMa_ROS2/install/tm_msgs/include/tm_msgs/msg/detail/svr_response__traits.hpp
[48.199s] -- Installing: /home/gy/Omron_MoMa_ROS2/install/tm_msgs/include/tm_msgs/msg/detail/sct_response__struct.hpp
[48.199s] -- Installing: /home/gy/Omron_MoMa_ROS2/install/tm_msgs/include/tm_msgs/msg/detail/svr_response__struct.hpp
[48.199s] -- Installing: /home/gy/Omron_MoMa_ROS2/install/tm_msgs/include/tm_msgs/msg/svr_response.hpp
[48.199s] -- Installing: /home/gy/Omron_MoMa_ROS2/install/tm_msgs/include/tm_msgs/msg/sct_response.hpp
[48.200s] -- Up-to-date: /home/gy/Omron_MoMa_ROS2/install/tm_msgs/include/tm_msgs
[48.200s] -- Up-to-date: /home/gy/Omron_MoMa_ROS2/install/tm_msgs/include/tm_msgs/srv
[48.200s] -- Up-to-date: /home/gy/Omron_MoMa_ROS2/install/tm_msgs/include/tm_msgs/srv/detail
[48.200s] -- Installing: /home/gy/Omron_MoMa_ROS2/install/tm_msgs/include/tm_msgs/srv/detail/ask_sta__type_support.cpp
[48.201s] -- Installing: /home/gy/Omron_MoMa_ROS2/install/tm_msgs/include/tm_msgs/srv/detail/connect_tm__type_support.cpp
[48.201s] -- Installing: /home/gy/Omron_MoMa_ROS2/install/tm_msgs/include/tm_msgs/srv/detail/send_script__rosidl_typesupport_introspection_cpp.hpp
[48.201s] -- Installing: /home/gy/Omron_MoMa_ROS2/install/tm_msgs/include/tm_msgs/srv/detail/set_io__type_support.cpp
[48.201s] -- Installing: /home/gy/Omron_MoMa_ROS2/install/tm_msgs/include/tm_msgs/srv/detail/set_event__rosidl_typesupport_introspection_cpp.hpp
[48.202s] -- Installing: /home/gy/Omron_MoMa_ROS2/install/tm_msgs/include/tm_msgs/srv/detail/send_script__type_support.cpp
[48.202s] -- Installing: /home/gy/Omron_MoMa_ROS2/install/tm_msgs/include/tm_msgs/srv/detail/ask_item__rosidl_typesupport_introspection_cpp.hpp
[48.202s] -- Installing: /home/gy/Omron_MoMa_ROS2/install/tm_msgs/include/tm_msgs/srv/detail/write_item__type_support.cpp
[48.202s] -- Installing: /home/gy/Omron_MoMa_ROS2/install/tm_msgs/include/tm_msgs/srv/detail/connect_tm__rosidl_typesupport_introspection_cpp.hpp
[48.203s] -- Installing: /home/gy/Omron_MoMa_ROS2/install/tm_msgs/include/tm_msgs/srv/detail/set_positions__type_support.cpp
[48.203s] -- Installing: /home/gy/Omron_MoMa_ROS2/install/tm_msgs/include/tm_msgs/srv/detail/ask_item__type_support.cpp
[48.203s] -- Installing: /home/gy/Omron_MoMa_ROS2/install/tm_msgs/include/tm_msgs/srv/detail/set_event__type_support.cpp
[48.203s] -- Installing: /home/gy/Omron_MoMa_ROS2/install/tm_msgs/include/tm_msgs/srv/detail/set_io__rosidl_typesupport_introspection_cpp.hpp
[48.204s] -- Installing: /home/gy/Omron_MoMa_ROS2/install/tm_msgs/include/tm_msgs/srv/detail/ask_sta__rosidl_typesupport_introspection_cpp.hpp
[48.204s] -- Installing: /home/gy/Omron_MoMa_ROS2/install/tm_msgs/include/tm_msgs/srv/detail/set_positions__rosidl_typesupport_introspection_cpp.hpp
[48.204s] -- Installing: /home/gy/Omron_MoMa_ROS2/install/tm_msgs/include/tm_msgs/srv/detail/write_item__rosidl_typesupport_introspection_cpp.hpp
[48.204s] -- Up-to-date: /home/gy/Omron_MoMa_ROS2/install/tm_msgs/include/tm_msgs/msg
[48.205s] -- Up-to-date: /home/gy/Omron_MoMa_ROS2/install/tm_msgs/include/tm_msgs/msg/detail
[48.205s] -- Installing: /home/gy/Omron_MoMa_ROS2/install/tm_msgs/include/tm_msgs/msg/detail/svr_response__type_support.cpp
[48.205s] -- Installing: /home/gy/Omron_MoMa_ROS2/install/tm_msgs/include/tm_msgs/msg/detail/sct_response__type_support.cpp
[48.206s] -- Installing: /home/gy/Omron_MoMa_ROS2/install/tm_msgs/include/tm_msgs/msg/detail/feedback_state__rosidl_typesupport_introspection_cpp.hpp
[48.206s] -- Installing: /home/gy/Omron_MoMa_ROS2/install/tm_msgs/include/tm_msgs/msg/detail/sta_response__rosidl_typesupport_introspection_cpp.hpp
[48.206s] -- Installing: /home/gy/Omron_MoMa_ROS2/install/tm_msgs/include/tm_msgs/msg/detail/feedback_state__type_support.cpp
[48.206s] -- Installing: /home/gy/Omron_MoMa_ROS2/install/tm_msgs/include/tm_msgs/msg/detail/sct_response__rosidl_typesupport_introspection_cpp.hpp
[48.207s] -- Installing: /home/gy/Omron_MoMa_ROS2/install/tm_msgs/include/tm_msgs/msg/detail/svr_response__rosidl_typesupport_introspection_cpp.hpp
[48.207s] -- Installing: /home/gy/Omron_MoMa_ROS2/install/tm_msgs/include/tm_msgs/msg/detail/sta_response__type_support.cpp
[48.207s] -- Installing: /home/gy/Omron_MoMa_ROS2/install/tm_msgs/lib/libtm_msgs__rosidl_typesupport_introspection_cpp.so
[48.208s] -- Set runtime path of "/home/gy/Omron_MoMa_ROS2/install/tm_msgs/lib/libtm_msgs__rosidl_typesupport_introspection_cpp.so" to ""
[48.208s] -- Installing: /home/gy/Omron_MoMa_ROS2/install/tm_msgs/lib/libtm_msgs__rosidl_typesupport_cpp.so
[48.209s] -- Set runtime path of "/home/gy/Omron_MoMa_ROS2/install/tm_msgs/lib/libtm_msgs__rosidl_typesupport_cpp.so" to ""
[48.209s] -- Installing: /home/gy/Omron_MoMa_ROS2/install/tm_msgs/share/tm_msgs/environment/pythonpath.sh
[48.210s] -- Installing: /home/gy/Omron_MoMa_ROS2/install/tm_msgs/share/tm_msgs/environment/pythonpath.dsv
[48.210s] -- Installing: /home/gy/Omron_MoMa_ROS2/install/tm_msgs/lib/python3.8/site-packages/tm_msgs/__init__.py
[48.268s] Compiling '/home/gy/Omron_MoMa_ROS2/install/tm_msgs/lib/python3.8/site-packages/tm_msgs/__init__.py'...
[48.280s] -- Installing: /home/gy/Omron_MoMa_ROS2/install/tm_msgs/lib/python3.8/site-packages/tm_msgs/msg
[48.280s] -- Installing: /home/gy/Omron_MoMa_ROS2/install/tm_msgs/lib/python3.8/site-packages/tm_msgs/msg/_sct_response.py
[48.280s] -- Installing: /home/gy/Omron_MoMa_ROS2/install/tm_msgs/lib/python3.8/site-packages/tm_msgs/msg/_sct_response_s.c
[48.281s] -- Installing: /home/gy/Omron_MoMa_ROS2/install/tm_msgs/lib/python3.8/site-packages/tm_msgs/msg/_feedback_state_s.c
[48.281s] -- Installing: /home/gy/Omron_MoMa_ROS2/install/tm_msgs/lib/python3.8/site-packages/tm_msgs/msg/_sta_response.py
[48.281s] -- Installing: /home/gy/Omron_MoMa_ROS2/install/tm_msgs/lib/python3.8/site-packages/tm_msgs/msg/_svr_response_s.c
[48.281s] -- Installing: /home/gy/Omron_MoMa_ROS2/install/tm_msgs/lib/python3.8/site-packages/tm_msgs/msg/_svr_response.py
[48.282s] -- Installing: /home/gy/Omron_MoMa_ROS2/install/tm_msgs/lib/python3.8/site-packages/tm_msgs/msg/_sta_response_s.c
[48.282s] -- Installing: /home/gy/Omron_MoMa_ROS2/install/tm_msgs/lib/python3.8/site-packages/tm_msgs/msg/_feedback_state.py
[48.282s] -- Installing: /home/gy/Omron_MoMa_ROS2/install/tm_msgs/lib/python3.8/site-packages/tm_msgs/msg/__init__.py
[48.283s] -- Installing: /home/gy/Omron_MoMa_ROS2/install/tm_msgs/lib/python3.8/site-packages/tm_msgs/srv
[48.283s] -- Installing: /home/gy/Omron_MoMa_ROS2/install/tm_msgs/lib/python3.8/site-packages/tm_msgs/srv/_ask_sta_s.c
[48.283s] -- Installing: /home/gy/Omron_MoMa_ROS2/install/tm_msgs/lib/python3.8/site-packages/tm_msgs/srv/_write_item.py
[48.283s] -- Installing: /home/gy/Omron_MoMa_ROS2/install/tm_msgs/lib/python3.8/site-packages/tm_msgs/srv/_set_event_s.c
[48.284s] -- Installing: /home/gy/Omron_MoMa_ROS2/install/tm_msgs/lib/python3.8/site-packages/tm_msgs/srv/_ask_item.py
[48.284s] -- Installing: /home/gy/Omron_MoMa_ROS2/install/tm_msgs/lib/python3.8/site-packages/tm_msgs/srv/_ask_sta.py
[48.284s] -- Installing: /home/gy/Omron_MoMa_ROS2/install/tm_msgs/lib/python3.8/site-packages/tm_msgs/srv/_send_script_s.c
[48.284s] -- Installing: /home/gy/Omron_MoMa_ROS2/install/tm_msgs/lib/python3.8/site-packages/tm_msgs/srv/_set_positions.py
[48.285s] -- Installing: /home/gy/Omron_MoMa_ROS2/install/tm_msgs/lib/python3.8/site-packages/tm_msgs/srv/_write_item_s.c
[48.285s] -- Installing: /home/gy/Omron_MoMa_ROS2/install/tm_msgs/lib/python3.8/site-packages/tm_msgs/srv/_send_script.py
[48.285s] -- Installing: /home/gy/Omron_MoMa_ROS2/install/tm_msgs/lib/python3.8/site-packages/tm_msgs/srv/_set_io.py
[48.285s] -- Installing: /home/gy/Omron_MoMa_ROS2/install/tm_msgs/lib/python3.8/site-packages/tm_msgs/srv/_ask_item_s.c
[48.286s] -- Installing: /home/gy/Omron_MoMa_ROS2/install/tm_msgs/lib/python3.8/site-packages/tm_msgs/srv/_set_positions_s.c
[48.286s] -- Installing: /home/gy/Omron_MoMa_ROS2/install/tm_msgs/lib/python3.8/site-packages/tm_msgs/srv/_connect_tm.py
[48.286s] -- Installing: /home/gy/Omron_MoMa_ROS2/install/tm_msgs/lib/python3.8/site-packages/tm_msgs/srv/_set_event.py
[48.286s] -- Installing: /home/gy/Omron_MoMa_ROS2/install/tm_msgs/lib/python3.8/site-packages/tm_msgs/srv/__init__.py
[48.287s] -- Installing: /home/gy/Omron_MoMa_ROS2/install/tm_msgs/lib/python3.8/site-packages/tm_msgs/srv/_connect_tm_s.c
[48.287s] -- Installing: /home/gy/Omron_MoMa_ROS2/install/tm_msgs/lib/python3.8/site-packages/tm_msgs/srv/_set_io_s.c
[48.287s] -- Installing: /home/gy/Omron_MoMa_ROS2/install/tm_msgs/lib/python3.8/site-packages/tm_msgs/tm_msgs_s__rosidl_typesupport_fastrtps_c.cpython-38-x86_64-linux-gnu.so
[48.289s] -- Set runtime path of "/home/gy/Omron_MoMa_ROS2/install/tm_msgs/lib/python3.8/site-packages/tm_msgs/tm_msgs_s__rosidl_typesupport_fastrtps_c.cpython-38-x86_64-linux-gnu.so" to ""
[48.289s] -- Installing: /home/gy/Omron_MoMa_ROS2/install/tm_msgs/lib/python3.8/site-packages/tm_msgs/tm_msgs_s__rosidl_typesupport_introspection_c.cpython-38-x86_64-linux-gnu.so
[48.290s] -- Set runtime path of "/home/gy/Omron_MoMa_ROS2/install/tm_msgs/lib/python3.8/site-packages/tm_msgs/tm_msgs_s__rosidl_typesupport_introspection_c.cpython-38-x86_64-linux-gnu.so" to ""
[48.290s] -- Installing: /home/gy/Omron_MoMa_ROS2/install/tm_msgs/lib/python3.8/site-packages/tm_msgs/tm_msgs_s__rosidl_typesupport_c.cpython-38-x86_64-linux-gnu.so
[48.291s] -- Set runtime path of "/home/gy/Omron_MoMa_ROS2/install/tm_msgs/lib/python3.8/site-packages/tm_msgs/tm_msgs_s__rosidl_typesupport_c.cpython-38-x86_64-linux-gnu.so" to ""
[48.291s] -- Installing: /home/gy/Omron_MoMa_ROS2/install/tm_msgs/lib/libtm_msgs__python.so
[48.292s] -- Set runtime path of "/home/gy/Omron_MoMa_ROS2/install/tm_msgs/lib/libtm_msgs__python.so" to ""
[48.292s] -- Installing: /home/gy/Omron_MoMa_ROS2/install/tm_msgs/share/tm_msgs/msg/FeedbackState.idl
[48.293s] -- Installing: /home/gy/Omron_MoMa_ROS2/install/tm_msgs/share/tm_msgs/msg/SvrResponse.idl
[48.293s] -- Installing: /home/gy/Omron_MoMa_ROS2/install/tm_msgs/share/tm_msgs/msg/SctResponse.idl
[48.293s] -- Installing: /home/gy/Omron_MoMa_ROS2/install/tm_msgs/share/tm_msgs/msg/StaResponse.idl
[48.294s] -- Installing: /home/gy/Omron_MoMa_ROS2/install/tm_msgs/share/tm_msgs/srv/ConnectTM.idl
[48.294s] -- Installing: /home/gy/Omron_MoMa_ROS2/install/tm_msgs/share/tm_msgs/srv/WriteItem.idl
[48.294s] -- Installing: /home/gy/Omron_MoMa_ROS2/install/tm_msgs/share/tm_msgs/srv/AskItem.idl
[48.295s] -- Installing: /home/gy/Omron_MoMa_ROS2/install/tm_msgs/share/tm_msgs/srv/SendScript.idl
[48.295s] -- Installing: /home/gy/Omron_MoMa_ROS2/install/tm_msgs/share/tm_msgs/srv/SetEvent.idl
[48.295s] -- Installing: /home/gy/Omron_MoMa_ROS2/install/tm_msgs/share/tm_msgs/srv/SetIO.idl
[48.295s] -- Installing: /home/gy/Omron_MoMa_ROS2/install/tm_msgs/share/tm_msgs/srv/SetPositions.idl
[48.306s] -- Installing: /home/gy/Omron_MoMa_ROS2/install/tm_msgs/share/tm_msgs/srv/AskSta.idl
[48.306s] -- Installing: /home/gy/Omron_MoMa_ROS2/install/tm_msgs/share/tm_msgs/msg/FeedbackState.msg
[48.307s] -- Installing: /home/gy/Omron_MoMa_ROS2/install/tm_msgs/share/tm_msgs/msg/SvrResponse.msg
[48.307s] -- Installing: /home/gy/Omron_MoMa_ROS2/install/tm_msgs/share/tm_msgs/msg/SctResponse.msg
[48.307s] -- Installing: /home/gy/Omron_MoMa_ROS2/install/tm_msgs/share/tm_msgs/msg/StaResponse.msg
[48.308s] -- Installing: /home/gy/Omron_MoMa_ROS2/install/tm_msgs/share/tm_msgs/srv/ConnectTM.srv
[48.308s] -- Installing: /home/gy/Omron_MoMa_ROS2/install/tm_msgs/share/tm_msgs/srv/ConnectTM_Request.msg
[48.308s] -- Installing: /home/gy/Omron_MoMa_ROS2/install/tm_msgs/share/tm_msgs/srv/ConnectTM_Response.msg
[48.308s] -- Installing: /home/gy/Omron_MoMa_ROS2/install/tm_msgs/share/tm_msgs/srv/WriteItem.srv
[48.309s] -- Installing: /home/gy/Omron_MoMa_ROS2/install/tm_msgs/share/tm_msgs/srv/WriteItem_Request.msg
[48.309s] -- Installing: /home/gy/Omron_MoMa_ROS2/install/tm_msgs/share/tm_msgs/srv/WriteItem_Response.msg
[48.309s] -- Installing: /home/gy/Omron_MoMa_ROS2/install/tm_msgs/share/tm_msgs/srv/AskItem.srv
[48.310s] -- Installing: /home/gy/Omron_MoMa_ROS2/install/tm_msgs/share/tm_msgs/srv/AskItem_Request.msg
[48.310s] -- Installing: /home/gy/Omron_MoMa_ROS2/install/tm_msgs/share/tm_msgs/srv/AskItem_Response.msg
[48.310s] -- Installing: /home/gy/Omron_MoMa_ROS2/install/tm_msgs/share/tm_msgs/srv/SendScript.srv
[48.311s] -- Installing: /home/gy/Omron_MoMa_ROS2/install/tm_msgs/share/tm_msgs/srv/SendScript_Request.msg
[48.311s] -- Installing: /home/gy/Omron_MoMa_ROS2/install/tm_msgs/share/tm_msgs/srv/SendScript_Response.msg
[48.311s] -- Installing: /home/gy/Omron_MoMa_ROS2/install/tm_msgs/share/tm_msgs/srv/SetEvent.srv
[48.312s] -- Installing: /home/gy/Omron_MoMa_ROS2/install/tm_msgs/share/tm_msgs/srv/SetEvent_Request.msg
[48.312s] -- Installing: /home/gy/Omron_MoMa_ROS2/install/tm_msgs/share/tm_msgs/srv/SetEvent_Response.msg
[48.312s] -- Installing: /home/gy/Omron_MoMa_ROS2/install/tm_msgs/share/tm_msgs/srv/SetIO.srv
[48.313s] -- Installing: /home/gy/Omron_MoMa_ROS2/install/tm_msgs/share/tm_msgs/srv/SetIO_Request.msg
[48.313s] -- Installing: /home/gy/Omron_MoMa_ROS2/install/tm_msgs/share/tm_msgs/srv/SetIO_Response.msg
[48.313s] -- Installing: /home/gy/Omron_MoMa_ROS2/install/tm_msgs/share/tm_msgs/srv/SetPositions.srv
[48.313s] -- Installing: /home/gy/Omron_MoMa_ROS2/install/tm_msgs/share/tm_msgs/srv/SetPositions_Request.msg
[48.314s] -- Installing: /home/gy/Omron_MoMa_ROS2/install/tm_msgs/share/tm_msgs/srv/SetPositions_Response.msg
[48.314s] -- Installing: /home/gy/Omron_MoMa_ROS2/install/tm_msgs/share/tm_msgs/srv/AskSta.srv
[48.314s] -- Installing: /home/gy/Omron_MoMa_ROS2/install/tm_msgs/share/tm_msgs/srv/AskSta_Request.msg
[48.315s] -- Installing: /home/gy/Omron_MoMa_ROS2/install/tm_msgs/share/tm_msgs/srv/AskSta_Response.msg
[48.315s] -- Installing: /home/gy/Omron_MoMa_ROS2/install/tm_msgs/share/ament_index/resource_index/package_run_dependencies/tm_msgs
[48.315s] -- Installing: /home/gy/Omron_MoMa_ROS2/install/tm_msgs/share/ament_index/resource_index/parent_prefix_path/tm_msgs
[48.316s] -- Installing: /home/gy/Omron_MoMa_ROS2/install/tm_msgs/share/tm_msgs/environment/ament_prefix_path.sh
[48.316s] -- Installing: /home/gy/Omron_MoMa_ROS2/install/tm_msgs/share/tm_msgs/environment/ament_prefix_path.dsv
[48.316s] -- Installing: /home/gy/Omron_MoMa_ROS2/install/tm_msgs/share/tm_msgs/environment/path.sh
[48.317s] -- Installing: /home/gy/Omron_MoMa_ROS2/install/tm_msgs/share/tm_msgs/environment/path.dsv
[48.317s] -- Installing: /home/gy/Omron_MoMa_ROS2/install/tm_msgs/share/tm_msgs/local_setup.bash
[48.317s] -- Installing: /home/gy/Omron_MoMa_ROS2/install/tm_msgs/share/tm_msgs/local_setup.sh
[48.318s] -- Installing: /home/gy/Omron_MoMa_ROS2/install/tm_msgs/share/tm_msgs/local_setup.zsh
[48.318s] -- Installing: /home/gy/Omron_MoMa_ROS2/install/tm_msgs/share/tm_msgs/local_setup.dsv
[48.318s] -- Installing: /home/gy/Omron_MoMa_ROS2/install/tm_msgs/share/tm_msgs/package.dsv
[48.319s] -- Installing: /home/gy/Omron_MoMa_ROS2/install/tm_msgs/share/ament_index/resource_index/packages/tm_msgs
[48.319s] -- Installing: /home/gy/Omron_MoMa_ROS2/install/tm_msgs/share/tm_msgs/cmake/tm_msgs__rosidl_generator_cExport.cmake
[48.319s] -- Installing: /home/gy/Omron_MoMa_ROS2/install/tm_msgs/share/tm_msgs/cmake/tm_msgs__rosidl_generator_cExport-noconfig.cmake
[48.320s] -- Installing: /home/gy/Omron_MoMa_ROS2/install/tm_msgs/share/tm_msgs/cmake/tm_msgs__rosidl_typesupport_introspection_cExport.cmake
[48.320s] -- Installing: /home/gy/Omron_MoMa_ROS2/install/tm_msgs/share/tm_msgs/cmake/tm_msgs__rosidl_typesupport_introspection_cExport-noconfig.cmake
[48.320s] -- Installing: /home/gy/Omron_MoMa_ROS2/install/tm_msgs/share/tm_msgs/cmake/tm_msgs__rosidl_typesupport_cExport.cmake
[48.321s] -- Installing: /home/gy/Omron_MoMa_ROS2/install/tm_msgs/share/tm_msgs/cmake/tm_msgs__rosidl_typesupport_cExport-noconfig.cmake
[48.321s] -- Installing: /home/gy/Omron_MoMa_ROS2/install/tm_msgs/share/tm_msgs/cmake/tm_msgs__rosidl_generator_cppExport.cmake
[48.322s] -- Installing: /home/gy/Omron_MoMa_ROS2/install/tm_msgs/share/tm_msgs/cmake/tm_msgs__rosidl_typesupport_introspection_cppExport.cmake
[48.322s] -- Installing: /home/gy/Omron_MoMa_ROS2/install/tm_msgs/share/tm_msgs/cmake/tm_msgs__rosidl_typesupport_introspection_cppExport-noconfig.cmake
[48.323s] -- Installing: /home/gy/Omron_MoMa_ROS2/install/tm_msgs/share/tm_msgs/cmake/tm_msgs__rosidl_typesupport_cppExport.cmake
[48.323s] -- Installing: /home/gy/Omron_MoMa_ROS2/install/tm_msgs/share/tm_msgs/cmake/tm_msgs__rosidl_typesupport_cppExport-noconfig.cmake
[48.323s] -- Installing: /home/gy/Omron_MoMa_ROS2/install/tm_msgs/share/tm_msgs/cmake/rosidl_cmake-extras.cmake
[48.334s] -- Installing: /home/gy/Omron_MoMa_ROS2/install/tm_msgs/share/tm_msgs/cmake/ament_cmake_export_dependencies-extras.cmake
[48.335s] -- Installing: /home/gy/Omron_MoMa_ROS2/install/tm_msgs/share/tm_msgs/cmake/ament_cmake_export_libraries-extras.cmake
[48.335s] -- Installing: /home/gy/Omron_MoMa_ROS2/install/tm_msgs/share/tm_msgs/cmake/ament_cmake_export_targets-extras.cmake
[48.335s] -- Installing: /home/gy/Omron_MoMa_ROS2/install/tm_msgs/share/tm_msgs/cmake/ament_cmake_export_include_directories-extras.cmake
[48.336s] -- Installing: /home/gy/Omron_MoMa_ROS2/install/tm_msgs/share/tm_msgs/cmake/rosidl_cmake_export_typesupport_libraries-extras.cmake
[48.336s] -- Installing: /home/gy/Omron_MoMa_ROS2/install/tm_msgs/share/tm_msgs/cmake/rosidl_cmake_export_typesupport_targets-extras.cmake
[48.336s] -- Installing: /home/gy/Omron_MoMa_ROS2/install/tm_msgs/share/tm_msgs/cmake/tm_msgsConfig.cmake
[48.337s] -- Installing: /home/gy/Omron_MoMa_ROS2/install/tm_msgs/share/tm_msgs/cmake/tm_msgsConfig-version.cmake
[48.337s] -- Installing: /home/gy/Omron_MoMa_ROS2/install/tm_msgs/share/tm_msgs/package.xml
[48.344s] Invoked command in '/home/gy/Omron_MoMa_ROS2/build/tm_msgs' returned '0': CMAKE_PREFIX_PATH=/opt/ros/foxy /usr/bin/cmake --install /home/gy/Omron_MoMa_ROS2/build/tm_msgs
