[0.028s] Invoking command in '/home/gy/Omron_MoMa_ROS2/build/tmr_moveit_cpp_demo': CMAKE_PREFIX_PATH=/opt/ros/foxy /usr/bin/cmake /home/gy/Omron_MoMa_ROS2/src/Omron_TM_ROS2/src/tmr_moveit_cpp_demo -DCMAKE_INSTALL_PREFIX=/home/gy/Omron_MoMa_ROS2/install/tmr_moveit_cpp_demo
[0.202s] -- The C compiler identification is GNU 9.3.0
[0.398s] -- The CXX compiler identification is GNU 9.3.0
[0.406s] -- Check for working C compiler: /usr/bin/cc
[0.600s] -- Check for working C compiler: /usr/bin/cc -- works
[0.600s] -- Detecting C compiler ABI info
[0.822s] -- Detecting C compiler ABI info - done
[0.843s] -- Detecting C compile features
[0.843s] -- Detecting C compile features - done
[0.850s] -- Check for working CXX compiler: /usr/bin/c++
[1.085s] -- Check for working CXX compiler: /usr/bin/c++ -- works
[1.085s] -- Detecting CXX compiler ABI info
[1.329s] -- Detecting CXX compiler ABI info - done
[1.347s] -- Detecting CXX compile features
[1.358s] -- Detecting CXX compile features - done
[1.358s] -- Found ament_cmake: 0.9.8 (/opt/ros/foxy/share/ament_cmake/cmake)
[1.396s] -- Found PythonInterp: /usr/bin/python3 (found suitable version "3.8.5", minimum required is "3") 
[1.396s] -- Using PYTHON_EXECUTABLE: /usr/bin/python3
[1.825s] -- Found rosidl_default_runtime: 1.0.1 (/opt/ros/foxy/share/rosidl_default_runtime/cmake)
[1.871s] -- Using all available rosidl_typesupport_c: rosidl_typesupport_fastrtps_c;rosidl_typesupport_introspection_c
[1.881s] -- Found rosidl_adapter: 1.2.1 (/opt/ros/foxy/share/rosidl_adapter/cmake)
[2.034s] -- Found OpenSSL: /usr/lib/x86_64-linux-gnu/libcrypto.so (found version "1.1.1f")  
[2.088s] -- Found FastRTPS: /opt/ros/foxy/include  
[2.197s] -- Using all available rosidl_typesupport_cpp: rosidl_typesupport_fastrtps_cpp;rosidl_typesupport_introspection_cpp
[2.225s] -- Found Boost: /usr/lib/x86_64-linux-gnu/cmake/Boost-1.71.0/BoostConfig.cmake (found version "1.71.0") found components: system 
[2.344s] -- Configuring done
[2.346s] -- Generating done
[2.348s] -- Build files have been written to: /home/gy/Omron_MoMa_ROS2/build/tmr_moveit_cpp_demo
[2.360s] Invoked command in '/home/gy/Omron_MoMa_ROS2/build/tmr_moveit_cpp_demo' returned '0': CMAKE_PREFIX_PATH=/opt/ros/foxy /usr/bin/cmake /home/gy/Omron_MoMa_ROS2/src/Omron_TM_ROS2/src/tmr_moveit_cpp_demo -DCMAKE_INSTALL_PREFIX=/home/gy/Omron_MoMa_ROS2/install/tmr_moveit_cpp_demo
[2.361s] Invoking command in '/home/gy/Omron_MoMa_ROS2/build/tmr_moveit_cpp_demo': CMAKE_PREFIX_PATH=/opt/ros/foxy /usr/bin/cmake --build /home/gy/Omron_MoMa_ROS2/build/tmr_moveit_cpp_demo -- -j4 -l4
[2.469s] Invoked command in '/home/gy/Omron_MoMa_ROS2/build/tmr_moveit_cpp_demo' returned '0': CMAKE_PREFIX_PATH=/opt/ros/foxy /usr/bin/cmake --build /home/gy/Omron_MoMa_ROS2/build/tmr_moveit_cpp_demo -- -j4 -l4
[2.665s] Invoking command in '/home/gy/Omron_MoMa_ROS2/build/tmr_moveit_cpp_demo': CMAKE_PREFIX_PATH=/opt/ros/foxy /usr/bin/cmake --install /home/gy/Omron_MoMa_ROS2/build/tmr_moveit_cpp_demo
[2.687s] -- Install configuration: ""
[2.688s] -- Installing: /home/gy/Omron_MoMa_ROS2/install/tmr_moveit_cpp_demo/share/tmr_moveit_cpp_demo/launch
[2.688s] -- Installing: /home/gy/Omron_MoMa_ROS2/install/tmr_moveit_cpp_demo/share/tmr_moveit_cpp_demo/launch/run_moveit_cpp.rviz
[2.688s] -- Installing: /home/gy/Omron_MoMa_ROS2/install/tmr_moveit_cpp_demo/share/tmr_moveit_cpp_demo/launch/run_moveit_cpp.launch.py
[2.688s] -- Installing: /home/gy/Omron_MoMa_ROS2/install/tmr_moveit_cpp_demo/share/tmr_moveit_cpp_demo/config
[2.688s] -- Installing: /home/gy/Omron_MoMa_ROS2/install/tmr_moveit_cpp_demo/share/tmr_moveit_cpp_demo/config/moveit_cpp.yaml
[2.688s] -- Installing: /home/gy/Omron_MoMa_ROS2/install/tmr_moveit_cpp_demo/share/tmr_moveit_cpp_demo/config/controllers.yaml
[2.688s] -- Installing: /home/gy/Omron_MoMa_ROS2/install/tmr_moveit_cpp_demo/share/ament_index/resource_index/package_run_dependencies/tmr_moveit_cpp_demo
[2.688s] -- Installing: /home/gy/Omron_MoMa_ROS2/install/tmr_moveit_cpp_demo/share/ament_index/resource_index/parent_prefix_path/tmr_moveit_cpp_demo
[2.688s] -- Installing: /home/gy/Omron_MoMa_ROS2/install/tmr_moveit_cpp_demo/share/tmr_moveit_cpp_demo/environment/ament_prefix_path.sh
[2.688s] -- Installing: /home/gy/Omron_MoMa_ROS2/install/tmr_moveit_cpp_demo/share/tmr_moveit_cpp_demo/environment/ament_prefix_path.dsv
[2.688s] -- Installing: /home/gy/Omron_MoMa_ROS2/install/tmr_moveit_cpp_demo/share/tmr_moveit_cpp_demo/environment/path.sh
[2.688s] -- Installing: /home/gy/Omron_MoMa_ROS2/install/tmr_moveit_cpp_demo/share/tmr_moveit_cpp_demo/environment/path.dsv
[2.688s] -- Installing: /home/gy/Omron_MoMa_ROS2/install/tmr_moveit_cpp_demo/share/tmr_moveit_cpp_demo/local_setup.bash
[2.689s] -- Installing: /home/gy/Omron_MoMa_ROS2/install/tmr_moveit_cpp_demo/share/tmr_moveit_cpp_demo/local_setup.sh
[2.689s] -- Installing: /home/gy/Omron_MoMa_ROS2/install/tmr_moveit_cpp_demo/share/tmr_moveit_cpp_demo/local_setup.zsh
[2.689s] -- Installing: /home/gy/Omron_MoMa_ROS2/install/tmr_moveit_cpp_demo/share/tmr_moveit_cpp_demo/local_setup.dsv
[2.689s] -- Installing: /home/gy/Omron_MoMa_ROS2/install/tmr_moveit_cpp_demo/share/tmr_moveit_cpp_demo/package.dsv
[2.689s] -- Installing: /home/gy/Omron_MoMa_ROS2/install/tmr_moveit_cpp_demo/share/ament_index/resource_index/packages/tmr_moveit_cpp_demo
[2.689s] -- Installing: /home/gy/Omron_MoMa_ROS2/install/tmr_moveit_cpp_demo/share/tmr_moveit_cpp_demo/cmake/tmr_moveit_cpp_demoConfig.cmake
[2.693s] -- Installing: /home/gy/Omron_MoMa_ROS2/install/tmr_moveit_cpp_demo/share/tmr_moveit_cpp_demo/cmake/tmr_moveit_cpp_demoConfig-version.cmake
[2.694s] -- Installing: /home/gy/Omron_MoMa_ROS2/install/tmr_moveit_cpp_demo/share/tmr_moveit_cpp_demo/package.xml
[2.706s] Invoked command in '/home/gy/Omron_MoMa_ROS2/build/tmr_moveit_cpp_demo' returned '0': CMAKE_PREFIX_PATH=/opt/ros/foxy /usr/bin/cmake --install /home/gy/Omron_MoMa_ROS2/build/tmr_moveit_cpp_demo
