[0.037s] Invoking command in '/home/gy/Omron_MoMa_ROS2/build/om_aiv_msg': CMAKE_PREFIX_PATH=/opt/ros/foxy /usr/bin/cmake /home/gy/Omron_MoMa_ROS2/src/Omron_AMR_ROS2/src/om_aiv_msg -DCMAKE_INSTALL_PREFIX=/home/gy/Omron_MoMa_ROS2/install/om_aiv_msg
[0.137s] -- The C compiler identification is GNU 9.3.0
[0.237s] -- The CXX compiler identification is GNU 9.3.0
[0.243s] -- Check for working C compiler: /usr/bin/cc
[0.374s] -- Check for working C compiler: /usr/bin/cc -- works
[0.375s] -- Detecting C compiler ABI info
[0.474s] -- Detecting C compiler ABI info - done
[0.488s] -- Detecting C compile features
[0.489s] -- Detecting C compile features - done
[0.492s] -- Check for working CXX compiler: /usr/bin/c++
[0.633s] -- Check for working CXX compiler: /usr/bin/c++ -- works
[0.635s] -- Detecting CXX compiler ABI info
[0.771s] -- Detecting CXX compiler ABI info - done
[0.786s] -- Detecting CXX compile features
[0.787s] -- Detecting CXX compile features - done
[0.789s] -- Found ament_cmake: 0.9.8 (/opt/ros/foxy/share/ament_cmake/cmake)
[0.826s] -- Found PythonInterp: /usr/bin/python3 (found suitable version "3.8.5", minimum required is "3") 
[0.826s] -- Using PYTHON_EXECUTABLE: /usr/bin/python3
[1.077s] -- Found action_msgs: 1.0.0 (/opt/ros/foxy/share/action_msgs/cmake)
[1.104s] -- Using all available rosidl_typesupport_c: rosidl_typesupport_fastrtps_c;rosidl_typesupport_introspection_c
[1.112s] -- Found rosidl_adapter: 1.2.1 (/opt/ros/foxy/share/rosidl_adapter/cmake)
[1.243s] -- Found OpenSSL: /usr/lib/x86_64-linux-gnu/libcrypto.so (found version "1.1.1f")  
[1.265s] -- Found FastRTPS: /opt/ros/foxy/include  
[1.387s] -- Using all available rosidl_typesupport_cpp: rosidl_typesupport_fastrtps_cpp;rosidl_typesupport_introspection_cpp
[1.470s] -- Found rosidl_default_generators: 1.0.1 (/opt/ros/foxy/share/rosidl_default_generators/cmake)
[1.515s] -- Found PythonInterp: /usr/bin/python3 (found version "3.8.5") 
[1.878s] -- Found ament_cmake_ros: 0.9.1 (/opt/ros/foxy/share/ament_cmake_ros/cmake)
[2.093s] -- Using all available rosidl_typesupport_c: rosidl_typesupport_fastrtps_c;rosidl_typesupport_introspection_c
[2.130s] -- Using all available rosidl_typesupport_cpp: rosidl_typesupport_fastrtps_cpp;rosidl_typesupport_introspection_cpp
[2.206s] -- Found PythonInterp: /usr/bin/python3 (found suitable version "3.8.5", minimum required is "3.5") 
[2.207s] -- Found python_cmake_module: 0.8.1 (/opt/ros/foxy/share/python_cmake_module/cmake)
[2.293s] -- Found PythonLibs: /usr/lib/x86_64-linux-gnu/libpython3.8.so (found suitable version "3.8.5", minimum required is "3.5") 
[2.293s] -- Using PYTHON_EXECUTABLE: /usr/bin/python3
[2.293s] -- Using PYTHON_INCLUDE_DIRS: /usr/include/python3.8
[2.293s] -- Using PYTHON_LIBRARIES: /usr/lib/x86_64-linux-gnu/libpython3.8.so
[2.344s] -- Found PythonExtra: .so  
[2.461s] -- Found ament_lint_auto: 0.9.6 (/opt/ros/foxy/share/ament_lint_auto/cmake)
[2.489s] -- Added test 'copyright' to check source files copyright and LICENSE
[2.494s] -- Added test 'lint_cmake' to check CMake code style
[2.496s] -- Added test 'xmllint' to check XML markup files
[2.501s] -- Configuring done
[2.589s] -- Generating done
[2.595s] -- Build files have been written to: /home/gy/Omron_MoMa_ROS2/build/om_aiv_msg
[2.613s] Invoked command in '/home/gy/Omron_MoMa_ROS2/build/om_aiv_msg' returned '0': CMAKE_PREFIX_PATH=/opt/ros/foxy /usr/bin/cmake /home/gy/Omron_MoMa_ROS2/src/Omron_AMR_ROS2/src/om_aiv_msg -DCMAKE_INSTALL_PREFIX=/home/gy/Omron_MoMa_ROS2/install/om_aiv_msg
[2.614s] Invoking command in '/home/gy/Omron_MoMa_ROS2/build/om_aiv_msg': CMAKE_PREFIX_PATH=/opt/ros/foxy /usr/bin/cmake --build /home/gy/Omron_MoMa_ROS2/build/om_aiv_msg -- -j4 -l4
[2.762s] [35m[1mScanning dependencies of target om_aiv_msg__cpp[0m
[2.770s] [  1%] [34m[1mGenerating C code for ROS interfaces[0m
[2.779s] [  3%] [34m[1mGenerating C++ code for ROS interfaces[0m
[5.128s] [35m[1mScanning dependencies of target om_aiv_msg__rosidl_generator_c[0m
[5.203s] [  4%] [32mBuilding C object CMakeFiles/om_aiv_msg__rosidl_generator_c.dir/rosidl_generator_c/om_aiv_msg/msg/detail/location__functions.c.o[0m
[5.222s] [  4%] Built target om_aiv_msg__cpp
[5.223s] [  6%] [32mBuilding C object CMakeFiles/om_aiv_msg__rosidl_generator_c.dir/rosidl_generator_c/om_aiv_msg/srv/detail/arcl_api__functions.c.o[0m
[5.239s] [  7%] [32mBuilding C object CMakeFiles/om_aiv_msg__rosidl_generator_c.dir/rosidl_generator_c/om_aiv_msg/msg/detail/status__functions.c.o[0m
[5.261s] [  9%] [32mBuilding C object CMakeFiles/om_aiv_msg__rosidl_generator_c.dir/rosidl_generator_c/om_aiv_msg/srv/detail/arcl_listen__functions.c.o[0m
[5.399s] [ 11%] [34m[1mGenerating C++ introspection for ROS interfaces[0m
[5.406s] [ 12%] [34m[1mGenerating C++ type support for eProsima Fast-RTPS[0m
[5.411s] [ 14%] [32mBuilding C object CMakeFiles/om_aiv_msg__rosidl_generator_c.dir/rosidl_generator_c/om_aiv_msg/action/detail/action__functions.c.o[0m
[5.442s] [ 15%] [34m[1mGenerating C++ type support dispatch for ROS interfaces[0m
[5.839s] [ 17%] [32m[1mLinking C shared library libom_aiv_msg__rosidl_generator_c.so[0m
[6.103s] [ 17%] Built target om_aiv_msg__rosidl_generator_c
[6.185s] [ 19%] [34m[1mGenerating C type support dispatch for ROS interfaces[0m
[7.116s] [35m[1mScanning dependencies of target om_aiv_msg__rosidl_typesupport_cpp[0m
[7.219s] [ 20%] [32mBuilding CXX object CMakeFiles/om_aiv_msg__rosidl_typesupport_cpp.dir/rosidl_typesupport_cpp/om_aiv_msg/msg/location__type_support.cpp.o[0m
[7.406s] [35m[1mScanning dependencies of target om_aiv_msg__rosidl_typesupport_fastrtps_cpp[0m
[7.497s] [ 22%] [32mBuilding CXX object CMakeFiles/om_aiv_msg__rosidl_typesupport_fastrtps_cpp.dir/rosidl_typesupport_fastrtps_cpp/om_aiv_msg/msg/detail/dds_fastrtps/location__type_support.cpp.o[0m
[7.662s] [35m[1mScanning dependencies of target om_aiv_msg__rosidl_typesupport_introspection_cpp[0m
[7.686s] [35m[1mScanning dependencies of target om_aiv_msg__rosidl_typesupport_c[0m
[7.726s] [ 23%] [32mBuilding CXX object CMakeFiles/om_aiv_msg__rosidl_typesupport_introspection_cpp.dir/rosidl_typesupport_introspection_cpp/om_aiv_msg/msg/detail/location__type_support.cpp.o[0m
[7.789s] [ 25%] [32mBuilding CXX object CMakeFiles/om_aiv_msg__rosidl_typesupport_c.dir/rosidl_typesupport_c/om_aiv_msg/msg/location__type_support.cpp.o[0m
[7.955s] [ 26%] [32mBuilding CXX object CMakeFiles/om_aiv_msg__rosidl_typesupport_c.dir/rosidl_typesupport_c/om_aiv_msg/msg/status__type_support.cpp.o[0m
[8.205s] [ 28%] [32mBuilding CXX object CMakeFiles/om_aiv_msg__rosidl_typesupport_c.dir/rosidl_typesupport_c/om_aiv_msg/srv/arcl_api__type_support.cpp.o[0m
[8.248s] [ 30%] [32mBuilding CXX object CMakeFiles/om_aiv_msg__rosidl_typesupport_cpp.dir/rosidl_typesupport_cpp/om_aiv_msg/msg/status__type_support.cpp.o[0m
[8.426s] [ 31%] [32mBuilding CXX object CMakeFiles/om_aiv_msg__rosidl_typesupport_c.dir/rosidl_typesupport_c/om_aiv_msg/srv/arcl_listen__type_support.cpp.o[0m
[8.511s] [ 33%] [32mBuilding CXX object CMakeFiles/om_aiv_msg__rosidl_typesupport_introspection_cpp.dir/rosidl_typesupport_introspection_cpp/om_aiv_msg/msg/detail/status__type_support.cpp.o[0m
[8.542s] [ 34%] [32mBuilding CXX object CMakeFiles/om_aiv_msg__rosidl_typesupport_c.dir/rosidl_typesupport_c/om_aiv_msg/action/action__type_support.cpp.o[0m
[8.822s] [ 36%] [32m[1mLinking CXX shared library libom_aiv_msg__rosidl_typesupport_c.so[0m
[9.151s] [ 36%] Built target om_aiv_msg__rosidl_typesupport_c
[9.194s] [ 38%] [32mBuilding CXX object CMakeFiles/om_aiv_msg__rosidl_typesupport_fastrtps_cpp.dir/rosidl_typesupport_fastrtps_cpp/om_aiv_msg/msg/detail/dds_fastrtps/status__type_support.cpp.o[0m
[9.246s] [ 39%] [32mBuilding CXX object CMakeFiles/om_aiv_msg__rosidl_typesupport_cpp.dir/rosidl_typesupport_cpp/om_aiv_msg/srv/arcl_api__type_support.cpp.o[0m
[9.326s] [ 41%] [32mBuilding CXX object CMakeFiles/om_aiv_msg__rosidl_typesupport_fastrtps_cpp.dir/rosidl_typesupport_fastrtps_cpp/om_aiv_msg/srv/detail/dds_fastrtps/arcl_api__type_support.cpp.o[0m
[10.070s] [ 42%] [32mBuilding CXX object CMakeFiles/om_aiv_msg__rosidl_typesupport_introspection_cpp.dir/rosidl_typesupport_introspection_cpp/om_aiv_msg/srv/detail/arcl_api__type_support.cpp.o[0m
[10.400s] [ 44%] [32mBuilding CXX object CMakeFiles/om_aiv_msg__rosidl_typesupport_cpp.dir/rosidl_typesupport_cpp/om_aiv_msg/srv/arcl_listen__type_support.cpp.o[0m
[11.150s] [ 46%] [32mBuilding CXX object CMakeFiles/om_aiv_msg__rosidl_typesupport_introspection_cpp.dir/rosidl_typesupport_introspection_cpp/om_aiv_msg/srv/detail/arcl_listen__type_support.cpp.o[0m
[11.290s] [ 47%] [32mBuilding CXX object CMakeFiles/om_aiv_msg__rosidl_typesupport_introspection_cpp.dir/rosidl_typesupport_introspection_cpp/om_aiv_msg/action/detail/action__type_support.cpp.o[0m
[11.395s] [ 49%] [32mBuilding CXX object CMakeFiles/om_aiv_msg__rosidl_typesupport_fastrtps_cpp.dir/rosidl_typesupport_fastrtps_cpp/om_aiv_msg/srv/detail/dds_fastrtps/arcl_listen__type_support.cpp.o[0m
[11.819s] [ 50%] [32mBuilding CXX object CMakeFiles/om_aiv_msg__rosidl_typesupport_cpp.dir/rosidl_typesupport_cpp/om_aiv_msg/action/action__type_support.cpp.o[0m
[12.613s] [ 52%] [32mBuilding CXX object CMakeFiles/om_aiv_msg__rosidl_typesupport_fastrtps_cpp.dir/rosidl_typesupport_fastrtps_cpp/om_aiv_msg/action/detail/dds_fastrtps/action__type_support.cpp.o[0m
[13.122s] [ 53%] [32m[1mLinking CXX shared library libom_aiv_msg__rosidl_typesupport_introspection_cpp.so[0m
[13.139s] [ 55%] [32m[1mLinking CXX shared library libom_aiv_msg__rosidl_typesupport_cpp.so[0m
[13.215s] [ 57%] [34m[1mGenerating C introspection for ROS interfaces[0m
[13.319s] [ 57%] Built target om_aiv_msg__rosidl_typesupport_cpp
[13.537s] [ 57%] Built target om_aiv_msg__rosidl_typesupport_introspection_cpp
[14.152s] [ 58%] [32m[1mLinking CXX shared library libom_aiv_msg__rosidl_typesupport_fastrtps_cpp.so[0m
[14.372s] [ 58%] Built target om_aiv_msg__rosidl_typesupport_fastrtps_cpp
[14.695s] [35m[1mScanning dependencies of target om_aiv_msg__rosidl_typesupport_introspection_c[0m
[14.730s] [ 60%] [32mBuilding C object CMakeFiles/om_aiv_msg__rosidl_typesupport_introspection_c.dir/rosidl_typesupport_introspection_c/om_aiv_msg/msg/detail/location__type_support.c.o[0m
[14.823s] [ 61%] [32mBuilding C object CMakeFiles/om_aiv_msg__rosidl_typesupport_introspection_c.dir/rosidl_typesupport_introspection_c/om_aiv_msg/srv/detail/arcl_api__type_support.c.o[0m
[14.942s] [ 63%] [32mBuilding C object CMakeFiles/om_aiv_msg__rosidl_typesupport_introspection_c.dir/rosidl_typesupport_introspection_c/om_aiv_msg/srv/detail/arcl_listen__type_support.c.o[0m
[15.096s] [ 65%] [32mBuilding C object CMakeFiles/om_aiv_msg__rosidl_typesupport_introspection_c.dir/rosidl_typesupport_introspection_c/om_aiv_msg/action/detail/action__type_support.c.o[0m
[15.248s] [ 66%] [32mBuilding C object CMakeFiles/om_aiv_msg__rosidl_typesupport_introspection_c.dir/rosidl_typesupport_introspection_c/om_aiv_msg/msg/detail/status__type_support.c.o[0m
[15.372s] [ 68%] [32m[1mLinking C shared library libom_aiv_msg__rosidl_typesupport_introspection_c.so[0m
[15.502s] [ 68%] Built target om_aiv_msg__rosidl_typesupport_introspection_c
[15.542s] [ 69%] [34m[1mGenerating C type support for eProsima Fast-RTPS[0m
[16.858s] [35m[1mScanning dependencies of target om_aiv_msg__rosidl_typesupport_fastrtps_c[0m
[16.946s] [ 71%] [32mBuilding CXX object CMakeFiles/om_aiv_msg__rosidl_typesupport_fastrtps_c.dir/rosidl_typesupport_fastrtps_c/om_aiv_msg/msg/detail/location__type_support_c.cpp.o[0m
[17.743s] [ 73%] [32mBuilding CXX object CMakeFiles/om_aiv_msg__rosidl_typesupport_fastrtps_c.dir/rosidl_typesupport_fastrtps_c/om_aiv_msg/srv/detail/arcl_listen__type_support_c.cpp.o[0m
[18.578s] [ 74%] [32mBuilding CXX object CMakeFiles/om_aiv_msg__rosidl_typesupport_fastrtps_c.dir/rosidl_typesupport_fastrtps_c/om_aiv_msg/action/detail/action__type_support_c.cpp.o[0m
[19.354s] [ 76%] [32mBuilding CXX object CMakeFiles/om_aiv_msg__rosidl_typesupport_fastrtps_c.dir/rosidl_typesupport_fastrtps_c/om_aiv_msg/srv/detail/arcl_api__type_support_c.cpp.o[0m
[20.335s] [ 77%] [32mBuilding CXX object CMakeFiles/om_aiv_msg__rosidl_typesupport_fastrtps_c.dir/rosidl_typesupport_fastrtps_c/om_aiv_msg/msg/detail/status__type_support_c.cpp.o[0m
[21.018s] [ 79%] [32m[1mLinking CXX shared library libom_aiv_msg__rosidl_typesupport_fastrtps_c.so[0m
[21.301s] [ 79%] Built target om_aiv_msg__rosidl_typesupport_fastrtps_c
[21.329s] [35m[1mScanning dependencies of target om_aiv_msg[0m
[21.368s] [ 79%] Built target om_aiv_msg
[21.402s] [35m[1mScanning dependencies of target om_aiv_msg__py[0m
[21.505s] [ 80%] [34m[1mGenerating Python code for ROS interfaces[0m
[24.035s] [ 80%] Built target om_aiv_msg__py
[24.051s] [35m[1mScanning dependencies of target om_aiv_msg__python[0m
[24.152s] [ 82%] [32mBuilding C object CMakeFiles/om_aiv_msg__python.dir/rosidl_generator_py/om_aiv_msg/msg/_location_s.c.o[0m
[24.329s] [ 84%] [32mBuilding C object CMakeFiles/om_aiv_msg__python.dir/rosidl_generator_py/om_aiv_msg/srv/_arcl_listen_s.c.o[0m
[24.563s] [ 85%] [32mBuilding C object CMakeFiles/om_aiv_msg__python.dir/rosidl_generator_py/om_aiv_msg/action/_action_s.c.o[0m
[24.918s] [ 87%] [32mBuilding C object CMakeFiles/om_aiv_msg__python.dir/rosidl_generator_py/om_aiv_msg/srv/_arcl_api_s.c.o[0m
[25.117s] [ 88%] [32mBuilding C object CMakeFiles/om_aiv_msg__python.dir/rosidl_generator_py/om_aiv_msg/msg/_status_s.c.o[0m
[25.288s] [ 90%] [32m[1mLinking C shared library rosidl_generator_py/om_aiv_msg/libom_aiv_msg__python.so[0m
[25.375s] [ 90%] Built target om_aiv_msg__python
[25.402s] [35m[1mScanning dependencies of target om_aiv_msg__rosidl_typesupport_c__pyext[0m
[25.443s] [ 92%] [32mBuilding C object CMakeFiles/om_aiv_msg__rosidl_typesupport_c__pyext.dir/rosidl_generator_py/om_aiv_msg/_om_aiv_msg_s.ep.rosidl_typesupport_c.c.o[0m
[25.592s] [ 93%] [32m[1mLinking C shared library rosidl_generator_py/om_aiv_msg/om_aiv_msg_s__rosidl_typesupport_c.cpython-38-x86_64-linux-gnu.so[0m
[25.659s] [ 93%] Built target om_aiv_msg__rosidl_typesupport_c__pyext
[25.675s] [35m[1mScanning dependencies of target om_aiv_msg__rosidl_typesupport_fastrtps_c__pyext[0m
[25.722s] [ 95%] [32mBuilding C object CMakeFiles/om_aiv_msg__rosidl_typesupport_fastrtps_c__pyext.dir/rosidl_generator_py/om_aiv_msg/_om_aiv_msg_s.ep.rosidl_typesupport_fastrtps_c.c.o[0m
[25.912s] [ 96%] [32m[1mLinking CXX shared library rosidl_generator_py/om_aiv_msg/om_aiv_msg_s__rosidl_typesupport_fastrtps_c.cpython-38-x86_64-linux-gnu.so[0m
[26.030s] [ 96%] Built target om_aiv_msg__rosidl_typesupport_fastrtps_c__pyext
[26.045s] [35m[1mScanning dependencies of target om_aiv_msg__rosidl_typesupport_introspection_c__pyext[0m
[26.078s] [ 98%] [32mBuilding C object CMakeFiles/om_aiv_msg__rosidl_typesupport_introspection_c__pyext.dir/rosidl_generator_py/om_aiv_msg/_om_aiv_msg_s.ep.rosidl_typesupport_introspection_c.c.o[0m
[26.237s] [100%] [32m[1mLinking C shared library rosidl_generator_py/om_aiv_msg/om_aiv_msg_s__rosidl_typesupport_introspection_c.cpython-38-x86_64-linux-gnu.so[0m
[26.297s] [100%] Built target om_aiv_msg__rosidl_typesupport_introspection_c__pyext
[26.324s] Invoked command in '/home/gy/Omron_MoMa_ROS2/build/om_aiv_msg' returned '0': CMAKE_PREFIX_PATH=/opt/ros/foxy /usr/bin/cmake --build /home/gy/Omron_MoMa_ROS2/build/om_aiv_msg -- -j4 -l4
[26.506s] Invoking command in '/home/gy/Omron_MoMa_ROS2/build/om_aiv_msg': CMAKE_PREFIX_PATH=/opt/ros/foxy /usr/bin/cmake --install /home/gy/Omron_MoMa_ROS2/build/om_aiv_msg
[26.522s] -- Install configuration: ""
[26.522s] -- Installing: /home/gy/Omron_MoMa_ROS2/install/om_aiv_msg/share/ament_index/resource_index/rosidl_interfaces/om_aiv_msg
[26.523s] -- Installing: /home/gy/Omron_MoMa_ROS2/install/om_aiv_msg/include/om_aiv_msg
[26.523s] -- Installing: /home/gy/Omron_MoMa_ROS2/install/om_aiv_msg/include/om_aiv_msg/srv
[26.523s] -- Installing: /home/gy/Omron_MoMa_ROS2/install/om_aiv_msg/include/om_aiv_msg/srv/detail
[26.523s] -- Installing: /home/gy/Omron_MoMa_ROS2/install/om_aiv_msg/include/om_aiv_msg/srv/detail/arcl_listen__struct.h
[26.523s] -- Installing: /home/gy/Omron_MoMa_ROS2/install/om_aiv_msg/include/om_aiv_msg/srv/detail/arcl_api__functions.h
[26.524s] -- Installing: /home/gy/Omron_MoMa_ROS2/install/om_aiv_msg/include/om_aiv_msg/srv/detail/arcl_listen__functions.h
[26.524s] -- Installing: /home/gy/Omron_MoMa_ROS2/install/om_aiv_msg/include/om_aiv_msg/srv/detail/arcl_api__type_support.h
[26.524s] -- Installing: /home/gy/Omron_MoMa_ROS2/install/om_aiv_msg/include/om_aiv_msg/srv/detail/arcl_api__struct.h
[26.525s] -- Installing: /home/gy/Omron_MoMa_ROS2/install/om_aiv_msg/include/om_aiv_msg/srv/detail/arcl_listen__functions.c
[26.525s] -- Installing: /home/gy/Omron_MoMa_ROS2/install/om_aiv_msg/include/om_aiv_msg/srv/detail/arcl_listen__type_support.h
[26.526s] -- Installing: /home/gy/Omron_MoMa_ROS2/install/om_aiv_msg/include/om_aiv_msg/srv/detail/arcl_api__functions.c
[26.526s] -- Installing: /home/gy/Omron_MoMa_ROS2/install/om_aiv_msg/include/om_aiv_msg/srv/arcl_api.h
[26.526s] -- Installing: /home/gy/Omron_MoMa_ROS2/install/om_aiv_msg/include/om_aiv_msg/srv/arcl_listen.h
[26.526s] -- Installing: /home/gy/Omron_MoMa_ROS2/install/om_aiv_msg/include/om_aiv_msg/action
[26.526s] -- Installing: /home/gy/Omron_MoMa_ROS2/install/om_aiv_msg/include/om_aiv_msg/action/detail
[26.527s] -- Installing: /home/gy/Omron_MoMa_ROS2/install/om_aiv_msg/include/om_aiv_msg/action/detail/action__type_support.h
[26.527s] -- Installing: /home/gy/Omron_MoMa_ROS2/install/om_aiv_msg/include/om_aiv_msg/action/detail/action__struct.h
[26.527s] -- Installing: /home/gy/Omron_MoMa_ROS2/install/om_aiv_msg/include/om_aiv_msg/action/detail/action__functions.c
[26.528s] -- Installing: /home/gy/Omron_MoMa_ROS2/install/om_aiv_msg/include/om_aiv_msg/action/detail/action__functions.h
[26.528s] -- Installing: /home/gy/Omron_MoMa_ROS2/install/om_aiv_msg/include/om_aiv_msg/action/action.h
[26.528s] -- Installing: /home/gy/Omron_MoMa_ROS2/install/om_aiv_msg/include/om_aiv_msg/msg
[26.529s] -- Installing: /home/gy/Omron_MoMa_ROS2/install/om_aiv_msg/include/om_aiv_msg/msg/status.h
[26.529s] -- Installing: /home/gy/Omron_MoMa_ROS2/install/om_aiv_msg/include/om_aiv_msg/msg/rosidl_generator_c__visibility_control.h
[26.529s] -- Installing: /home/gy/Omron_MoMa_ROS2/install/om_aiv_msg/include/om_aiv_msg/msg/location.h
[26.529s] -- Installing: /home/gy/Omron_MoMa_ROS2/install/om_aiv_msg/include/om_aiv_msg/msg/detail
[26.529s] -- Installing: /home/gy/Omron_MoMa_ROS2/install/om_aiv_msg/include/om_aiv_msg/msg/detail/location__functions.h
[26.530s] -- Installing: /home/gy/Omron_MoMa_ROS2/install/om_aiv_msg/include/om_aiv_msg/msg/detail/location__type_support.h
[26.530s] -- Installing: /home/gy/Omron_MoMa_ROS2/install/om_aiv_msg/include/om_aiv_msg/msg/detail/status__type_support.h
[26.530s] -- Installing: /home/gy/Omron_MoMa_ROS2/install/om_aiv_msg/include/om_aiv_msg/msg/detail/status__functions.c
[26.530s] -- Installing: /home/gy/Omron_MoMa_ROS2/install/om_aiv_msg/include/om_aiv_msg/msg/detail/status__functions.h
[26.531s] -- Installing: /home/gy/Omron_MoMa_ROS2/install/om_aiv_msg/include/om_aiv_msg/msg/detail/location__functions.c
[26.531s] -- Installing: /home/gy/Omron_MoMa_ROS2/install/om_aiv_msg/include/om_aiv_msg/msg/detail/status__struct.h
[26.531s] -- Installing: /home/gy/Omron_MoMa_ROS2/install/om_aiv_msg/include/om_aiv_msg/msg/detail/location__struct.h
[26.532s] -- Installing: /home/gy/Omron_MoMa_ROS2/install/om_aiv_msg/share/om_aiv_msg/environment/library_path.sh
[26.532s] -- Installing: /home/gy/Omron_MoMa_ROS2/install/om_aiv_msg/share/om_aiv_msg/environment/library_path.dsv
[26.532s] -- Installing: /home/gy/Omron_MoMa_ROS2/install/om_aiv_msg/lib/libom_aiv_msg__rosidl_generator_c.so
[26.533s] -- Set runtime path of "/home/gy/Omron_MoMa_ROS2/install/om_aiv_msg/lib/libom_aiv_msg__rosidl_generator_c.so" to ""
[26.533s] -- Up-to-date: /home/gy/Omron_MoMa_ROS2/install/om_aiv_msg/include/om_aiv_msg
[26.533s] -- Up-to-date: /home/gy/Omron_MoMa_ROS2/install/om_aiv_msg/include/om_aiv_msg/srv
[26.534s] -- Up-to-date: /home/gy/Omron_MoMa_ROS2/install/om_aiv_msg/include/om_aiv_msg/srv/detail
[26.534s] -- Installing: /home/gy/Omron_MoMa_ROS2/install/om_aiv_msg/include/om_aiv_msg/srv/detail/arcl_api__rosidl_typesupport_fastrtps_c.h
[26.534s] -- Installing: /home/gy/Omron_MoMa_ROS2/install/om_aiv_msg/include/om_aiv_msg/srv/detail/arcl_listen__rosidl_typesupport_fastrtps_c.h
[26.534s] -- Up-to-date: /home/gy/Omron_MoMa_ROS2/install/om_aiv_msg/include/om_aiv_msg/action
[26.535s] -- Up-to-date: /home/gy/Omron_MoMa_ROS2/install/om_aiv_msg/include/om_aiv_msg/action/detail
[26.535s] -- Installing: /home/gy/Omron_MoMa_ROS2/install/om_aiv_msg/include/om_aiv_msg/action/detail/action__rosidl_typesupport_fastrtps_c.h
[26.535s] -- Up-to-date: /home/gy/Omron_MoMa_ROS2/install/om_aiv_msg/include/om_aiv_msg/msg
[26.535s] -- Installing: /home/gy/Omron_MoMa_ROS2/install/om_aiv_msg/include/om_aiv_msg/msg/rosidl_typesupport_fastrtps_c__visibility_control.h
[26.536s] -- Up-to-date: /home/gy/Omron_MoMa_ROS2/install/om_aiv_msg/include/om_aiv_msg/msg/detail
[26.536s] -- Installing: /home/gy/Omron_MoMa_ROS2/install/om_aiv_msg/include/om_aiv_msg/msg/detail/location__rosidl_typesupport_fastrtps_c.h
[26.536s] -- Installing: /home/gy/Omron_MoMa_ROS2/install/om_aiv_msg/include/om_aiv_msg/msg/detail/status__rosidl_typesupport_fastrtps_c.h
[26.536s] -- Installing: /home/gy/Omron_MoMa_ROS2/install/om_aiv_msg/lib/libom_aiv_msg__rosidl_typesupport_fastrtps_c.so
[26.537s] -- Set runtime path of "/home/gy/Omron_MoMa_ROS2/install/om_aiv_msg/lib/libom_aiv_msg__rosidl_typesupport_fastrtps_c.so" to ""
[26.538s] -- Up-to-date: /home/gy/Omron_MoMa_ROS2/install/om_aiv_msg/include/om_aiv_msg
[26.538s] -- Up-to-date: /home/gy/Omron_MoMa_ROS2/install/om_aiv_msg/include/om_aiv_msg/srv
[26.538s] -- Up-to-date: /home/gy/Omron_MoMa_ROS2/install/om_aiv_msg/include/om_aiv_msg/srv/detail
[26.538s] -- Installing: /home/gy/Omron_MoMa_ROS2/install/om_aiv_msg/include/om_aiv_msg/srv/detail/arcl_api__rosidl_typesupport_fastrtps_cpp.hpp
[26.538s] -- Installing: /home/gy/Omron_MoMa_ROS2/install/om_aiv_msg/include/om_aiv_msg/srv/detail/dds_fastrtps
[26.539s] -- Installing: /home/gy/Omron_MoMa_ROS2/install/om_aiv_msg/include/om_aiv_msg/srv/detail/arcl_listen__rosidl_typesupport_fastrtps_cpp.hpp
[26.539s] -- Up-to-date: /home/gy/Omron_MoMa_ROS2/install/om_aiv_msg/include/om_aiv_msg/action
[26.539s] -- Up-to-date: /home/gy/Omron_MoMa_ROS2/install/om_aiv_msg/include/om_aiv_msg/action/detail
[26.539s] -- Installing: /home/gy/Omron_MoMa_ROS2/install/om_aiv_msg/include/om_aiv_msg/action/detail/dds_fastrtps
[26.540s] -- Installing: /home/gy/Omron_MoMa_ROS2/install/om_aiv_msg/include/om_aiv_msg/action/detail/action__rosidl_typesupport_fastrtps_cpp.hpp
[26.540s] -- Up-to-date: /home/gy/Omron_MoMa_ROS2/install/om_aiv_msg/include/om_aiv_msg/msg
[26.540s] -- Up-to-date: /home/gy/Omron_MoMa_ROS2/install/om_aiv_msg/include/om_aiv_msg/msg/detail
[26.540s] -- Installing: /home/gy/Omron_MoMa_ROS2/install/om_aiv_msg/include/om_aiv_msg/msg/detail/dds_fastrtps
[26.540s] -- Installing: /home/gy/Omron_MoMa_ROS2/install/om_aiv_msg/include/om_aiv_msg/msg/detail/location__rosidl_typesupport_fastrtps_cpp.hpp
[26.541s] -- Installing: /home/gy/Omron_MoMa_ROS2/install/om_aiv_msg/include/om_aiv_msg/msg/detail/status__rosidl_typesupport_fastrtps_cpp.hpp
[26.541s] -- Installing: /home/gy/Omron_MoMa_ROS2/install/om_aiv_msg/include/om_aiv_msg/msg/rosidl_typesupport_fastrtps_cpp__visibility_control.h
[26.541s] -- Installing: /home/gy/Omron_MoMa_ROS2/install/om_aiv_msg/lib/libom_aiv_msg__rosidl_typesupport_fastrtps_cpp.so
[26.542s] -- Set runtime path of "/home/gy/Omron_MoMa_ROS2/install/om_aiv_msg/lib/libom_aiv_msg__rosidl_typesupport_fastrtps_cpp.so" to ""
[26.543s] -- Up-to-date: /home/gy/Omron_MoMa_ROS2/install/om_aiv_msg/include/om_aiv_msg
[26.543s] -- Up-to-date: /home/gy/Omron_MoMa_ROS2/install/om_aiv_msg/include/om_aiv_msg/srv
[26.544s] -- Up-to-date: /home/gy/Omron_MoMa_ROS2/install/om_aiv_msg/include/om_aiv_msg/srv/detail
[26.544s] -- Installing: /home/gy/Omron_MoMa_ROS2/install/om_aiv_msg/include/om_aiv_msg/srv/detail/arcl_listen__type_support.c
[26.544s] -- Installing: /home/gy/Omron_MoMa_ROS2/install/om_aiv_msg/include/om_aiv_msg/srv/detail/arcl_api__type_support.c
[26.545s] -- Installing: /home/gy/Omron_MoMa_ROS2/install/om_aiv_msg/include/om_aiv_msg/srv/detail/arcl_api__rosidl_typesupport_introspection_c.h
[26.545s] -- Installing: /home/gy/Omron_MoMa_ROS2/install/om_aiv_msg/include/om_aiv_msg/srv/detail/arcl_listen__rosidl_typesupport_introspection_c.h
[26.545s] -- Up-to-date: /home/gy/Omron_MoMa_ROS2/install/om_aiv_msg/include/om_aiv_msg/action
[26.546s] -- Up-to-date: /home/gy/Omron_MoMa_ROS2/install/om_aiv_msg/include/om_aiv_msg/action/detail
[26.546s] -- Installing: /home/gy/Omron_MoMa_ROS2/install/om_aiv_msg/include/om_aiv_msg/action/detail/action__type_support.c
[26.547s] -- Installing: /home/gy/Omron_MoMa_ROS2/install/om_aiv_msg/include/om_aiv_msg/action/detail/action__rosidl_typesupport_introspection_c.h
[26.547s] -- Up-to-date: /home/gy/Omron_MoMa_ROS2/install/om_aiv_msg/include/om_aiv_msg/msg
[26.547s] -- Up-to-date: /home/gy/Omron_MoMa_ROS2/install/om_aiv_msg/include/om_aiv_msg/msg/detail
[26.548s] -- Installing: /home/gy/Omron_MoMa_ROS2/install/om_aiv_msg/include/om_aiv_msg/msg/detail/status__rosidl_typesupport_introspection_c.h
[26.548s] -- Installing: /home/gy/Omron_MoMa_ROS2/install/om_aiv_msg/include/om_aiv_msg/msg/detail/location__rosidl_typesupport_introspection_c.h
[26.548s] -- Installing: /home/gy/Omron_MoMa_ROS2/install/om_aiv_msg/include/om_aiv_msg/msg/detail/location__type_support.c
[26.549s] -- Installing: /home/gy/Omron_MoMa_ROS2/install/om_aiv_msg/include/om_aiv_msg/msg/detail/status__type_support.c
[26.549s] -- Installing: /home/gy/Omron_MoMa_ROS2/install/om_aiv_msg/include/om_aiv_msg/msg/rosidl_typesupport_introspection_c__visibility_control.h
[26.550s] -- Installing: /home/gy/Omron_MoMa_ROS2/install/om_aiv_msg/lib/libom_aiv_msg__rosidl_typesupport_introspection_c.so
[26.551s] -- Set runtime path of "/home/gy/Omron_MoMa_ROS2/install/om_aiv_msg/lib/libom_aiv_msg__rosidl_typesupport_introspection_c.so" to ""
[26.551s] -- Installing: /home/gy/Omron_MoMa_ROS2/install/om_aiv_msg/lib/libom_aiv_msg__rosidl_typesupport_c.so
[26.553s] -- Set runtime path of "/home/gy/Omron_MoMa_ROS2/install/om_aiv_msg/lib/libom_aiv_msg__rosidl_typesupport_c.so" to ""
[26.553s] -- Up-to-date: /home/gy/Omron_MoMa_ROS2/install/om_aiv_msg/include/om_aiv_msg
[26.554s] -- Up-to-date: /home/gy/Omron_MoMa_ROS2/install/om_aiv_msg/include/om_aiv_msg/srv
[26.554s] -- Installing: /home/gy/Omron_MoMa_ROS2/install/om_aiv_msg/include/om_aiv_msg/srv/arcl_api.hpp
[26.554s] -- Up-to-date: /home/gy/Omron_MoMa_ROS2/install/om_aiv_msg/include/om_aiv_msg/srv/detail
[26.555s] -- Installing: /home/gy/Omron_MoMa_ROS2/install/om_aiv_msg/include/om_aiv_msg/srv/detail/arcl_listen__struct.hpp
[26.555s] -- Installing: /home/gy/Omron_MoMa_ROS2/install/om_aiv_msg/include/om_aiv_msg/srv/detail/arcl_api__traits.hpp
[26.555s] -- Installing: /home/gy/Omron_MoMa_ROS2/install/om_aiv_msg/include/om_aiv_msg/srv/detail/arcl_listen__traits.hpp
[26.556s] -- Installing: /home/gy/Omron_MoMa_ROS2/install/om_aiv_msg/include/om_aiv_msg/srv/detail/arcl_api__builder.hpp
[26.556s] -- Installing: /home/gy/Omron_MoMa_ROS2/install/om_aiv_msg/include/om_aiv_msg/srv/detail/arcl_listen__builder.hpp
[26.556s] -- Installing: /home/gy/Omron_MoMa_ROS2/install/om_aiv_msg/include/om_aiv_msg/srv/detail/arcl_api__struct.hpp
[26.557s] -- Installing: /home/gy/Omron_MoMa_ROS2/install/om_aiv_msg/include/om_aiv_msg/srv/arcl_listen.hpp
[26.557s] -- Up-to-date: /home/gy/Omron_MoMa_ROS2/install/om_aiv_msg/include/om_aiv_msg/action
[26.557s] -- Installing: /home/gy/Omron_MoMa_ROS2/install/om_aiv_msg/include/om_aiv_msg/action/action.hpp
[26.558s] -- Up-to-date: /home/gy/Omron_MoMa_ROS2/install/om_aiv_msg/include/om_aiv_msg/action/detail
[26.558s] -- Installing: /home/gy/Omron_MoMa_ROS2/install/om_aiv_msg/include/om_aiv_msg/action/detail/action__struct.hpp
[26.558s] -- Installing: /home/gy/Omron_MoMa_ROS2/install/om_aiv_msg/include/om_aiv_msg/action/detail/action__traits.hpp
[26.559s] -- Installing: /home/gy/Omron_MoMa_ROS2/install/om_aiv_msg/include/om_aiv_msg/action/detail/action__builder.hpp
[26.559s] -- Up-to-date: /home/gy/Omron_MoMa_ROS2/install/om_aiv_msg/include/om_aiv_msg/msg
[26.559s] -- Installing: /home/gy/Omron_MoMa_ROS2/install/om_aiv_msg/include/om_aiv_msg/msg/location.hpp
[26.560s] -- Up-to-date: /home/gy/Omron_MoMa_ROS2/install/om_aiv_msg/include/om_aiv_msg/msg/detail
[26.560s] -- Installing: /home/gy/Omron_MoMa_ROS2/install/om_aiv_msg/include/om_aiv_msg/msg/detail/location__struct.hpp
[26.560s] -- Installing: /home/gy/Omron_MoMa_ROS2/install/om_aiv_msg/include/om_aiv_msg/msg/detail/location__traits.hpp
[26.561s] -- Installing: /home/gy/Omron_MoMa_ROS2/install/om_aiv_msg/include/om_aiv_msg/msg/detail/status__traits.hpp
[26.561s] -- Installing: /home/gy/Omron_MoMa_ROS2/install/om_aiv_msg/include/om_aiv_msg/msg/detail/location__builder.hpp
[26.561s] -- Installing: /home/gy/Omron_MoMa_ROS2/install/om_aiv_msg/include/om_aiv_msg/msg/detail/status__struct.hpp
[26.562s] -- Installing: /home/gy/Omron_MoMa_ROS2/install/om_aiv_msg/include/om_aiv_msg/msg/detail/status__builder.hpp
[26.562s] -- Installing: /home/gy/Omron_MoMa_ROS2/install/om_aiv_msg/include/om_aiv_msg/msg/status.hpp
[26.563s] -- Up-to-date: /home/gy/Omron_MoMa_ROS2/install/om_aiv_msg/include/om_aiv_msg
[26.563s] -- Up-to-date: /home/gy/Omron_MoMa_ROS2/install/om_aiv_msg/include/om_aiv_msg/srv
[26.563s] -- Up-to-date: /home/gy/Omron_MoMa_ROS2/install/om_aiv_msg/include/om_aiv_msg/srv/detail
[26.563s] -- Installing: /home/gy/Omron_MoMa_ROS2/install/om_aiv_msg/include/om_aiv_msg/srv/detail/arcl_listen__rosidl_typesupport_introspection_cpp.hpp
[26.564s] -- Installing: /home/gy/Omron_MoMa_ROS2/install/om_aiv_msg/include/om_aiv_msg/srv/detail/arcl_api__type_support.cpp
[26.564s] -- Installing: /home/gy/Omron_MoMa_ROS2/install/om_aiv_msg/include/om_aiv_msg/srv/detail/arcl_api__rosidl_typesupport_introspection_cpp.hpp
[26.564s] -- Installing: /home/gy/Omron_MoMa_ROS2/install/om_aiv_msg/include/om_aiv_msg/srv/detail/arcl_listen__type_support.cpp
[26.565s] -- Up-to-date: /home/gy/Omron_MoMa_ROS2/install/om_aiv_msg/include/om_aiv_msg/action
[26.565s] -- Up-to-date: /home/gy/Omron_MoMa_ROS2/install/om_aiv_msg/include/om_aiv_msg/action/detail
[26.566s] -- Installing: /home/gy/Omron_MoMa_ROS2/install/om_aiv_msg/include/om_aiv_msg/action/detail/action__type_support.cpp
[26.567s] -- Installing: /home/gy/Omron_MoMa_ROS2/install/om_aiv_msg/include/om_aiv_msg/action/detail/action__rosidl_typesupport_introspection_cpp.hpp
[26.567s] -- Up-to-date: /home/gy/Omron_MoMa_ROS2/install/om_aiv_msg/include/om_aiv_msg/msg
[26.568s] -- Up-to-date: /home/gy/Omron_MoMa_ROS2/install/om_aiv_msg/include/om_aiv_msg/msg/detail
[26.568s] -- Installing: /home/gy/Omron_MoMa_ROS2/install/om_aiv_msg/include/om_aiv_msg/msg/detail/status__rosidl_typesupport_introspection_cpp.hpp
[26.569s] -- Installing: /home/gy/Omron_MoMa_ROS2/install/om_aiv_msg/include/om_aiv_msg/msg/detail/location__rosidl_typesupport_introspection_cpp.hpp
[26.569s] -- Installing: /home/gy/Omron_MoMa_ROS2/install/om_aiv_msg/include/om_aiv_msg/msg/detail/status__type_support.cpp
[26.570s] -- Installing: /home/gy/Omron_MoMa_ROS2/install/om_aiv_msg/include/om_aiv_msg/msg/detail/location__type_support.cpp
[26.571s] -- Installing: /home/gy/Omron_MoMa_ROS2/install/om_aiv_msg/lib/libom_aiv_msg__rosidl_typesupport_introspection_cpp.so
[26.572s] -- Set runtime path of "/home/gy/Omron_MoMa_ROS2/install/om_aiv_msg/lib/libom_aiv_msg__rosidl_typesupport_introspection_cpp.so" to ""
[26.573s] -- Installing: /home/gy/Omron_MoMa_ROS2/install/om_aiv_msg/lib/libom_aiv_msg__rosidl_typesupport_cpp.so
[26.574s] -- Set runtime path of "/home/gy/Omron_MoMa_ROS2/install/om_aiv_msg/lib/libom_aiv_msg__rosidl_typesupport_cpp.so" to ""
[26.574s] -- Installing: /home/gy/Omron_MoMa_ROS2/install/om_aiv_msg/share/om_aiv_msg/environment/pythonpath.sh
[26.574s] -- Installing: /home/gy/Omron_MoMa_ROS2/install/om_aiv_msg/share/om_aiv_msg/environment/pythonpath.dsv
[26.575s] -- Installing: /home/gy/Omron_MoMa_ROS2/install/om_aiv_msg/lib/python3.8/site-packages/om_aiv_msg/__init__.py
[26.634s] Compiling '/home/gy/Omron_MoMa_ROS2/install/om_aiv_msg/lib/python3.8/site-packages/om_aiv_msg/__init__.py'...
[26.637s] -- Installing: /home/gy/Omron_MoMa_ROS2/install/om_aiv_msg/lib/python3.8/site-packages/om_aiv_msg/msg
[26.638s] -- Installing: /home/gy/Omron_MoMa_ROS2/install/om_aiv_msg/lib/python3.8/site-packages/om_aiv_msg/msg/_status_s.c
[26.638s] -- Installing: /home/gy/Omron_MoMa_ROS2/install/om_aiv_msg/lib/python3.8/site-packages/om_aiv_msg/msg/_location_s.c
[26.638s] -- Installing: /home/gy/Omron_MoMa_ROS2/install/om_aiv_msg/lib/python3.8/site-packages/om_aiv_msg/msg/_status.py
[26.638s] -- Installing: /home/gy/Omron_MoMa_ROS2/install/om_aiv_msg/lib/python3.8/site-packages/om_aiv_msg/msg/_location.py
[26.639s] -- Installing: /home/gy/Omron_MoMa_ROS2/install/om_aiv_msg/lib/python3.8/site-packages/om_aiv_msg/msg/__init__.py
[26.639s] -- Installing: /home/gy/Omron_MoMa_ROS2/install/om_aiv_msg/lib/python3.8/site-packages/om_aiv_msg/srv
[26.639s] -- Installing: /home/gy/Omron_MoMa_ROS2/install/om_aiv_msg/lib/python3.8/site-packages/om_aiv_msg/srv/_arcl_api_s.c
[26.639s] -- Installing: /home/gy/Omron_MoMa_ROS2/install/om_aiv_msg/lib/python3.8/site-packages/om_aiv_msg/srv/_arcl_api.py
[26.640s] -- Installing: /home/gy/Omron_MoMa_ROS2/install/om_aiv_msg/lib/python3.8/site-packages/om_aiv_msg/srv/_arcl_listen.py
[26.640s] -- Installing: /home/gy/Omron_MoMa_ROS2/install/om_aiv_msg/lib/python3.8/site-packages/om_aiv_msg/srv/__init__.py
[26.640s] -- Installing: /home/gy/Omron_MoMa_ROS2/install/om_aiv_msg/lib/python3.8/site-packages/om_aiv_msg/srv/_arcl_listen_s.c
[26.641s] -- Installing: /home/gy/Omron_MoMa_ROS2/install/om_aiv_msg/lib/python3.8/site-packages/om_aiv_msg/action
[26.641s] -- Installing: /home/gy/Omron_MoMa_ROS2/install/om_aiv_msg/lib/python3.8/site-packages/om_aiv_msg/action/_action_s.c
[26.641s] -- Installing: /home/gy/Omron_MoMa_ROS2/install/om_aiv_msg/lib/python3.8/site-packages/om_aiv_msg/action/__init__.py
[26.642s] -- Installing: /home/gy/Omron_MoMa_ROS2/install/om_aiv_msg/lib/python3.8/site-packages/om_aiv_msg/action/_action.py
[26.642s] -- Installing: /home/gy/Omron_MoMa_ROS2/install/om_aiv_msg/lib/python3.8/site-packages/om_aiv_msg/om_aiv_msg_s__rosidl_typesupport_fastrtps_c.cpython-38-x86_64-linux-gnu.so
[26.643s] -- Set runtime path of "/home/gy/Omron_MoMa_ROS2/install/om_aiv_msg/lib/python3.8/site-packages/om_aiv_msg/om_aiv_msg_s__rosidl_typesupport_fastrtps_c.cpython-38-x86_64-linux-gnu.so" to ""
[26.644s] -- Installing: /home/gy/Omron_MoMa_ROS2/install/om_aiv_msg/lib/python3.8/site-packages/om_aiv_msg/om_aiv_msg_s__rosidl_typesupport_introspection_c.cpython-38-x86_64-linux-gnu.so
[26.644s] -- Set runtime path of "/home/gy/Omron_MoMa_ROS2/install/om_aiv_msg/lib/python3.8/site-packages/om_aiv_msg/om_aiv_msg_s__rosidl_typesupport_introspection_c.cpython-38-x86_64-linux-gnu.so" to ""
[26.645s] -- Installing: /home/gy/Omron_MoMa_ROS2/install/om_aiv_msg/lib/python3.8/site-packages/om_aiv_msg/om_aiv_msg_s__rosidl_typesupport_c.cpython-38-x86_64-linux-gnu.so
[26.646s] -- Set runtime path of "/home/gy/Omron_MoMa_ROS2/install/om_aiv_msg/lib/python3.8/site-packages/om_aiv_msg/om_aiv_msg_s__rosidl_typesupport_c.cpython-38-x86_64-linux-gnu.so" to ""
[26.646s] -- Installing: /home/gy/Omron_MoMa_ROS2/install/om_aiv_msg/lib/libom_aiv_msg__python.so
[26.647s] -- Set runtime path of "/home/gy/Omron_MoMa_ROS2/install/om_aiv_msg/lib/libom_aiv_msg__python.so" to ""
[26.647s] -- Installing: /home/gy/Omron_MoMa_ROS2/install/om_aiv_msg/share/om_aiv_msg/msg/Location.idl
[26.647s] -- Installing: /home/gy/Omron_MoMa_ROS2/install/om_aiv_msg/share/om_aiv_msg/msg/Status.idl
[26.647s] -- Installing: /home/gy/Omron_MoMa_ROS2/install/om_aiv_msg/share/om_aiv_msg/srv/ArclApi.idl
[26.647s] -- Installing: /home/gy/Omron_MoMa_ROS2/install/om_aiv_msg/share/om_aiv_msg/srv/ArclListen.idl
[26.647s] -- Installing: /home/gy/Omron_MoMa_ROS2/install/om_aiv_msg/share/om_aiv_msg/action/Action.idl
[26.647s] -- Installing: /home/gy/Omron_MoMa_ROS2/install/om_aiv_msg/share/om_aiv_msg/msg/Location.msg
[26.648s] -- Installing: /home/gy/Omron_MoMa_ROS2/install/om_aiv_msg/share/om_aiv_msg/msg/Status.msg
[26.648s] -- Installing: /home/gy/Omron_MoMa_ROS2/install/om_aiv_msg/share/om_aiv_msg/srv/ArclApi.srv
[26.648s] -- Installing: /home/gy/Omron_MoMa_ROS2/install/om_aiv_msg/share/om_aiv_msg/srv/ArclApi_Request.msg
[26.648s] -- Installing: /home/gy/Omron_MoMa_ROS2/install/om_aiv_msg/share/om_aiv_msg/srv/ArclApi_Response.msg
[26.648s] -- Installing: /home/gy/Omron_MoMa_ROS2/install/om_aiv_msg/share/om_aiv_msg/srv/ArclListen.srv
[26.648s] -- Installing: /home/gy/Omron_MoMa_ROS2/install/om_aiv_msg/share/om_aiv_msg/srv/ArclListen_Request.msg
[26.648s] -- Installing: /home/gy/Omron_MoMa_ROS2/install/om_aiv_msg/share/om_aiv_msg/srv/ArclListen_Response.msg
[26.649s] -- Installing: /home/gy/Omron_MoMa_ROS2/install/om_aiv_msg/share/om_aiv_msg/action/Action.action
[26.649s] -- Installing: /home/gy/Omron_MoMa_ROS2/install/om_aiv_msg/share/ament_index/resource_index/package_run_dependencies/om_aiv_msg
[26.649s] -- Installing: /home/gy/Omron_MoMa_ROS2/install/om_aiv_msg/share/ament_index/resource_index/parent_prefix_path/om_aiv_msg
[26.649s] -- Installing: /home/gy/Omron_MoMa_ROS2/install/om_aiv_msg/share/om_aiv_msg/environment/ament_prefix_path.sh
[26.649s] -- Installing: /home/gy/Omron_MoMa_ROS2/install/om_aiv_msg/share/om_aiv_msg/environment/ament_prefix_path.dsv
[26.649s] -- Installing: /home/gy/Omron_MoMa_ROS2/install/om_aiv_msg/share/om_aiv_msg/environment/path.sh
[26.650s] -- Installing: /home/gy/Omron_MoMa_ROS2/install/om_aiv_msg/share/om_aiv_msg/environment/path.dsv
[26.650s] -- Installing: /home/gy/Omron_MoMa_ROS2/install/om_aiv_msg/share/om_aiv_msg/local_setup.bash
[26.650s] -- Installing: /home/gy/Omron_MoMa_ROS2/install/om_aiv_msg/share/om_aiv_msg/local_setup.sh
[26.650s] -- Installing: /home/gy/Omron_MoMa_ROS2/install/om_aiv_msg/share/om_aiv_msg/local_setup.zsh
[26.650s] -- Installing: /home/gy/Omron_MoMa_ROS2/install/om_aiv_msg/share/om_aiv_msg/local_setup.dsv
[26.650s] -- Installing: /home/gy/Omron_MoMa_ROS2/install/om_aiv_msg/share/om_aiv_msg/package.dsv
[26.651s] -- Installing: /home/gy/Omron_MoMa_ROS2/install/om_aiv_msg/share/ament_index/resource_index/packages/om_aiv_msg
[26.651s] -- Installing: /home/gy/Omron_MoMa_ROS2/install/om_aiv_msg/share/om_aiv_msg/cmake/om_aiv_msg__rosidl_generator_cExport.cmake
[26.651s] -- Installing: /home/gy/Omron_MoMa_ROS2/install/om_aiv_msg/share/om_aiv_msg/cmake/om_aiv_msg__rosidl_generator_cExport-noconfig.cmake
[26.651s] -- Installing: /home/gy/Omron_MoMa_ROS2/install/om_aiv_msg/share/om_aiv_msg/cmake/om_aiv_msg__rosidl_typesupport_introspection_cExport.cmake
[26.651s] -- Installing: /home/gy/Omron_MoMa_ROS2/install/om_aiv_msg/share/om_aiv_msg/cmake/om_aiv_msg__rosidl_typesupport_introspection_cExport-noconfig.cmake
[26.652s] -- Installing: /home/gy/Omron_MoMa_ROS2/install/om_aiv_msg/share/om_aiv_msg/cmake/om_aiv_msg__rosidl_typesupport_cExport.cmake
[26.652s] -- Installing: /home/gy/Omron_MoMa_ROS2/install/om_aiv_msg/share/om_aiv_msg/cmake/om_aiv_msg__rosidl_typesupport_cExport-noconfig.cmake
[26.652s] -- Installing: /home/gy/Omron_MoMa_ROS2/install/om_aiv_msg/share/om_aiv_msg/cmake/om_aiv_msg__rosidl_generator_cppExport.cmake
[26.652s] -- Installing: /home/gy/Omron_MoMa_ROS2/install/om_aiv_msg/share/om_aiv_msg/cmake/om_aiv_msg__rosidl_typesupport_introspection_cppExport.cmake
[26.652s] -- Installing: /home/gy/Omron_MoMa_ROS2/install/om_aiv_msg/share/om_aiv_msg/cmake/om_aiv_msg__rosidl_typesupport_introspection_cppExport-noconfig.cmake
[26.653s] -- Installing: /home/gy/Omron_MoMa_ROS2/install/om_aiv_msg/share/om_aiv_msg/cmake/om_aiv_msg__rosidl_typesupport_cppExport.cmake
[26.653s] -- Installing: /home/gy/Omron_MoMa_ROS2/install/om_aiv_msg/share/om_aiv_msg/cmake/om_aiv_msg__rosidl_typesupport_cppExport-noconfig.cmake
[26.653s] -- Installing: /home/gy/Omron_MoMa_ROS2/install/om_aiv_msg/share/om_aiv_msg/cmake/rosidl_cmake-extras.cmake
[26.653s] -- Installing: /home/gy/Omron_MoMa_ROS2/install/om_aiv_msg/share/om_aiv_msg/cmake/ament_cmake_export_dependencies-extras.cmake
[26.653s] -- Installing: /home/gy/Omron_MoMa_ROS2/install/om_aiv_msg/share/om_aiv_msg/cmake/ament_cmake_export_libraries-extras.cmake
[26.654s] -- Installing: /home/gy/Omron_MoMa_ROS2/install/om_aiv_msg/share/om_aiv_msg/cmake/ament_cmake_export_targets-extras.cmake
[26.654s] -- Installing: /home/gy/Omron_MoMa_ROS2/install/om_aiv_msg/share/om_aiv_msg/cmake/ament_cmake_export_include_directories-extras.cmake
[26.654s] -- Installing: /home/gy/Omron_MoMa_ROS2/install/om_aiv_msg/share/om_aiv_msg/cmake/rosidl_cmake_export_typesupport_libraries-extras.cmake
[26.654s] -- Installing: /home/gy/Omron_MoMa_ROS2/install/om_aiv_msg/share/om_aiv_msg/cmake/rosidl_cmake_export_typesupport_targets-extras.cmake
[26.655s] -- Installing: /home/gy/Omron_MoMa_ROS2/install/om_aiv_msg/share/om_aiv_msg/cmake/om_aiv_msgConfig.cmake
[26.655s] -- Installing: /home/gy/Omron_MoMa_ROS2/install/om_aiv_msg/share/om_aiv_msg/cmake/om_aiv_msgConfig-version.cmake
[26.655s] -- Installing: /home/gy/Omron_MoMa_ROS2/install/om_aiv_msg/share/om_aiv_msg/package.xml
[26.664s] Invoked command in '/home/gy/Omron_MoMa_ROS2/build/om_aiv_msg' returned '0': CMAKE_PREFIX_PATH=/opt/ros/foxy /usr/bin/cmake --install /home/gy/Omron_MoMa_ROS2/build/om_aiv_msg
