[0.020s] Invoking command in '/home/gy/Omron_MoMa_ROS2/build/tmr_moveit_cpp_demo': CMAKE_PREFIX_PATH=/opt/ros/foxy /usr/bin/cmake /home/gy/Omron_MoMa_ROS2/src/Omron_TM_ROS2/src/tmr_moveit_cpp_demo -DAMENT_CMAKE_SYMLINK_INSTALL=1 -DCMAKE_INSTALL_PREFIX=/home/gy/Omron_MoMa_ROS2/install/tmr_moveit_cpp_demo
[0.051s] -- Found ament_cmake: 0.9.8 (/opt/ros/foxy/share/ament_cmake/cmake)
[0.087s] -- Using PYTHON_EXECUTABLE: /usr/bin/python3
[0.316s] -- Override CMake install command with custom implementation using symlinks instead of copying resources
[0.332s] -- Found rosidl_default_runtime: 1.0.1 (/opt/ros/foxy/share/rosidl_default_runtime/cmake)
[0.353s] -- Using all available rosidl_typesupport_c: rosidl_typesupport_fastrtps_c;rosidl_typesupport_introspection_c
[0.357s] -- Found rosidl_adapter: 1.2.1 (/opt/ros/foxy/share/rosidl_adapter/cmake)
[0.531s] -- Using all available rosidl_typesupport_cpp: rosidl_typesupport_fastrtps_cpp;rosidl_typesupport_introspection_cpp
[0.681s] -- Configuring done
[0.685s] -- Generating done
[0.686s] -- Build files have been written to: /home/gy/Omron_MoMa_ROS2/build/tmr_moveit_cpp_demo
[0.702s] Invoked command in '/home/gy/Omron_MoMa_ROS2/build/tmr_moveit_cpp_demo' returned '0': CMAKE_PREFIX_PATH=/opt/ros/foxy /usr/bin/cmake /home/gy/Omron_MoMa_ROS2/src/Omron_TM_ROS2/src/tmr_moveit_cpp_demo -DAMENT_CMAKE_SYMLINK_INSTALL=1 -DCMAKE_INSTALL_PREFIX=/home/gy/Omron_MoMa_ROS2/install/tmr_moveit_cpp_demo
[0.703s] Invoking command in '/home/gy/Omron_MoMa_ROS2/build/tmr_moveit_cpp_demo': CMAKE_PREFIX_PATH=/opt/ros/foxy /usr/bin/cmake --build /home/gy/Omron_MoMa_ROS2/build/tmr_moveit_cpp_demo -- -j4 -l4
[0.769s] Invoked command in '/home/gy/Omron_MoMa_ROS2/build/tmr_moveit_cpp_demo' returned '0': CMAKE_PREFIX_PATH=/opt/ros/foxy /usr/bin/cmake --build /home/gy/Omron_MoMa_ROS2/build/tmr_moveit_cpp_demo -- -j4 -l4
[0.865s] Invoking command in '/home/gy/Omron_MoMa_ROS2/build/tmr_moveit_cpp_demo': CMAKE_PREFIX_PATH=/opt/ros/foxy /usr/bin/cmake --install /home/gy/Omron_MoMa_ROS2/build/tmr_moveit_cpp_demo
[0.876s] -- Install configuration: ""
[0.876s] -- Execute custom install script
[0.876s] -- Symlinking: /home/gy/Omron_MoMa_ROS2/install/tmr_moveit_cpp_demo/share/tmr_moveit_cpp_demo/launch/run_moveit_cpp.launch.py
[0.906s] -- Symlinking: /home/gy/Omron_MoMa_ROS2/install/tmr_moveit_cpp_demo/share/tmr_moveit_cpp_demo/launch/run_moveit_cpp.rviz
[0.936s] -- Symlinking: /home/gy/Omron_MoMa_ROS2/install/tmr_moveit_cpp_demo/share/tmr_moveit_cpp_demo/config/controllers.yaml
[0.952s] -- Symlinking: /home/gy/Omron_MoMa_ROS2/install/tmr_moveit_cpp_demo/share/tmr_moveit_cpp_demo/config/moveit_cpp.yaml
[0.983s] -- Symlinking: /home/gy/Omron_MoMa_ROS2/install/tmr_moveit_cpp_demo/share/ament_index/resource_index/package_run_dependencies/tmr_moveit_cpp_demo
[1.013s] -- Symlinking: /home/gy/Omron_MoMa_ROS2/install/tmr_moveit_cpp_demo/share/ament_index/resource_index/parent_prefix_path/tmr_moveit_cpp_demo
[1.032s] -- Symlinking: /home/gy/Omron_MoMa_ROS2/install/tmr_moveit_cpp_demo/share/tmr_moveit_cpp_demo/environment/ament_prefix_path.sh
[1.059s] -- Symlinking: /home/gy/Omron_MoMa_ROS2/install/tmr_moveit_cpp_demo/share/tmr_moveit_cpp_demo/environment/ament_prefix_path.dsv
[1.084s] -- Symlinking: /home/gy/Omron_MoMa_ROS2/install/tmr_moveit_cpp_demo/share/tmr_moveit_cpp_demo/environment/path.sh
[1.122s] -- Symlinking: /home/gy/Omron_MoMa_ROS2/install/tmr_moveit_cpp_demo/share/tmr_moveit_cpp_demo/environment/path.dsv
[1.149s] -- Symlinking: /home/gy/Omron_MoMa_ROS2/install/tmr_moveit_cpp_demo/share/tmr_moveit_cpp_demo/local_setup.bash
[1.174s] -- Symlinking: /home/gy/Omron_MoMa_ROS2/install/tmr_moveit_cpp_demo/share/tmr_moveit_cpp_demo/local_setup.sh
[1.200s] -- Symlinking: /home/gy/Omron_MoMa_ROS2/install/tmr_moveit_cpp_demo/share/tmr_moveit_cpp_demo/local_setup.zsh
[1.220s] -- Symlinking: /home/gy/Omron_MoMa_ROS2/install/tmr_moveit_cpp_demo/share/tmr_moveit_cpp_demo/local_setup.dsv
[1.244s] -- Symlinking: /home/gy/Omron_MoMa_ROS2/install/tmr_moveit_cpp_demo/share/tmr_moveit_cpp_demo/package.dsv
[1.265s] -- Symlinking: /home/gy/Omron_MoMa_ROS2/install/tmr_moveit_cpp_demo/share/ament_index/resource_index/packages/tmr_moveit_cpp_demo
[1.280s] -- Symlinking: /home/gy/Omron_MoMa_ROS2/install/tmr_moveit_cpp_demo/share/tmr_moveit_cpp_demo/cmake/tmr_moveit_cpp_demoConfig.cmake
[1.300s] -- Symlinking: /home/gy/Omron_MoMa_ROS2/install/tmr_moveit_cpp_demo/share/tmr_moveit_cpp_demo/cmake/tmr_moveit_cpp_demoConfig-version.cmake
[1.317s] -- Symlinking: /home/gy/Omron_MoMa_ROS2/install/tmr_moveit_cpp_demo/share/tmr_moveit_cpp_demo/package.xml
[1.337s] Invoked command in '/home/gy/Omron_MoMa_ROS2/build/tmr_moveit_cpp_demo' returned '0': CMAKE_PREFIX_PATH=/opt/ros/foxy /usr/bin/cmake --install /home/gy/Omron_MoMa_ROS2/build/tmr_moveit_cpp_demo
