[0.035s] Invoking command in '/home/gy/Omron_MoMa_ROS2/build/techman_robot_msgs': CMAKE_PREFIX_PATH=/opt/ros/foxy /usr/bin/cmake /home/gy/Omron_MoMa_ROS2/src/Omron_TM_ROS2/src/techman_robot_msgs -DAMENT_CMAKE_SYMLINK_INSTALL=1 -DCMAKE_INSTALL_PREFIX=/home/gy/Omron_MoMa_ROS2/install/techman_robot_msgs
[0.089s] -- Found ament_cmake: 0.9.8 (/opt/ros/foxy/share/ament_cmake/cmake)
[0.093s] -- Found PythonInterp: /usr/bin/python3 (found suitable version "3.8.5", minimum required is "3") 
[0.093s] -- Using PYTHON_EXECUTABLE: /usr/bin/python3
[0.354s] -- Override CMake install command with custom implementation using symlinks instead of copying resources
[0.362s] -- Found rosidl_default_generators: 1.0.1 (/opt/ros/foxy/share/rosidl_default_generators/cmake)
[0.364s] -- Using all available rosidl_typesupport_c: rosidl_typesupport_fastrtps_c;rosidl_typesupport_introspection_c
[0.375s] -- Found rosidl_adapter: 1.2.1 (/opt/ros/foxy/share/rosidl_adapter/cmake)
[0.570s] -- Using all available rosidl_typesupport_cpp: rosidl_typesupport_fastrtps_cpp;rosidl_typesupport_introspection_cpp
[0.598s] -- Found action_msgs: 1.0.0 (/opt/ros/foxy/share/action_msgs/cmake)
[0.702s] -- Found std_msgs: 2.0.4 (/opt/ros/foxy/share/std_msgs/cmake)
[0.744s] -- Found geometry_msgs: 2.0.4 (/opt/ros/foxy/share/geometry_msgs/cmake)
[0.836s] -- Found PythonInterp: /usr/bin/python3 (found version "3.8.5") 
[1.162s] -- Found ament_cmake_ros: 0.9.1 (/opt/ros/foxy/share/ament_cmake_ros/cmake)
[1.397s] -- Using all available rosidl_typesupport_c: rosidl_typesupport_fastrtps_c;rosidl_typesupport_introspection_c
[1.414s] -- Using all available rosidl_typesupport_cpp: rosidl_typesupport_fastrtps_cpp;rosidl_typesupport_introspection_cpp
[1.460s] -- Found PythonInterp: /usr/bin/python3 (found suitable version "3.8.5", minimum required is "3.5") 
[1.460s] -- Found python_cmake_module: 0.8.1 (/opt/ros/foxy/share/python_cmake_module/cmake)
[1.523s] -- Using PYTHON_EXECUTABLE: /usr/bin/python3
[1.523s] -- Using PYTHON_INCLUDE_DIRS: /usr/include/python3.8
[1.523s] -- Using PYTHON_LIBRARIES: /usr/lib/x86_64-linux-gnu/libpython3.8.so
[1.562s] -- Configuring done
[1.597s] -- Generating done
[1.609s] -- Build files have been written to: /home/gy/Omron_MoMa_ROS2/build/techman_robot_msgs
[1.612s] Invoked command in '/home/gy/Omron_MoMa_ROS2/build/techman_robot_msgs' returned '0': CMAKE_PREFIX_PATH=/opt/ros/foxy /usr/bin/cmake /home/gy/Omron_MoMa_ROS2/src/Omron_TM_ROS2/src/techman_robot_msgs -DAMENT_CMAKE_SYMLINK_INSTALL=1 -DCMAKE_INSTALL_PREFIX=/home/gy/Omron_MoMa_ROS2/install/techman_robot_msgs
[1.613s] Invoking command in '/home/gy/Omron_MoMa_ROS2/build/techman_robot_msgs': CMAKE_PREFIX_PATH=/opt/ros/foxy /usr/bin/cmake --build /home/gy/Omron_MoMa_ROS2/build/techman_robot_msgs -- -j4 -l4
[1.800s] [  9%] Built target techman_robot_msgs__rosidl_generator_c
[1.800s] [ 12%] Built target techman_robot_msgs__cpp
[1.938s] [ 22%] Built target techman_robot_msgs__rosidl_typesupport_introspection_c
[1.950s] [ 32%] Built target techman_robot_msgs__rosidl_typesupport_cpp
[1.953s] [ 41%] Built target techman_robot_msgs__rosidl_typesupport_introspection_cpp
[1.964s] [ 45%] [32m[1mLinking CXX shared library libtechman_robot_msgs__rosidl_typesupport_fastrtps_cpp.so[0m
[2.058s] [ 54%] Built target techman_robot_msgs__rosidl_typesupport_c
[2.194s] [ 61%] Built target techman_robot_msgs__rosidl_typesupport_fastrtps_cpp
[2.291s] [ 64%] [32m[1mLinking CXX shared library libtechman_robot_msgs__rosidl_typesupport_fastrtps_c.so[0m
[2.554s] [ 70%] Built target techman_robot_msgs__rosidl_typesupport_fastrtps_c
[2.626s] [ 70%] Built target techman_robot_msgs
[2.722s] [ 74%] Built target techman_robot_msgs__py
[2.812s] [ 77%] [32m[1mLinking C shared library rosidl_generator_py/techman_robot_msgs/libtechman_robot_msgs__python.so[0m
[2.930s] [ 80%] Built target techman_robot_msgs__python
[3.025s] [ 83%] [32m[1mLinking C shared library rosidl_generator_py/techman_robot_msgs/techman_robot_msgs_s__rosidl_typesupport_introspection_c.cpython-38-x86_64-linux-gnu.so[0m
[3.043s] [ 87%] [32m[1mLinking C shared library rosidl_generator_py/techman_robot_msgs/techman_robot_msgs_s__rosidl_typesupport_c.cpython-38-x86_64-linux-gnu.so[0m
[3.091s] [ 90%] [32m[1mLinking CXX shared library rosidl_generator_py/techman_robot_msgs/techman_robot_msgs_s__rosidl_typesupport_fastrtps_c.cpython-38-x86_64-linux-gnu.so[0m
[3.188s] [ 93%] Built target techman_robot_msgs__rosidl_typesupport_introspection_c__pyext
[3.212s] [ 96%] Built target techman_robot_msgs__rosidl_typesupport_c__pyext
[3.263s] [100%] Built target techman_robot_msgs__rosidl_typesupport_fastrtps_c__pyext
[3.285s] Invoked command in '/home/gy/Omron_MoMa_ROS2/build/techman_robot_msgs' returned '0': CMAKE_PREFIX_PATH=/opt/ros/foxy /usr/bin/cmake --build /home/gy/Omron_MoMa_ROS2/build/techman_robot_msgs -- -j4 -l4
[3.619s] Invoking command in '/home/gy/Omron_MoMa_ROS2/build/techman_robot_msgs': CMAKE_PREFIX_PATH=/opt/ros/foxy /usr/bin/cmake --install /home/gy/Omron_MoMa_ROS2/build/techman_robot_msgs
[3.659s] -- Install configuration: ""
[3.664s] -- Execute custom install script
[3.664s] -- Symlinking: /home/gy/Omron_MoMa_ROS2/install/techman_robot_msgs/share/ament_index/resource_index/rosidl_interfaces/techman_robot_msgs
[3.697s] -- Symlinking: /home/gy/Omron_MoMa_ROS2/install/techman_robot_msgs/include/techman_robot_msgs/msg/rosidl_generator_c__visibility_control.h
[3.709s] -- Symlinking: /home/gy/Omron_MoMa_ROS2/install/techman_robot_msgs/include/techman_robot_msgs/srv/detail/techman_robot_command__functions.h
[3.719s] -- Symlinking: /home/gy/Omron_MoMa_ROS2/install/techman_robot_msgs/include/techman_robot_msgs/srv/detail/techman_robot_command__struct.h
[3.730s] -- Symlinking: /home/gy/Omron_MoMa_ROS2/install/techman_robot_msgs/include/techman_robot_msgs/srv/detail/techman_robot_command__type_support.h
[3.754s] -- Symlinking: /home/gy/Omron_MoMa_ROS2/install/techman_robot_msgs/include/techman_robot_msgs/srv/techman_robot_command.h
[3.765s] -- Symlinking: /home/gy/Omron_MoMa_ROS2/install/techman_robot_msgs/share/techman_robot_msgs/environment/library_path.sh
[3.782s] -- Symlinking: /home/gy/Omron_MoMa_ROS2/install/techman_robot_msgs/share/techman_robot_msgs/environment/library_path.dsv
[3.797s] -- Symlinking: /home/gy/Omron_MoMa_ROS2/install/techman_robot_msgs/include/techman_robot_msgs/msg/rosidl_typesupport_fastrtps_c__visibility_control.h
[3.807s] -- Symlinking: /home/gy/Omron_MoMa_ROS2/install/techman_robot_msgs/include/techman_robot_msgs/srv/detail/techman_robot_command__rosidl_typesupport_fastrtps_c.h
[3.823s] -- Symlinking: /home/gy/Omron_MoMa_ROS2/install/techman_robot_msgs/lib/libtechman_robot_msgs__rosidl_typesupport_fastrtps_c.so
[3.842s] -- Symlinking: /home/gy/Omron_MoMa_ROS2/install/techman_robot_msgs/include/techman_robot_msgs/msg/rosidl_typesupport_fastrtps_cpp__visibility_control.h
[3.855s] -- Symlinking: /home/gy/Omron_MoMa_ROS2/install/techman_robot_msgs/include/techman_robot_msgs/srv/detail/techman_robot_command__rosidl_typesupport_fastrtps_cpp.hpp
[3.869s] -- Symlinking: /home/gy/Omron_MoMa_ROS2/install/techman_robot_msgs/lib/libtechman_robot_msgs__rosidl_typesupport_fastrtps_cpp.so
[3.889s] -- Symlinking: /home/gy/Omron_MoMa_ROS2/install/techman_robot_msgs/include/techman_robot_msgs/msg/rosidl_typesupport_introspection_c__visibility_control.h
[3.898s] -- Symlinking: /home/gy/Omron_MoMa_ROS2/install/techman_robot_msgs/include/techman_robot_msgs/srv/detail/techman_robot_command__rosidl_typesupport_introspection_c.h
[3.907s] -- Symlinking: /home/gy/Omron_MoMa_ROS2/install/techman_robot_msgs/include/techman_robot_msgs/srv/detail/techman_robot_command__builder.hpp
[3.921s] -- Symlinking: /home/gy/Omron_MoMa_ROS2/install/techman_robot_msgs/include/techman_robot_msgs/srv/detail/techman_robot_command__struct.hpp
[3.945s] -- Symlinking: /home/gy/Omron_MoMa_ROS2/install/techman_robot_msgs/include/techman_robot_msgs/srv/detail/techman_robot_command__traits.hpp
[3.956s] -- Symlinking: /home/gy/Omron_MoMa_ROS2/install/techman_robot_msgs/include/techman_robot_msgs/srv/techman_robot_command.hpp
[3.969s] -- Symlinking: /home/gy/Omron_MoMa_ROS2/install/techman_robot_msgs/include/techman_robot_msgs/srv/detail/techman_robot_command__rosidl_typesupport_introspection_cpp.hpp
[3.980s] -- Symlinking: /home/gy/Omron_MoMa_ROS2/install/techman_robot_msgs/share/techman_robot_msgs/environment/pythonpath.sh
[4.000s] -- Symlinking: /home/gy/Omron_MoMa_ROS2/install/techman_robot_msgs/share/techman_robot_msgs/environment/pythonpath.dsv
[4.019s] -- Symlinking: /home/gy/Omron_MoMa_ROS2/install/techman_robot_msgs/lib/python3.8/site-packages/techman_robot_msgs/__init__.py
[4.043s] -- Symlinking: /home/gy/Omron_MoMa_ROS2/install/techman_robot_msgs/lib/python3.8/site-packages/techman_robot_msgs/srv/__init__.py
[4.058s] -- Symlinking: /home/gy/Omron_MoMa_ROS2/install/techman_robot_msgs/lib/python3.8/site-packages/techman_robot_msgs/srv/_techman_robot_command.py
[4.071s] -- Symlinking: /home/gy/Omron_MoMa_ROS2/install/techman_robot_msgs/lib/python3.8/site-packages/techman_robot_msgs/techman_robot_msgs_s__rosidl_typesupport_fastrtps_c.cpython-38-x86_64-linux-gnu.so
[4.090s] -- Symlinking: /home/gy/Omron_MoMa_ROS2/install/techman_robot_msgs/lib/python3.8/site-packages/techman_robot_msgs/techman_robot_msgs_s__rosidl_typesupport_introspection_c.cpython-38-x86_64-linux-gnu.so
[4.107s] -- Symlinking: /home/gy/Omron_MoMa_ROS2/install/techman_robot_msgs/lib/python3.8/site-packages/techman_robot_msgs/techman_robot_msgs_s__rosidl_typesupport_c.cpython-38-x86_64-linux-gnu.so
[4.138s] -- Symlinking: /home/gy/Omron_MoMa_ROS2/install/techman_robot_msgs/lib/libtechman_robot_msgs__python.so
[4.150s] -- Symlinking: /home/gy/Omron_MoMa_ROS2/install/techman_robot_msgs/share/techman_robot_msgs/srv/TechmanRobotCommand.idl
[4.174s] -- Symlinking: /home/gy/Omron_MoMa_ROS2/install/techman_robot_msgs/share/techman_robot_msgs/srv/TechmanRobotCommand.srv
[4.191s] -- Symlinking: /home/gy/Omron_MoMa_ROS2/install/techman_robot_msgs/share/techman_robot_msgs/srv/TechmanRobotCommand_Request.msg
[4.201s] -- Symlinking: /home/gy/Omron_MoMa_ROS2/install/techman_robot_msgs/share/techman_robot_msgs/srv/TechmanRobotCommand_Response.msg
[4.224s] -- Symlinking: /home/gy/Omron_MoMa_ROS2/install/techman_robot_msgs/share/ament_index/resource_index/package_run_dependencies/techman_robot_msgs
[4.241s] -- Symlinking: /home/gy/Omron_MoMa_ROS2/install/techman_robot_msgs/share/ament_index/resource_index/parent_prefix_path/techman_robot_msgs
[4.254s] -- Symlinking: /home/gy/Omron_MoMa_ROS2/install/techman_robot_msgs/share/techman_robot_msgs/environment/ament_prefix_path.sh
[4.268s] -- Symlinking: /home/gy/Omron_MoMa_ROS2/install/techman_robot_msgs/share/techman_robot_msgs/environment/ament_prefix_path.dsv
[4.287s] -- Symlinking: /home/gy/Omron_MoMa_ROS2/install/techman_robot_msgs/share/techman_robot_msgs/environment/path.sh
[4.314s] -- Symlinking: /home/gy/Omron_MoMa_ROS2/install/techman_robot_msgs/share/techman_robot_msgs/environment/path.dsv
[4.318s] -- Symlinking: /home/gy/Omron_MoMa_ROS2/install/techman_robot_msgs/share/techman_robot_msgs/local_setup.bash
[4.335s] -- Symlinking: /home/gy/Omron_MoMa_ROS2/install/techman_robot_msgs/share/techman_robot_msgs/local_setup.sh
[4.365s] -- Symlinking: /home/gy/Omron_MoMa_ROS2/install/techman_robot_msgs/share/techman_robot_msgs/local_setup.zsh
[4.382s] -- Symlinking: /home/gy/Omron_MoMa_ROS2/install/techman_robot_msgs/share/techman_robot_msgs/local_setup.dsv
[4.394s] -- Symlinking: /home/gy/Omron_MoMa_ROS2/install/techman_robot_msgs/share/techman_robot_msgs/package.dsv
[4.415s] -- Symlinking: /home/gy/Omron_MoMa_ROS2/install/techman_robot_msgs/share/ament_index/resource_index/packages/techman_robot_msgs
[4.425s] -- Symlinking: /home/gy/Omron_MoMa_ROS2/install/techman_robot_msgs/share/techman_robot_msgs/cmake/rosidl_cmake-extras.cmake
[4.456s] -- Symlinking: /home/gy/Omron_MoMa_ROS2/install/techman_robot_msgs/share/techman_robot_msgs/cmake/ament_cmake_export_dependencies-extras.cmake
[4.488s] -- Symlinking: /home/gy/Omron_MoMa_ROS2/install/techman_robot_msgs/share/techman_robot_msgs/cmake/ament_cmake_export_libraries-extras.cmake
[4.504s] -- Symlinking: /home/gy/Omron_MoMa_ROS2/install/techman_robot_msgs/share/techman_robot_msgs/cmake/ament_cmake_export_targets-extras.cmake
[4.532s] -- Symlinking: /home/gy/Omron_MoMa_ROS2/install/techman_robot_msgs/share/techman_robot_msgs/cmake/ament_cmake_export_include_directories-extras.cmake
[4.558s] -- Symlinking: /home/gy/Omron_MoMa_ROS2/install/techman_robot_msgs/share/techman_robot_msgs/cmake/rosidl_cmake_export_typesupport_libraries-extras.cmake
[4.573s] -- Symlinking: /home/gy/Omron_MoMa_ROS2/install/techman_robot_msgs/share/techman_robot_msgs/cmake/rosidl_cmake_export_typesupport_targets-extras.cmake
[4.608s] -- Symlinking: /home/gy/Omron_MoMa_ROS2/install/techman_robot_msgs/share/techman_robot_msgs/cmake/techman_robot_msgsConfig.cmake
[4.619s] -- Symlinking: /home/gy/Omron_MoMa_ROS2/install/techman_robot_msgs/share/techman_robot_msgs/cmake/techman_robot_msgsConfig-version.cmake
[4.642s] -- Symlinking: /home/gy/Omron_MoMa_ROS2/install/techman_robot_msgs/share/techman_robot_msgs/package.xml
[4.669s] -- Up-to-date: /home/gy/Omron_MoMa_ROS2/install/techman_robot_msgs/lib/libtechman_robot_msgs__rosidl_generator_c.so
[4.669s] -- Up-to-date: /home/gy/Omron_MoMa_ROS2/install/techman_robot_msgs/lib/libtechman_robot_msgs__rosidl_typesupport_introspection_c.so
[4.670s] -- Up-to-date: /home/gy/Omron_MoMa_ROS2/install/techman_robot_msgs/lib/libtechman_robot_msgs__rosidl_typesupport_c.so
[4.670s] -- Up-to-date: /home/gy/Omron_MoMa_ROS2/install/techman_robot_msgs/lib/libtechman_robot_msgs__rosidl_typesupport_introspection_cpp.so
[4.671s] -- Up-to-date: /home/gy/Omron_MoMa_ROS2/install/techman_robot_msgs/lib/libtechman_robot_msgs__rosidl_typesupport_cpp.so
[4.721s] Compiling '/home/gy/Omron_MoMa_ROS2/install/techman_robot_msgs/lib/python3.8/site-packages/techman_robot_msgs/__init__.py'...
[4.731s] -- Up-to-date: /home/gy/Omron_MoMa_ROS2/install/techman_robot_msgs/share/techman_robot_msgs/cmake/techman_robot_msgs__rosidl_generator_cExport.cmake
[4.731s] -- Installing: /home/gy/Omron_MoMa_ROS2/install/techman_robot_msgs/share/techman_robot_msgs/cmake/techman_robot_msgs__rosidl_generator_cExport-noconfig.cmake
[4.731s] -- Up-to-date: /home/gy/Omron_MoMa_ROS2/install/techman_robot_msgs/share/techman_robot_msgs/cmake/techman_robot_msgs__rosidl_typesupport_introspection_cExport.cmake
[4.731s] -- Installing: /home/gy/Omron_MoMa_ROS2/install/techman_robot_msgs/share/techman_robot_msgs/cmake/techman_robot_msgs__rosidl_typesupport_introspection_cExport-noconfig.cmake
[4.731s] -- Up-to-date: /home/gy/Omron_MoMa_ROS2/install/techman_robot_msgs/share/techman_robot_msgs/cmake/techman_robot_msgs__rosidl_typesupport_cExport.cmake
[4.731s] -- Installing: /home/gy/Omron_MoMa_ROS2/install/techman_robot_msgs/share/techman_robot_msgs/cmake/techman_robot_msgs__rosidl_typesupport_cExport-noconfig.cmake
[4.731s] -- Up-to-date: /home/gy/Omron_MoMa_ROS2/install/techman_robot_msgs/share/techman_robot_msgs/cmake/techman_robot_msgs__rosidl_generator_cppExport.cmake
[4.732s] -- Up-to-date: /home/gy/Omron_MoMa_ROS2/install/techman_robot_msgs/share/techman_robot_msgs/cmake/techman_robot_msgs__rosidl_typesupport_introspection_cppExport.cmake
[4.732s] -- Installing: /home/gy/Omron_MoMa_ROS2/install/techman_robot_msgs/share/techman_robot_msgs/cmake/techman_robot_msgs__rosidl_typesupport_introspection_cppExport-noconfig.cmake
[4.732s] -- Up-to-date: /home/gy/Omron_MoMa_ROS2/install/techman_robot_msgs/share/techman_robot_msgs/cmake/techman_robot_msgs__rosidl_typesupport_cppExport.cmake
[4.732s] -- Installing: /home/gy/Omron_MoMa_ROS2/install/techman_robot_msgs/share/techman_robot_msgs/cmake/techman_robot_msgs__rosidl_typesupport_cppExport-noconfig.cmake
[4.734s] Invoked command in '/home/gy/Omron_MoMa_ROS2/build/techman_robot_msgs' returned '0': CMAKE_PREFIX_PATH=/opt/ros/foxy /usr/bin/cmake --install /home/gy/Omron_MoMa_ROS2/build/techman_robot_msgs
