[0.051s] Invoking command in '/home/gy/Omron_MoMa_ROS2/build/tmr_driver': AMENT_PREFIX_PATH=/home/gy/Omron_MoMa_ROS2/install/tmrlib:/home/gy/Omron_MoMa_ROS2/install/tmr_msgs:${AMENT_PREFIX_PATH} CMAKE_PREFIX_PATH=/home/gy/Omron_MoMa_ROS2/install/tmrlib:/home/gy/Omron_MoMa_ROS2/install/tmr_msgs:/opt/ros/foxy LD_LIBRARY_PATH=/home/gy/Omron_MoMa_ROS2/install/tmrlib/lib:/home/gy/Omron_MoMa_ROS2/install/tmr_msgs/lib:${LD_LIBRARY_PATH} PYTHONPATH=/home/gy/Omron_MoMa_ROS2/install/tmr_msgs/lib/python3.8/site-packages:${PYTHONPATH} /usr/bin/cmake /home/gy/Omron_MoMa_ROS2/src/Omron_TM_ROS2/src/tmr_driver -DAMENT_CMAKE_SYMLINK_INSTALL=1 -DCMAKE_INSTALL_PREFIX=/home/gy/Omron_MoMa_ROS2/install/tmr_driver
[0.100s] -- Found ament_cmake: 0.9.8 (/opt/ros/foxy/share/ament_cmake/cmake)
[0.133s] -- Using PYTHON_EXECUTABLE: /usr/bin/python3
[0.524s] -- Override CMake install command with custom implementation using symlinks instead of copying resources
[0.557s] -- Found rclcpp: 2.3.1 (/opt/ros/foxy/share/rclcpp/cmake)
[0.616s] -- Using all available rosidl_typesupport_c: rosidl_typesupport_fastrtps_c;rosidl_typesupport_introspection_c
[0.657s] -- Found rosidl_adapter: 1.2.1 (/opt/ros/foxy/share/rosidl_adapter/cmake)
[0.913s] -- Using all available rosidl_typesupport_cpp: rosidl_typesupport_fastrtps_cpp;rosidl_typesupport_introspection_cpp
[1.121s] -- Found rmw_implementation_cmake: 1.0.3 (/opt/ros/foxy/share/rmw_implementation_cmake/cmake)
[1.132s] -- Using RMW implementation 'rmw_fastrtps_cpp' as default
[1.557s] -- Found sensor_msgs: 2.0.4 (/opt/ros/foxy/share/sensor_msgs/cmake)
[1.889s] -- Found trajectory_msgs: 2.0.4 (/opt/ros/foxy/share/trajectory_msgs/cmake)
[2.033s] -- Found control_msgs: 2.5.0 (/opt/ros/foxy/share/control_msgs/cmake)
[2.593s] -- Found rclcpp_action: 2.3.1 (/opt/ros/foxy/share/rclcpp_action/cmake)
[2.657s] -- Found tmr_msgs: 1.0.0 (/home/gy/Omron_MoMa_ROS2/install/tmr_msgs/share/tmr_msgs/cmake)
[2.729s] -- Found tmrlib: 1.0.0 (/home/gy/Omron_MoMa_ROS2/install/tmrlib/share/tmrlib/cmake)
[2.730s] -- Found ament_lint_auto: 0.9.6 (/opt/ros/foxy/share/ament_lint_auto/cmake)
[2.859s] -- Added test 'copyright' to check source files copyright and LICENSE
[2.859s] -- Added test 'cppcheck' to perform static code analysis on C / C++ code
[2.860s] -- Configured cppcheck include dirs: /home/gy/Omron_MoMa_ROS2/src/Omron_TM_ROS2/src/tmr_driver/include
[2.860s] -- Configured cppcheck exclude dirs and/or files: 
[2.860s] -- Added test 'cpplint' to check C / C++ code against the Google style
[2.860s] -- Configured cpplint exclude dirs and/or files: 
[2.860s] -- Added test 'flake8' to check Python code syntax and style conventions
[2.860s] -- Added test 'lint_cmake' to check CMake code style
[2.861s] -- Added test 'pep257' to check Python code against some of the style conventions in PEP 257
[2.863s] -- Added test 'uncrustify' to check C / C++ code style
[2.864s] -- Configured uncrustify additional arguments: 
[2.864s] -- Added test 'xmllint' to check XML markup files
[2.870s] -- Configuring done
[2.897s] -- Generating done
[2.899s] -- Build files have been written to: /home/gy/Omron_MoMa_ROS2/build/tmr_driver
[2.919s] Invoked command in '/home/gy/Omron_MoMa_ROS2/build/tmr_driver' returned '0': AMENT_PREFIX_PATH=/home/gy/Omron_MoMa_ROS2/install/tmrlib:/home/gy/Omron_MoMa_ROS2/install/tmr_msgs:${AMENT_PREFIX_PATH} CMAKE_PREFIX_PATH=/home/gy/Omron_MoMa_ROS2/install/tmrlib:/home/gy/Omron_MoMa_ROS2/install/tmr_msgs:/opt/ros/foxy LD_LIBRARY_PATH=/home/gy/Omron_MoMa_ROS2/install/tmrlib/lib:/home/gy/Omron_MoMa_ROS2/install/tmr_msgs/lib:${LD_LIBRARY_PATH} PYTHONPATH=/home/gy/Omron_MoMa_ROS2/install/tmr_msgs/lib/python3.8/site-packages:${PYTHONPATH} /usr/bin/cmake /home/gy/Omron_MoMa_ROS2/src/Omron_TM_ROS2/src/tmr_driver -DAMENT_CMAKE_SYMLINK_INSTALL=1 -DCMAKE_INSTALL_PREFIX=/home/gy/Omron_MoMa_ROS2/install/tmr_driver
[2.920s] Invoking command in '/home/gy/Omron_MoMa_ROS2/build/tmr_driver': AMENT_PREFIX_PATH=/home/gy/Omron_MoMa_ROS2/install/tmrlib:/home/gy/Omron_MoMa_ROS2/install/tmr_msgs:${AMENT_PREFIX_PATH} CMAKE_PREFIX_PATH=/home/gy/Omron_MoMa_ROS2/install/tmrlib:/home/gy/Omron_MoMa_ROS2/install/tmr_msgs:/opt/ros/foxy LD_LIBRARY_PATH=/home/gy/Omron_MoMa_ROS2/install/tmrlib/lib:/home/gy/Omron_MoMa_ROS2/install/tmr_msgs/lib:${LD_LIBRARY_PATH} PYTHONPATH=/home/gy/Omron_MoMa_ROS2/install/tmr_msgs/lib/python3.8/site-packages:${PYTHONPATH} /usr/bin/cmake --build /home/gy/Omron_MoMa_ROS2/build/tmr_driver -- -j4 -l4
[3.028s] [ 25%] [32m[1mLinking CXX executable tmr_driver[0m
[3.885s] [100%] Built target tmr_driver
[3.897s] Invoked command in '/home/gy/Omron_MoMa_ROS2/build/tmr_driver' returned '0': AMENT_PREFIX_PATH=/home/gy/Omron_MoMa_ROS2/install/tmrlib:/home/gy/Omron_MoMa_ROS2/install/tmr_msgs:${AMENT_PREFIX_PATH} CMAKE_PREFIX_PATH=/home/gy/Omron_MoMa_ROS2/install/tmrlib:/home/gy/Omron_MoMa_ROS2/install/tmr_msgs:/opt/ros/foxy LD_LIBRARY_PATH=/home/gy/Omron_MoMa_ROS2/install/tmrlib/lib:/home/gy/Omron_MoMa_ROS2/install/tmr_msgs/lib:${LD_LIBRARY_PATH} PYTHONPATH=/home/gy/Omron_MoMa_ROS2/install/tmr_msgs/lib/python3.8/site-packages:${PYTHONPATH} /usr/bin/cmake --build /home/gy/Omron_MoMa_ROS2/build/tmr_driver -- -j4 -l4
[3.935s] Invoking command in '/home/gy/Omron_MoMa_ROS2/build/tmr_driver': AMENT_PREFIX_PATH=/home/gy/Omron_MoMa_ROS2/install/tmrlib:/home/gy/Omron_MoMa_ROS2/install/tmr_msgs:${AMENT_PREFIX_PATH} CMAKE_PREFIX_PATH=/home/gy/Omron_MoMa_ROS2/install/tmrlib:/home/gy/Omron_MoMa_ROS2/install/tmr_msgs:/opt/ros/foxy LD_LIBRARY_PATH=/home/gy/Omron_MoMa_ROS2/install/tmrlib/lib:/home/gy/Omron_MoMa_ROS2/install/tmr_msgs/lib:${LD_LIBRARY_PATH} PYTHONPATH=/home/gy/Omron_MoMa_ROS2/install/tmr_msgs/lib/python3.8/site-packages:${PYTHONPATH} /usr/bin/cmake --install /home/gy/Omron_MoMa_ROS2/build/tmr_driver
[3.944s] -- Install configuration: ""
[3.944s] -- Execute custom install script
[3.944s] -- Symlinking: /home/gy/Omron_MoMa_ROS2/install/tmr_driver/lib/tmr_driver/tmr_driver
[3.955s] -- Symlinking: /home/gy/Omron_MoMa_ROS2/install/tmr_driver/share/tmr_driver/launch/tmr_bringup.launch.py
[3.967s] -- Symlinking: /home/gy/Omron_MoMa_ROS2/install/tmr_driver/share/tmr_driver/launch/tmr_bringup.py
[3.978s] -- Symlinking: /home/gy/Omron_MoMa_ROS2/install/tmr_driver/share/ament_index/resource_index/package_run_dependencies/tmr_driver
[3.986s] -- Symlinking: /home/gy/Omron_MoMa_ROS2/install/tmr_driver/share/ament_index/resource_index/parent_prefix_path/tmr_driver
[3.995s] -- Symlinking: /home/gy/Omron_MoMa_ROS2/install/tmr_driver/share/tmr_driver/environment/ament_prefix_path.sh
[4.005s] -- Symlinking: /home/gy/Omron_MoMa_ROS2/install/tmr_driver/share/tmr_driver/environment/ament_prefix_path.dsv
[4.014s] -- Symlinking: /home/gy/Omron_MoMa_ROS2/install/tmr_driver/share/tmr_driver/environment/path.sh
[4.023s] -- Symlinking: /home/gy/Omron_MoMa_ROS2/install/tmr_driver/share/tmr_driver/environment/path.dsv
[4.033s] -- Symlinking: /home/gy/Omron_MoMa_ROS2/install/tmr_driver/share/tmr_driver/local_setup.bash
[4.042s] -- Symlinking: /home/gy/Omron_MoMa_ROS2/install/tmr_driver/share/tmr_driver/local_setup.sh
[4.051s] -- Symlinking: /home/gy/Omron_MoMa_ROS2/install/tmr_driver/share/tmr_driver/local_setup.zsh
[4.061s] -- Symlinking: /home/gy/Omron_MoMa_ROS2/install/tmr_driver/share/tmr_driver/local_setup.dsv
[4.071s] -- Symlinking: /home/gy/Omron_MoMa_ROS2/install/tmr_driver/share/tmr_driver/package.dsv
[4.081s] -- Symlinking: /home/gy/Omron_MoMa_ROS2/install/tmr_driver/share/ament_index/resource_index/packages/tmr_driver
[4.090s] -- Symlinking: /home/gy/Omron_MoMa_ROS2/install/tmr_driver/share/tmr_driver/cmake/tmr_driverConfig.cmake
[4.100s] -- Symlinking: /home/gy/Omron_MoMa_ROS2/install/tmr_driver/share/tmr_driver/cmake/tmr_driverConfig-version.cmake
[4.109s] -- Symlinking: /home/gy/Omron_MoMa_ROS2/install/tmr_driver/share/tmr_driver/package.xml
[4.128s] Invoked command in '/home/gy/Omron_MoMa_ROS2/build/tmr_driver' returned '0': AMENT_PREFIX_PATH=/home/gy/Omron_MoMa_ROS2/install/tmrlib:/home/gy/Omron_MoMa_ROS2/install/tmr_msgs:${AMENT_PREFIX_PATH} CMAKE_PREFIX_PATH=/home/gy/Omron_MoMa_ROS2/install/tmrlib:/home/gy/Omron_MoMa_ROS2/install/tmr_msgs:/opt/ros/foxy LD_LIBRARY_PATH=/home/gy/Omron_MoMa_ROS2/install/tmrlib/lib:/home/gy/Omron_MoMa_ROS2/install/tmr_msgs/lib:${LD_LIBRARY_PATH} PYTHONPATH=/home/gy/Omron_MoMa_ROS2/install/tmr_msgs/lib/python3.8/site-packages:${PYTHONPATH} /usr/bin/cmake --install /home/gy/Omron_MoMa_ROS2/build/tmr_driver
