[0.342s] Invoking command in '/home/gy/Omron_MoMa_ROS2/build/pickplace': PYTHONPATH=/home/gy/Omron_MoMa_ROS2/install/pickplace/lib/python3.8/site-packages:${PYTHONPATH} /usr/bin/python3 setup.py develop --prefix /home/gy/Omron_MoMa_ROS2/install/pickplace --editable --build-directory /home/gy/Omron_MoMa_ROS2/build/pickplace/build --no-deps install_data --install-dir /home/gy/Omron_MoMa_ROS2/install/pickplace
[0.698s] running develop
[0.989s] running egg_info
[0.990s] writing pickplace.egg-info/PKG-INFO
[0.990s] writing dependency_links to pickplace.egg-info/dependency_links.txt
[0.990s] writing entry points to pickplace.egg-info/entry_points.txt
[0.990s] writing requirements to pickplace.egg-info/requires.txt
[0.990s] writing top-level names to pickplace.egg-info/top_level.txt
[1.049s] reading manifest file 'pickplace.egg-info/SOURCES.txt'
[1.050s] writing manifest file 'pickplace.egg-info/SOURCES.txt'
[1.095s] running build_ext
[1.095s] Creating /home/gy/Omron_MoMa_ROS2/install/pickplace/lib/python3.8/site-packages/site.py
[1.098s] Creating /home/gy/Omron_MoMa_ROS2/install/pickplace/lib/python3.8/site-packages/pickplace.egg-link (link to .)
[1.099s] Installing destination_publisher script to /home/gy/Omron_MoMa_ROS2/install/pickplace/lib/pickplace
[1.099s] Installing pickplace script to /home/gy/Omron_MoMa_ROS2/install/pickplace/lib/pickplace
[1.099s] Installing teach_setup script to /home/gy/Omron_MoMa_ROS2/install/pickplace/lib/pickplace
[1.099s] 
[1.100s] Installed /home/gy/Omron_MoMa_ROS2/build/pickplace
[1.100s] running install_data
[1.163s] Invoked command in '/home/gy/Omron_MoMa_ROS2/build/pickplace' returned '0': PYTHONPATH=/home/gy/Omron_MoMa_ROS2/install/pickplace/lib/python3.8/site-packages:${PYTHONPATH} /usr/bin/python3 setup.py develop --prefix /home/gy/Omron_MoMa_ROS2/install/pickplace --editable --build-directory /home/gy/Omron_MoMa_ROS2/build/pickplace/build --no-deps install_data --install-dir /home/gy/Omron_MoMa_ROS2/install/pickplace
