[0.054s] Invoking command in '/home/gy/Omron_MoMa_ROS2/build/tmr_msgs': CMAKE_PREFIX_PATH=/opt/ros/foxy /usr/bin/cmake /home/gy/Omron_MoMa_ROS2/src/Omron_TM_ROS2/src/tmr_msgs -DCMAKE_INSTALL_PREFIX=/home/gy/Omron_MoMa_ROS2/install/tmr_msgs
[0.269s] -- The C compiler identification is GNU 9.3.0
[0.436s] -- The CXX compiler identification is GNU 9.3.0
[0.441s] -- Check for working C compiler: /usr/bin/cc
[0.650s] -- Check for working C compiler: /usr/bin/cc -- works
[0.650s] -- Detecting C compiler ABI info
[0.816s] -- Detecting C compiler ABI info - done
[0.842s] -- Detecting C compile features
[0.842s] -- Detecting C compile features - done
[0.845s] -- Check for working CXX compiler: /usr/bin/c++
[1.224s] -- Check for working CXX compiler: /usr/bin/c++ -- works
[1.225s] -- Detecting CXX compiler ABI info
[1.572s] -- Detecting CXX compiler ABI info - done
[1.618s] -- Detecting CXX compile features
[1.626s] -- Detecting CXX compile features - done
[1.641s] -- Found ament_cmake: 0.9.8 (/opt/ros/foxy/share/ament_cmake/cmake)
[1.718s] -- Found PythonInterp: /usr/bin/python3 (found suitable version "3.8.5", minimum required is "3") 
[1.718s] -- Using PYTHON_EXECUTABLE: /usr/bin/python3
[2.101s] -- Found std_msgs: 2.0.4 (/opt/ros/foxy/share/std_msgs/cmake)
[2.159s] -- Using all available rosidl_typesupport_c: rosidl_typesupport_fastrtps_c;rosidl_typesupport_introspection_c
[2.185s] -- Found rosidl_adapter: 1.2.1 (/opt/ros/foxy/share/rosidl_adapter/cmake)
[2.660s] -- Found OpenSSL: /usr/lib/x86_64-linux-gnu/libcrypto.so (found version "1.1.1f")  
[2.732s] -- Found FastRTPS: /opt/ros/foxy/include  
[2.902s] -- Using all available rosidl_typesupport_cpp: rosidl_typesupport_fastrtps_cpp;rosidl_typesupport_introspection_cpp
[3.083s] -- Found rosidl_default_generators: 1.0.1 (/opt/ros/foxy/share/rosidl_default_generators/cmake)
[3.270s] -- Found PythonInterp: /usr/bin/python3 (found version "3.8.5") 
[4.177s] -- Found ament_cmake_ros: 0.9.1 (/opt/ros/foxy/share/ament_cmake_ros/cmake)
[4.737s] -- Using all available rosidl_typesupport_c: rosidl_typesupport_fastrtps_c;rosidl_typesupport_introspection_c
[4.984s] -- Using all available rosidl_typesupport_cpp: rosidl_typesupport_fastrtps_cpp;rosidl_typesupport_introspection_cpp
[5.042s] -- Found PythonInterp: /usr/bin/python3 (found suitable version "3.8.5", minimum required is "3.5") 
[5.044s] -- Found python_cmake_module: 0.8.1 (/opt/ros/foxy/share/python_cmake_module/cmake)
[5.121s] -- Found PythonLibs: /usr/lib/x86_64-linux-gnu/libpython3.8.so (found suitable version "3.8.5", minimum required is "3.5") 
[5.121s] -- Using PYTHON_EXECUTABLE: /usr/bin/python3
[5.121s] -- Using PYTHON_INCLUDE_DIRS: /usr/include/python3.8
[5.121s] -- Using PYTHON_LIBRARIES: /usr/lib/x86_64-linux-gnu/libpython3.8.so
[5.194s] -- Found PythonExtra: .so  
[5.399s] -- Configuring done
[5.680s] -- Generating done
[5.685s] -- Build files have been written to: /home/gy/Omron_MoMa_ROS2/build/tmr_msgs
[5.706s] Invoked command in '/home/gy/Omron_MoMa_ROS2/build/tmr_msgs' returned '0': CMAKE_PREFIX_PATH=/opt/ros/foxy /usr/bin/cmake /home/gy/Omron_MoMa_ROS2/src/Omron_TM_ROS2/src/tmr_msgs -DCMAKE_INSTALL_PREFIX=/home/gy/Omron_MoMa_ROS2/install/tmr_msgs
[5.708s] Invoking command in '/home/gy/Omron_MoMa_ROS2/build/tmr_msgs': CMAKE_PREFIX_PATH=/opt/ros/foxy /usr/bin/cmake --build /home/gy/Omron_MoMa_ROS2/build/tmr_msgs -- -j4 -l4
[5.957s] [  1%] [34m[1mGenerating C code for ROS interfaces[0m
[5.976s] [35m[1mScanning dependencies of target tmr_msgs__cpp[0m
[6.050s] [  1%] [34m[1mGenerating C++ code for ROS interfaces[0m
[11.874s] [35m[1mScanning dependencies of target tmr_msgs__rosidl_generator_c[0m
[11.932s] [  2%] [32mBuilding C object CMakeFiles/tmr_msgs__rosidl_generator_c.dir/rosidl_generator_c/tmr_msgs/msg/detail/feedback_state__functions.c.o[0m
[11.956s] [  3%] [32mBuilding C object CMakeFiles/tmr_msgs__rosidl_generator_c.dir/rosidl_generator_c/tmr_msgs/msg/detail/svr_response__functions.c.o[0m
[12.089s] [  3%] [32mBuilding C object CMakeFiles/tmr_msgs__rosidl_generator_c.dir/rosidl_generator_c/tmr_msgs/msg/detail/sct_response__functions.c.o[0m
[12.133s] [  4%] [32mBuilding C object CMakeFiles/tmr_msgs__rosidl_generator_c.dir/rosidl_generator_c/tmr_msgs/msg/detail/sta_response__functions.c.o[0m
[12.151s] [  5%] [32mBuilding C object CMakeFiles/tmr_msgs__rosidl_generator_c.dir/rosidl_generator_c/tmr_msgs/srv/detail/connect_tm__functions.c.o[0m
[12.240s] [  6%] [32mBuilding C object CMakeFiles/tmr_msgs__rosidl_generator_c.dir/rosidl_generator_c/tmr_msgs/srv/detail/write_item__functions.c.o[0m
[12.274s] [  7%] [32mBuilding C object CMakeFiles/tmr_msgs__rosidl_generator_c.dir/rosidl_generator_c/tmr_msgs/srv/detail/ask_item__functions.c.o[0m
[12.319s] [  8%] [32mBuilding C object CMakeFiles/tmr_msgs__rosidl_generator_c.dir/rosidl_generator_c/tmr_msgs/srv/detail/send_script__functions.c.o[0m
[12.396s] [  9%] [32mBuilding C object CMakeFiles/tmr_msgs__rosidl_generator_c.dir/rosidl_generator_c/tmr_msgs/srv/detail/set_event__functions.c.o[0m
[12.557s] [ 10%] [32mBuilding C object CMakeFiles/tmr_msgs__rosidl_generator_c.dir/rosidl_generator_c/tmr_msgs/srv/detail/set_positions__functions.c.o[0m
[12.714s] [ 11%] [32mBuilding C object CMakeFiles/tmr_msgs__rosidl_generator_c.dir/rosidl_generator_c/tmr_msgs/srv/detail/ask_sta__functions.c.o[0m
[12.824s] [ 11%] [32mBuilding C object CMakeFiles/tmr_msgs__rosidl_generator_c.dir/rosidl_generator_c/tmr_msgs/srv/detail/set_io__functions.c.o[0m
[12.978s] [ 11%] Built target tmr_msgs__cpp
[13.029s] [ 12%] [32m[1mLinking C shared library libtmr_msgs__rosidl_generator_c.so[0m
[13.138s] [ 12%] Built target tmr_msgs__rosidl_generator_c
[13.175s] [ 13%] [34m[1mGenerating C++ type support dispatch for ROS interfaces[0m
[15.388s] [35m[1mScanning dependencies of target tmr_msgs__rosidl_typesupport_cpp[0m
[15.459s] [ 14%] [32mBuilding CXX object CMakeFiles/tmr_msgs__rosidl_typesupport_cpp.dir/rosidl_typesupport_cpp/tmr_msgs/msg/feedback_state__type_support.cpp.o[0m
[16.223s] [ 15%] [32mBuilding CXX object CMakeFiles/tmr_msgs__rosidl_typesupport_cpp.dir/rosidl_typesupport_cpp/tmr_msgs/msg/svr_response__type_support.cpp.o[0m
[16.934s] [ 16%] [32mBuilding CXX object CMakeFiles/tmr_msgs__rosidl_typesupport_cpp.dir/rosidl_typesupport_cpp/tmr_msgs/msg/sct_response__type_support.cpp.o[0m
[17.742s] [ 17%] [32mBuilding CXX object CMakeFiles/tmr_msgs__rosidl_typesupport_cpp.dir/rosidl_typesupport_cpp/tmr_msgs/msg/sta_response__type_support.cpp.o[0m
[18.160s] [ 17%] [32mBuilding CXX object CMakeFiles/tmr_msgs__rosidl_typesupport_cpp.dir/rosidl_typesupport_cpp/tmr_msgs/srv/connect_tm__type_support.cpp.o[0m
[18.665s] [ 18%] [32mBuilding CXX object CMakeFiles/tmr_msgs__rosidl_typesupport_cpp.dir/rosidl_typesupport_cpp/tmr_msgs/srv/write_item__type_support.cpp.o[0m
[19.322s] [ 19%] [32mBuilding CXX object CMakeFiles/tmr_msgs__rosidl_typesupport_cpp.dir/rosidl_typesupport_cpp/tmr_msgs/srv/ask_item__type_support.cpp.o[0m
[19.902s] [ 20%] [32mBuilding CXX object CMakeFiles/tmr_msgs__rosidl_typesupport_cpp.dir/rosidl_typesupport_cpp/tmr_msgs/srv/send_script__type_support.cpp.o[0m
[20.620s] [ 21%] [32mBuilding CXX object CMakeFiles/tmr_msgs__rosidl_typesupport_cpp.dir/rosidl_typesupport_cpp/tmr_msgs/srv/set_event__type_support.cpp.o[0m
[21.204s] [ 22%] [32mBuilding CXX object CMakeFiles/tmr_msgs__rosidl_typesupport_cpp.dir/rosidl_typesupport_cpp/tmr_msgs/srv/set_io__type_support.cpp.o[0m
[21.904s] [ 22%] [32mBuilding CXX object CMakeFiles/tmr_msgs__rosidl_typesupport_cpp.dir/rosidl_typesupport_cpp/tmr_msgs/srv/set_positions__type_support.cpp.o[0m
[22.378s] [ 23%] [32mBuilding CXX object CMakeFiles/tmr_msgs__rosidl_typesupport_cpp.dir/rosidl_typesupport_cpp/tmr_msgs/srv/ask_sta__type_support.cpp.o[0m
[22.788s] [ 24%] [32m[1mLinking CXX shared library libtmr_msgs__rosidl_typesupport_cpp.so[0m
[22.905s] [ 24%] Built target tmr_msgs__rosidl_typesupport_cpp
[22.940s] [ 25%] [34m[1mGenerating C introspection for ROS interfaces[0m
[24.478s] [35m[1mScanning dependencies of target tmr_msgs__rosidl_typesupport_introspection_c[0m
[24.502s] [ 26%] [32mBuilding C object CMakeFiles/tmr_msgs__rosidl_typesupport_introspection_c.dir/rosidl_typesupport_introspection_c/tmr_msgs/msg/detail/feedback_state__type_support.c.o[0m
[24.561s] [ 27%] [32mBuilding C object CMakeFiles/tmr_msgs__rosidl_typesupport_introspection_c.dir/rosidl_typesupport_introspection_c/tmr_msgs/msg/detail/svr_response__type_support.c.o[0m
[24.607s] [ 28%] [32mBuilding C object CMakeFiles/tmr_msgs__rosidl_typesupport_introspection_c.dir/rosidl_typesupport_introspection_c/tmr_msgs/msg/detail/sct_response__type_support.c.o[0m
[24.657s] [ 28%] [32mBuilding C object CMakeFiles/tmr_msgs__rosidl_typesupport_introspection_c.dir/rosidl_typesupport_introspection_c/tmr_msgs/msg/detail/sta_response__type_support.c.o[0m
[24.700s] [ 29%] [32mBuilding C object CMakeFiles/tmr_msgs__rosidl_typesupport_introspection_c.dir/rosidl_typesupport_introspection_c/tmr_msgs/srv/detail/connect_tm__type_support.c.o[0m
[24.764s] [ 30%] [32mBuilding C object CMakeFiles/tmr_msgs__rosidl_typesupport_introspection_c.dir/rosidl_typesupport_introspection_c/tmr_msgs/srv/detail/write_item__type_support.c.o[0m
[24.815s] [ 31%] [32mBuilding C object CMakeFiles/tmr_msgs__rosidl_typesupport_introspection_c.dir/rosidl_typesupport_introspection_c/tmr_msgs/srv/detail/ask_item__type_support.c.o[0m
[24.859s] [ 32%] [32mBuilding C object CMakeFiles/tmr_msgs__rosidl_typesupport_introspection_c.dir/rosidl_typesupport_introspection_c/tmr_msgs/srv/detail/send_script__type_support.c.o[0m
[24.908s] [ 33%] [32mBuilding C object CMakeFiles/tmr_msgs__rosidl_typesupport_introspection_c.dir/rosidl_typesupport_introspection_c/tmr_msgs/srv/detail/set_event__type_support.c.o[0m
[24.962s] [ 34%] [32mBuilding C object CMakeFiles/tmr_msgs__rosidl_typesupport_introspection_c.dir/rosidl_typesupport_introspection_c/tmr_msgs/srv/detail/set_io__type_support.c.o[0m
[25.002s] [ 34%] [32mBuilding C object CMakeFiles/tmr_msgs__rosidl_typesupport_introspection_c.dir/rosidl_typesupport_introspection_c/tmr_msgs/srv/detail/set_positions__type_support.c.o[0m
[25.051s] [ 35%] [32mBuilding C object CMakeFiles/tmr_msgs__rosidl_typesupport_introspection_c.dir/rosidl_typesupport_introspection_c/tmr_msgs/srv/detail/ask_sta__type_support.c.o[0m
[25.114s] [ 36%] [32m[1mLinking C shared library libtmr_msgs__rosidl_typesupport_introspection_c.so[0m
[25.185s] [ 36%] Built target tmr_msgs__rosidl_typesupport_introspection_c
[25.219s] [ 37%] [34m[1mGenerating C type support dispatch for ROS interfaces[0m
[26.200s] [35m[1mScanning dependencies of target tmr_msgs__rosidl_typesupport_c[0m
[26.239s] [ 38%] [32mBuilding CXX object CMakeFiles/tmr_msgs__rosidl_typesupport_c.dir/rosidl_typesupport_c/tmr_msgs/msg/feedback_state__type_support.cpp.o[0m
[26.307s] [ 38%] [32mBuilding CXX object CMakeFiles/tmr_msgs__rosidl_typesupport_c.dir/rosidl_typesupport_c/tmr_msgs/msg/svr_response__type_support.cpp.o[0m
[26.383s] [ 39%] [32mBuilding CXX object CMakeFiles/tmr_msgs__rosidl_typesupport_c.dir/rosidl_typesupport_c/tmr_msgs/msg/sct_response__type_support.cpp.o[0m
[26.434s] [ 40%] [32mBuilding CXX object CMakeFiles/tmr_msgs__rosidl_typesupport_c.dir/rosidl_typesupport_c/tmr_msgs/msg/sta_response__type_support.cpp.o[0m
[26.501s] [ 41%] [32mBuilding CXX object CMakeFiles/tmr_msgs__rosidl_typesupport_c.dir/rosidl_typesupport_c/tmr_msgs/srv/connect_tm__type_support.cpp.o[0m
[26.548s] [ 42%] [32mBuilding CXX object CMakeFiles/tmr_msgs__rosidl_typesupport_c.dir/rosidl_typesupport_c/tmr_msgs/srv/write_item__type_support.cpp.o[0m
[26.618s] [ 43%] [32mBuilding CXX object CMakeFiles/tmr_msgs__rosidl_typesupport_c.dir/rosidl_typesupport_c/tmr_msgs/srv/ask_item__type_support.cpp.o[0m
[26.743s] [ 43%] [32mBuilding CXX object CMakeFiles/tmr_msgs__rosidl_typesupport_c.dir/rosidl_typesupport_c/tmr_msgs/srv/send_script__type_support.cpp.o[0m
[26.858s] [ 44%] [32mBuilding CXX object CMakeFiles/tmr_msgs__rosidl_typesupport_c.dir/rosidl_typesupport_c/tmr_msgs/srv/set_event__type_support.cpp.o[0m
[26.958s] [ 45%] [32mBuilding CXX object CMakeFiles/tmr_msgs__rosidl_typesupport_c.dir/rosidl_typesupport_c/tmr_msgs/srv/set_io__type_support.cpp.o[0m
[27.078s] [ 46%] [32mBuilding CXX object CMakeFiles/tmr_msgs__rosidl_typesupport_c.dir/rosidl_typesupport_c/tmr_msgs/srv/set_positions__type_support.cpp.o[0m
[27.168s] [ 47%] [32mBuilding CXX object CMakeFiles/tmr_msgs__rosidl_typesupport_c.dir/rosidl_typesupport_c/tmr_msgs/srv/ask_sta__type_support.cpp.o[0m
[27.234s] [ 48%] [32m[1mLinking CXX shared library libtmr_msgs__rosidl_typesupport_c.so[0m
[27.364s] [ 48%] Built target tmr_msgs__rosidl_typesupport_c
[27.386s] [ 48%] [34m[1mGenerating C++ type support for eProsima Fast-RTPS[0m
[29.202s] [35m[1mScanning dependencies of target tmr_msgs__rosidl_typesupport_fastrtps_cpp[0m
[29.290s] [ 49%] [32mBuilding CXX object CMakeFiles/tmr_msgs__rosidl_typesupport_fastrtps_cpp.dir/rosidl_typesupport_fastrtps_cpp/tmr_msgs/msg/detail/dds_fastrtps/feedback_state__type_support.cpp.o[0m
[30.378s] [ 50%] [32mBuilding CXX object CMakeFiles/tmr_msgs__rosidl_typesupport_fastrtps_cpp.dir/rosidl_typesupport_fastrtps_cpp/tmr_msgs/msg/detail/dds_fastrtps/sct_response__type_support.cpp.o[0m
[31.070s] [ 51%] [32mBuilding CXX object CMakeFiles/tmr_msgs__rosidl_typesupport_fastrtps_cpp.dir/rosidl_typesupport_fastrtps_cpp/tmr_msgs/msg/detail/dds_fastrtps/sta_response__type_support.cpp.o[0m
[31.931s] [ 52%] [32mBuilding CXX object CMakeFiles/tmr_msgs__rosidl_typesupport_fastrtps_cpp.dir/rosidl_typesupport_fastrtps_cpp/tmr_msgs/srv/detail/dds_fastrtps/connect_tm__type_support.cpp.o[0m
[32.560s] [ 52%] [32mBuilding CXX object CMakeFiles/tmr_msgs__rosidl_typesupport_fastrtps_cpp.dir/rosidl_typesupport_fastrtps_cpp/tmr_msgs/srv/detail/dds_fastrtps/write_item__type_support.cpp.o[0m
[33.162s] [ 53%] [32mBuilding CXX object CMakeFiles/tmr_msgs__rosidl_typesupport_fastrtps_cpp.dir/rosidl_typesupport_fastrtps_cpp/tmr_msgs/srv/detail/dds_fastrtps/ask_item__type_support.cpp.o[0m
[33.781s] [ 54%] [32mBuilding CXX object CMakeFiles/tmr_msgs__rosidl_typesupport_fastrtps_cpp.dir/rosidl_typesupport_fastrtps_cpp/tmr_msgs/srv/detail/dds_fastrtps/send_script__type_support.cpp.o[0m
[34.344s] [ 55%] [32mBuilding CXX object CMakeFiles/tmr_msgs__rosidl_typesupport_fastrtps_cpp.dir/rosidl_typesupport_fastrtps_cpp/tmr_msgs/srv/detail/dds_fastrtps/set_event__type_support.cpp.o[0m
[35.082s] [ 56%] [32mBuilding CXX object CMakeFiles/tmr_msgs__rosidl_typesupport_fastrtps_cpp.dir/rosidl_typesupport_fastrtps_cpp/tmr_msgs/srv/detail/dds_fastrtps/set_io__type_support.cpp.o[0m
[35.651s] [ 57%] [32mBuilding CXX object CMakeFiles/tmr_msgs__rosidl_typesupport_fastrtps_cpp.dir/rosidl_typesupport_fastrtps_cpp/tmr_msgs/srv/detail/dds_fastrtps/set_positions__type_support.cpp.o[0m
[36.312s] [ 57%] [32mBuilding CXX object CMakeFiles/tmr_msgs__rosidl_typesupport_fastrtps_cpp.dir/rosidl_typesupport_fastrtps_cpp/tmr_msgs/srv/detail/dds_fastrtps/ask_sta__type_support.cpp.o[0m
[36.838s] [ 58%] [32mBuilding CXX object CMakeFiles/tmr_msgs__rosidl_typesupport_fastrtps_cpp.dir/rosidl_typesupport_fastrtps_cpp/tmr_msgs/msg/detail/dds_fastrtps/svr_response__type_support.cpp.o[0m
[37.563s] [ 59%] [32m[1mLinking CXX shared library libtmr_msgs__rosidl_typesupport_fastrtps_cpp.so[0m
[37.765s] [ 59%] Built target tmr_msgs__rosidl_typesupport_fastrtps_cpp
[37.810s] [ 60%] [34m[1mGenerating C++ introspection for ROS interfaces[0m
[39.767s] [35m[1mScanning dependencies of target tmr_msgs__rosidl_typesupport_introspection_cpp[0m
[39.854s] [ 60%] [32mBuilding CXX object CMakeFiles/tmr_msgs__rosidl_typesupport_introspection_cpp.dir/rosidl_typesupport_introspection_cpp/tmr_msgs/msg/detail/feedback_state__type_support.cpp.o[0m
[40.631s] [ 61%] [32mBuilding CXX object CMakeFiles/tmr_msgs__rosidl_typesupport_introspection_cpp.dir/rosidl_typesupport_introspection_cpp/tmr_msgs/msg/detail/sct_response__type_support.cpp.o[0m
[41.055s] [ 62%] [32mBuilding CXX object CMakeFiles/tmr_msgs__rosidl_typesupport_introspection_cpp.dir/rosidl_typesupport_introspection_cpp/tmr_msgs/msg/detail/sta_response__type_support.cpp.o[0m
[41.631s] [ 63%] [32mBuilding CXX object CMakeFiles/tmr_msgs__rosidl_typesupport_introspection_cpp.dir/rosidl_typesupport_introspection_cpp/tmr_msgs/srv/detail/connect_tm__type_support.cpp.o[0m
[42.238s] [ 64%] [32mBuilding CXX object CMakeFiles/tmr_msgs__rosidl_typesupport_introspection_cpp.dir/rosidl_typesupport_introspection_cpp/tmr_msgs/srv/detail/write_item__type_support.cpp.o[0m
[42.663s] [ 64%] [32mBuilding CXX object CMakeFiles/tmr_msgs__rosidl_typesupport_introspection_cpp.dir/rosidl_typesupport_introspection_cpp/tmr_msgs/srv/detail/ask_item__type_support.cpp.o[0m
[43.009s] [ 65%] [32mBuilding CXX object CMakeFiles/tmr_msgs__rosidl_typesupport_introspection_cpp.dir/rosidl_typesupport_introspection_cpp/tmr_msgs/srv/detail/send_script__type_support.cpp.o[0m
[43.356s] [ 66%] [32mBuilding CXX object CMakeFiles/tmr_msgs__rosidl_typesupport_introspection_cpp.dir/rosidl_typesupport_introspection_cpp/tmr_msgs/srv/detail/set_event__type_support.cpp.o[0m
[43.759s] [ 67%] [32mBuilding CXX object CMakeFiles/tmr_msgs__rosidl_typesupport_introspection_cpp.dir/rosidl_typesupport_introspection_cpp/tmr_msgs/srv/detail/set_io__type_support.cpp.o[0m
[44.163s] [ 68%] [32mBuilding CXX object CMakeFiles/tmr_msgs__rosidl_typesupport_introspection_cpp.dir/rosidl_typesupport_introspection_cpp/tmr_msgs/srv/detail/set_positions__type_support.cpp.o[0m
[44.566s] [ 69%] [32mBuilding CXX object CMakeFiles/tmr_msgs__rosidl_typesupport_introspection_cpp.dir/rosidl_typesupport_introspection_cpp/tmr_msgs/srv/detail/ask_sta__type_support.cpp.o[0m
[45.075s] [ 70%] [32mBuilding CXX object CMakeFiles/tmr_msgs__rosidl_typesupport_introspection_cpp.dir/rosidl_typesupport_introspection_cpp/tmr_msgs/msg/detail/svr_response__type_support.cpp.o[0m
[45.699s] [ 71%] [32m[1mLinking CXX shared library libtmr_msgs__rosidl_typesupport_introspection_cpp.so[0m
[45.910s] [ 71%] Built target tmr_msgs__rosidl_typesupport_introspection_cpp
[45.935s] [ 72%] [34m[1mGenerating C type support for eProsima Fast-RTPS[0m
[48.035s] [35m[1mScanning dependencies of target tmr_msgs__rosidl_typesupport_fastrtps_c[0m
[48.078s] [ 73%] [32mBuilding CXX object CMakeFiles/tmr_msgs__rosidl_typesupport_fastrtps_c.dir/rosidl_typesupport_fastrtps_c/tmr_msgs/msg/detail/feedback_state__type_support_c.cpp.o[0m
[48.641s] [ 74%] [32mBuilding CXX object CMakeFiles/tmr_msgs__rosidl_typesupport_fastrtps_c.dir/rosidl_typesupport_fastrtps_c/tmr_msgs/msg/detail/sta_response__type_support_c.cpp.o[0m
[49.202s] [ 75%] [32mBuilding CXX object CMakeFiles/tmr_msgs__rosidl_typesupport_fastrtps_c.dir/rosidl_typesupport_fastrtps_c/tmr_msgs/srv/detail/connect_tm__type_support_c.cpp.o[0m
[49.772s] [ 76%] [32mBuilding CXX object CMakeFiles/tmr_msgs__rosidl_typesupport_fastrtps_c.dir/rosidl_typesupport_fastrtps_c/tmr_msgs/srv/detail/write_item__type_support_c.cpp.o[0m
[50.290s] [ 77%] [32mBuilding CXX object CMakeFiles/tmr_msgs__rosidl_typesupport_fastrtps_c.dir/rosidl_typesupport_fastrtps_c/tmr_msgs/srv/detail/ask_item__type_support_c.cpp.o[0m
[50.798s] [ 78%] [32mBuilding CXX object CMakeFiles/tmr_msgs__rosidl_typesupport_fastrtps_c.dir/rosidl_typesupport_fastrtps_c/tmr_msgs/srv/detail/send_script__type_support_c.cpp.o[0m
[51.375s] [ 78%] [32mBuilding CXX object CMakeFiles/tmr_msgs__rosidl_typesupport_fastrtps_c.dir/rosidl_typesupport_fastrtps_c/tmr_msgs/srv/detail/set_event__type_support_c.cpp.o[0m
[51.934s] [ 79%] [32mBuilding CXX object CMakeFiles/tmr_msgs__rosidl_typesupport_fastrtps_c.dir/rosidl_typesupport_fastrtps_c/tmr_msgs/srv/detail/set_io__type_support_c.cpp.o[0m
[52.378s] [ 80%] [32mBuilding CXX object CMakeFiles/tmr_msgs__rosidl_typesupport_fastrtps_c.dir/rosidl_typesupport_fastrtps_c/tmr_msgs/srv/detail/set_positions__type_support_c.cpp.o[0m
[52.856s] [ 81%] [32mBuilding CXX object CMakeFiles/tmr_msgs__rosidl_typesupport_fastrtps_c.dir/rosidl_typesupport_fastrtps_c/tmr_msgs/srv/detail/ask_sta__type_support_c.cpp.o[0m
[53.385s] [ 81%] [32mBuilding CXX object CMakeFiles/tmr_msgs__rosidl_typesupport_fastrtps_c.dir/rosidl_typesupport_fastrtps_c/tmr_msgs/msg/detail/sct_response__type_support_c.cpp.o[0m
[53.805s] [ 82%] [32mBuilding CXX object CMakeFiles/tmr_msgs__rosidl_typesupport_fastrtps_c.dir/rosidl_typesupport_fastrtps_c/tmr_msgs/msg/detail/svr_response__type_support_c.cpp.o[0m
[54.214s] [ 83%] [32m[1mLinking CXX shared library libtmr_msgs__rosidl_typesupport_fastrtps_c.so[0m
[54.384s] [ 83%] Built target tmr_msgs__rosidl_typesupport_fastrtps_c
[54.404s] [35m[1mScanning dependencies of target tmr_msgs[0m
[54.414s] [ 83%] Built target tmr_msgs
[54.432s] [35m[1mScanning dependencies of target tmr_msgs__py[0m
[54.470s] [ 84%] [34m[1mGenerating Python code for ROS interfaces[0m
[57.716s] [ 84%] Built target tmr_msgs__py
[57.746s] [35m[1mScanning dependencies of target tmr_msgs__python[0m
[57.863s] [ 85%] [32mBuilding C object CMakeFiles/tmr_msgs__python.dir/rosidl_generator_py/tmr_msgs/msg/_feedback_state_s.c.o[0m
[58.162s] [ 86%] [32mBuilding C object CMakeFiles/tmr_msgs__python.dir/rosidl_generator_py/tmr_msgs/msg/_sta_response_s.c.o[0m
[58.314s] [ 86%] [32mBuilding C object CMakeFiles/tmr_msgs__python.dir/rosidl_generator_py/tmr_msgs/srv/_connect_tm_s.c.o[0m
[58.474s] [ 87%] [32mBuilding C object CMakeFiles/tmr_msgs__python.dir/rosidl_generator_py/tmr_msgs/srv/_write_item_s.c.o[0m
[58.644s] [ 88%] [32mBuilding C object CMakeFiles/tmr_msgs__python.dir/rosidl_generator_py/tmr_msgs/srv/_ask_item_s.c.o[0m
[58.785s] [ 89%] [32mBuilding C object CMakeFiles/tmr_msgs__python.dir/rosidl_generator_py/tmr_msgs/srv/_send_script_s.c.o[0m
[58.945s] [ 90%] [32mBuilding C object CMakeFiles/tmr_msgs__python.dir/rosidl_generator_py/tmr_msgs/srv/_set_event_s.c.o[0m
[59.073s] [ 91%] [32mBuilding C object CMakeFiles/tmr_msgs__python.dir/rosidl_generator_py/tmr_msgs/srv/_set_io_s.c.o[0m
[59.192s] [ 91%] [32mBuilding C object CMakeFiles/tmr_msgs__python.dir/rosidl_generator_py/tmr_msgs/srv/_set_positions_s.c.o[0m
[59.319s] [ 92%] [32mBuilding C object CMakeFiles/tmr_msgs__python.dir/rosidl_generator_py/tmr_msgs/srv/_ask_sta_s.c.o[0m
[59.446s] [ 93%] [32mBuilding C object CMakeFiles/tmr_msgs__python.dir/rosidl_generator_py/tmr_msgs/msg/_sct_response_s.c.o[0m
[59.549s] [ 94%] [32mBuilding C object CMakeFiles/tmr_msgs__python.dir/rosidl_generator_py/tmr_msgs/msg/_svr_response_s.c.o[0m
[59.654s] [ 95%] [32m[1mLinking C shared library rosidl_generator_py/tmr_msgs/libtmr_msgs__python.so[0m
[59.718s] [ 95%] Built target tmr_msgs__python
[59.735s] [35m[1mScanning dependencies of target tmr_msgs__rosidl_typesupport_c__pyext[0m
[59.772s] [ 95%] [32mBuilding C object CMakeFiles/tmr_msgs__rosidl_typesupport_c__pyext.dir/rosidl_generator_py/tmr_msgs/_tmr_msgs_s.ep.rosidl_typesupport_c.c.o[0m
[59.946s] [ 96%] [32m[1mLinking C shared library rosidl_generator_py/tmr_msgs/tmr_msgs_s__rosidl_typesupport_c.cpython-38-x86_64-linux-gnu.so[0m
[59.995s] [ 96%] Built target tmr_msgs__rosidl_typesupport_c__pyext
[60.008s] [35m[1mScanning dependencies of target tmr_msgs__rosidl_typesupport_introspection_c__pyext[0m
[60.031s] [ 97%] [32mBuilding C object CMakeFiles/tmr_msgs__rosidl_typesupport_introspection_c__pyext.dir/rosidl_generator_py/tmr_msgs/_tmr_msgs_s.ep.rosidl_typesupport_introspection_c.c.o[0m
[60.194s] [ 98%] [32m[1mLinking C shared library rosidl_generator_py/tmr_msgs/tmr_msgs_s__rosidl_typesupport_introspection_c.cpython-38-x86_64-linux-gnu.so[0m
[60.248s] [ 98%] Built target tmr_msgs__rosidl_typesupport_introspection_c__pyext
[60.269s] [35m[1mScanning dependencies of target tmr_msgs__rosidl_typesupport_fastrtps_c__pyext[0m
[60.302s] [ 99%] [32mBuilding C object CMakeFiles/tmr_msgs__rosidl_typesupport_fastrtps_c__pyext.dir/rosidl_generator_py/tmr_msgs/_tmr_msgs_s.ep.rosidl_typesupport_fastrtps_c.c.o[0m
[60.468s] [100%] [32m[1mLinking CXX shared library rosidl_generator_py/tmr_msgs/tmr_msgs_s__rosidl_typesupport_fastrtps_c.cpython-38-x86_64-linux-gnu.so[0m
[60.556s] [100%] Built target tmr_msgs__rosidl_typesupport_fastrtps_c__pyext
[60.579s] Invoked command in '/home/gy/Omron_MoMa_ROS2/build/tmr_msgs' returned '0': CMAKE_PREFIX_PATH=/opt/ros/foxy /usr/bin/cmake --build /home/gy/Omron_MoMa_ROS2/build/tmr_msgs -- -j4 -l4
[60.949s] Invoking command in '/home/gy/Omron_MoMa_ROS2/build/tmr_msgs': CMAKE_PREFIX_PATH=/opt/ros/foxy /usr/bin/cmake --install /home/gy/Omron_MoMa_ROS2/build/tmr_msgs
[60.977s] -- Install configuration: ""
[60.978s] -- Installing: /home/gy/Omron_MoMa_ROS2/install/tmr_msgs/share/ament_index/resource_index/rosidl_interfaces/tmr_msgs
[60.978s] -- Installing: /home/gy/Omron_MoMa_ROS2/install/tmr_msgs/include/tmr_msgs
[60.978s] -- Installing: /home/gy/Omron_MoMa_ROS2/install/tmr_msgs/include/tmr_msgs/srv
[60.978s] -- Installing: /home/gy/Omron_MoMa_ROS2/install/tmr_msgs/include/tmr_msgs/srv/set_positions.h
[60.979s] -- Installing: /home/gy/Omron_MoMa_ROS2/install/tmr_msgs/include/tmr_msgs/srv/send_script.h
[60.979s] -- Installing: /home/gy/Omron_MoMa_ROS2/install/tmr_msgs/include/tmr_msgs/srv/detail
[60.979s] -- Installing: /home/gy/Omron_MoMa_ROS2/install/tmr_msgs/include/tmr_msgs/srv/detail/send_script__functions.c
[60.979s] -- Installing: /home/gy/Omron_MoMa_ROS2/install/tmr_msgs/include/tmr_msgs/srv/detail/connect_tm__functions.h
[60.980s] -- Installing: /home/gy/Omron_MoMa_ROS2/install/tmr_msgs/include/tmr_msgs/srv/detail/ask_sta__type_support.h
[60.984s] -- Installing: /home/gy/Omron_MoMa_ROS2/install/tmr_msgs/include/tmr_msgs/srv/detail/set_positions__functions.h
[60.984s] -- Installing: /home/gy/Omron_MoMa_ROS2/install/tmr_msgs/include/tmr_msgs/srv/detail/set_event__type_support.h
[60.985s] -- Installing: /home/gy/Omron_MoMa_ROS2/install/tmr_msgs/include/tmr_msgs/srv/detail/set_positions__type_support.h
[60.985s] -- Installing: /home/gy/Omron_MoMa_ROS2/install/tmr_msgs/include/tmr_msgs/srv/detail/set_io__type_support.h
[60.985s] -- Installing: /home/gy/Omron_MoMa_ROS2/install/tmr_msgs/include/tmr_msgs/srv/detail/ask_item__struct.h
[60.985s] -- Installing: /home/gy/Omron_MoMa_ROS2/install/tmr_msgs/include/tmr_msgs/srv/detail/set_io__functions.h
[60.985s] -- Installing: /home/gy/Omron_MoMa_ROS2/install/tmr_msgs/include/tmr_msgs/srv/detail/ask_item__functions.c
[60.986s] -- Installing: /home/gy/Omron_MoMa_ROS2/install/tmr_msgs/include/tmr_msgs/srv/detail/set_event__functions.c
[60.986s] -- Installing: /home/gy/Omron_MoMa_ROS2/install/tmr_msgs/include/tmr_msgs/srv/detail/set_io__struct.h
[60.986s] -- Installing: /home/gy/Omron_MoMa_ROS2/install/tmr_msgs/include/tmr_msgs/srv/detail/ask_sta__struct.h
[60.986s] -- Installing: /home/gy/Omron_MoMa_ROS2/install/tmr_msgs/include/tmr_msgs/srv/detail/set_event__functions.h
[60.987s] -- Installing: /home/gy/Omron_MoMa_ROS2/install/tmr_msgs/include/tmr_msgs/srv/detail/write_item__struct.h
[60.987s] -- Installing: /home/gy/Omron_MoMa_ROS2/install/tmr_msgs/include/tmr_msgs/srv/detail/ask_item__functions.h
[60.987s] -- Installing: /home/gy/Omron_MoMa_ROS2/install/tmr_msgs/include/tmr_msgs/srv/detail/set_event__struct.h
[60.988s] -- Installing: /home/gy/Omron_MoMa_ROS2/install/tmr_msgs/include/tmr_msgs/srv/detail/set_io__functions.c
[60.988s] -- Installing: /home/gy/Omron_MoMa_ROS2/install/tmr_msgs/include/tmr_msgs/srv/detail/connect_tm__type_support.h
[60.988s] -- Installing: /home/gy/Omron_MoMa_ROS2/install/tmr_msgs/include/tmr_msgs/srv/detail/send_script__struct.h
[60.988s] -- Installing: /home/gy/Omron_MoMa_ROS2/install/tmr_msgs/include/tmr_msgs/srv/detail/write_item__functions.h
[60.989s] -- Installing: /home/gy/Omron_MoMa_ROS2/install/tmr_msgs/include/tmr_msgs/srv/detail/connect_tm__functions.c
[60.989s] -- Installing: /home/gy/Omron_MoMa_ROS2/install/tmr_msgs/include/tmr_msgs/srv/detail/ask_sta__functions.h
[60.989s] -- Installing: /home/gy/Omron_MoMa_ROS2/install/tmr_msgs/include/tmr_msgs/srv/detail/send_script__functions.h
[60.989s] -- Installing: /home/gy/Omron_MoMa_ROS2/install/tmr_msgs/include/tmr_msgs/srv/detail/ask_item__type_support.h
[60.989s] -- Installing: /home/gy/Omron_MoMa_ROS2/install/tmr_msgs/include/tmr_msgs/srv/detail/connect_tm__struct.h
[60.990s] -- Installing: /home/gy/Omron_MoMa_ROS2/install/tmr_msgs/include/tmr_msgs/srv/detail/write_item__type_support.h
[60.990s] -- Installing: /home/gy/Omron_MoMa_ROS2/install/tmr_msgs/include/tmr_msgs/srv/detail/set_positions__struct.h
[60.990s] -- Installing: /home/gy/Omron_MoMa_ROS2/install/tmr_msgs/include/tmr_msgs/srv/detail/ask_sta__functions.c
[60.990s] -- Installing: /home/gy/Omron_MoMa_ROS2/install/tmr_msgs/include/tmr_msgs/srv/detail/set_positions__functions.c
[60.991s] -- Installing: /home/gy/Omron_MoMa_ROS2/install/tmr_msgs/include/tmr_msgs/srv/detail/write_item__functions.c
[60.991s] -- Installing: /home/gy/Omron_MoMa_ROS2/install/tmr_msgs/include/tmr_msgs/srv/detail/send_script__type_support.h
[60.991s] -- Installing: /home/gy/Omron_MoMa_ROS2/install/tmr_msgs/include/tmr_msgs/srv/ask_sta.h
[60.991s] -- Installing: /home/gy/Omron_MoMa_ROS2/install/tmr_msgs/include/tmr_msgs/srv/ask_item.h
[60.992s] -- Installing: /home/gy/Omron_MoMa_ROS2/install/tmr_msgs/include/tmr_msgs/srv/write_item.h
[60.992s] -- Installing: /home/gy/Omron_MoMa_ROS2/install/tmr_msgs/include/tmr_msgs/srv/set_io.h
[60.992s] -- Installing: /home/gy/Omron_MoMa_ROS2/install/tmr_msgs/include/tmr_msgs/srv/connect_tm.h
[60.992s] -- Installing: /home/gy/Omron_MoMa_ROS2/install/tmr_msgs/include/tmr_msgs/srv/set_event.h
[60.993s] -- Installing: /home/gy/Omron_MoMa_ROS2/install/tmr_msgs/include/tmr_msgs/msg
[60.993s] -- Installing: /home/gy/Omron_MoMa_ROS2/install/tmr_msgs/include/tmr_msgs/msg/sct_response.h
[60.993s] -- Installing: /home/gy/Omron_MoMa_ROS2/install/tmr_msgs/include/tmr_msgs/msg/rosidl_generator_c__visibility_control.h
[60.993s] -- Installing: /home/gy/Omron_MoMa_ROS2/install/tmr_msgs/include/tmr_msgs/msg/feedback_state.h
[60.994s] -- Installing: /home/gy/Omron_MoMa_ROS2/install/tmr_msgs/include/tmr_msgs/msg/detail
[60.994s] -- Installing: /home/gy/Omron_MoMa_ROS2/install/tmr_msgs/include/tmr_msgs/msg/detail/sct_response__functions.h
[60.994s] -- Installing: /home/gy/Omron_MoMa_ROS2/install/tmr_msgs/include/tmr_msgs/msg/detail/svr_response__type_support.h
[60.994s] -- Installing: /home/gy/Omron_MoMa_ROS2/install/tmr_msgs/include/tmr_msgs/msg/detail/feedback_state__functions.h
[60.995s] -- Installing: /home/gy/Omron_MoMa_ROS2/install/tmr_msgs/include/tmr_msgs/msg/detail/feedback_state__type_support.h
[60.995s] -- Installing: /home/gy/Omron_MoMa_ROS2/install/tmr_msgs/include/tmr_msgs/msg/detail/sta_response__functions.h
[60.995s] -- Installing: /home/gy/Omron_MoMa_ROS2/install/tmr_msgs/include/tmr_msgs/msg/detail/svr_response__struct.h
[60.996s] -- Installing: /home/gy/Omron_MoMa_ROS2/install/tmr_msgs/include/tmr_msgs/msg/detail/sct_response__type_support.h
[60.996s] -- Installing: /home/gy/Omron_MoMa_ROS2/install/tmr_msgs/include/tmr_msgs/msg/detail/svr_response__functions.h
[60.997s] -- Installing: /home/gy/Omron_MoMa_ROS2/install/tmr_msgs/include/tmr_msgs/msg/detail/sta_response__type_support.h
[60.997s] -- Installing: /home/gy/Omron_MoMa_ROS2/install/tmr_msgs/include/tmr_msgs/msg/detail/svr_response__functions.c
[60.997s] -- Installing: /home/gy/Omron_MoMa_ROS2/install/tmr_msgs/include/tmr_msgs/msg/detail/sct_response__functions.c
[60.998s] -- Installing: /home/gy/Omron_MoMa_ROS2/install/tmr_msgs/include/tmr_msgs/msg/detail/sta_response__struct.h
[60.998s] -- Installing: /home/gy/Omron_MoMa_ROS2/install/tmr_msgs/include/tmr_msgs/msg/detail/feedback_state__functions.c
[60.999s] -- Installing: /home/gy/Omron_MoMa_ROS2/install/tmr_msgs/include/tmr_msgs/msg/detail/sct_response__struct.h
[60.999s] -- Installing: /home/gy/Omron_MoMa_ROS2/install/tmr_msgs/include/tmr_msgs/msg/detail/feedback_state__struct.h
[60.999s] -- Installing: /home/gy/Omron_MoMa_ROS2/install/tmr_msgs/include/tmr_msgs/msg/detail/sta_response__functions.c
[60.999s] -- Installing: /home/gy/Omron_MoMa_ROS2/install/tmr_msgs/include/tmr_msgs/msg/sta_response.h
[61.000s] -- Installing: /home/gy/Omron_MoMa_ROS2/install/tmr_msgs/include/tmr_msgs/msg/svr_response.h
[61.000s] -- Installing: /home/gy/Omron_MoMa_ROS2/install/tmr_msgs/share/tmr_msgs/environment/library_path.sh
[61.000s] -- Installing: /home/gy/Omron_MoMa_ROS2/install/tmr_msgs/share/tmr_msgs/environment/library_path.dsv
[61.001s] -- Installing: /home/gy/Omron_MoMa_ROS2/install/tmr_msgs/lib/libtmr_msgs__rosidl_generator_c.so
[61.001s] -- Set runtime path of "/home/gy/Omron_MoMa_ROS2/install/tmr_msgs/lib/libtmr_msgs__rosidl_generator_c.so" to ""
[61.002s] -- Up-to-date: /home/gy/Omron_MoMa_ROS2/install/tmr_msgs/include/tmr_msgs
[61.002s] -- Up-to-date: /home/gy/Omron_MoMa_ROS2/install/tmr_msgs/include/tmr_msgs/srv
[61.002s] -- Up-to-date: /home/gy/Omron_MoMa_ROS2/install/tmr_msgs/include/tmr_msgs/srv/detail
[61.002s] -- Installing: /home/gy/Omron_MoMa_ROS2/install/tmr_msgs/include/tmr_msgs/srv/detail/ask_item__rosidl_typesupport_fastrtps_c.h
[61.002s] -- Installing: /home/gy/Omron_MoMa_ROS2/install/tmr_msgs/include/tmr_msgs/srv/detail/set_event__rosidl_typesupport_fastrtps_c.h
[61.003s] -- Installing: /home/gy/Omron_MoMa_ROS2/install/tmr_msgs/include/tmr_msgs/srv/detail/send_script__rosidl_typesupport_fastrtps_c.h
[61.003s] -- Installing: /home/gy/Omron_MoMa_ROS2/install/tmr_msgs/include/tmr_msgs/srv/detail/set_io__rosidl_typesupport_fastrtps_c.h
[61.003s] -- Installing: /home/gy/Omron_MoMa_ROS2/install/tmr_msgs/include/tmr_msgs/srv/detail/connect_tm__rosidl_typesupport_fastrtps_c.h
[61.004s] -- Installing: /home/gy/Omron_MoMa_ROS2/install/tmr_msgs/include/tmr_msgs/srv/detail/set_positions__rosidl_typesupport_fastrtps_c.h
[61.004s] -- Installing: /home/gy/Omron_MoMa_ROS2/install/tmr_msgs/include/tmr_msgs/srv/detail/write_item__rosidl_typesupport_fastrtps_c.h
[61.004s] -- Installing: /home/gy/Omron_MoMa_ROS2/install/tmr_msgs/include/tmr_msgs/srv/detail/ask_sta__rosidl_typesupport_fastrtps_c.h
[61.004s] -- Up-to-date: /home/gy/Omron_MoMa_ROS2/install/tmr_msgs/include/tmr_msgs/msg
[61.005s] -- Installing: /home/gy/Omron_MoMa_ROS2/install/tmr_msgs/include/tmr_msgs/msg/rosidl_typesupport_fastrtps_c__visibility_control.h
[61.005s] -- Up-to-date: /home/gy/Omron_MoMa_ROS2/install/tmr_msgs/include/tmr_msgs/msg/detail
[61.005s] -- Installing: /home/gy/Omron_MoMa_ROS2/install/tmr_msgs/include/tmr_msgs/msg/detail/sct_response__rosidl_typesupport_fastrtps_c.h
[61.005s] -- Installing: /home/gy/Omron_MoMa_ROS2/install/tmr_msgs/include/tmr_msgs/msg/detail/feedback_state__rosidl_typesupport_fastrtps_c.h
[61.005s] -- Installing: /home/gy/Omron_MoMa_ROS2/install/tmr_msgs/include/tmr_msgs/msg/detail/svr_response__rosidl_typesupport_fastrtps_c.h
[61.006s] -- Installing: /home/gy/Omron_MoMa_ROS2/install/tmr_msgs/include/tmr_msgs/msg/detail/sta_response__rosidl_typesupport_fastrtps_c.h
[61.007s] -- Installing: /home/gy/Omron_MoMa_ROS2/install/tmr_msgs/lib/libtmr_msgs__rosidl_typesupport_fastrtps_c.so
[61.008s] -- Set runtime path of "/home/gy/Omron_MoMa_ROS2/install/tmr_msgs/lib/libtmr_msgs__rosidl_typesupport_fastrtps_c.so" to ""
[61.009s] -- Up-to-date: /home/gy/Omron_MoMa_ROS2/install/tmr_msgs/include/tmr_msgs
[61.009s] -- Up-to-date: /home/gy/Omron_MoMa_ROS2/install/tmr_msgs/include/tmr_msgs/srv
[61.010s] -- Up-to-date: /home/gy/Omron_MoMa_ROS2/install/tmr_msgs/include/tmr_msgs/srv/detail
[61.010s] -- Installing: /home/gy/Omron_MoMa_ROS2/install/tmr_msgs/include/tmr_msgs/srv/detail/send_script__rosidl_typesupport_fastrtps_cpp.hpp
[61.011s] -- Installing: /home/gy/Omron_MoMa_ROS2/install/tmr_msgs/include/tmr_msgs/srv/detail/set_event__rosidl_typesupport_fastrtps_cpp.hpp
[61.011s] -- Installing: /home/gy/Omron_MoMa_ROS2/install/tmr_msgs/include/tmr_msgs/srv/detail/set_io__rosidl_typesupport_fastrtps_cpp.hpp
[61.012s] -- Installing: /home/gy/Omron_MoMa_ROS2/install/tmr_msgs/include/tmr_msgs/srv/detail/dds_fastrtps
[61.012s] -- Installing: /home/gy/Omron_MoMa_ROS2/install/tmr_msgs/include/tmr_msgs/srv/detail/write_item__rosidl_typesupport_fastrtps_cpp.hpp
[61.013s] -- Installing: /home/gy/Omron_MoMa_ROS2/install/tmr_msgs/include/tmr_msgs/srv/detail/connect_tm__rosidl_typesupport_fastrtps_cpp.hpp
[61.013s] -- Installing: /home/gy/Omron_MoMa_ROS2/install/tmr_msgs/include/tmr_msgs/srv/detail/set_positions__rosidl_typesupport_fastrtps_cpp.hpp
[61.014s] -- Installing: /home/gy/Omron_MoMa_ROS2/install/tmr_msgs/include/tmr_msgs/srv/detail/ask_item__rosidl_typesupport_fastrtps_cpp.hpp
[61.015s] -- Installing: /home/gy/Omron_MoMa_ROS2/install/tmr_msgs/include/tmr_msgs/srv/detail/ask_sta__rosidl_typesupport_fastrtps_cpp.hpp
[61.015s] -- Up-to-date: /home/gy/Omron_MoMa_ROS2/install/tmr_msgs/include/tmr_msgs/msg
[61.016s] -- Up-to-date: /home/gy/Omron_MoMa_ROS2/install/tmr_msgs/include/tmr_msgs/msg/detail
[61.016s] -- Installing: /home/gy/Omron_MoMa_ROS2/install/tmr_msgs/include/tmr_msgs/msg/detail/sct_response__rosidl_typesupport_fastrtps_cpp.hpp
[61.017s] -- Installing: /home/gy/Omron_MoMa_ROS2/install/tmr_msgs/include/tmr_msgs/msg/detail/dds_fastrtps
[61.017s] -- Installing: /home/gy/Omron_MoMa_ROS2/install/tmr_msgs/include/tmr_msgs/msg/detail/svr_response__rosidl_typesupport_fastrtps_cpp.hpp
[61.017s] -- Installing: /home/gy/Omron_MoMa_ROS2/install/tmr_msgs/include/tmr_msgs/msg/detail/sta_response__rosidl_typesupport_fastrtps_cpp.hpp
[61.018s] -- Installing: /home/gy/Omron_MoMa_ROS2/install/tmr_msgs/include/tmr_msgs/msg/detail/feedback_state__rosidl_typesupport_fastrtps_cpp.hpp
[61.018s] -- Installing: /home/gy/Omron_MoMa_ROS2/install/tmr_msgs/include/tmr_msgs/msg/rosidl_typesupport_fastrtps_cpp__visibility_control.h
[61.018s] -- Installing: /home/gy/Omron_MoMa_ROS2/install/tmr_msgs/lib/libtmr_msgs__rosidl_typesupport_fastrtps_cpp.so
[61.019s] -- Set runtime path of "/home/gy/Omron_MoMa_ROS2/install/tmr_msgs/lib/libtmr_msgs__rosidl_typesupport_fastrtps_cpp.so" to ""
[61.019s] -- Up-to-date: /home/gy/Omron_MoMa_ROS2/install/tmr_msgs/include/tmr_msgs
[61.019s] -- Up-to-date: /home/gy/Omron_MoMa_ROS2/install/tmr_msgs/include/tmr_msgs/srv
[61.020s] -- Up-to-date: /home/gy/Omron_MoMa_ROS2/install/tmr_msgs/include/tmr_msgs/srv/detail
[61.020s] -- Installing: /home/gy/Omron_MoMa_ROS2/install/tmr_msgs/include/tmr_msgs/srv/detail/ask_item__rosidl_typesupport_introspection_c.h
[61.020s] -- Installing: /home/gy/Omron_MoMa_ROS2/install/tmr_msgs/include/tmr_msgs/srv/detail/ask_sta__type_support.c
[61.020s] -- Installing: /home/gy/Omron_MoMa_ROS2/install/tmr_msgs/include/tmr_msgs/srv/detail/send_script__rosidl_typesupport_introspection_c.h
[61.021s] -- Installing: /home/gy/Omron_MoMa_ROS2/install/tmr_msgs/include/tmr_msgs/srv/detail/connect_tm__type_support.c
[61.021s] -- Installing: /home/gy/Omron_MoMa_ROS2/install/tmr_msgs/include/tmr_msgs/srv/detail/connect_tm__rosidl_typesupport_introspection_c.h
[61.021s] -- Installing: /home/gy/Omron_MoMa_ROS2/install/tmr_msgs/include/tmr_msgs/srv/detail/ask_sta__rosidl_typesupport_introspection_c.h
[61.021s] -- Installing: /home/gy/Omron_MoMa_ROS2/install/tmr_msgs/include/tmr_msgs/srv/detail/ask_item__type_support.c
[61.022s] -- Installing: /home/gy/Omron_MoMa_ROS2/install/tmr_msgs/include/tmr_msgs/srv/detail/set_io__rosidl_typesupport_introspection_c.h
[61.022s] -- Installing: /home/gy/Omron_MoMa_ROS2/install/tmr_msgs/include/tmr_msgs/srv/detail/write_item__type_support.c
[61.022s] -- Installing: /home/gy/Omron_MoMa_ROS2/install/tmr_msgs/include/tmr_msgs/srv/detail/set_io__type_support.c
[61.023s] -- Installing: /home/gy/Omron_MoMa_ROS2/install/tmr_msgs/include/tmr_msgs/srv/detail/set_positions__rosidl_typesupport_introspection_c.h
[61.023s] -- Installing: /home/gy/Omron_MoMa_ROS2/install/tmr_msgs/include/tmr_msgs/srv/detail/write_item__rosidl_typesupport_introspection_c.h
[61.024s] -- Installing: /home/gy/Omron_MoMa_ROS2/install/tmr_msgs/include/tmr_msgs/srv/detail/send_script__type_support.c
[61.024s] -- Installing: /home/gy/Omron_MoMa_ROS2/install/tmr_msgs/include/tmr_msgs/srv/detail/set_event__rosidl_typesupport_introspection_c.h
[61.025s] -- Installing: /home/gy/Omron_MoMa_ROS2/install/tmr_msgs/include/tmr_msgs/srv/detail/set_event__type_support.c
[61.025s] -- Installing: /home/gy/Omron_MoMa_ROS2/install/tmr_msgs/include/tmr_msgs/srv/detail/set_positions__type_support.c
[61.025s] -- Up-to-date: /home/gy/Omron_MoMa_ROS2/install/tmr_msgs/include/tmr_msgs/msg
[61.025s] -- Up-to-date: /home/gy/Omron_MoMa_ROS2/install/tmr_msgs/include/tmr_msgs/msg/detail
[61.025s] -- Installing: /home/gy/Omron_MoMa_ROS2/install/tmr_msgs/include/tmr_msgs/msg/detail/svr_response__rosidl_typesupport_introspection_c.h
[61.026s] -- Installing: /home/gy/Omron_MoMa_ROS2/install/tmr_msgs/include/tmr_msgs/msg/detail/sct_response__rosidl_typesupport_introspection_c.h
[61.026s] -- Installing: /home/gy/Omron_MoMa_ROS2/install/tmr_msgs/include/tmr_msgs/msg/detail/feedback_state__type_support.c
[61.026s] -- Installing: /home/gy/Omron_MoMa_ROS2/install/tmr_msgs/include/tmr_msgs/msg/detail/feedback_state__rosidl_typesupport_introspection_c.h
[61.026s] -- Installing: /home/gy/Omron_MoMa_ROS2/install/tmr_msgs/include/tmr_msgs/msg/detail/svr_response__type_support.c
[61.027s] -- Installing: /home/gy/Omron_MoMa_ROS2/install/tmr_msgs/include/tmr_msgs/msg/detail/sta_response__type_support.c
[61.027s] -- Installing: /home/gy/Omron_MoMa_ROS2/install/tmr_msgs/include/tmr_msgs/msg/detail/sct_response__type_support.c
[61.027s] -- Installing: /home/gy/Omron_MoMa_ROS2/install/tmr_msgs/include/tmr_msgs/msg/detail/sta_response__rosidl_typesupport_introspection_c.h
[61.027s] -- Installing: /home/gy/Omron_MoMa_ROS2/install/tmr_msgs/include/tmr_msgs/msg/rosidl_typesupport_introspection_c__visibility_control.h
[61.028s] -- Installing: /home/gy/Omron_MoMa_ROS2/install/tmr_msgs/lib/libtmr_msgs__rosidl_typesupport_introspection_c.so
[61.028s] -- Set runtime path of "/home/gy/Omron_MoMa_ROS2/install/tmr_msgs/lib/libtmr_msgs__rosidl_typesupport_introspection_c.so" to ""
[61.029s] -- Installing: /home/gy/Omron_MoMa_ROS2/install/tmr_msgs/lib/libtmr_msgs__rosidl_typesupport_c.so
[61.029s] -- Set runtime path of "/home/gy/Omron_MoMa_ROS2/install/tmr_msgs/lib/libtmr_msgs__rosidl_typesupport_c.so" to ""
[61.030s] -- Up-to-date: /home/gy/Omron_MoMa_ROS2/install/tmr_msgs/include/tmr_msgs
[61.030s] -- Up-to-date: /home/gy/Omron_MoMa_ROS2/install/tmr_msgs/include/tmr_msgs/srv
[61.030s] -- Installing: /home/gy/Omron_MoMa_ROS2/install/tmr_msgs/include/tmr_msgs/srv/ask_sta.hpp
[61.030s] -- Installing: /home/gy/Omron_MoMa_ROS2/install/tmr_msgs/include/tmr_msgs/srv/set_positions.hpp
[61.030s] -- Installing: /home/gy/Omron_MoMa_ROS2/install/tmr_msgs/include/tmr_msgs/srv/connect_tm.hpp
[61.031s] -- Installing: /home/gy/Omron_MoMa_ROS2/install/tmr_msgs/include/tmr_msgs/srv/set_io.hpp
[61.031s] -- Up-to-date: /home/gy/Omron_MoMa_ROS2/install/tmr_msgs/include/tmr_msgs/srv/detail
[61.031s] -- Installing: /home/gy/Omron_MoMa_ROS2/install/tmr_msgs/include/tmr_msgs/srv/detail/set_io__struct.hpp
[61.031s] -- Installing: /home/gy/Omron_MoMa_ROS2/install/tmr_msgs/include/tmr_msgs/srv/detail/send_script__builder.hpp
[61.032s] -- Installing: /home/gy/Omron_MoMa_ROS2/install/tmr_msgs/include/tmr_msgs/srv/detail/set_event__struct.hpp
[61.032s] -- Installing: /home/gy/Omron_MoMa_ROS2/install/tmr_msgs/include/tmr_msgs/srv/detail/set_positions__traits.hpp
[61.032s] -- Installing: /home/gy/Omron_MoMa_ROS2/install/tmr_msgs/include/tmr_msgs/srv/detail/ask_item__struct.hpp
[61.032s] -- Installing: /home/gy/Omron_MoMa_ROS2/install/tmr_msgs/include/tmr_msgs/srv/detail/write_item__traits.hpp
[61.033s] -- Installing: /home/gy/Omron_MoMa_ROS2/install/tmr_msgs/include/tmr_msgs/srv/detail/set_event__builder.hpp
[61.033s] -- Installing: /home/gy/Omron_MoMa_ROS2/install/tmr_msgs/include/tmr_msgs/srv/detail/send_script__traits.hpp
[61.033s] -- Installing: /home/gy/Omron_MoMa_ROS2/install/tmr_msgs/include/tmr_msgs/srv/detail/ask_sta__struct.hpp
[61.033s] -- Installing: /home/gy/Omron_MoMa_ROS2/install/tmr_msgs/include/tmr_msgs/srv/detail/connect_tm__traits.hpp
[61.034s] -- Installing: /home/gy/Omron_MoMa_ROS2/install/tmr_msgs/include/tmr_msgs/srv/detail/ask_item__builder.hpp
[61.034s] -- Installing: /home/gy/Omron_MoMa_ROS2/install/tmr_msgs/include/tmr_msgs/srv/detail/write_item__struct.hpp
[61.034s] -- Installing: /home/gy/Omron_MoMa_ROS2/install/tmr_msgs/include/tmr_msgs/srv/detail/ask_item__traits.hpp
[61.035s] -- Installing: /home/gy/Omron_MoMa_ROS2/install/tmr_msgs/include/tmr_msgs/srv/detail/ask_sta__builder.hpp
[61.035s] -- Installing: /home/gy/Omron_MoMa_ROS2/install/tmr_msgs/include/tmr_msgs/srv/detail/set_event__traits.hpp
[61.035s] -- Installing: /home/gy/Omron_MoMa_ROS2/install/tmr_msgs/include/tmr_msgs/srv/detail/write_item__builder.hpp
[61.035s] -- Installing: /home/gy/Omron_MoMa_ROS2/install/tmr_msgs/include/tmr_msgs/srv/detail/set_positions__struct.hpp
[61.036s] -- Installing: /home/gy/Omron_MoMa_ROS2/install/tmr_msgs/include/tmr_msgs/srv/detail/set_positions__builder.hpp
[61.036s] -- Installing: /home/gy/Omron_MoMa_ROS2/install/tmr_msgs/include/tmr_msgs/srv/detail/connect_tm__builder.hpp
[61.036s] -- Installing: /home/gy/Omron_MoMa_ROS2/install/tmr_msgs/include/tmr_msgs/srv/detail/set_io__builder.hpp
[61.036s] -- Installing: /home/gy/Omron_MoMa_ROS2/install/tmr_msgs/include/tmr_msgs/srv/detail/send_script__struct.hpp
[61.037s] -- Installing: /home/gy/Omron_MoMa_ROS2/install/tmr_msgs/include/tmr_msgs/srv/detail/ask_sta__traits.hpp
[61.037s] -- Installing: /home/gy/Omron_MoMa_ROS2/install/tmr_msgs/include/tmr_msgs/srv/detail/connect_tm__struct.hpp
[61.037s] -- Installing: /home/gy/Omron_MoMa_ROS2/install/tmr_msgs/include/tmr_msgs/srv/detail/set_io__traits.hpp
[61.037s] -- Installing: /home/gy/Omron_MoMa_ROS2/install/tmr_msgs/include/tmr_msgs/srv/write_item.hpp
[61.038s] -- Installing: /home/gy/Omron_MoMa_ROS2/install/tmr_msgs/include/tmr_msgs/srv/set_event.hpp
[61.038s] -- Installing: /home/gy/Omron_MoMa_ROS2/install/tmr_msgs/include/tmr_msgs/srv/send_script.hpp
[61.038s] -- Installing: /home/gy/Omron_MoMa_ROS2/install/tmr_msgs/include/tmr_msgs/srv/ask_item.hpp
[61.038s] -- Up-to-date: /home/gy/Omron_MoMa_ROS2/install/tmr_msgs/include/tmr_msgs/msg
[61.039s] -- Installing: /home/gy/Omron_MoMa_ROS2/install/tmr_msgs/include/tmr_msgs/msg/sta_response.hpp
[61.039s] -- Installing: /home/gy/Omron_MoMa_ROS2/install/tmr_msgs/include/tmr_msgs/msg/feedback_state.hpp
[61.039s] -- Up-to-date: /home/gy/Omron_MoMa_ROS2/install/tmr_msgs/include/tmr_msgs/msg/detail
[61.039s] -- Installing: /home/gy/Omron_MoMa_ROS2/install/tmr_msgs/include/tmr_msgs/msg/detail/sta_response__builder.hpp
[61.040s] -- Installing: /home/gy/Omron_MoMa_ROS2/install/tmr_msgs/include/tmr_msgs/msg/detail/sct_response__traits.hpp
[61.040s] -- Installing: /home/gy/Omron_MoMa_ROS2/install/tmr_msgs/include/tmr_msgs/msg/detail/feedback_state__traits.hpp
[61.040s] -- Installing: /home/gy/Omron_MoMa_ROS2/install/tmr_msgs/include/tmr_msgs/msg/detail/svr_response__builder.hpp
[61.040s] -- Installing: /home/gy/Omron_MoMa_ROS2/install/tmr_msgs/include/tmr_msgs/msg/detail/feedback_state__struct.hpp
[61.041s] -- Installing: /home/gy/Omron_MoMa_ROS2/install/tmr_msgs/include/tmr_msgs/msg/detail/feedback_state__builder.hpp
[61.041s] -- Installing: /home/gy/Omron_MoMa_ROS2/install/tmr_msgs/include/tmr_msgs/msg/detail/sta_response__traits.hpp
[61.041s] -- Installing: /home/gy/Omron_MoMa_ROS2/install/tmr_msgs/include/tmr_msgs/msg/detail/sta_response__struct.hpp
[61.041s] -- Installing: /home/gy/Omron_MoMa_ROS2/install/tmr_msgs/include/tmr_msgs/msg/detail/sct_response__builder.hpp
[61.042s] -- Installing: /home/gy/Omron_MoMa_ROS2/install/tmr_msgs/include/tmr_msgs/msg/detail/svr_response__traits.hpp
[61.042s] -- Installing: /home/gy/Omron_MoMa_ROS2/install/tmr_msgs/include/tmr_msgs/msg/detail/sct_response__struct.hpp
[61.042s] -- Installing: /home/gy/Omron_MoMa_ROS2/install/tmr_msgs/include/tmr_msgs/msg/detail/svr_response__struct.hpp
[61.042s] -- Installing: /home/gy/Omron_MoMa_ROS2/install/tmr_msgs/include/tmr_msgs/msg/svr_response.hpp
[61.043s] -- Installing: /home/gy/Omron_MoMa_ROS2/install/tmr_msgs/include/tmr_msgs/msg/sct_response.hpp
[61.043s] -- Up-to-date: /home/gy/Omron_MoMa_ROS2/install/tmr_msgs/include/tmr_msgs
[61.043s] -- Up-to-date: /home/gy/Omron_MoMa_ROS2/install/tmr_msgs/include/tmr_msgs/srv
[61.043s] -- Up-to-date: /home/gy/Omron_MoMa_ROS2/install/tmr_msgs/include/tmr_msgs/srv/detail
[61.043s] -- Installing: /home/gy/Omron_MoMa_ROS2/install/tmr_msgs/include/tmr_msgs/srv/detail/ask_sta__type_support.cpp
[61.044s] -- Installing: /home/gy/Omron_MoMa_ROS2/install/tmr_msgs/include/tmr_msgs/srv/detail/connect_tm__type_support.cpp
[61.044s] -- Installing: /home/gy/Omron_MoMa_ROS2/install/tmr_msgs/include/tmr_msgs/srv/detail/send_script__rosidl_typesupport_introspection_cpp.hpp
[61.044s] -- Installing: /home/gy/Omron_MoMa_ROS2/install/tmr_msgs/include/tmr_msgs/srv/detail/set_io__type_support.cpp
[61.044s] -- Installing: /home/gy/Omron_MoMa_ROS2/install/tmr_msgs/include/tmr_msgs/srv/detail/set_event__rosidl_typesupport_introspection_cpp.hpp
[61.045s] -- Installing: /home/gy/Omron_MoMa_ROS2/install/tmr_msgs/include/tmr_msgs/srv/detail/send_script__type_support.cpp
[61.045s] -- Installing: /home/gy/Omron_MoMa_ROS2/install/tmr_msgs/include/tmr_msgs/srv/detail/ask_item__rosidl_typesupport_introspection_cpp.hpp
[61.045s] -- Installing: /home/gy/Omron_MoMa_ROS2/install/tmr_msgs/include/tmr_msgs/srv/detail/write_item__type_support.cpp
[61.045s] -- Installing: /home/gy/Omron_MoMa_ROS2/install/tmr_msgs/include/tmr_msgs/srv/detail/connect_tm__rosidl_typesupport_introspection_cpp.hpp
[61.046s] -- Installing: /home/gy/Omron_MoMa_ROS2/install/tmr_msgs/include/tmr_msgs/srv/detail/set_positions__type_support.cpp
[61.046s] -- Installing: /home/gy/Omron_MoMa_ROS2/install/tmr_msgs/include/tmr_msgs/srv/detail/ask_item__type_support.cpp
[61.046s] -- Installing: /home/gy/Omron_MoMa_ROS2/install/tmr_msgs/include/tmr_msgs/srv/detail/set_event__type_support.cpp
[61.047s] -- Installing: /home/gy/Omron_MoMa_ROS2/install/tmr_msgs/include/tmr_msgs/srv/detail/set_io__rosidl_typesupport_introspection_cpp.hpp
[61.047s] -- Installing: /home/gy/Omron_MoMa_ROS2/install/tmr_msgs/include/tmr_msgs/srv/detail/ask_sta__rosidl_typesupport_introspection_cpp.hpp
[61.047s] -- Installing: /home/gy/Omron_MoMa_ROS2/install/tmr_msgs/include/tmr_msgs/srv/detail/set_positions__rosidl_typesupport_introspection_cpp.hpp
[61.048s] -- Installing: /home/gy/Omron_MoMa_ROS2/install/tmr_msgs/include/tmr_msgs/srv/detail/write_item__rosidl_typesupport_introspection_cpp.hpp
[61.048s] -- Up-to-date: /home/gy/Omron_MoMa_ROS2/install/tmr_msgs/include/tmr_msgs/msg
[61.048s] -- Up-to-date: /home/gy/Omron_MoMa_ROS2/install/tmr_msgs/include/tmr_msgs/msg/detail
[61.048s] -- Installing: /home/gy/Omron_MoMa_ROS2/install/tmr_msgs/include/tmr_msgs/msg/detail/svr_response__type_support.cpp
[61.049s] -- Installing: /home/gy/Omron_MoMa_ROS2/install/tmr_msgs/include/tmr_msgs/msg/detail/sct_response__type_support.cpp
[61.049s] -- Installing: /home/gy/Omron_MoMa_ROS2/install/tmr_msgs/include/tmr_msgs/msg/detail/feedback_state__rosidl_typesupport_introspection_cpp.hpp
[61.049s] -- Installing: /home/gy/Omron_MoMa_ROS2/install/tmr_msgs/include/tmr_msgs/msg/detail/sta_response__rosidl_typesupport_introspection_cpp.hpp
[61.049s] -- Installing: /home/gy/Omron_MoMa_ROS2/install/tmr_msgs/include/tmr_msgs/msg/detail/feedback_state__type_support.cpp
[61.050s] -- Installing: /home/gy/Omron_MoMa_ROS2/install/tmr_msgs/include/tmr_msgs/msg/detail/sct_response__rosidl_typesupport_introspection_cpp.hpp
[61.050s] -- Installing: /home/gy/Omron_MoMa_ROS2/install/tmr_msgs/include/tmr_msgs/msg/detail/svr_response__rosidl_typesupport_introspection_cpp.hpp
[61.051s] -- Installing: /home/gy/Omron_MoMa_ROS2/install/tmr_msgs/include/tmr_msgs/msg/detail/sta_response__type_support.cpp
[61.052s] -- Installing: /home/gy/Omron_MoMa_ROS2/install/tmr_msgs/lib/libtmr_msgs__rosidl_typesupport_introspection_cpp.so
[61.053s] -- Set runtime path of "/home/gy/Omron_MoMa_ROS2/install/tmr_msgs/lib/libtmr_msgs__rosidl_typesupport_introspection_cpp.so" to ""
[61.053s] -- Installing: /home/gy/Omron_MoMa_ROS2/install/tmr_msgs/lib/libtmr_msgs__rosidl_typesupport_cpp.so
[61.054s] -- Set runtime path of "/home/gy/Omron_MoMa_ROS2/install/tmr_msgs/lib/libtmr_msgs__rosidl_typesupport_cpp.so" to ""
[61.054s] -- Installing: /home/gy/Omron_MoMa_ROS2/install/tmr_msgs/share/tmr_msgs/environment/pythonpath.sh
[61.055s] -- Installing: /home/gy/Omron_MoMa_ROS2/install/tmr_msgs/share/tmr_msgs/environment/pythonpath.dsv
[61.055s] -- Installing: /home/gy/Omron_MoMa_ROS2/install/tmr_msgs/lib/python3.8/site-packages/tmr_msgs/__init__.py
[61.126s] Compiling '/home/gy/Omron_MoMa_ROS2/install/tmr_msgs/lib/python3.8/site-packages/tmr_msgs/__init__.py'...
[61.131s] -- Installing: /home/gy/Omron_MoMa_ROS2/install/tmr_msgs/lib/python3.8/site-packages/tmr_msgs/msg
[61.131s] -- Installing: /home/gy/Omron_MoMa_ROS2/install/tmr_msgs/lib/python3.8/site-packages/tmr_msgs/msg/_sct_response.py
[61.132s] -- Installing: /home/gy/Omron_MoMa_ROS2/install/tmr_msgs/lib/python3.8/site-packages/tmr_msgs/msg/_sct_response_s.c
[61.132s] -- Installing: /home/gy/Omron_MoMa_ROS2/install/tmr_msgs/lib/python3.8/site-packages/tmr_msgs/msg/_feedback_state_s.c
[61.132s] -- Installing: /home/gy/Omron_MoMa_ROS2/install/tmr_msgs/lib/python3.8/site-packages/tmr_msgs/msg/_sta_response.py
[61.132s] -- Installing: /home/gy/Omron_MoMa_ROS2/install/tmr_msgs/lib/python3.8/site-packages/tmr_msgs/msg/_svr_response_s.c
[61.132s] -- Installing: /home/gy/Omron_MoMa_ROS2/install/tmr_msgs/lib/python3.8/site-packages/tmr_msgs/msg/_svr_response.py
[61.132s] -- Installing: /home/gy/Omron_MoMa_ROS2/install/tmr_msgs/lib/python3.8/site-packages/tmr_msgs/msg/_sta_response_s.c
[61.132s] -- Installing: /home/gy/Omron_MoMa_ROS2/install/tmr_msgs/lib/python3.8/site-packages/tmr_msgs/msg/_feedback_state.py
[61.133s] -- Installing: /home/gy/Omron_MoMa_ROS2/install/tmr_msgs/lib/python3.8/site-packages/tmr_msgs/msg/__init__.py
[61.133s] -- Installing: /home/gy/Omron_MoMa_ROS2/install/tmr_msgs/lib/python3.8/site-packages/tmr_msgs/srv
[61.133s] -- Installing: /home/gy/Omron_MoMa_ROS2/install/tmr_msgs/lib/python3.8/site-packages/tmr_msgs/srv/_ask_sta_s.c
[61.133s] -- Installing: /home/gy/Omron_MoMa_ROS2/install/tmr_msgs/lib/python3.8/site-packages/tmr_msgs/srv/_write_item.py
[61.133s] -- Installing: /home/gy/Omron_MoMa_ROS2/install/tmr_msgs/lib/python3.8/site-packages/tmr_msgs/srv/_set_event_s.c
[61.133s] -- Installing: /home/gy/Omron_MoMa_ROS2/install/tmr_msgs/lib/python3.8/site-packages/tmr_msgs/srv/_ask_item.py
[61.133s] -- Installing: /home/gy/Omron_MoMa_ROS2/install/tmr_msgs/lib/python3.8/site-packages/tmr_msgs/srv/_ask_sta.py
[61.134s] -- Installing: /home/gy/Omron_MoMa_ROS2/install/tmr_msgs/lib/python3.8/site-packages/tmr_msgs/srv/_send_script_s.c
[61.134s] -- Installing: /home/gy/Omron_MoMa_ROS2/install/tmr_msgs/lib/python3.8/site-packages/tmr_msgs/srv/_set_positions.py
[61.134s] -- Installing: /home/gy/Omron_MoMa_ROS2/install/tmr_msgs/lib/python3.8/site-packages/tmr_msgs/srv/_write_item_s.c
[61.134s] -- Installing: /home/gy/Omron_MoMa_ROS2/install/tmr_msgs/lib/python3.8/site-packages/tmr_msgs/srv/_send_script.py
[61.134s] -- Installing: /home/gy/Omron_MoMa_ROS2/install/tmr_msgs/lib/python3.8/site-packages/tmr_msgs/srv/_set_io.py
[61.134s] -- Installing: /home/gy/Omron_MoMa_ROS2/install/tmr_msgs/lib/python3.8/site-packages/tmr_msgs/srv/_ask_item_s.c
[61.134s] -- Installing: /home/gy/Omron_MoMa_ROS2/install/tmr_msgs/lib/python3.8/site-packages/tmr_msgs/srv/_set_positions_s.c
[61.135s] -- Installing: /home/gy/Omron_MoMa_ROS2/install/tmr_msgs/lib/python3.8/site-packages/tmr_msgs/srv/_connect_tm.py
[61.135s] -- Installing: /home/gy/Omron_MoMa_ROS2/install/tmr_msgs/lib/python3.8/site-packages/tmr_msgs/srv/_set_event.py
[61.135s] -- Installing: /home/gy/Omron_MoMa_ROS2/install/tmr_msgs/lib/python3.8/site-packages/tmr_msgs/srv/__init__.py
[61.135s] -- Installing: /home/gy/Omron_MoMa_ROS2/install/tmr_msgs/lib/python3.8/site-packages/tmr_msgs/srv/_connect_tm_s.c
[61.135s] -- Installing: /home/gy/Omron_MoMa_ROS2/install/tmr_msgs/lib/python3.8/site-packages/tmr_msgs/srv/_set_io_s.c
[61.135s] -- Installing: /home/gy/Omron_MoMa_ROS2/install/tmr_msgs/lib/python3.8/site-packages/tmr_msgs/tmr_msgs_s__rosidl_typesupport_fastrtps_c.cpython-38-x86_64-linux-gnu.so
[61.136s] -- Set runtime path of "/home/gy/Omron_MoMa_ROS2/install/tmr_msgs/lib/python3.8/site-packages/tmr_msgs/tmr_msgs_s__rosidl_typesupport_fastrtps_c.cpython-38-x86_64-linux-gnu.so" to ""
[61.136s] -- Installing: /home/gy/Omron_MoMa_ROS2/install/tmr_msgs/lib/python3.8/site-packages/tmr_msgs/tmr_msgs_s__rosidl_typesupport_introspection_c.cpython-38-x86_64-linux-gnu.so
[61.137s] -- Set runtime path of "/home/gy/Omron_MoMa_ROS2/install/tmr_msgs/lib/python3.8/site-packages/tmr_msgs/tmr_msgs_s__rosidl_typesupport_introspection_c.cpython-38-x86_64-linux-gnu.so" to ""
[61.137s] -- Installing: /home/gy/Omron_MoMa_ROS2/install/tmr_msgs/lib/python3.8/site-packages/tmr_msgs/tmr_msgs_s__rosidl_typesupport_c.cpython-38-x86_64-linux-gnu.so
[61.138s] -- Set runtime path of "/home/gy/Omron_MoMa_ROS2/install/tmr_msgs/lib/python3.8/site-packages/tmr_msgs/tmr_msgs_s__rosidl_typesupport_c.cpython-38-x86_64-linux-gnu.so" to ""
[61.138s] -- Installing: /home/gy/Omron_MoMa_ROS2/install/tmr_msgs/lib/libtmr_msgs__python.so
[61.139s] -- Set runtime path of "/home/gy/Omron_MoMa_ROS2/install/tmr_msgs/lib/libtmr_msgs__python.so" to ""
[61.139s] -- Installing: /home/gy/Omron_MoMa_ROS2/install/tmr_msgs/share/tmr_msgs/msg/FeedbackState.idl
[61.139s] -- Installing: /home/gy/Omron_MoMa_ROS2/install/tmr_msgs/share/tmr_msgs/msg/SvrResponse.idl
[61.139s] -- Installing: /home/gy/Omron_MoMa_ROS2/install/tmr_msgs/share/tmr_msgs/msg/SctResponse.idl
[61.139s] -- Installing: /home/gy/Omron_MoMa_ROS2/install/tmr_msgs/share/tmr_msgs/msg/StaResponse.idl
[61.140s] -- Installing: /home/gy/Omron_MoMa_ROS2/install/tmr_msgs/share/tmr_msgs/srv/ConnectTM.idl
[61.140s] -- Installing: /home/gy/Omron_MoMa_ROS2/install/tmr_msgs/share/tmr_msgs/srv/WriteItem.idl
[61.140s] -- Installing: /home/gy/Omron_MoMa_ROS2/install/tmr_msgs/share/tmr_msgs/srv/AskItem.idl
[61.140s] -- Installing: /home/gy/Omron_MoMa_ROS2/install/tmr_msgs/share/tmr_msgs/srv/SendScript.idl
[61.140s] -- Installing: /home/gy/Omron_MoMa_ROS2/install/tmr_msgs/share/tmr_msgs/srv/SetEvent.idl
[61.141s] -- Installing: /home/gy/Omron_MoMa_ROS2/install/tmr_msgs/share/tmr_msgs/srv/SetIO.idl
[61.141s] -- Installing: /home/gy/Omron_MoMa_ROS2/install/tmr_msgs/share/tmr_msgs/srv/SetPositions.idl
[61.141s] -- Installing: /home/gy/Omron_MoMa_ROS2/install/tmr_msgs/share/tmr_msgs/srv/AskSta.idl
[61.141s] -- Installing: /home/gy/Omron_MoMa_ROS2/install/tmr_msgs/share/tmr_msgs/msg/FeedbackState.msg
[61.141s] -- Installing: /home/gy/Omron_MoMa_ROS2/install/tmr_msgs/share/tmr_msgs/msg/SvrResponse.msg
[61.141s] -- Installing: /home/gy/Omron_MoMa_ROS2/install/tmr_msgs/share/tmr_msgs/msg/SctResponse.msg
[61.142s] -- Installing: /home/gy/Omron_MoMa_ROS2/install/tmr_msgs/share/tmr_msgs/msg/StaResponse.msg
[61.142s] -- Installing: /home/gy/Omron_MoMa_ROS2/install/tmr_msgs/share/tmr_msgs/srv/ConnectTM.srv
[61.142s] -- Installing: /home/gy/Omron_MoMa_ROS2/install/tmr_msgs/share/tmr_msgs/srv/ConnectTM_Request.msg
[61.142s] -- Installing: /home/gy/Omron_MoMa_ROS2/install/tmr_msgs/share/tmr_msgs/srv/ConnectTM_Response.msg
[61.142s] -- Installing: /home/gy/Omron_MoMa_ROS2/install/tmr_msgs/share/tmr_msgs/srv/WriteItem.srv
[61.142s] -- Installing: /home/gy/Omron_MoMa_ROS2/install/tmr_msgs/share/tmr_msgs/srv/WriteItem_Request.msg
[61.143s] -- Installing: /home/gy/Omron_MoMa_ROS2/install/tmr_msgs/share/tmr_msgs/srv/WriteItem_Response.msg
[61.143s] -- Installing: /home/gy/Omron_MoMa_ROS2/install/tmr_msgs/share/tmr_msgs/srv/AskItem.srv
[61.143s] -- Installing: /home/gy/Omron_MoMa_ROS2/install/tmr_msgs/share/tmr_msgs/srv/AskItem_Request.msg
[61.143s] -- Installing: /home/gy/Omron_MoMa_ROS2/install/tmr_msgs/share/tmr_msgs/srv/AskItem_Response.msg
[61.143s] -- Installing: /home/gy/Omron_MoMa_ROS2/install/tmr_msgs/share/tmr_msgs/srv/SendScript.srv
[61.144s] -- Installing: /home/gy/Omron_MoMa_ROS2/install/tmr_msgs/share/tmr_msgs/srv/SendScript_Request.msg
[61.144s] -- Installing: /home/gy/Omron_MoMa_ROS2/install/tmr_msgs/share/tmr_msgs/srv/SendScript_Response.msg
[61.144s] -- Installing: /home/gy/Omron_MoMa_ROS2/install/tmr_msgs/share/tmr_msgs/srv/SetEvent.srv
[61.144s] -- Installing: /home/gy/Omron_MoMa_ROS2/install/tmr_msgs/share/tmr_msgs/srv/SetEvent_Request.msg
[61.144s] -- Installing: /home/gy/Omron_MoMa_ROS2/install/tmr_msgs/share/tmr_msgs/srv/SetEvent_Response.msg
[61.144s] -- Installing: /home/gy/Omron_MoMa_ROS2/install/tmr_msgs/share/tmr_msgs/srv/SetIO.srv
[61.145s] -- Installing: /home/gy/Omron_MoMa_ROS2/install/tmr_msgs/share/tmr_msgs/srv/SetIO_Request.msg
[61.145s] -- Installing: /home/gy/Omron_MoMa_ROS2/install/tmr_msgs/share/tmr_msgs/srv/SetIO_Response.msg
[61.145s] -- Installing: /home/gy/Omron_MoMa_ROS2/install/tmr_msgs/share/tmr_msgs/srv/SetPositions.srv
[61.145s] -- Installing: /home/gy/Omron_MoMa_ROS2/install/tmr_msgs/share/tmr_msgs/srv/SetPositions_Request.msg
[61.145s] -- Installing: /home/gy/Omron_MoMa_ROS2/install/tmr_msgs/share/tmr_msgs/srv/SetPositions_Response.msg
[61.145s] -- Installing: /home/gy/Omron_MoMa_ROS2/install/tmr_msgs/share/tmr_msgs/srv/AskSta.srv
[61.146s] -- Installing: /home/gy/Omron_MoMa_ROS2/install/tmr_msgs/share/tmr_msgs/srv/AskSta_Request.msg
[61.146s] -- Installing: /home/gy/Omron_MoMa_ROS2/install/tmr_msgs/share/tmr_msgs/srv/AskSta_Response.msg
[61.146s] -- Installing: /home/gy/Omron_MoMa_ROS2/install/tmr_msgs/share/ament_index/resource_index/package_run_dependencies/tmr_msgs
[61.146s] -- Installing: /home/gy/Omron_MoMa_ROS2/install/tmr_msgs/share/ament_index/resource_index/parent_prefix_path/tmr_msgs
[61.147s] -- Installing: /home/gy/Omron_MoMa_ROS2/install/tmr_msgs/share/tmr_msgs/environment/ament_prefix_path.sh
[61.147s] -- Installing: /home/gy/Omron_MoMa_ROS2/install/tmr_msgs/share/tmr_msgs/environment/ament_prefix_path.dsv
[61.147s] -- Installing: /home/gy/Omron_MoMa_ROS2/install/tmr_msgs/share/tmr_msgs/environment/path.sh
[61.148s] -- Installing: /home/gy/Omron_MoMa_ROS2/install/tmr_msgs/share/tmr_msgs/environment/path.dsv
[61.148s] -- Installing: /home/gy/Omron_MoMa_ROS2/install/tmr_msgs/share/tmr_msgs/local_setup.bash
[61.148s] -- Installing: /home/gy/Omron_MoMa_ROS2/install/tmr_msgs/share/tmr_msgs/local_setup.sh
[61.149s] -- Installing: /home/gy/Omron_MoMa_ROS2/install/tmr_msgs/share/tmr_msgs/local_setup.zsh
[61.149s] -- Installing: /home/gy/Omron_MoMa_ROS2/install/tmr_msgs/share/tmr_msgs/local_setup.dsv
[61.149s] -- Installing: /home/gy/Omron_MoMa_ROS2/install/tmr_msgs/share/tmr_msgs/package.dsv
[61.150s] -- Installing: /home/gy/Omron_MoMa_ROS2/install/tmr_msgs/share/ament_index/resource_index/packages/tmr_msgs
[61.150s] -- Installing: /home/gy/Omron_MoMa_ROS2/install/tmr_msgs/share/tmr_msgs/cmake/tmr_msgs__rosidl_generator_cExport.cmake
[61.151s] -- Installing: /home/gy/Omron_MoMa_ROS2/install/tmr_msgs/share/tmr_msgs/cmake/tmr_msgs__rosidl_generator_cExport-noconfig.cmake
[61.151s] -- Installing: /home/gy/Omron_MoMa_ROS2/install/tmr_msgs/share/tmr_msgs/cmake/tmr_msgs__rosidl_typesupport_introspection_cExport.cmake
[61.152s] -- Installing: /home/gy/Omron_MoMa_ROS2/install/tmr_msgs/share/tmr_msgs/cmake/tmr_msgs__rosidl_typesupport_introspection_cExport-noconfig.cmake
[61.152s] -- Installing: /home/gy/Omron_MoMa_ROS2/install/tmr_msgs/share/tmr_msgs/cmake/tmr_msgs__rosidl_typesupport_cExport.cmake
[61.153s] -- Installing: /home/gy/Omron_MoMa_ROS2/install/tmr_msgs/share/tmr_msgs/cmake/tmr_msgs__rosidl_typesupport_cExport-noconfig.cmake
[61.153s] -- Installing: /home/gy/Omron_MoMa_ROS2/install/tmr_msgs/share/tmr_msgs/cmake/tmr_msgs__rosidl_generator_cppExport.cmake
[61.153s] -- Installing: /home/gy/Omron_MoMa_ROS2/install/tmr_msgs/share/tmr_msgs/cmake/tmr_msgs__rosidl_typesupport_introspection_cppExport.cmake
[61.154s] -- Installing: /home/gy/Omron_MoMa_ROS2/install/tmr_msgs/share/tmr_msgs/cmake/tmr_msgs__rosidl_typesupport_introspection_cppExport-noconfig.cmake
[61.154s] -- Installing: /home/gy/Omron_MoMa_ROS2/install/tmr_msgs/share/tmr_msgs/cmake/tmr_msgs__rosidl_typesupport_cppExport.cmake
[61.155s] -- Installing: /home/gy/Omron_MoMa_ROS2/install/tmr_msgs/share/tmr_msgs/cmake/tmr_msgs__rosidl_typesupport_cppExport-noconfig.cmake
[61.155s] -- Installing: /home/gy/Omron_MoMa_ROS2/install/tmr_msgs/share/tmr_msgs/cmake/rosidl_cmake-extras.cmake
[61.155s] -- Installing: /home/gy/Omron_MoMa_ROS2/install/tmr_msgs/share/tmr_msgs/cmake/ament_cmake_export_dependencies-extras.cmake
[61.156s] -- Installing: /home/gy/Omron_MoMa_ROS2/install/tmr_msgs/share/tmr_msgs/cmake/ament_cmake_export_libraries-extras.cmake
[61.156s] -- Installing: /home/gy/Omron_MoMa_ROS2/install/tmr_msgs/share/tmr_msgs/cmake/ament_cmake_export_targets-extras.cmake
[61.156s] -- Installing: /home/gy/Omron_MoMa_ROS2/install/tmr_msgs/share/tmr_msgs/cmake/ament_cmake_export_include_directories-extras.cmake
[61.157s] -- Installing: /home/gy/Omron_MoMa_ROS2/install/tmr_msgs/share/tmr_msgs/cmake/rosidl_cmake_export_typesupport_libraries-extras.cmake
[61.157s] -- Installing: /home/gy/Omron_MoMa_ROS2/install/tmr_msgs/share/tmr_msgs/cmake/rosidl_cmake_export_typesupport_targets-extras.cmake
[61.157s] -- Installing: /home/gy/Omron_MoMa_ROS2/install/tmr_msgs/share/tmr_msgs/cmake/tmr_msgsConfig.cmake
[61.158s] -- Installing: /home/gy/Omron_MoMa_ROS2/install/tmr_msgs/share/tmr_msgs/cmake/tmr_msgsConfig-version.cmake
[61.158s] -- Installing: /home/gy/Omron_MoMa_ROS2/install/tmr_msgs/share/tmr_msgs/package.xml
[61.175s] Invoked command in '/home/gy/Omron_MoMa_ROS2/build/tmr_msgs' returned '0': CMAKE_PREFIX_PATH=/opt/ros/foxy /usr/bin/cmake --install /home/gy/Omron_MoMa_ROS2/build/tmr_msgs
