[0.432s] Invoking command in '/home/gy/Omron_MoMa_ROS2/src/Omron_TM_ROS2/src/rviz_tm': PYTHONPATH=/home/gy/Omron_MoMa_ROS2/install/rviz_tm/lib/python3.8/site-packages:${PYTHONPATH} /usr/bin/python3 setup.py egg_info --egg-base ../../../../build/rviz_tm build --build-base /home/gy/Omron_MoMa_ROS2/build/rviz_tm/build install --prefix /home/gy/Omron_MoMa_ROS2/install/rviz_tm --record /home/gy/Omron_MoMa_ROS2/build/rviz_tm/install.log --single-version-externally-managed
[0.786s] running egg_info
[0.788s] creating ../../../../build/rviz_tm/rviz_tm.egg-info
[0.788s] writing ../../../../build/rviz_tm/rviz_tm.egg-info/PKG-INFO
[0.791s] writing dependency_links to ../../../../build/rviz_tm/rviz_tm.egg-info/dependency_links.txt
[0.791s] writing entry points to ../../../../build/rviz_tm/rviz_tm.egg-info/entry_points.txt
[0.791s] writing requirements to ../../../../build/rviz_tm/rviz_tm.egg-info/requires.txt
[0.792s] writing top-level names to ../../../../build/rviz_tm/rviz_tm.egg-info/top_level.txt
[0.799s] writing manifest file '../../../../build/rviz_tm/rviz_tm.egg-info/SOURCES.txt'
[0.839s] reading manifest file '../../../../build/rviz_tm/rviz_tm.egg-info/SOURCES.txt'
[0.839s] writing manifest file '../../../../build/rviz_tm/rviz_tm.egg-info/SOURCES.txt'
[0.840s] running build
[0.840s] running build_py
[0.840s] creating /home/gy/Omron_MoMa_ROS2/build/rviz_tm/build
[0.840s] creating /home/gy/Omron_MoMa_ROS2/build/rviz_tm/build/lib
[0.843s] creating /home/gy/Omron_MoMa_ROS2/build/rviz_tm/build/lib/rviz_tm
[0.843s] copying rviz_tm/__init__.py -> /home/gy/Omron_MoMa_ROS2/build/rviz_tm/build/lib/rviz_tm
[0.844s] running install
[0.847s] running install_lib
[0.847s] creating /home/gy/Omron_MoMa_ROS2/install/rviz_tm/lib/python3.8/site-packages/rviz_tm
[0.848s] copying /home/gy/Omron_MoMa_ROS2/build/rviz_tm/build/lib/rviz_tm/__init__.py -> /home/gy/Omron_MoMa_ROS2/install/rviz_tm/lib/python3.8/site-packages/rviz_tm
[0.848s] byte-compiling /home/gy/Omron_MoMa_ROS2/install/rviz_tm/lib/python3.8/site-packages/rviz_tm/__init__.py to __init__.cpython-38.pyc
[0.855s] running install_data
[0.855s] creating /home/gy/Omron_MoMa_ROS2/install/rviz_tm/share/ament_index
[0.856s] creating /home/gy/Omron_MoMa_ROS2/install/rviz_tm/share/ament_index/resource_index
[0.856s] creating /home/gy/Omron_MoMa_ROS2/install/rviz_tm/share/ament_index/resource_index/packages
[0.856s] copying resource/rviz_tm -> /home/gy/Omron_MoMa_ROS2/install/rviz_tm/share/ament_index/resource_index/packages
[0.856s] copying package.xml -> /home/gy/Omron_MoMa_ROS2/install/rviz_tm/share/rviz_tm
[0.856s] copying launch/rviz_tm.launch.py -> /home/gy/Omron_MoMa_ROS2/install/rviz_tm/share/rviz_tm
[0.856s] copying urdf/tm5-900.urdf -> /home/gy/Omron_MoMa_ROS2/install/rviz_tm/share/rviz_tm
[0.856s] copying urdf/rviz_tm.rviz -> /home/gy/Omron_MoMa_ROS2/install/rviz_tm/share/rviz_tm
[0.859s] running install_egg_info
[0.860s] Copying ../../../../build/rviz_tm/rviz_tm.egg-info to /home/gy/Omron_MoMa_ROS2/install/rviz_tm/lib/python3.8/site-packages/rviz_tm-0.0.0-py3.8.egg-info
[0.863s] running install_scripts
[0.883s] writing list of installed files to '/home/gy/Omron_MoMa_ROS2/build/rviz_tm/install.log'
[0.968s] Invoked command in '/home/gy/Omron_MoMa_ROS2/src/Omron_TM_ROS2/src/rviz_tm' returned '0': PYTHONPATH=/home/gy/Omron_MoMa_ROS2/install/rviz_tm/lib/python3.8/site-packages:${PYTHONPATH} /usr/bin/python3 setup.py egg_info --egg-base ../../../../build/rviz_tm build --build-base /home/gy/Omron_MoMa_ROS2/build/rviz_tm/build install --prefix /home/gy/Omron_MoMa_ROS2/install/rviz_tm --record /home/gy/Omron_MoMa_ROS2/build/rviz_tm/install.log --single-version-externally-managed
